

<!DOCTYPE html>
<html>
<head>
<meta charset="UTF-8">
<meta name="viewport" content="width=device-width, initial-scale=1, shrink-to-fit=no">
<title></title>
<link rel="apple-touch-icon" href="https://cdn.jsdelivr.net/gh/extent-framework/extent-github-cdn@b00a2d0486596e73dd7326beacf352c639623a0e/commons/img/logo.png">
<link rel="shortcut icon" href="https://cdn.jsdelivr.net/gh/extent-framework/extent-github-cdn@b00a2d0486596e73dd7326beacf352c639623a0e/commons/img/logo.png">
<link href="https://cdn.jsdelivr.net/gh/extent-framework/extent-github-cdn@d6562a79075e061305ccfdb82f01e5e195e2d307/spark/css/spark-style.css" rel="stylesheet" />
<link href="https://stackpath.bootstrapcdn.com/font-awesome/4.7.0/css/font-awesome.min.css" rel="stylesheet">
<script src="https://cdn.jsdelivr.net/gh/extent-framework/extent-github-cdn@7cc78ce/spark/js/jsontree.js"></script>
<style type="text/css"></style></head><body class="spa bdd-report standard">
  <div class="app">
    <div class="layout">
<div class="header navbar">
<div class="vheader">
<div class="nav-logo">
<a href="#">
<div class="logo" style="background-image: url('https://cdn.jsdelivr.net/gh/extent-framework/extent-github-cdn@b00a2d0486596e73dd7326beacf352c639623a0e/commons/img/logo.png')"></div>
</a>
</div>
<ul class="nav-left">
<li class="search-box">
<a class="search-toggle" href="#">
<i class="search-icon fa fa-search"></i>
<i class="search-icon-close fa fa-close"></i>
</a>
</li>
<li class="search-input"><input id="search-tests" class="form-control" type="text" placeholder="Search..."></li>
</ul>
<ul class="nav-right">
<li class="m-r-10">
<a href="#"><span class="badge badge-primary"></span></a>
</li>
<li class="m-r-10">
<a href="#"><span class="badge badge-primary">Jan 20, 2026 03:17:12 PM</span></a>
</li>
</ul>
</div>
</div><div class="side-nav">
<div class="side-nav-inner">
<ul class="side-nav-menu">
<li class="nav-item dropdown" onclick="toggleView('test-view')">
<a id="nav-test" class="dropdown-toggle" href="#">
<span class="ico"><i class="fa fa-list"></i></span>
</a>
</li>
<li class="nav-item dropdown" onclick="toggleView('exception-view')">
<a id="nav-exception" class="dropdown-toggle" href="#">
<span class="ico"><i class="fa fa-bug"></i></span>
</a>
</li>
<li class="nav-item dropdown" onclick="toggleView('category-view')">
<a id="nav-category" class="dropdown-toggle" href="#">
<span class="ico"><i class="fa fa-tag"></i></span>
</a>
</li>
<li class="nav-item dropdown" onclick="toggleView('dashboard-view')">
<a id="nav-dashboard" class="dropdown-toggle" href="#">
<span class="ico"><i class="fa fa-bar-chart"></i></span>
</a>
</li>
</ul>
</div>
</div>      <div class="vcontainer">
        <div class="main-content">
<div class="test-wrapper row view test-view">
  <div class="test-list">
    <div class="test-list-tools">
<ul class="tools pull-left">
<li><a href="#"><span class="font-size-14">Tests</span></a></li>
</ul>
<ul class="tools text-right">
<li class="dropdown">
<a href="#" class="dropdown-toggle" data-toggle="dropdown"><i class="fa fa-exclamation-circle"></i></a>
<ul id="status-toggle" class="dropdown-menu dropdown-md p-v-0">
<a class="dropdown-item" status="pass" href="#"><span>Pass</span><span class="status success"></span></a>
<a class="dropdown-item" status="fail" href="#"><span>Fail</span><span class="status danger"></span></a>
<div class="dropdown-divider"></div>
<a status="clear" class="dropdown-item" href="#"><span>Clear</span><span class="pull-right"><i class="fa fa-close"></i></span></a>
</ul>
</li>
<li class="dropdown">
<a href="#" class="dropdown-toggle" data-toggle="dropdown"><i class="fa fa-tag"></i></a>
<ul id="tag-toggle" class="dropdown-menu dropdown-md p-v-0">
<a class="dropdown-item" href="#">@SmokeTest</a><a class="dropdown-item" href="#">@Regression</a>
</ul>
</li>
</ul>
</div>    <div class="test-list-wrapper scrollable">
      <ul class="test-list-item">
        <li class="test-item"  status="pass" test-id="1"
          author=""
          tag=""
          device="">
          <div class="test-detail">
            <p class="name">Login</p>
            <p class="text-sm">
              <span>3:17:12 PM</span> / <span>00:00:09:483</span>
              <span class="badge pass-bg log float-right">Pass</span>
            </p>
          </div>
          <div class="test-contents d-none">
<div class="detail-head">
<div class="p-v-10">
<div class="info">
<h5 class="test-status text-pass">Login</h5>
<span class='badge badge-success'>01.20.2026 3:17:12 PM</span>
<span class='badge badge-danger'>01.20.2026 3:17:22 PM</span>
<span class='badge badge-default'>00:00:09:483</span>
&middot; <span class='uri-anchor badge badge-default'>#test-id=1</span>
<span class='badge badge-default pointer float-right ml-1 et'><i class="fa fa-chevron-down"></i></span>
<span class='badge badge-default pointer float-right ct'><i class="fa fa-chevron-up"></i></span>
</div>
<div class="m-t-10 m-l-5"></div>
</div>
</div>
<div class="accordion mt-4">
  <div class="card">
    <div class="card-header" role="tab">
      <div class="card-title">
        <div class="node" id="2"><span class="badge log pass-bg mr-2">Pass</span>TC-01 Login With Valid Credentials</div>
      </div>
    </div>
        <div class="collapse">
          <div class="card-body">
              <div class="step pass-bg" title="Steps.LoginSteps.navigateToTestingEnvironment()">
                <span>Given Navigate to Testing Environment</span>
      <div>
      </div>
              </div>
              <div class="step pass-bg" title="Steps.LoginSteps.loginWithQAUserCredentials()">
                <span>When Login with QA user credentials</span>
      <div>
      </div>
              </div>
              <div class="step pass-bg" title="Steps.LoginSteps.loginShouldBeSuccessfully()">
                <span>Then Login should be successfully</span>
      <div>
      </div>
              </div>
          </div>
        </div>
  </div>
</div>
          </div>
        </li>
        <li class="test-item"  status="pass" test-id="8"
          author=""
          tag=""
          device="">
          <div class="test-detail">
            <p class="name">Logout</p>
            <p class="text-sm">
              <span>3:17:22 PM</span> / <span>00:00:10:629</span>
              <span class="badge pass-bg log float-right">Pass</span>
            </p>
          </div>
          <div class="test-contents d-none">
<div class="detail-head">
<div class="p-v-10">
<div class="info">
<h5 class="test-status text-pass">Logout</h5>
<span class='badge badge-success'>01.20.2026 3:17:22 PM</span>
<span class='badge badge-danger'>01.20.2026 3:17:33 PM</span>
<span class='badge badge-default'>00:00:10:629</span>
&middot; <span class='uri-anchor badge badge-default'>#test-id=8</span>
<span class='badge badge-default pointer float-right ml-1 et'><i class="fa fa-chevron-down"></i></span>
<span class='badge badge-default pointer float-right ct'><i class="fa fa-chevron-up"></i></span>
</div>
<div class="m-t-10 m-l-5"></div>
</div>
</div>
<div class="accordion mt-4">
  <div class="card">
    <div class="card-header" role="tab">
      <div class="card-title">
        <div class="node" id="9"><span class="badge log pass-bg mr-2">Pass</span>TC-02 Logout From Application</div>
      </div>
    </div>
        <div class="collapse">
          <div class="card-body">
              <div class="step pass-bg" title="Steps.LoginSteps.navigateToTestingEnvironment()">
                <span>Given Navigate to Testing Environment</span>
      <div>
      </div>
              </div>
              <div class="step pass-bg" title="Steps.LoginSteps.loginWithQAUserCredentials()">
                <span>When Login with QA user credentials</span>
      <div>
      </div>
              </div>
              <div class="step pass-bg" title="Steps.LoginSteps.loginShouldBeSuccessfully()">
                <span>Then Login should be successfully</span>
      <div>
      </div>
              </div>
              <div class="step pass-bg" title="Steps.LogoutSteps.goToMyAccount()">
                <span>And Go to MyAccount</span>
      <div>
      </div>
              </div>
              <div class="step pass-bg" title="Steps.LogoutSteps.clickLogoutButton()">
                <span>And Click Logout Button</span>
      <div>
      </div>
              </div>
              <div class="step pass-bg" title="Steps.LogoutSteps.userShouldLogoutSuccessfully()">
                <span>Then User Should Logout Successfully</span>
      <div>
      </div>
              </div>
          </div>
        </div>
  </div>
</div>
          </div>
        </li>
        <li class="test-item"  status="pass" test-id="18"
          author=""
          tag=""
          device="">
          <div class="test-detail">
            <p class="name">Customer Menu Creation</p>
            <p class="text-sm">
              <span>3:17:33 PM</span> / <span>00:00:16:210</span>
              <span class="badge pass-bg log float-right">Pass</span>
            </p>
          </div>
          <div class="test-contents d-none">
<div class="detail-head">
<div class="p-v-10">
<div class="info">
<h5 class="test-status text-pass">Customer Menu Creation</h5>
<span class='badge badge-success'>01.20.2026 3:17:33 PM</span>
<span class='badge badge-danger'>01.20.2026 3:17:49 PM</span>
<span class='badge badge-default'>00:00:16:210</span>
&middot; <span class='uri-anchor badge badge-default'>#test-id=18</span>
<span class='badge badge-default pointer float-right ml-1 et'><i class="fa fa-chevron-down"></i></span>
<span class='badge badge-default pointer float-right ct'><i class="fa fa-chevron-up"></i></span>
</div>
<div class="m-t-10 m-l-5"></div>
</div>
</div>
<div class="accordion mt-4">
  <div class="card">
    <div class="card-header" role="tab">
      <div class="card-title">
        <div class="node" id="19"><span class="badge log pass-bg mr-2">Pass</span>TC-03 Customer Menu Creation Scenario</div>
      </div>
    </div>
        <div class="collapse">
          <div class="card-body">
              <div class="step pass-bg" title="Steps.LoginSteps.navigateToTestingEnvironment()">
                <span>Given Navigate to Testing Environment</span>
      <div>
      </div>
              </div>
              <div class="step pass-bg" title="Steps.LoginSteps.loginWithQAUserCredentials()">
                <span>When Login with QA user credentials</span>
      <div>
      </div>
              </div>
              <div class="step pass-bg" title="Steps.LoginSteps.loginShouldBeSuccessfully()">
                <span>Then Login should be successfully</span>
      <div>
      </div>
              </div>
              <div class="step pass-bg" title="Steps.DeviceSteps.userClicksFollowingItems(io.cucumber.datatable.DataTable)">
                <span>And User clicks following Items</span>
      <div><table class='markup-table table '><tr><td>downArrow</td></tr><tr><td>adminView</td></tr></table>
      </div>
      <div>
      </div>
              </div>
              <div class="step pass-bg" title="Steps.DeviceSteps.userClicksFollowingDynamicElements(io.cucumber.datatable.DataTable)">
                <span>And User clicks following dynamic elements</span>
      <div><table class='markup-table table '><tr><td>click</td><td>Customer Menu</td></tr><tr><td>click</td><td>Edit</td></tr><tr><td>click</td><td>Create</td></tr></table>
      </div>
      <div>
      </div>
              </div>
              <div class="step pass-bg" title="Steps.DeviceSteps.userEntersDataToNecessaryAreas(io.cucumber.datatable.DataTable)">
                <span>And User enters data to necessary areas</span>
      <div><table class='markup-table table '><tr><td>name</td><td>TestMenu</td></tr></table>
      </div>
      <div>
      </div>
              </div>
              <div class="step pass-bg" title="Steps.DeviceSteps.userChangesLanguagesOfRelevantFields(io.cucumber.datatable.DataTable)">
                <span>And User changes languages of relevant fields</span>
      <div><table class='markup-table table '><tr><td>english</td></tr><tr><td>greek</td></tr></table>
      </div>
      <div>
      </div>
              </div>
              <div class="step pass-bg" title="Steps.DeviceSteps.userEntersDataToNecessaryAreas(io.cucumber.datatable.DataTable)">
                <span>And User enters data to necessary areas</span>
      <div><table class='markup-table table '><tr><td>name</td><td>TestMenuEL</td></tr></table>
      </div>
      <div>
      </div>
              </div>
              <div class="step pass-bg" title="Steps.DeviceSteps.userSelectsNecessaryAreas(io.cucumber.datatable.DataTable)">
                <span>And User selects necessary areas</span>
      <div><table class='markup-table table '><tr><td>menuIcon</td></tr><tr><td>iconABC</td></tr></table>
      </div>
      <div>
      </div>
              </div>
              <div class="step pass-bg" title="Steps.ActionsStep.userPressTheEscButtonOnKeyboardTimes(int)">
                <span>And User press the Esc Button on Keyboard Times</span>
      <div><table class='markup-table table '><tr><td>1</td></tr></table>
      </div>
      <div>
      </div>
              </div>
              <div class="step pass-bg" title="Steps.DeviceSteps.userSelectsNecessaryAreas(io.cucumber.datatable.DataTable)">
                <span>And User selects necessary areas</span>
      <div><table class='markup-table table '><tr><td>menuFeature</td></tr><tr><td>menuSystemPages</td></tr><tr><td>pageDesigner</td></tr></table>
      </div>
      <div>
      </div>
              </div>
              <div class="step pass-bg" title="Steps.ActionsStep.userPressTheEscButtonOnKeyboardTimes(int)">
                <span>And User press the Esc Button on Keyboard Times</span>
      <div><table class='markup-table table '><tr><td>1</td></tr></table>
      </div>
      <div>
      </div>
              </div>
              <div class="step pass-bg" title="Steps.DeviceSteps.userClicksFollowingDynamicElements(io.cucumber.datatable.DataTable)">
                <span>And User clicks following dynamic elements</span>
      <div><table class='markup-table table '><tr><td>click</td><td>Confirm</td></tr><tr><td>click</td><td>Save</td></tr><tr><td>click</td><td>Yes</td></tr></table>
      </div>
      <div>
      </div>
              </div>
              <div class="step pass-bg" title="Steps.VerificationSteps.userShouldSeeVerifyMessage(io.cucumber.datatable.DataTable)">
                <span>Then User should see verify message</span>
      <div><table class='markup-table table '><tr><td>success</td><td>success</td></tr></table>
      </div>
      <div>
      </div>
              </div>
          </div>
        </div>
  </div>
</div>
          </div>
        </li>
        <li class="test-item"  status="pass" test-id="36"
          author=""
          tag=""
          device="">
          <div class="test-detail">
            <p class="name">Customer Menu Editing</p>
            <p class="text-sm">
              <span>3:17:49 PM</span> / <span>00:00:13:851</span>
              <span class="badge pass-bg log float-right">Pass</span>
            </p>
          </div>
          <div class="test-contents d-none">
<div class="detail-head">
<div class="p-v-10">
<div class="info">
<h5 class="test-status text-pass">Customer Menu Editing</h5>
<span class='badge badge-success'>01.20.2026 3:17:49 PM</span>
<span class='badge badge-danger'>01.20.2026 3:18:03 PM</span>
<span class='badge badge-default'>00:00:13:851</span>
&middot; <span class='uri-anchor badge badge-default'>#test-id=36</span>
<span class='badge badge-default pointer float-right ml-1 et'><i class="fa fa-chevron-down"></i></span>
<span class='badge badge-default pointer float-right ct'><i class="fa fa-chevron-up"></i></span>
</div>
<div class="m-t-10 m-l-5"></div>
</div>
</div>
<div class="accordion mt-4">
  <div class="card">
    <div class="card-header" role="tab">
      <div class="card-title">
        <div class="node" id="37"><span class="badge log pass-bg mr-2">Pass</span>TC-04 Customer Menu Editing Scenario</div>
      </div>
    </div>
        <div class="collapse">
          <div class="card-body">
              <div class="step pass-bg" title="Steps.LoginSteps.navigateToTestingEnvironment()">
                <span>Given Navigate to Testing Environment</span>
      <div>
      </div>
              </div>
              <div class="step pass-bg" title="Steps.LoginSteps.loginWithQAUserCredentials()">
                <span>When Login with QA user credentials</span>
      <div>
      </div>
              </div>
              <div class="step pass-bg" title="Steps.LoginSteps.loginShouldBeSuccessfully()">
                <span>Then Login should be successfully</span>
      <div>
      </div>
              </div>
              <div class="step pass-bg" title="Steps.DeviceSteps.userClicksFollowingItems(io.cucumber.datatable.DataTable)">
                <span>And User clicks following Items</span>
      <div><table class='markup-table table '><tr><td>downArrow</td></tr><tr><td>adminView</td></tr></table>
      </div>
      <div>
      </div>
              </div>
              <div class="step pass-bg" title="Steps.DeviceSteps.userClicksFollowingDynamicElements(io.cucumber.datatable.DataTable)">
                <span>And User clicks following dynamic elements</span>
      <div><table class='markup-table table '><tr><td>click</td><td>Customer Menu</td></tr><tr><td>click</td><td>Edit</td></tr><tr><td>click</td><td>TestMenu</td></tr></table>
      </div>
      <div>
      </div>
              </div>
              <div class="step pass-bg" title="Steps.DeviceSteps.userEntersDataToNecessaryAreas(io.cucumber.datatable.DataTable)">
                <span>And User enters data to necessary areas</span>
      <div><table class='markup-table table '><tr><td>name</td><td>TestMenuEdit</td></tr></table>
      </div>
      <div>
      </div>
              </div>
              <div class="step pass-bg" title="Steps.DeviceSteps.userChangesLanguagesOfRelevantFields(io.cucumber.datatable.DataTable)">
                <span>And User changes languages of relevant fields</span>
      <div><table class='markup-table table '><tr><td>english</td></tr><tr><td>greek</td></tr></table>
      </div>
      <div>
      </div>
              </div>
              <div class="step pass-bg" title="Steps.DeviceSteps.userEntersDataToNecessaryAreas(io.cucumber.datatable.DataTable)">
                <span>And User enters data to necessary areas</span>
      <div><table class='markup-table table '><tr><td>name</td><td>TestMenuEditEL</td></tr></table>
      </div>
      <div>
      </div>
              </div>
              <div class="step pass-bg" title="Steps.DeviceSteps.userClicksFollowingDynamicElements(io.cucumber.datatable.DataTable)">
                <span>And User clicks following dynamic elements</span>
      <div><table class='markup-table table '><tr><td>click</td><td>Confirm</td></tr><tr><td>click</td><td>Save</td></tr><tr><td>click</td><td>Yes</td></tr></table>
      </div>
      <div>
      </div>
              </div>
              <div class="step pass-bg" title="Steps.VerificationSteps.userShouldSeeVerifyMessage(io.cucumber.datatable.DataTable)">
                <span>Then User should see verify message</span>
      <div><table class='markup-table table '><tr><td>success</td><td>success</td></tr></table>
      </div>
      <div>
      </div>
              </div>
          </div>
        </div>
  </div>
</div>
          </div>
        </li>
        <li class="test-item"  status="pass" test-id="50"
          author=""
          tag=""
          device="">
          <div class="test-detail">
            <p class="name">Customer Menu Deletion</p>
            <p class="text-sm">
              <span>3:18:03 PM</span> / <span>00:00:11:879</span>
              <span class="badge pass-bg log float-right">Pass</span>
            </p>
          </div>
          <div class="test-contents d-none">
<div class="detail-head">
<div class="p-v-10">
<div class="info">
<h5 class="test-status text-pass">Customer Menu Deletion</h5>
<span class='badge badge-success'>01.20.2026 3:18:03 PM</span>
<span class='badge badge-danger'>01.20.2026 3:18:15 PM</span>
<span class='badge badge-default'>00:00:11:879</span>
&middot; <span class='uri-anchor badge badge-default'>#test-id=50</span>
<span class='badge badge-default pointer float-right ml-1 et'><i class="fa fa-chevron-down"></i></span>
<span class='badge badge-default pointer float-right ct'><i class="fa fa-chevron-up"></i></span>
</div>
<div class="m-t-10 m-l-5"></div>
</div>
</div>
<div class="accordion mt-4">
  <div class="card">
    <div class="card-header" role="tab">
      <div class="card-title">
        <div class="node" id="51"><span class="badge log pass-bg mr-2">Pass</span>TC-05 Customer Menu Deletion Scenario</div>
      </div>
    </div>
        <div class="collapse">
          <div class="card-body">
              <div class="step pass-bg" title="Steps.LoginSteps.navigateToTestingEnvironment()">
                <span>Given Navigate to Testing Environment</span>
      <div>
      </div>
              </div>
              <div class="step pass-bg" title="Steps.LoginSteps.loginWithQAUserCredentials()">
                <span>When Login with QA user credentials</span>
      <div>
      </div>
              </div>
              <div class="step pass-bg" title="Steps.LoginSteps.loginShouldBeSuccessfully()">
                <span>Then Login should be successfully</span>
      <div>
      </div>
              </div>
              <div class="step pass-bg" title="Steps.DeviceSteps.userClicksFollowingItems(io.cucumber.datatable.DataTable)">
                <span>And User clicks following Items</span>
      <div><table class='markup-table table '><tr><td>downArrow</td></tr><tr><td>adminView</td></tr></table>
      </div>
      <div>
      </div>
              </div>
              <div class="step pass-bg" title="Steps.DeviceSteps.userClicksFollowingDynamicElements(io.cucumber.datatable.DataTable)">
                <span>And User clicks following dynamic elements</span>
      <div><table class='markup-table table '><tr><td>click</td><td>Customer Menu</td></tr><tr><td>click</td><td>Edit</td></tr><tr><td>delete</td><td>TestMenuEdit</td></tr><tr><td>click</td><td>Yes</td></tr><tr><td>click</td><td>Save</td></tr><tr><td>click</td><td>Yes</td></tr></table>
      </div>
      <div>
      </div>
              </div>
              <div class="step pass-bg" title="Steps.VerificationSteps.userShouldSeeVerifyMessage(io.cucumber.datatable.DataTable)">
                <span>Then User should see verify message</span>
      <div><table class='markup-table table '><tr><td>success</td><td>success</td></tr></table>
      </div>
      <div>
      </div>
              </div>
          </div>
        </div>
  </div>
</div>
          </div>
        </li>
        <li class="test-item"  status="fail" test-id="60"
          author=""
          tag=""
          device="">
          <div class="test-detail">
            <p class="name">Custom Data Template Creation</p>
            <p class="text-sm">
              <span>3:18:15 PM</span> / <span>00:00:29:492</span>
              <span class="badge fail-bg log float-right">Fail</span>
            </p>
          </div>
          <div class="test-contents d-none">
<div class="detail-head">
<div class="p-v-10">
<div class="info">
<h5 class="test-status text-fail">Custom Data Template Creation</h5>
<span class='badge badge-success'>01.20.2026 3:18:15 PM</span>
<span class='badge badge-danger'>01.20.2026 3:18:44 PM</span>
<span class='badge badge-default'>00:00:29:492</span>
&middot; <span class='uri-anchor badge badge-default'>#test-id=60</span>
<span class='badge badge-default pointer float-right ml-1 et'><i class="fa fa-chevron-down"></i></span>
<span class='badge badge-default pointer float-right ct'><i class="fa fa-chevron-up"></i></span>
</div>
<div class="m-t-10 m-l-5"></div>
</div>
</div>
<div class="accordion mt-4">
  <div class="card">
    <div class="card-header" role="tab">
      <div class="card-title">
        <div class="node" id="61"><span class="badge log fail-bg mr-2">Fail</span>TC-14 Custom Data Template Creation Scenario</div>
          <div class="status-avatar float-right mr-4">
            <i class="fa fa-paperclip"></i>
          </div>
      </div>
    </div>
        <div class="">
          <div class="card-body">
              <div class="step pass-bg" title="Steps.LoginSteps.navigateToTestingEnvironment()">
                <span>Given Navigate to Testing Environment</span>
      <div>
      </div>
              </div>
              <div class="step pass-bg" title="Steps.LoginSteps.loginWithQAUserCredentials()">
                <span>When Login with QA user credentials</span>
      <div>
      </div>
              </div>
              <div class="step pass-bg" title="Steps.LoginSteps.loginShouldBeSuccessfully()">
                <span>Then Login should be successfully</span>
      <div>
      </div>
              </div>
              <div class="step pass-bg" title="Steps.DeviceSteps.userClicksFollowingDynamicElements(io.cucumber.datatable.DataTable)">
                <span>And User clicks following dynamic elements</span>
      <div><table class='markup-table table '><tr><td>click</td><td>Templates</td></tr><tr><td>click</td><td>Custom Data Templates</td></tr><tr><td>click</td><td>Create</td></tr><tr><td>click</td><td>Info</td></tr></table>
      </div>
      <div>
      </div>
              </div>
              <div class="step pass-bg" title="Steps.DeviceSteps.userEntersDataToNecessaryAreas(io.cucumber.datatable.DataTable)">
                <span>And User enters data to necessary areas</span>
      <div><table class='markup-table table '><tr><td>name</td><td>TestCustomDataTemplate</td></tr><tr><td>description</td><td>CustomDataTemplateForTest</td></tr></table>
      </div>
      <div>
      </div>
              </div>
              <div class="step pass-bg" title="Steps.DeviceSteps.userSelectsNecessaryAreas(io.cucumber.datatable.DataTable)">
                <span>And User selects necessary areas</span>
      <div><table class='markup-table table '><tr><td>deviceCategory</td></tr></table>
      </div>
      <div>
      </div>
              </div>
              <div class="step pass-bg" title="Steps.DeviceSteps.userClicksFollowingDynamicElements(io.cucumber.datatable.DataTable)">
                <span>And User clicks following dynamic elements</span>
      <div><table class='markup-table table '><tr><td>click</td><td>Data Template Cat_1</td></tr></table>
      </div>
      <div>
      </div>
              </div>
              <div class="step pass-bg" title="Steps.ActionsStep.userPressTheEscButtonOnKeyboardTimes(int)">
                <span>And User press the Esc Button on Keyboard Times</span>
      <div><table class='markup-table table '><tr><td>1</td></tr></table>
      </div>
      <div>
      </div>
              </div>
              <div class="step pass-bg" title="Steps.DeviceSteps.userChangesLanguagesOfRelevantFields(io.cucumber.datatable.DataTable)">
                <span>And User changes languages of relevant fields</span>
      <div><table class='markup-table table '><tr><td>english</td></tr><tr><td>greek</td></tr></table>
      </div>
      <div>
      </div>
              </div>
              <div class="step pass-bg" title="Steps.DeviceSteps.userEntersDataToNecessaryAreas(io.cucumber.datatable.DataTable)">
                <span>And User enters data to necessary areas</span>
      <div><table class='markup-table table '><tr><td>name</td><td>TestCustomDataTemplateEL</td></tr><tr><td>description</td><td>CustomDataTemplateForTestEL</td></tr></table>
      </div>
      <div>
      </div>
              </div>
              <div class="step pass-bg" title="Steps.DeviceSteps.userClicksFollowingDynamicElements(io.cucumber.datatable.DataTable)">
                <span>And User clicks following dynamic elements</span>
      <div><table class='markup-table table '><tr><td>click</td><td>Structure</td></tr></table>
      </div>
      <div>
      </div>
              </div>
              <div class="step pass-bg" title="Steps.DeviceSteps.userClicksFollowingDynamicElements(io.cucumber.datatable.DataTable)">
                <span>And User clicks following dynamic elements</span>
      <div><table class='markup-table table '><tr><td>click</td><td>Save</td></tr></table>
      </div>
      <div>
      </div>
              </div>
              <div class="step pass-bg" title="Steps.DeviceSteps.userEntersDataToNecessaryAreas(io.cucumber.datatable.DataTable)">
                <span>And User enters data to necessary areas</span>
      <div><table class='markup-table table '><tr><td>reason</td><td>TestCustomDataTemplateCreation</td></tr></table>
      </div>
      <div>
      </div>
              </div>
              <div class="step pass-bg" title="Steps.DeviceSteps.userClicksFollowingDynamicElements(io.cucumber.datatable.DataTable)">
                <span>And User clicks following dynamic elements</span>
      <div><table class='markup-table table '><tr><td>click</td><td>Yes</td></tr></table>
      </div>
      <div>
      </div>
              </div>
              <div class="step fail-bg" title="Steps.VerificationSteps.userShouldSeeVerifyMessage(io.cucumber.datatable.DataTable)">
                <span>Then User should see verify message</span>
      <div><table class='markup-table table '><tr><td>success</td><td>success</td></tr></table>
      </div>
      <div>
        <textarea disabled class="code-block">org.openqa.selenium.TimeoutException: Expected condition failed: waiting for visibility of Proxy element for: DefaultElementLocator 'By.xpath: //*[contains(text(),'uccess')]' (tried for 15 second(s) with 500 milliseconds interval)
	at org.openqa.selenium.support.ui.WebDriverWait.timeoutException(WebDriverWait.java:84)
	at org.openqa.selenium.support.ui.FluentWait.until(FluentWait.java:230)
	at Pages._Parent.waitUntilVisible(_Parent.java:108)
	at Pages._Parent.verifyContainsText(_Parent.java:71)
	at Pages.DialogContent.findAndVerify(DialogContent.java:407)
	at Steps.VerificationSteps.userShouldSeeVerifyMessage(VerificationSteps.java:19)
	at ✽.User should see verify message(file:///C:/Users/AzizKaraca/IdeaProjects/AcrossQaTestSuites/src/test/java/Features/TC14_CustomDataTemplateCreation.feature:50)
Caused by: org.openqa.selenium.NoSuchElementException: no such element: Unable to locate element: {"method":"xpath","selector":"//*[contains(text(),'uccess')]"}
  (Session info: chrome=143.0.7499.193)
For documentation on this error, please visit: https://www.selenium.dev/documentation/webdriver/troubleshooting/errors#no-such-element-exception
Build info: version: '4.11.0', revision: '040bc5406b'
System info: os.name: 'Windows 11', os.arch: 'amd64', os.version: '10.0', java.version: '1.8.0_442'
Driver info: org.openqa.selenium.chrome.ChromeDriver
Command: [f0ed01fc664ca4a1cf363f31fcaf614f, findElement {using=xpath, value=//*[contains(text(),'uccess')]}]
Capabilities {acceptInsecureCerts: false, browserName: chrome, browserVersion: 143.0.7499.193, chrome: {chromedriverVersion: 143.0.7499.192 (be2c1f4fd45..., userDataDir: C:\Users\AZIZKA~1\AppData\L...}, fedcm:accounts: true, goog:chromeOptions: {debuggerAddress: localhost:61753}, goog:processID: 25760, networkConnectionEnabled: false, pageLoadStrategy: normal, platformName: windows, proxy: Proxy(), se:cdp: ws://localhost:61753/devtoo..., se:cdpVersion: 143.0.7499.193, setWindowRect: true, strictFileInteractability: false, timeouts: {implicit: 0, pageLoad: 300000, script: 30000}, unhandledPromptBehavior: dismiss and notify, webauthn:extension:credBlob: true, webauthn:extension:largeBlob: true, webauthn:extension:minPinLength: true, webauthn:extension:prf: true, webauthn:virtualAuthenticators: true}
Session ID: f0ed01fc664ca4a1cf363f31fcaf614f
	at sun.reflect.GeneratedConstructorAccessor24.newInstance(Unknown Source)
	at sun.reflect.DelegatingConstructorAccessorImpl.newInstance(DelegatingConstructorAccessorImpl.java:45)
	at java.lang.reflect.Constructor.newInstance(Constructor.java:423)
	at org.openqa.selenium.remote.codec.w3c.W3CHttpResponseCodec.createException(W3CHttpResponseCodec.java:200)
	at org.openqa.selenium.remote.codec.w3c.W3CHttpResponseCodec.decode(W3CHttpResponseCodec.java:133)
	at org.openqa.selenium.remote.codec.w3c.W3CHttpResponseCodec.decode(W3CHttpResponseCodec.java:52)
	at org.openqa.selenium.remote.HttpCommandExecutor.execute(HttpCommandExecutor.java:191)
	at org.openqa.selenium.remote.service.DriverCommandExecutor.invokeExecute(DriverCommandExecutor.java:196)
	at org.openqa.selenium.remote.service.DriverCommandExecutor.execute(DriverCommandExecutor.java:171)
	at org.openqa.selenium.remote.RemoteWebDriver.execute(RemoteWebDriver.java:518)
	at org.openqa.selenium.remote.ElementLocation$ElementFinder$2.findElement(ElementLocation.java:165)
	at org.openqa.selenium.remote.ElementLocation.findElement(ElementLocation.java:59)
	at org.openqa.selenium.remote.RemoteWebDriver.findElement(RemoteWebDriver.java:355)
	at org.openqa.selenium.remote.RemoteWebDriver.findElement(RemoteWebDriver.java:349)
	at org.openqa.selenium.support.pagefactory.DefaultElementLocator.findElement(DefaultElementLocator.java:68)
	at org.openqa.selenium.support.pagefactory.internal.LocatingElementHandler.invoke(LocatingElementHandler.java:38)
	at com.sun.proxy.$Proxy26.isDisplayed(Unknown Source)
	at org.openqa.selenium.support.ui.ExpectedConditions.elementIfVisible(ExpectedConditions.java:304)
	at org.openqa.selenium.support.ui.ExpectedConditions.access$000(ExpectedConditions.java:37)
	at org.openqa.selenium.support.ui.ExpectedConditions$10.apply(ExpectedConditions.java:290)
	at org.openqa.selenium.support.ui.ExpectedConditions$10.apply(ExpectedConditions.java:287)
	at org.openqa.selenium.support.ui.FluentWait.until(FluentWait.java:205)
	at Pages._Parent.waitUntilVisible(_Parent.java:108)
	at Pages._Parent.verifyContainsText(_Parent.java:71)
	at Pages.DialogContent.findAndVerify(DialogContent.java:407)
	at Steps.VerificationSteps.userShouldSeeVerifyMessage(VerificationSteps.java:19)
	at sun.reflect.NativeMethodAccessorImpl.invoke0(Native Method)
	at sun.reflect.NativeMethodAccessorImpl.invoke(NativeMethodAccessorImpl.java:62)
	at sun.reflect.DelegatingMethodAccessorImpl.invoke(DelegatingMethodAccessorImpl.java:43)
	at java.lang.reflect.Method.invoke(Method.java:498)
	at io.cucumber.java.Invoker.doInvoke(Invoker.java:66)
	at io.cucumber.java.Invoker.invoke(Invoker.java:24)
	at io.cucumber.java.AbstractGlueDefinition.invokeMethod(AbstractGlueDefinition.java:47)
	at io.cucumber.java.JavaStepDefinition.execute(JavaStepDefinition.java:29)
	at io.cucumber.core.runner.CoreStepDefinition.execute(CoreStepDefinition.java:66)
	at io.cucumber.core.runner.PickleStepDefinitionMatch.runStep(PickleStepDefinitionMatch.java:63)
	at io.cucumber.core.runner.ExecutionMode$1.execute(ExecutionMode.java:10)
	at io.cucumber.core.runner.TestStep.executeStep(TestStep.java:85)
	at io.cucumber.core.runner.TestStep.run(TestStep.java:57)
	at io.cucumber.core.runner.PickleStepTestStep.run(PickleStepTestStep.java:51)
	at io.cucumber.core.runner.TestCase.run(TestCase.java:84)
	at io.cucumber.core.runner.Runner.runPickle(Runner.java:75)
	at io.cucumber.testng.TestNGCucumberRunner.lambda$runScenario$1(TestNGCucumberRunner.java:132)
	at io.cucumber.core.runtime.CucumberExecutionContext.lambda$runTestCase$5(CucumberExecutionContext.java:129)
	at io.cucumber.core.runtime.RethrowingThrowableCollector.executeAndThrow(RethrowingThrowableCollector.java:23)
	at io.cucumber.core.runtime.CucumberExecutionContext.runTestCase(CucumberExecutionContext.java:129)
	at io.cucumber.testng.TestNGCucumberRunner.runScenario(TestNGCucumberRunner.java:129)
	at io.cucumber.testng.AbstractTestNGCucumberTests.runScenario(AbstractTestNGCucumberTests.java:35)
	at sun.reflect.NativeMethodAccessorImpl.invoke0(Native Method)
	at sun.reflect.NativeMethodAccessorImpl.invoke(NativeMethodAccessorImpl.java:62)
	at sun.reflect.DelegatingMethodAccessorImpl.invoke(DelegatingMethodAccessorImpl.java:43)
	at java.lang.reflect.Method.invoke(Method.java:498)
	at org.testng.internal.MethodInvocationHelper.invokeMethod(MethodInvocationHelper.java:133)
	at org.testng.internal.TestInvoker.invokeMethod(TestInvoker.java:598)
	at org.testng.internal.TestInvoker.invokeTestMethod(TestInvoker.java:173)
	at org.testng.internal.MethodRunner.runInSequence(MethodRunner.java:46)
	at org.testng.internal.TestInvoker$MethodInvocationAgent.invoke(TestInvoker.java:824)
	at org.testng.internal.TestInvoker.invokeTestMethods(TestInvoker.java:146)
	at org.testng.internal.TestMethodWorker.invokeTestMethods(TestMethodWorker.java:146)
	at org.testng.internal.TestMethodWorker.run(TestMethodWorker.java:128)
	at java.util.ArrayList.forEach(ArrayList.java:1259)
	at org.testng.TestRunner.privateRun(TestRunner.java:794)
	at org.testng.TestRunner.run(TestRunner.java:596)
	at org.testng.SuiteRunner.runTest(SuiteRunner.java:377)
	at org.testng.SuiteRunner.runSequentially(SuiteRunner.java:371)
	at org.testng.SuiteRunner.privateRun(SuiteRunner.java:332)
	at org.testng.SuiteRunner.run(SuiteRunner.java:276)
	at org.testng.SuiteRunnerWorker.runSuite(SuiteRunnerWorker.java:53)
	at org.testng.SuiteRunnerWorker.run(SuiteRunnerWorker.java:96)
	at org.testng.TestNG.runSuitesSequentially(TestNG.java:1212)
	at org.testng.TestNG.runSuitesLocally(TestNG.java:1134)
	at org.testng.TestNG.runSuites(TestNG.java:1063)
	at org.testng.TestNG.run(TestNG.java:1031)
	at com.intellij.rt.testng.IDEARemoteTestNG.run(IDEARemoteTestNG.java:66)
	at com.intellij.rt.testng.RemoteTestNGStarter.main(RemoteTestNGStarter.java:105)
</textarea>
      
      </div>
              </div>
              <div class="step skip-bg" title="Steps.DeviceSteps.userClicksFollowingDynamicElements(io.cucumber.datatable.DataTable)">
                <span>And User clicks following dynamic elements</span>
      <div><table class='markup-table table '><tr><td>click</td><td>Dashboard</td></tr></table>
      </div>
      <div>Step skipped
      </div>
              </div>
              <div class="step pass-bg" title="AFTER">
                <span>Steps._Hooks.after(io.cucumber.java.Scenario)</span>
      <div>screenshot name
          <div class="row mb-3"><div class="col-md-3">
<img data-featherlight='../screenshots/embedded1.png' src="../screenshots/embedded1.png">
    
    </div></div>
</div>
      <div>
      </div>
              </div>
          </div>
        </div>
  </div>
</div>
          </div>
        </li>
        <li class="test-item"  status="fail" test-id="80"
          author=""
          tag=""
          device="">
          <div class="test-detail">
            <p class="name">Custom Data Template Editing</p>
            <p class="text-sm">
              <span>3:18:44 PM</span> / <span>00:00:25:059</span>
              <span class="badge fail-bg log float-right">Fail</span>
            </p>
          </div>
          <div class="test-contents d-none">
<div class="detail-head">
<div class="p-v-10">
<div class="info">
<h5 class="test-status text-fail">Custom Data Template Editing</h5>
<span class='badge badge-success'>01.20.2026 3:18:44 PM</span>
<span class='badge badge-danger'>01.20.2026 3:19:09 PM</span>
<span class='badge badge-default'>00:00:25:059</span>
&middot; <span class='uri-anchor badge badge-default'>#test-id=80</span>
<span class='badge badge-default pointer float-right ml-1 et'><i class="fa fa-chevron-down"></i></span>
<span class='badge badge-default pointer float-right ct'><i class="fa fa-chevron-up"></i></span>
</div>
<div class="m-t-10 m-l-5"></div>
</div>
</div>
<div class="accordion mt-4">
  <div class="card">
    <div class="card-header" role="tab">
      <div class="card-title">
        <div class="node" id="81"><span class="badge log fail-bg mr-2">Fail</span>TC-15 Custom Data Template Editing Scenario</div>
          <div class="status-avatar float-right mr-4">
            <i class="fa fa-paperclip"></i>
          </div>
      </div>
    </div>
        <div class="">
          <div class="card-body">
              <div class="step pass-bg" title="Steps.LoginSteps.navigateToTestingEnvironment()">
                <span>Given Navigate to Testing Environment</span>
      <div>
      </div>
              </div>
              <div class="step pass-bg" title="Steps.LoginSteps.loginWithQAUserCredentials()">
                <span>When Login with QA user credentials</span>
      <div>
      </div>
              </div>
              <div class="step pass-bg" title="Steps.LoginSteps.loginShouldBeSuccessfully()">
                <span>Then Login should be successfully</span>
      <div>
      </div>
              </div>
              <div class="step pass-bg" title="Steps.DeviceSteps.userClicksFollowingDynamicElements(io.cucumber.datatable.DataTable)">
                <span>And User clicks following dynamic elements</span>
      <div><table class='markup-table table '><tr><td>click</td><td>Templates</td></tr><tr><td>click</td><td>Custom Data Templates</td></tr></table>
      </div>
      <div>
      </div>
              </div>
              <div class="step pass-bg" title="Steps.DeviceSteps.userSearchTheItem(io.cucumber.datatable.DataTable)">
                <span>And User search the item</span>
      <div><table class='markup-table table '><tr><td>search</td><td>TestCustomDataTemplate</td></tr></table>
      </div>
      <div>
      </div>
              </div>
              <div class="step fail-bg" title="Steps.DeviceSteps.userClicksFollowingDynamicElements(io.cucumber.datatable.DataTable)">
                <span>And User clicks following dynamic elements</span>
      <div><table class='markup-table table '><tr><td>click</td><td>search</td></tr><tr><td>click</td><td>TestCustomDataTemplate</td></tr></table>
      </div>
      <div>
        <textarea disabled class="code-block">org.openqa.selenium.TimeoutException: Expected condition failed: waiting for element to be clickable: By.xpath: //*[text()='TestCustomDataTemplate'] (tried for 15 second(s) with 500 milliseconds interval)
Build info: version: '4.11.0', revision: '040bc5406b'
System info: os.name: 'Windows 11', os.arch: 'amd64', os.version: '10.0', java.version: '1.8.0_442'
Driver info: org.openqa.selenium.chrome.ChromeDriver
Capabilities {acceptInsecureCerts: false, browserName: chrome, browserVersion: 143.0.7499.193, chrome: {chromedriverVersion: 143.0.7499.192 (be2c1f4fd45..., userDataDir: C:\Users\AZIZKA~1\AppData\L...}, fedcm:accounts: true, goog:chromeOptions: {debuggerAddress: localhost:56171}, goog:processID: 22520, networkConnectionEnabled: false, pageLoadStrategy: normal, platformName: windows, proxy: Proxy(), se:cdp: ws://localhost:56171/devtoo..., se:cdpVersion: 143.0.7499.193, setWindowRect: true, strictFileInteractability: false, timeouts: {implicit: 0, pageLoad: 300000, script: 30000}, unhandledPromptBehavior: dismiss and notify, webauthn:extension:credBlob: true, webauthn:extension:largeBlob: true, webauthn:extension:minPinLength: true, webauthn:extension:prf: true, webauthn:virtualAuthenticators: true}
Session ID: 5f010cdfba873891e270becd09f4b153
	at org.openqa.selenium.support.ui.WebDriverWait.timeoutException(WebDriverWait.java:84)
	at org.openqa.selenium.support.ui.FluentWait.until(FluentWait.java:230)
	at Pages.DynamicContent.findAndClickDynamic(DynamicContent.java:30)
	at Steps.DeviceSteps.userClicksFollowingDynamicElements(DeviceSteps.java:26)
	at ✽.User clicks following dynamic elements(file:///C:/Users/AzizKaraca/IdeaProjects/AcrossQaTestSuites/src/test/java/Features/TC15_CustomDataTemplateEditing.feature:18)
</textarea>
      
      </div>
              </div>
              <div class="step skip-bg" title="Steps.ActionsStep.userClicksHideButtonIfTheAlertExist(io.cucumber.datatable.DataTable)">
                <span>And User clicks hide button if the alert exist</span>
      <div><table class='markup-table table '><tr><td>hide</td></tr></table>
      </div>
      <div>Step skipped
      </div>
              </div>
              <div class="step skip-bg" title="Steps.DeviceSteps.userClicksFollowingItems(io.cucumber.datatable.DataTable)">
                <span>And User clicks following Items</span>
      <div><table class='markup-table table '><tr><td>edit</td></tr></table>
      </div>
      <div>Step skipped
      </div>
              </div>
              <div class="step skip-bg" title="Steps.DeviceSteps.userEntersDataToNecessaryAreas(io.cucumber.datatable.DataTable)">
                <span>And User enters data to necessary areas</span>
      <div><table class='markup-table table '><tr><td>description</td><td>CustomDataTemplateForTest</td></tr></table>
      </div>
      <div>Step skipped
      </div>
              </div>
              <div class="step skip-bg" title="Steps.DeviceSteps.userConfirmsTheSelection(io.cucumber.datatable.DataTable)">
                <span>And User confirms the selection</span>
      <div><table class='markup-table table '><tr><td>save</td></tr><tr><td>yes</td></tr></table>
      </div>
      <div>Step skipped
      </div>
              </div>
              <div class="step skip-bg" title="Steps.VerificationSteps.userShouldSeeVerifyMessage(io.cucumber.datatable.DataTable)">
                <span>Then User should see verify message</span>
      <div><table class='markup-table table '><tr><td>success</td><td>success</td></tr></table>
      </div>
      <div>Step skipped
      </div>
              </div>
              <div class="step skip-bg" title="Steps.DeviceSteps.userClicksFollowingDynamicElements(io.cucumber.datatable.DataTable)">
                <span>And User clicks following dynamic elements</span>
      <div><table class='markup-table table '><tr><td>click</td><td>Dashboard</td></tr></table>
      </div>
      <div>Step skipped
      </div>
              </div>
              <div class="step pass-bg" title="AFTER">
                <span>Steps._Hooks.after(io.cucumber.java.Scenario)</span>
      <div>screenshot name
          <div class="row mb-3"><div class="col-md-3">
<img data-featherlight='../screenshots/embedded2.png' src="../screenshots/embedded2.png">
    
    </div></div>
</div>
      <div>
      </div>
              </div>
          </div>
        </div>
  </div>
</div>
          </div>
        </li>
        <li class="test-item"  status="fail" test-id="96"
          author=""
          tag=""
          device="">
          <div class="test-detail">
            <p class="name">Custom Data Template Deletion</p>
            <p class="text-sm">
              <span>3:19:09 PM</span> / <span>00:00:24:971</span>
              <span class="badge fail-bg log float-right">Fail</span>
            </p>
          </div>
          <div class="test-contents d-none">
<div class="detail-head">
<div class="p-v-10">
<div class="info">
<h5 class="test-status text-fail">Custom Data Template Deletion</h5>
<span class='badge badge-success'>01.20.2026 3:19:09 PM</span>
<span class='badge badge-danger'>01.20.2026 3:19:34 PM</span>
<span class='badge badge-default'>00:00:24:971</span>
&middot; <span class='uri-anchor badge badge-default'>#test-id=96</span>
<span class='badge badge-default pointer float-right ml-1 et'><i class="fa fa-chevron-down"></i></span>
<span class='badge badge-default pointer float-right ct'><i class="fa fa-chevron-up"></i></span>
</div>
<div class="m-t-10 m-l-5"></div>
</div>
</div>
<div class="accordion mt-4">
  <div class="card">
    <div class="card-header" role="tab">
      <div class="card-title">
        <div class="node" id="97"><span class="badge log fail-bg mr-2">Fail</span>TC-16 Custom Data Template Deletion Scenario</div>
          <div class="status-avatar float-right mr-4">
            <i class="fa fa-paperclip"></i>
          </div>
      </div>
    </div>
        <div class="">
          <div class="card-body">
              <div class="step pass-bg" title="Steps.LoginSteps.navigateToTestingEnvironment()">
                <span>Given Navigate to Testing Environment</span>
      <div>
      </div>
              </div>
              <div class="step pass-bg" title="Steps.LoginSteps.loginWithQAUserCredentials()">
                <span>When Login with QA user credentials</span>
      <div>
      </div>
              </div>
              <div class="step pass-bg" title="Steps.LoginSteps.loginShouldBeSuccessfully()">
                <span>Then Login should be successfully</span>
      <div>
      </div>
              </div>
              <div class="step pass-bg" title="Steps.DeviceSteps.userClicksFollowingDynamicElements(io.cucumber.datatable.DataTable)">
                <span>And User clicks following dynamic elements</span>
      <div><table class='markup-table table '><tr><td>click</td><td>Templates</td></tr><tr><td>click</td><td>Custom Data Templates</td></tr></table>
      </div>
      <div>
      </div>
              </div>
              <div class="step pass-bg" title="Steps.DeviceSteps.userSearchTheItem(io.cucumber.datatable.DataTable)">
                <span>And User search the item</span>
      <div><table class='markup-table table '><tr><td>search</td><td>TestCustomDataTemplateEdit</td></tr></table>
      </div>
      <div>
      </div>
              </div>
              <div class="step fail-bg" title="Steps.DeviceSteps.userClicksFollowingDynamicElements(io.cucumber.datatable.DataTable)">
                <span>And User clicks following dynamic elements</span>
      <div><table class='markup-table table '><tr><td>click</td><td>search</td></tr><tr><td>click</td><td>TestCustomDataTemplateEdit</td></tr><tr><td>click</td><td>Edit</td></tr><tr><td>click</td><td>Delete</td></tr><tr><td>click</td><td>Yes</td></tr></table>
      </div>
      <div>
        <textarea disabled class="code-block">org.openqa.selenium.TimeoutException: Expected condition failed: waiting for element to be clickable: By.xpath: //*[text()='TestCustomDataTemplateEdit'] (tried for 15 second(s) with 500 milliseconds interval)
Build info: version: '4.11.0', revision: '040bc5406b'
System info: os.name: 'Windows 11', os.arch: 'amd64', os.version: '10.0', java.version: '1.8.0_442'
Driver info: org.openqa.selenium.chrome.ChromeDriver
Capabilities {acceptInsecureCerts: false, browserName: chrome, browserVersion: 143.0.7499.193, chrome: {chromedriverVersion: 143.0.7499.192 (be2c1f4fd45..., userDataDir: C:\Users\AZIZKA~1\AppData\L...}, fedcm:accounts: true, goog:chromeOptions: {debuggerAddress: localhost:63325}, goog:processID: 32296, networkConnectionEnabled: false, pageLoadStrategy: normal, platformName: windows, proxy: Proxy(), se:cdp: ws://localhost:63325/devtoo..., se:cdpVersion: 143.0.7499.193, setWindowRect: true, strictFileInteractability: false, timeouts: {implicit: 0, pageLoad: 300000, script: 30000}, unhandledPromptBehavior: dismiss and notify, webauthn:extension:credBlob: true, webauthn:extension:largeBlob: true, webauthn:extension:minPinLength: true, webauthn:extension:prf: true, webauthn:virtualAuthenticators: true}
Session ID: c6a5bfce4ce1185be17fde156a6bd726
	at org.openqa.selenium.support.ui.WebDriverWait.timeoutException(WebDriverWait.java:84)
	at org.openqa.selenium.support.ui.FluentWait.until(FluentWait.java:230)
	at Pages.DynamicContent.findAndClickDynamic(DynamicContent.java:30)
	at Steps.DeviceSteps.userClicksFollowingDynamicElements(DeviceSteps.java:26)
	at ✽.User clicks following dynamic elements(file:///C:/Users/AzizKaraca/IdeaProjects/AcrossQaTestSuites/src/test/java/Features/TC16_CustomDataTemplateDeletion.feature:18)
</textarea>
      
      </div>
              </div>
              <div class="step skip-bg" title="Steps.VerificationSteps.userShouldSeeVerifyMessage(io.cucumber.datatable.DataTable)">
                <span>Then User should see verify message</span>
      <div><table class='markup-table table '><tr><td>success</td><td>success</td></tr></table>
      </div>
      <div>Step skipped
      </div>
              </div>
              <div class="step skip-bg" title="Steps.DeviceSteps.userClicksFollowingDynamicElements(io.cucumber.datatable.DataTable)">
                <span>And User clicks following dynamic elements</span>
      <div><table class='markup-table table '><tr><td>click</td><td>Dashboard</td></tr></table>
      </div>
      <div>Step skipped
      </div>
              </div>
              <div class="step pass-bg" title="AFTER">
                <span>Steps._Hooks.after(io.cucumber.java.Scenario)</span>
      <div>screenshot name
          <div class="row mb-3"><div class="col-md-3">
<img data-featherlight='../screenshots/embedded3.png' src="../screenshots/embedded3.png">
    
    </div></div>
</div>
      <div>
      </div>
              </div>
          </div>
        </div>
  </div>
</div>
          </div>
        </li>
        <li class="test-item"  status="fail" test-id="108"
          author=""
          tag=""
          device="">
          <div class="test-detail">
            <p class="name">Device Creation</p>
            <p class="text-sm">
              <span>3:19:34 PM</span> / <span>00:00:13:068</span>
              <span class="badge fail-bg log float-right">Fail</span>
            </p>
          </div>
          <div class="test-contents d-none">
<div class="detail-head">
<div class="p-v-10">
<div class="info">
<h5 class="test-status text-fail">Device Creation</h5>
<span class='badge badge-success'>01.20.2026 3:19:34 PM</span>
<span class='badge badge-danger'>01.20.2026 3:19:47 PM</span>
<span class='badge badge-default'>00:00:13:068</span>
&middot; <span class='uri-anchor badge badge-default'>#test-id=108</span>
<span class='badge badge-default pointer float-right ml-1 et'><i class="fa fa-chevron-down"></i></span>
<span class='badge badge-default pointer float-right ct'><i class="fa fa-chevron-up"></i></span>
</div>
<div class="m-t-10 m-l-5"></div>
</div>
</div>
<div class="accordion mt-4">
  <div class="card">
    <div class="card-header" role="tab">
      <div class="card-title">
        <div class="node" id="109"><span class="badge log fail-bg mr-2">Fail</span>TC- Device Creation Scenario</div>
          <div class="status-avatar float-right mr-4">
            <i class="fa fa-paperclip"></i>
          </div>
      </div>
    </div>
        <div class="">
          <div class="card-body">
              <div class="step pass-bg" title="Steps.LoginSteps.navigateToTestingEnvironment()">
                <span>Given Navigate to Testing Environment</span>
      <div>
      </div>
              </div>
              <div class="step pass-bg" title="Steps.LoginSteps.loginWithQAUserCredentials()">
                <span>When Login with QA user credentials</span>
      <div>
      </div>
              </div>
              <div class="step pass-bg" title="Steps.LoginSteps.loginShouldBeSuccessfully()">
                <span>Then Login should be successfully</span>
      <div>
      </div>
              </div>
              <div class="step pass-bg" title="Steps.DeviceSteps.userClicksFollowingDynamicElements(io.cucumber.datatable.DataTable)">
                <span>And User clicks following dynamic elements</span>
      <div><table class='markup-table table '><tr><td>click</td><td>Library</td></tr><tr><td>click</td><td>Devices</td></tr><tr><td>click</td><td>Create</td></tr></table>
      </div>
      <div>
      </div>
              </div>
              <div class="step pass-bg" title="Steps.DeviceSteps.userEntersDataToNecessaryAreas(io.cucumber.datatable.DataTable)">
                <span>And User enters data to necessary areas</span>
      <div><table class='markup-table table '><tr><td>name</td><td>TestDEVICE</td></tr><tr><td>model</td><td>TestMODEL</td></tr><tr><td>description</td><td>DeviceForTest</td></tr></table>
      </div>
      <div>
      </div>
              </div>
              <div class="step fail-bg" title="Steps.DeviceSteps.userSelectsNecessaryAreas(io.cucumber.datatable.DataTable)">
                <span>And User selects necessary areas</span>
      <div><table class='markup-table table '><tr><td>protocol</td></tr><tr><td>modbus</td></tr><tr><td>manufacturer</td></tr><tr><td>mas</td></tr><tr><td>deviceCategory</td></tr><tr><td>engine</td></tr><tr><td>heatEngine</td></tr></table>
      </div>
      <div>
        <textarea disabled class="code-block">org.openqa.selenium.ElementClickInterceptedException: element click intercepted: Element <span class="MuiBox-root css-8uhtka" aria-label="">...</span> is not clickable at point (1163, 233). Other element would receive the click: <div aria-hidden="true" class="MuiBackdrop-root MuiBackdrop-invisible MuiModal-backdrop css-esi9ax" style="opacity: 1; transition: opacity 225ms cubic-bezier(0.4, 0, 0.2, 1);"></div>
  (Session info: chrome=143.0.7499.193)
Build info: version: '4.11.0', revision: '040bc5406b'
System info: os.name: 'Windows 11', os.arch: 'amd64', os.version: '10.0', java.version: '1.8.0_442'
Driver info: org.openqa.selenium.chrome.ChromeDriver
Command: [5b335355785dbf4a8c96bda5b72b8274, clickElement {id=f.34D57A9B938BBAEE3575DF95F97536FE.d.20101724948B90453A36FA4BF193467C.e.73}]
Capabilities {acceptInsecureCerts: false, browserName: chrome, browserVersion: 143.0.7499.193, chrome: {chromedriverVersion: 143.0.7499.192 (be2c1f4fd45..., userDataDir: C:\Users\AZIZKA~1\AppData\L...}, fedcm:accounts: true, goog:chromeOptions: {debuggerAddress: localhost:50342}, goog:processID: 21524, networkConnectionEnabled: false, pageLoadStrategy: normal, platformName: windows, proxy: Proxy(), se:cdp: ws://localhost:50342/devtoo..., se:cdpVersion: 143.0.7499.193, setWindowRect: true, strictFileInteractability: false, timeouts: {implicit: 0, pageLoad: 300000, script: 30000}, unhandledPromptBehavior: dismiss and notify, webauthn:extension:credBlob: true, webauthn:extension:largeBlob: true, webauthn:extension:minPinLength: true, webauthn:extension:prf: true, webauthn:virtualAuthenticators: true}
Element: [[ChromeDriver: chrome on windows (5b335355785dbf4a8c96bda5b72b8274)] -> xpath: //span[text()='MAS']]
Session ID: 5b335355785dbf4a8c96bda5b72b8274
	at sun.reflect.NativeConstructorAccessorImpl.newInstance0(Native Method)
	at sun.reflect.NativeConstructorAccessorImpl.newInstance(NativeConstructorAccessorImpl.java:62)
	at sun.reflect.DelegatingConstructorAccessorImpl.newInstance(DelegatingConstructorAccessorImpl.java:45)
	at java.lang.reflect.Constructor.newInstance(Constructor.java:423)
	at org.openqa.selenium.remote.codec.w3c.W3CHttpResponseCodec.createException(W3CHttpResponseCodec.java:200)
	at org.openqa.selenium.remote.codec.w3c.W3CHttpResponseCodec.decode(W3CHttpResponseCodec.java:133)
	at org.openqa.selenium.remote.codec.w3c.W3CHttpResponseCodec.decode(W3CHttpResponseCodec.java:52)
	at org.openqa.selenium.remote.HttpCommandExecutor.execute(HttpCommandExecutor.java:191)
	at org.openqa.selenium.remote.service.DriverCommandExecutor.invokeExecute(DriverCommandExecutor.java:196)
	at org.openqa.selenium.remote.service.DriverCommandExecutor.execute(DriverCommandExecutor.java:171)
	at org.openqa.selenium.remote.RemoteWebDriver.execute(RemoteWebDriver.java:518)
	at org.openqa.selenium.remote.RemoteWebElement.execute(RemoteWebElement.java:224)
	at org.openqa.selenium.remote.RemoteWebElement.click(RemoteWebElement.java:77)
	at sun.reflect.GeneratedMethodAccessor6.invoke(Unknown Source)
	at sun.reflect.DelegatingMethodAccessorImpl.invoke(DelegatingMethodAccessorImpl.java:43)
	at java.lang.reflect.Method.invoke(Method.java:498)
	at org.openqa.selenium.support.pagefactory.internal.LocatingElementHandler.invoke(LocatingElementHandler.java:51)
	at com.sun.proxy.$Proxy26.click(Unknown Source)
	at Pages._Parent.clickFunction(_Parent.java:45)
	at Pages.DialogContent.findAndClick(DialogContent.java:373)
	at Steps.DeviceSteps.userSelectsNecessaryAreas(DeviceSteps.java:113)
	at ✽.User selects necessary areas(file:///C:/Users/AzizKaraca/IdeaProjects/AcrossQaTestSuites/src/test/java/Features/TCxx_DeviceCreation.feature:21)
</textarea>
      
      </div>
              </div>
              <div class="step skip-bg" title="Steps.ActionsStep.userPressTheEscButtonOnKeyboardTimes(int)">
                <span>And User press the Esc Button on Keyboard Times</span>
      <div><table class='markup-table table '><tr><td>1</td></tr></table>
      </div>
      <div>Step skipped
      </div>
              </div>
              <div class="step skip-bg" title="Steps.DeviceSteps.userChangesLanguagesOfRelevantFields(io.cucumber.datatable.DataTable)">
                <span>And User changes languages of relevant fields</span>
      <div><table class='markup-table table '><tr><td>english</td></tr><tr><td>greek</td></tr></table>
      </div>
      <div>Step skipped
      </div>
              </div>
              <div class="step skip-bg" title="Steps.DeviceSteps.userEntersDataToNecessaryAreas(io.cucumber.datatable.DataTable)">
                <span>And User enters data to necessary areas</span>
      <div><table class='markup-table table '><tr><td>name</td><td>TestDEVICE</td></tr></table>
      </div>
      <div>Step skipped
      </div>
              </div>
              <div class="step skip-bg" title="Steps.DeviceSteps.userSelectsNecessaryAreas(io.cucumber.datatable.DataTable)">
                <span>And User selects necessary areas</span>
      <div><table class='markup-table table '><tr><td>shareable</td></tr><tr><td>shareable</td></tr></table>
      </div>
      <div>Step skipped
      </div>
              </div>
              <div class="step skip-bg" title="Steps.DeviceSteps.userConfirmsTheSelection(io.cucumber.datatable.DataTable)">
                <span>And User confirms the selection</span>
      <div><table class='markup-table table '><tr><td>save</td></tr><tr><td>yes</td></tr></table>
      </div>
      <div>Step skipped
      </div>
              </div>
              <div class="step skip-bg" title="Steps.VerificationSteps.userShouldSeeVerifyMessage(io.cucumber.datatable.DataTable)">
                <span>Then User should see verify message</span>
      <div><table class='markup-table table '><tr><td>success</td><td>success</td></tr></table>
      </div>
      <div>Step skipped
      </div>
              </div>
              <div class="step skip-bg" title="Steps.DeviceSteps.userClicksFollowingDynamicElements(io.cucumber.datatable.DataTable)">
                <span>And User clicks following dynamic elements</span>
      <div><table class='markup-table table '><tr><td>click</td><td>Dashboard</td></tr></table>
      </div>
      <div>Step skipped
      </div>
              </div>
              <div class="step pass-bg" title="AFTER">
                <span>Steps._Hooks.after(io.cucumber.java.Scenario)</span>
      <div>screenshot name
          <div class="row mb-3"><div class="col-md-3">
<img data-featherlight='../screenshots/embedded4.png' src="../screenshots/embedded4.png">
    
    </div></div>
</div>
      <div>
      </div>
              </div>
          </div>
        </div>
  </div>
</div>
          </div>
        </li>
        <li class="test-item"  status="pass" test-id="125"
          author=""
          tag=""
          device="">
          <div class="test-detail">
            <p class="name">Device Deletion</p>
            <p class="text-sm">
              <span>3:19:47 PM</span> / <span>00:00:11:315</span>
              <span class="badge pass-bg log float-right">Pass</span>
            </p>
          </div>
          <div class="test-contents d-none">
<div class="detail-head">
<div class="p-v-10">
<div class="info">
<h5 class="test-status text-pass">Device Deletion</h5>
<span class='badge badge-success'>01.20.2026 3:19:47 PM</span>
<span class='badge badge-danger'>01.20.2026 3:19:59 PM</span>
<span class='badge badge-default'>00:00:11:315</span>
&middot; <span class='uri-anchor badge badge-default'>#test-id=125</span>
<span class='badge badge-default pointer float-right ml-1 et'><i class="fa fa-chevron-down"></i></span>
<span class='badge badge-default pointer float-right ct'><i class="fa fa-chevron-up"></i></span>
</div>
<div class="m-t-10 m-l-5"></div>
</div>
</div>
<div class="accordion mt-4">
  <div class="card">
    <div class="card-header" role="tab">
      <div class="card-title">
        <div class="node" id="126"><span class="badge log pass-bg mr-2">Pass</span>TC- Device Deletion Scenario</div>
      </div>
    </div>
        <div class="collapse">
          <div class="card-body">
              <div class="step pass-bg" title="Steps.LoginSteps.navigateToTestingEnvironment()">
                <span>Given Navigate to Testing Environment</span>
      <div>
      </div>
              </div>
              <div class="step pass-bg" title="Steps.LoginSteps.loginWithQAUserCredentials()">
                <span>When Login with QA user credentials</span>
      <div>
      </div>
              </div>
              <div class="step pass-bg" title="Steps.LoginSteps.loginShouldBeSuccessfully()">
                <span>Then Login should be successfully</span>
      <div>
      </div>
              </div>
              <div class="step pass-bg" title="Steps.DeviceSteps.userClicksFollowingDynamicElements(io.cucumber.datatable.DataTable)">
                <span>And User clicks following dynamic elements</span>
      <div><table class='markup-table table '><tr><td>click</td><td>Library</td></tr><tr><td>click</td><td>Devices</td></tr></table>
      </div>
      <div>
      </div>
              </div>
              <div class="step pass-bg" title="Steps.DeviceSteps.userSearchTheItem(io.cucumber.datatable.DataTable)">
                <span>And User search the item</span>
      <div><table class='markup-table table '><tr><td>search</td><td>TestDeviceEdit</td></tr></table>
      </div>
      <div>
      </div>
              </div>
              <div class="step pass-bg" title="Steps.DeviceSteps.userClicksFollowingDynamicElements(io.cucumber.datatable.DataTable)">
                <span>And User clicks following dynamic elements</span>
      <div><table class='markup-table table '><tr><td>click</td><td>search</td></tr><tr><td>click</td><td>delete</td></tr><tr><td>click</td><td>Yes</td></tr></table>
      </div>
      <div>
      </div>
              </div>
              <div class="step pass-bg" title="Steps.VerificationSteps.userShouldSeeVerifyMessage(io.cucumber.datatable.DataTable)">
                <span>And User should see verify message</span>
      <div><table class='markup-table table '><tr><td>success</td><td>success</td></tr></table>
      </div>
      <div>
      </div>
              </div>
              <div class="step pass-bg" title="Steps.DeviceSteps.userClicksFollowingDynamicElements(io.cucumber.datatable.DataTable)">
                <span>And User clicks following dynamic elements</span>
      <div><table class='markup-table table '><tr><td>click</td><td>Devices</td></tr></table>
      </div>
      <div>
      </div>
              </div>
              <div class="step pass-bg" title="Steps.DeviceSteps.userShouldNotFindItem(io.cucumber.datatable.DataTable)">
                <span>Then User should not find item</span>
      <div><table class='markup-table table '><tr><td>nameContains</td><td>TestDeviceEdit</td></tr></table>
      </div>
      <div>
      </div>
              </div>
              <div class="step pass-bg" title="Steps.DeviceSteps.userClicksFollowingDynamicElements(io.cucumber.datatable.DataTable)">
                <span>And User clicks following dynamic elements</span>
      <div><table class='markup-table table '><tr><td>click</td><td>Dashboard</td></tr></table>
      </div>
      <div>
      </div>
              </div>
          </div>
        </div>
  </div>
</div>
          </div>
        </li>
        <li class="test-item"  status="fail" test-id="139"
          author=""
          tag=""
          device="">
          <div class="test-detail">
            <p class="name">Device Editing</p>
            <p class="text-sm">
              <span>3:19:59 PM</span> / <span>00:00:25:052</span>
              <span class="badge fail-bg log float-right">Fail</span>
            </p>
          </div>
          <div class="test-contents d-none">
<div class="detail-head">
<div class="p-v-10">
<div class="info">
<h5 class="test-status text-fail">Device Editing</h5>
<span class='badge badge-success'>01.20.2026 3:19:59 PM</span>
<span class='badge badge-danger'>01.20.2026 3:20:24 PM</span>
<span class='badge badge-default'>00:00:25:052</span>
&middot; <span class='uri-anchor badge badge-default'>#test-id=139</span>
<span class='badge badge-default pointer float-right ml-1 et'><i class="fa fa-chevron-down"></i></span>
<span class='badge badge-default pointer float-right ct'><i class="fa fa-chevron-up"></i></span>
</div>
<div class="m-t-10 m-l-5"></div>
</div>
</div>
<div class="accordion mt-4">
  <div class="card">
    <div class="card-header" role="tab">
      <div class="card-title">
        <div class="node" id="140"><span class="badge log fail-bg mr-2">Fail</span>TC- Device Editing Scenario</div>
          <div class="status-avatar float-right mr-4">
            <i class="fa fa-paperclip"></i>
          </div>
      </div>
    </div>
        <div class="">
          <div class="card-body">
              <div class="step pass-bg" title="Steps.LoginSteps.navigateToTestingEnvironment()">
                <span>Given Navigate to Testing Environment</span>
      <div>
      </div>
              </div>
              <div class="step pass-bg" title="Steps.LoginSteps.loginWithQAUserCredentials()">
                <span>When Login with QA user credentials</span>
      <div>
      </div>
              </div>
              <div class="step pass-bg" title="Steps.LoginSteps.loginShouldBeSuccessfully()">
                <span>Then Login should be successfully</span>
      <div>
      </div>
              </div>
              <div class="step pass-bg" title="Steps.DeviceSteps.userClicksFollowingDynamicElements(io.cucumber.datatable.DataTable)">
                <span>And User clicks following dynamic elements</span>
      <div><table class='markup-table table '><tr><td>click</td><td>Library</td></tr><tr><td>click</td><td>Devices</td></tr></table>
      </div>
      <div>
      </div>
              </div>
              <div class="step pass-bg" title="Steps.DeviceSteps.userSearchTheItem(io.cucumber.datatable.DataTable)">
                <span>And User search the item</span>
      <div><table class='markup-table table '><tr><td>search</td><td>TestDEVICE</td></tr></table>
      </div>
      <div>
      </div>
              </div>
              <div class="step pass-bg" title="Steps.DeviceSteps.userClicksFollowingDynamicElements(io.cucumber.datatable.DataTable)">
                <span>And User clicks following dynamic elements</span>
      <div><table class='markup-table table '><tr><td>click</td><td>search</td></tr></table>
      </div>
      <div>
      </div>
              </div>
              <div class="step fail-bg" title="Steps.DeviceSteps.userClicksFollowingDynamicElements(io.cucumber.datatable.DataTable)">
                <span>And User clicks following dynamic elements</span>
      <div><table class='markup-table table '><tr><td>click</td><td>TestDEVICE</td></tr></table>
      </div>
      <div>
        <textarea disabled class="code-block">org.openqa.selenium.TimeoutException: Expected condition failed: waiting for element to be clickable: By.xpath: //*[text()='TestDEVICE'] (tried for 15 second(s) with 500 milliseconds interval)
Build info: version: '4.11.0', revision: '040bc5406b'
System info: os.name: 'Windows 11', os.arch: 'amd64', os.version: '10.0', java.version: '1.8.0_442'
Driver info: org.openqa.selenium.chrome.ChromeDriver
Capabilities {acceptInsecureCerts: false, browserName: chrome, browserVersion: 143.0.7499.193, chrome: {chromedriverVersion: 143.0.7499.192 (be2c1f4fd45..., userDataDir: C:\Users\AZIZKA~1\AppData\L...}, fedcm:accounts: true, goog:chromeOptions: {debuggerAddress: localhost:52559}, goog:processID: 8516, networkConnectionEnabled: false, pageLoadStrategy: normal, platformName: windows, proxy: Proxy(), se:cdp: ws://localhost:52559/devtoo..., se:cdpVersion: 143.0.7499.193, setWindowRect: true, strictFileInteractability: false, timeouts: {implicit: 0, pageLoad: 300000, script: 30000}, unhandledPromptBehavior: dismiss and notify, webauthn:extension:credBlob: true, webauthn:extension:largeBlob: true, webauthn:extension:minPinLength: true, webauthn:extension:prf: true, webauthn:virtualAuthenticators: true}
Session ID: 564c768d2f2ad3c168826ec62f3664b5
	at org.openqa.selenium.support.ui.WebDriverWait.timeoutException(WebDriverWait.java:84)
	at org.openqa.selenium.support.ui.FluentWait.until(FluentWait.java:230)
	at Pages.DynamicContent.findAndClickDynamic(DynamicContent.java:30)
	at Steps.DeviceSteps.userClicksFollowingDynamicElements(DeviceSteps.java:26)
	at ✽.User clicks following dynamic elements(file:///C:/Users/AzizKaraca/IdeaProjects/AcrossQaTestSuites/src/test/java/Features/TCxx_DeviceEditing.feature:21)
</textarea>
      
      </div>
              </div>
              <div class="step skip-bg" title="Steps.ActionsStep.userClicksHideButtonIfTheAlertExist(io.cucumber.datatable.DataTable)">
                <span>And User clicks hide button if the alert exist</span>
      <div><table class='markup-table table '><tr><td>hide</td></tr></table>
      </div>
      <div>Step skipped
      </div>
              </div>
              <div class="step skip-bg" title="Steps.DeviceSteps.userClicksFollowingItems(io.cucumber.datatable.DataTable)">
                <span>And User clicks following Items</span>
      <div><table class='markup-table table '><tr><td>edit</td></tr></table>
      </div>
      <div>Step skipped
      </div>
              </div>
              <div class="step skip-bg" title="Steps.DeviceSteps.userEntersDataToNecessaryAreas(io.cucumber.datatable.DataTable)">
                <span>And User enters data to necessary areas</span>
      <div><table class='markup-table table '><tr><td>name</td><td>TestDeviceEdit</td></tr></table>
      </div>
      <div>Step skipped
      </div>
              </div>
              <div class="step skip-bg" title="Steps.DeviceSteps.userConfirmsTheSelection(io.cucumber.datatable.DataTable)">
                <span>And User confirms the selection</span>
      <div><table class='markup-table table '><tr><td>save</td></tr><tr><td>yes</td></tr></table>
      </div>
      <div>Step skipped
      </div>
              </div>
              <div class="step skip-bg" title="Steps.DeviceSteps.userClicksFollowingItems(io.cucumber.datatable.DataTable)">
                <span>And User clicks following Items</span>
      <div><table class='markup-table table '><tr><td>devices</td></tr></table>
      </div>
      <div>Step skipped
      </div>
              </div>
              <div class="step skip-bg" title="Steps.DeviceSteps.userSearchTheItem(io.cucumber.datatable.DataTable)">
                <span>And User search the item</span>
      <div><table class='markup-table table '><tr><td>search</td><td>TestDeviceEdit</td></tr></table>
      </div>
      <div>Step skipped
      </div>
              </div>
              <div class="step skip-bg" title="Steps.DeviceSteps.userShouldToFindTheItemInField(io.cucumber.datatable.DataTable)">
                <span>Then User should to find the item in field</span>
      <div><table class='markup-table table '><tr><td>nameContains</td><td>TestDeviceEdit</td></tr></table>
      </div>
      <div>Step skipped
      </div>
              </div>
              <div class="step skip-bg" title="Steps.DeviceSteps.userClicksFollowingDynamicElements(io.cucumber.datatable.DataTable)">
                <span>And User clicks following dynamic elements</span>
      <div><table class='markup-table table '><tr><td>click</td><td>Dashboard</td></tr></table>
      </div>
      <div>Step skipped
      </div>
              </div>
              <div class="step pass-bg" title="AFTER">
                <span>Steps._Hooks.after(io.cucumber.java.Scenario)</span>
      <div>screenshot name
          <div class="row mb-3"><div class="col-md-3">
<img data-featherlight='../screenshots/embedded5.png' src="../screenshots/embedded5.png">
    
    </div></div>
</div>
      <div>
      </div>
              </div>
          </div>
        </div>
  </div>
</div>
          </div>
        </li>
        <li class="test-item"  status="fail" test-id="158"
          author=""
          tag=""
          device="">
          <div class="test-detail">
            <p class="name">Register Creation</p>
            <p class="text-sm">
              <span>3:20:24 PM</span> / <span>00:00:25:077</span>
              <span class="badge fail-bg log float-right">Fail</span>
            </p>
          </div>
          <div class="test-contents d-none">
<div class="detail-head">
<div class="p-v-10">
<div class="info">
<h5 class="test-status text-fail">Register Creation</h5>
<span class='badge badge-success'>01.20.2026 3:20:24 PM</span>
<span class='badge badge-danger'>01.20.2026 3:20:49 PM</span>
<span class='badge badge-default'>00:00:25:077</span>
&middot; <span class='uri-anchor badge badge-default'>#test-id=158</span>
<span class='badge badge-default pointer float-right ml-1 et'><i class="fa fa-chevron-down"></i></span>
<span class='badge badge-default pointer float-right ct'><i class="fa fa-chevron-up"></i></span>
</div>
<div class="m-t-10 m-l-5"></div>
</div>
</div>
<div class="accordion mt-4">
  <div class="card">
    <div class="card-header" role="tab">
      <div class="card-title">
        <div class="node" id="159"><span class="badge log fail-bg mr-2">Fail</span>TC- Register Creation Scenario</div>
          <div class="status-avatar float-right mr-4">
            <i class="fa fa-paperclip"></i>
          </div>
      </div>
    </div>
        <div class="">
          <div class="card-body">
              <div class="step pass-bg" title="Steps.LoginSteps.navigateToTestingEnvironment()">
                <span>Given Navigate to Testing Environment</span>
      <div>
      </div>
              </div>
              <div class="step pass-bg" title="Steps.LoginSteps.loginWithQAUserCredentials()">
                <span>When Login with QA user credentials</span>
      <div>
      </div>
              </div>
              <div class="step pass-bg" title="Steps.LoginSteps.loginShouldBeSuccessfully()">
                <span>Then Login should be successfully</span>
      <div>
      </div>
              </div>
              <div class="step pass-bg" title="Steps.DeviceSteps.userClicksFollowingItems(io.cucumber.datatable.DataTable)">
                <span>And User clicks following Items</span>
      <div><table class='markup-table table '><tr><td>library</td></tr><tr><td>devices</td></tr></table>
      </div>
      <div>
      </div>
              </div>
              <div class="step pass-bg" title="Steps.DeviceSteps.userSearchTheItem(io.cucumber.datatable.DataTable)">
                <span>And User search the item</span>
      <div><table class='markup-table table '><tr><td>search</td><td>TestDEVICE</td></tr></table>
      </div>
      <div>
      </div>
              </div>
              <div class="step pass-bg" title="Steps.DeviceSteps.userClicksFollowingItems(io.cucumber.datatable.DataTable)">
                <span>And User clicks following Items</span>
      <div><table class='markup-table table '><tr><td>searchButton</td></tr></table>
      </div>
      <div>
      </div>
              </div>
              <div class="step fail-bg" title="Steps.DeviceSteps.userShouldToFindTheItemInField(io.cucumber.datatable.DataTable)">
                <span>Then User should to find the item in field</span>
      <div><table class='markup-table table '><tr><td>nameContains</td><td>TestDEVICE</td></tr></table>
      </div>
      <div>
        <textarea disabled class="code-block">org.openqa.selenium.TimeoutException: Expected condition failed: waiting for visibility of Proxy element for: DefaultElementLocator 'By.xpath: (//div[contains(@data-field,'ame')])[2]//div' (tried for 15 second(s) with 500 milliseconds interval)
	at org.openqa.selenium.support.ui.WebDriverWait.timeoutException(WebDriverWait.java:84)
	at org.openqa.selenium.support.ui.FluentWait.until(FluentWait.java:230)
	at Pages._Parent.waitUntilVisible(_Parent.java:108)
	at Pages._Parent.verifyContainsText(_Parent.java:71)
	at Pages.DialogContent.findAndVerify(DialogContent.java:407)
	at Steps.DeviceSteps.userShouldToFindTheItemInField(DeviceSteps.java:72)
	at ✽.User should to find the item in field(file:///C:/Users/AzizKaraca/IdeaProjects/AcrossQaTestSuites/src/test/java/Features/TCxx_RegisterCreation.feature:21)
Caused by: org.openqa.selenium.NoSuchElementException: no such element: Unable to locate element: {"method":"xpath","selector":"(//div[contains(@data-field,'ame')])[2]//div"}
  (Session info: chrome=143.0.7499.193)
For documentation on this error, please visit: https://www.selenium.dev/documentation/webdriver/troubleshooting/errors#no-such-element-exception
Build info: version: '4.11.0', revision: '040bc5406b'
System info: os.name: 'Windows 11', os.arch: 'amd64', os.version: '10.0', java.version: '1.8.0_442'
Driver info: org.openqa.selenium.chrome.ChromeDriver
Command: [15b8eea0cf8b238e340a499d7a2c319b, findElement {using=xpath, value=(//div[contains(@data-field,'ame')])[2]//div}]
Capabilities {acceptInsecureCerts: false, browserName: chrome, browserVersion: 143.0.7499.193, chrome: {chromedriverVersion: 143.0.7499.192 (be2c1f4fd45..., userDataDir: C:\Users\AZIZKA~1\AppData\L...}, fedcm:accounts: true, goog:chromeOptions: {debuggerAddress: localhost:62604}, goog:processID: 24876, networkConnectionEnabled: false, pageLoadStrategy: normal, platformName: windows, proxy: Proxy(), se:cdp: ws://localhost:62604/devtoo..., se:cdpVersion: 143.0.7499.193, setWindowRect: true, strictFileInteractability: false, timeouts: {implicit: 0, pageLoad: 300000, script: 30000}, unhandledPromptBehavior: dismiss and notify, webauthn:extension:credBlob: true, webauthn:extension:largeBlob: true, webauthn:extension:minPinLength: true, webauthn:extension:prf: true, webauthn:virtualAuthenticators: true}
Session ID: 15b8eea0cf8b238e340a499d7a2c319b
	at sun.reflect.GeneratedConstructorAccessor24.newInstance(Unknown Source)
	at sun.reflect.DelegatingConstructorAccessorImpl.newInstance(DelegatingConstructorAccessorImpl.java:45)
	at java.lang.reflect.Constructor.newInstance(Constructor.java:423)
	at org.openqa.selenium.remote.codec.w3c.W3CHttpResponseCodec.createException(W3CHttpResponseCodec.java:200)
	at org.openqa.selenium.remote.codec.w3c.W3CHttpResponseCodec.decode(W3CHttpResponseCodec.java:133)
	at org.openqa.selenium.remote.codec.w3c.W3CHttpResponseCodec.decode(W3CHttpResponseCodec.java:52)
	at org.openqa.selenium.remote.HttpCommandExecutor.execute(HttpCommandExecutor.java:191)
	at org.openqa.selenium.remote.service.DriverCommandExecutor.invokeExecute(DriverCommandExecutor.java:196)
	at org.openqa.selenium.remote.service.DriverCommandExecutor.execute(DriverCommandExecutor.java:171)
	at org.openqa.selenium.remote.RemoteWebDriver.execute(RemoteWebDriver.java:518)
	at org.openqa.selenium.remote.ElementLocation$ElementFinder$2.findElement(ElementLocation.java:165)
	at org.openqa.selenium.remote.ElementLocation.findElement(ElementLocation.java:59)
	at org.openqa.selenium.remote.RemoteWebDriver.findElement(RemoteWebDriver.java:355)
	at org.openqa.selenium.remote.RemoteWebDriver.findElement(RemoteWebDriver.java:349)
	at org.openqa.selenium.support.pagefactory.DefaultElementLocator.findElement(DefaultElementLocator.java:68)
	at org.openqa.selenium.support.pagefactory.internal.LocatingElementHandler.invoke(LocatingElementHandler.java:38)
	at com.sun.proxy.$Proxy26.isDisplayed(Unknown Source)
	at org.openqa.selenium.support.ui.ExpectedConditions.elementIfVisible(ExpectedConditions.java:304)
	at org.openqa.selenium.support.ui.ExpectedConditions.access$000(ExpectedConditions.java:37)
	at org.openqa.selenium.support.ui.ExpectedConditions$10.apply(ExpectedConditions.java:290)
	at org.openqa.selenium.support.ui.ExpectedConditions$10.apply(ExpectedConditions.java:287)
	at org.openqa.selenium.support.ui.FluentWait.until(FluentWait.java:205)
	at Pages._Parent.waitUntilVisible(_Parent.java:108)
	at Pages._Parent.verifyContainsText(_Parent.java:71)
	at Pages.DialogContent.findAndVerify(DialogContent.java:407)
	at Steps.DeviceSteps.userShouldToFindTheItemInField(DeviceSteps.java:72)
	at sun.reflect.NativeMethodAccessorImpl.invoke0(Native Method)
	at sun.reflect.NativeMethodAccessorImpl.invoke(NativeMethodAccessorImpl.java:62)
	at sun.reflect.DelegatingMethodAccessorImpl.invoke(DelegatingMethodAccessorImpl.java:43)
	at java.lang.reflect.Method.invoke(Method.java:498)
	at io.cucumber.java.Invoker.doInvoke(Invoker.java:66)
	at io.cucumber.java.Invoker.invoke(Invoker.java:24)
	at io.cucumber.java.AbstractGlueDefinition.invokeMethod(AbstractGlueDefinition.java:47)
	at io.cucumber.java.JavaStepDefinition.execute(JavaStepDefinition.java:29)
	at io.cucumber.core.runner.CoreStepDefinition.execute(CoreStepDefinition.java:66)
	at io.cucumber.core.runner.PickleStepDefinitionMatch.runStep(PickleStepDefinitionMatch.java:63)
	at io.cucumber.core.runner.ExecutionMode$1.execute(ExecutionMode.java:10)
	at io.cucumber.core.runner.TestStep.executeStep(TestStep.java:85)
	at io.cucumber.core.runner.TestStep.run(TestStep.java:57)
	at io.cucumber.core.runner.PickleStepTestStep.run(PickleStepTestStep.java:51)
	at io.cucumber.core.runner.TestCase.run(TestCase.java:84)
	at io.cucumber.core.runner.Runner.runPickle(Runner.java:75)
	at io.cucumber.testng.TestNGCucumberRunner.lambda$runScenario$1(TestNGCucumberRunner.java:132)
	at io.cucumber.core.runtime.CucumberExecutionContext.lambda$runTestCase$5(CucumberExecutionContext.java:129)
	at io.cucumber.core.runtime.RethrowingThrowableCollector.executeAndThrow(RethrowingThrowableCollector.java:23)
	at io.cucumber.core.runtime.CucumberExecutionContext.runTestCase(CucumberExecutionContext.java:129)
	at io.cucumber.testng.TestNGCucumberRunner.runScenario(TestNGCucumberRunner.java:129)
	at io.cucumber.testng.AbstractTestNGCucumberTests.runScenario(AbstractTestNGCucumberTests.java:35)
	at sun.reflect.NativeMethodAccessorImpl.invoke0(Native Method)
	at sun.reflect.NativeMethodAccessorImpl.invoke(NativeMethodAccessorImpl.java:62)
	at sun.reflect.DelegatingMethodAccessorImpl.invoke(DelegatingMethodAccessorImpl.java:43)
	at java.lang.reflect.Method.invoke(Method.java:498)
	at org.testng.internal.MethodInvocationHelper.invokeMethod(MethodInvocationHelper.java:133)
	at org.testng.internal.TestInvoker.invokeMethod(TestInvoker.java:598)
	at org.testng.internal.TestInvoker.invokeTestMethod(TestInvoker.java:173)
	at org.testng.internal.MethodRunner.runInSequence(MethodRunner.java:46)
	at org.testng.internal.TestInvoker$MethodInvocationAgent.invoke(TestInvoker.java:824)
	at org.testng.internal.TestInvoker.invokeTestMethods(TestInvoker.java:146)
	at org.testng.internal.TestMethodWorker.invokeTestMethods(TestMethodWorker.java:146)
	at org.testng.internal.TestMethodWorker.run(TestMethodWorker.java:128)
	at java.util.ArrayList.forEach(ArrayList.java:1259)
	at org.testng.TestRunner.privateRun(TestRunner.java:794)
	at org.testng.TestRunner.run(TestRunner.java:596)
	at org.testng.SuiteRunner.runTest(SuiteRunner.java:377)
	at org.testng.SuiteRunner.runSequentially(SuiteRunner.java:371)
	at org.testng.SuiteRunner.privateRun(SuiteRunner.java:332)
	at org.testng.SuiteRunner.run(SuiteRunner.java:276)
	at org.testng.SuiteRunnerWorker.runSuite(SuiteRunnerWorker.java:53)
	at org.testng.SuiteRunnerWorker.run(SuiteRunnerWorker.java:96)
	at org.testng.TestNG.runSuitesSequentially(TestNG.java:1212)
	at org.testng.TestNG.runSuitesLocally(TestNG.java:1134)
	at org.testng.TestNG.runSuites(TestNG.java:1063)
	at org.testng.TestNG.run(TestNG.java:1031)
	at com.intellij.rt.testng.IDEARemoteTestNG.run(IDEARemoteTestNG.java:66)
	at com.intellij.rt.testng.RemoteTestNGStarter.main(RemoteTestNGStarter.java:105)
</textarea>
      
      </div>
              </div>
              <div class="step skip-bg" title="Steps.DeviceSteps.userClicksFollowingItems(io.cucumber.datatable.DataTable)">
                <span>And User clicks following Items</span>
      <div><table class='markup-table table '><tr><td>nameContains</td></tr><tr><td>registers</td></tr><tr><td>plusIcon</td></tr></table>
      </div>
      <div>Step skipped
      </div>
              </div>
              <div class="step skip-bg" title="Steps.DeviceSteps.userEntersDataToNecessaryAreas(io.cucumber.datatable.DataTable)">
                <span>And User enters data to necessary areas</span>
      <div><table class='markup-table table '><tr><td>registerName</td><td>TestRegister</td></tr><tr><td>displayName</td><td>TestRegister</td></tr><tr><td>description</td><td>RegisterForDevice</td></tr><tr><td>registerAddress</td><td>AddressForRegister</td></tr><tr><td>scanRate</td><td>7000</td></tr></table>
      </div>
      <div>Step skipped
      </div>
              </div>
              <div class="step skip-bg" title="Steps.DeviceSteps.userChangesLanguagesOfRelevantFields(io.cucumber.datatable.DataTable)">
                <span>And User changes languages of relevant fields</span>
      <div><table class='markup-table table '><tr><td>english</td></tr><tr><td>greek</td></tr></table>
      </div>
      <div>Step skipped
      </div>
              </div>
              <div class="step skip-bg" title="Steps.DeviceSteps.userEntersDataToNecessaryAreas(io.cucumber.datatable.DataTable)">
                <span>And User enters data to necessary areas</span>
      <div><table class='markup-table table '><tr><td>displayName</td><td>TestRegister EL</td></tr></table>
      </div>
      <div>Step skipped
      </div>
              </div>
              <div class="step skip-bg" title="Steps.DeviceSteps.userChangesLanguagesOfRelevantFields(io.cucumber.datatable.DataTable)">
                <span>And User changes languages of relevant fields</span>
      <div><table class='markup-table table '><tr><td>english</td></tr><tr><td>greek</td></tr></table>
      </div>
      <div>Step skipped
      </div>
              </div>
              <div class="step skip-bg" title="Steps.DeviceSteps.userEntersDataToNecessaryAreas(io.cucumber.datatable.DataTable)">
                <span>And User enters data to necessary areas</span>
      <div><table class='markup-table table '><tr><td>description</td><td>RegisterForDevice EL</td></tr></table>
      </div>
      <div>Step skipped
      </div>
              </div>
              <div class="step skip-bg" title="Steps.DeviceSteps.userConfirmsTheSelection(io.cucumber.datatable.DataTable)">
                <span>And User confirms the selection</span>
      <div><table class='markup-table table '><tr><td>save</td></tr><tr><td>yes</td></tr></table>
      </div>
      <div>Step skipped
      </div>
              </div>
              <div class="step skip-bg" title="Steps.VerificationSteps.userShouldSeeVerifyMessage(io.cucumber.datatable.DataTable)">
                <span>Then User should see verify message</span>
      <div><table class='markup-table table '><tr><td>success</td><td>success</td></tr></table>
      </div>
      <div>Step skipped
      </div>
              </div>
              <div class="step skip-bg" title="Steps.DeviceSteps.userSearchTheItem(io.cucumber.datatable.DataTable)">
                <span>And User search the item</span>
      <div><table class='markup-table table '><tr><td>search</td><td>TestRegister</td></tr></table>
      </div>
      <div>Step skipped
      </div>
              </div>
              <div class="step skip-bg" title="Steps.DeviceSteps.userShouldToFindTheItemInField(io.cucumber.datatable.DataTable)">
                <span>Then User should to find the item in field</span>
      <div><table class='markup-table table '><tr><td>nameContains</td><td>TestRegister</td></tr></table>
      </div>
      <div>Step skipped
      </div>
              </div>
              <div class="step skip-bg" title="Steps.DeviceSteps.userClicksFollowingDynamicElements(io.cucumber.datatable.DataTable)">
                <span>And User clicks following dynamic elements</span>
      <div><table class='markup-table table '><tr><td>click</td><td>Dashboard</td></tr></table>
      </div>
      <div>Step skipped
      </div>
              </div>
              <div class="step pass-bg" title="AFTER">
                <span>Steps._Hooks.after(io.cucumber.java.Scenario)</span>
      <div>screenshot name
          <div class="row mb-3"><div class="col-md-3">
<img data-featherlight='../screenshots/embedded6.png' src="../screenshots/embedded6.png">
    
    </div></div>
</div>
      <div>
      </div>
              </div>
          </div>
        </div>
  </div>
</div>
          </div>
        </li>
        <li class="test-item"  status="fail" test-id="180"
          author=""
          tag=""
          device="">
          <div class="test-detail">
            <p class="name">Register Deletion</p>
            <p class="text-sm">
              <span>3:20:49 PM</span> / <span>00:00:25:192</span>
              <span class="badge fail-bg log float-right">Fail</span>
            </p>
          </div>
          <div class="test-contents d-none">
<div class="detail-head">
<div class="p-v-10">
<div class="info">
<h5 class="test-status text-fail">Register Deletion</h5>
<span class='badge badge-success'>01.20.2026 3:20:49 PM</span>
<span class='badge badge-danger'>01.20.2026 3:21:14 PM</span>
<span class='badge badge-default'>00:00:25:192</span>
&middot; <span class='uri-anchor badge badge-default'>#test-id=180</span>
<span class='badge badge-default pointer float-right ml-1 et'><i class="fa fa-chevron-down"></i></span>
<span class='badge badge-default pointer float-right ct'><i class="fa fa-chevron-up"></i></span>
</div>
<div class="m-t-10 m-l-5"></div>
</div>
</div>
<div class="accordion mt-4">
  <div class="card">
    <div class="card-header" role="tab">
      <div class="card-title">
        <div class="node" id="181"><span class="badge log fail-bg mr-2">Fail</span>TC- Register Deletion Scenario</div>
          <div class="status-avatar float-right mr-4">
            <i class="fa fa-paperclip"></i>
          </div>
      </div>
    </div>
        <div class="">
          <div class="card-body">
              <div class="step pass-bg" title="Steps.LoginSteps.navigateToTestingEnvironment()">
                <span>Given Navigate to Testing Environment</span>
      <div>
      </div>
              </div>
              <div class="step pass-bg" title="Steps.LoginSteps.loginWithQAUserCredentials()">
                <span>When Login with QA user credentials</span>
      <div>
      </div>
              </div>
              <div class="step pass-bg" title="Steps.LoginSteps.loginShouldBeSuccessfully()">
                <span>Then Login should be successfully</span>
      <div>
      </div>
              </div>
              <div class="step pass-bg" title="Steps.DeviceSteps.userClicksFollowingItems(io.cucumber.datatable.DataTable)">
                <span>And User clicks following Items</span>
      <div><table class='markup-table table '><tr><td>library</td></tr><tr><td>devices</td></tr></table>
      </div>
      <div>
      </div>
              </div>
              <div class="step pass-bg" title="Steps.DeviceSteps.userSearchTheItem(io.cucumber.datatable.DataTable)">
                <span>And User search the item</span>
      <div><table class='markup-table table '><tr><td>search</td><td>TestDEVICE</td></tr></table>
      </div>
      <div>
      </div>
              </div>
              <div class="step pass-bg" title="Steps.DeviceSteps.userClicksFollowingItems(io.cucumber.datatable.DataTable)">
                <span>And User clicks following Items</span>
      <div><table class='markup-table table '><tr><td>searchButton</td></tr></table>
      </div>
      <div>
      </div>
              </div>
              <div class="step fail-bg" title="Steps.DeviceSteps.userShouldToFindTheItemInField(io.cucumber.datatable.DataTable)">
                <span>Then User should to find the item in field</span>
      <div><table class='markup-table table '><tr><td>nameContains</td><td>TestDEVICE</td></tr></table>
      </div>
      <div>
        <textarea disabled class="code-block">org.openqa.selenium.TimeoutException: Expected condition failed: waiting for visibility of Proxy element for: DefaultElementLocator 'By.xpath: (//div[contains(@data-field,'ame')])[2]//div' (tried for 15 second(s) with 500 milliseconds interval)
	at org.openqa.selenium.support.ui.WebDriverWait.timeoutException(WebDriverWait.java:84)
	at org.openqa.selenium.support.ui.FluentWait.until(FluentWait.java:230)
	at Pages._Parent.waitUntilVisible(_Parent.java:108)
	at Pages._Parent.verifyContainsText(_Parent.java:71)
	at Pages.DialogContent.findAndVerify(DialogContent.java:407)
	at Steps.DeviceSteps.userShouldToFindTheItemInField(DeviceSteps.java:72)
	at ✽.User should to find the item in field(file:///C:/Users/AzizKaraca/IdeaProjects/AcrossQaTestSuites/src/test/java/Features/TCxx_RegisterDeletion.feature:21)
Caused by: org.openqa.selenium.NoSuchElementException: no such element: Unable to locate element: {"method":"xpath","selector":"(//div[contains(@data-field,'ame')])[2]//div"}
  (Session info: chrome=143.0.7499.193)
For documentation on this error, please visit: https://www.selenium.dev/documentation/webdriver/troubleshooting/errors#no-such-element-exception
Build info: version: '4.11.0', revision: '040bc5406b'
System info: os.name: 'Windows 11', os.arch: 'amd64', os.version: '10.0', java.version: '1.8.0_442'
Driver info: org.openqa.selenium.chrome.ChromeDriver
Command: [7a60463e730053d47d10e2d15a86b1a1, findElement {using=xpath, value=(//div[contains(@data-field,'ame')])[2]//div}]
Capabilities {acceptInsecureCerts: false, browserName: chrome, browserVersion: 143.0.7499.193, chrome: {chromedriverVersion: 143.0.7499.192 (be2c1f4fd45..., userDataDir: C:\Users\AZIZKA~1\AppData\L...}, fedcm:accounts: true, goog:chromeOptions: {debuggerAddress: localhost:53323}, goog:processID: 7184, networkConnectionEnabled: false, pageLoadStrategy: normal, platformName: windows, proxy: Proxy(), se:cdp: ws://localhost:53323/devtoo..., se:cdpVersion: 143.0.7499.193, setWindowRect: true, strictFileInteractability: false, timeouts: {implicit: 0, pageLoad: 300000, script: 30000}, unhandledPromptBehavior: dismiss and notify, webauthn:extension:credBlob: true, webauthn:extension:largeBlob: true, webauthn:extension:minPinLength: true, webauthn:extension:prf: true, webauthn:virtualAuthenticators: true}
Session ID: 7a60463e730053d47d10e2d15a86b1a1
	at sun.reflect.GeneratedConstructorAccessor24.newInstance(Unknown Source)
	at sun.reflect.DelegatingConstructorAccessorImpl.newInstance(DelegatingConstructorAccessorImpl.java:45)
	at java.lang.reflect.Constructor.newInstance(Constructor.java:423)
	at org.openqa.selenium.remote.codec.w3c.W3CHttpResponseCodec.createException(W3CHttpResponseCodec.java:200)
	at org.openqa.selenium.remote.codec.w3c.W3CHttpResponseCodec.decode(W3CHttpResponseCodec.java:133)
	at org.openqa.selenium.remote.codec.w3c.W3CHttpResponseCodec.decode(W3CHttpResponseCodec.java:52)
	at org.openqa.selenium.remote.HttpCommandExecutor.execute(HttpCommandExecutor.java:191)
	at org.openqa.selenium.remote.service.DriverCommandExecutor.invokeExecute(DriverCommandExecutor.java:196)
	at org.openqa.selenium.remote.service.DriverCommandExecutor.execute(DriverCommandExecutor.java:171)
	at org.openqa.selenium.remote.RemoteWebDriver.execute(RemoteWebDriver.java:518)
	at org.openqa.selenium.remote.ElementLocation$ElementFinder$2.findElement(ElementLocation.java:165)
	at org.openqa.selenium.remote.ElementLocation.findElement(ElementLocation.java:59)
	at org.openqa.selenium.remote.RemoteWebDriver.findElement(RemoteWebDriver.java:355)
	at org.openqa.selenium.remote.RemoteWebDriver.findElement(RemoteWebDriver.java:349)
	at org.openqa.selenium.support.pagefactory.DefaultElementLocator.findElement(DefaultElementLocator.java:68)
	at org.openqa.selenium.support.pagefactory.internal.LocatingElementHandler.invoke(LocatingElementHandler.java:38)
	at com.sun.proxy.$Proxy26.isDisplayed(Unknown Source)
	at org.openqa.selenium.support.ui.ExpectedConditions.elementIfVisible(ExpectedConditions.java:304)
	at org.openqa.selenium.support.ui.ExpectedConditions.access$000(ExpectedConditions.java:37)
	at org.openqa.selenium.support.ui.ExpectedConditions$10.apply(ExpectedConditions.java:290)
	at org.openqa.selenium.support.ui.ExpectedConditions$10.apply(ExpectedConditions.java:287)
	at org.openqa.selenium.support.ui.FluentWait.until(FluentWait.java:205)
	at Pages._Parent.waitUntilVisible(_Parent.java:108)
	at Pages._Parent.verifyContainsText(_Parent.java:71)
	at Pages.DialogContent.findAndVerify(DialogContent.java:407)
	at Steps.DeviceSteps.userShouldToFindTheItemInField(DeviceSteps.java:72)
	at sun.reflect.NativeMethodAccessorImpl.invoke0(Native Method)
	at sun.reflect.NativeMethodAccessorImpl.invoke(NativeMethodAccessorImpl.java:62)
	at sun.reflect.DelegatingMethodAccessorImpl.invoke(DelegatingMethodAccessorImpl.java:43)
	at java.lang.reflect.Method.invoke(Method.java:498)
	at io.cucumber.java.Invoker.doInvoke(Invoker.java:66)
	at io.cucumber.java.Invoker.invoke(Invoker.java:24)
	at io.cucumber.java.AbstractGlueDefinition.invokeMethod(AbstractGlueDefinition.java:47)
	at io.cucumber.java.JavaStepDefinition.execute(JavaStepDefinition.java:29)
	at io.cucumber.core.runner.CoreStepDefinition.execute(CoreStepDefinition.java:66)
	at io.cucumber.core.runner.PickleStepDefinitionMatch.runStep(PickleStepDefinitionMatch.java:63)
	at io.cucumber.core.runner.ExecutionMode$1.execute(ExecutionMode.java:10)
	at io.cucumber.core.runner.TestStep.executeStep(TestStep.java:85)
	at io.cucumber.core.runner.TestStep.run(TestStep.java:57)
	at io.cucumber.core.runner.PickleStepTestStep.run(PickleStepTestStep.java:51)
	at io.cucumber.core.runner.TestCase.run(TestCase.java:84)
	at io.cucumber.core.runner.Runner.runPickle(Runner.java:75)
	at io.cucumber.testng.TestNGCucumberRunner.lambda$runScenario$1(TestNGCucumberRunner.java:132)
	at io.cucumber.core.runtime.CucumberExecutionContext.lambda$runTestCase$5(CucumberExecutionContext.java:129)
	at io.cucumber.core.runtime.RethrowingThrowableCollector.executeAndThrow(RethrowingThrowableCollector.java:23)
	at io.cucumber.core.runtime.CucumberExecutionContext.runTestCase(CucumberExecutionContext.java:129)
	at io.cucumber.testng.TestNGCucumberRunner.runScenario(TestNGCucumberRunner.java:129)
	at io.cucumber.testng.AbstractTestNGCucumberTests.runScenario(AbstractTestNGCucumberTests.java:35)
	at sun.reflect.NativeMethodAccessorImpl.invoke0(Native Method)
	at sun.reflect.NativeMethodAccessorImpl.invoke(NativeMethodAccessorImpl.java:62)
	at sun.reflect.DelegatingMethodAccessorImpl.invoke(DelegatingMethodAccessorImpl.java:43)
	at java.lang.reflect.Method.invoke(Method.java:498)
	at org.testng.internal.MethodInvocationHelper.invokeMethod(MethodInvocationHelper.java:133)
	at org.testng.internal.TestInvoker.invokeMethod(TestInvoker.java:598)
	at org.testng.internal.TestInvoker.invokeTestMethod(TestInvoker.java:173)
	at org.testng.internal.MethodRunner.runInSequence(MethodRunner.java:46)
	at org.testng.internal.TestInvoker$MethodInvocationAgent.invoke(TestInvoker.java:824)
	at org.testng.internal.TestInvoker.invokeTestMethods(TestInvoker.java:146)
	at org.testng.internal.TestMethodWorker.invokeTestMethods(TestMethodWorker.java:146)
	at org.testng.internal.TestMethodWorker.run(TestMethodWorker.java:128)
	at java.util.ArrayList.forEach(ArrayList.java:1259)
	at org.testng.TestRunner.privateRun(TestRunner.java:794)
	at org.testng.TestRunner.run(TestRunner.java:596)
	at org.testng.SuiteRunner.runTest(SuiteRunner.java:377)
	at org.testng.SuiteRunner.runSequentially(SuiteRunner.java:371)
	at org.testng.SuiteRunner.privateRun(SuiteRunner.java:332)
	at org.testng.SuiteRunner.run(SuiteRunner.java:276)
	at org.testng.SuiteRunnerWorker.runSuite(SuiteRunnerWorker.java:53)
	at org.testng.SuiteRunnerWorker.run(SuiteRunnerWorker.java:96)
	at org.testng.TestNG.runSuitesSequentially(TestNG.java:1212)
	at org.testng.TestNG.runSuitesLocally(TestNG.java:1134)
	at org.testng.TestNG.runSuites(TestNG.java:1063)
	at org.testng.TestNG.run(TestNG.java:1031)
	at com.intellij.rt.testng.IDEARemoteTestNG.run(IDEARemoteTestNG.java:66)
	at com.intellij.rt.testng.RemoteTestNGStarter.main(RemoteTestNGStarter.java:105)
</textarea>
      
      </div>
              </div>
              <div class="step skip-bg" title="Steps.DeviceSteps.userClicksFollowingItems(io.cucumber.datatable.DataTable)">
                <span>And User clicks following Items</span>
      <div><table class='markup-table table '><tr><td>nameContains</td></tr><tr><td>registers</td></tr></table>
      </div>
      <div>Step skipped
      </div>
              </div>
              <div class="step skip-bg" title="Steps.DeviceSteps.userSearchTheItem(io.cucumber.datatable.DataTable)">
                <span>And User search the item</span>
      <div><table class='markup-table table '><tr><td>search</td><td>TestRegisterEdit</td></tr></table>
      </div>
      <div>Step skipped
      </div>
              </div>
              <div class="step skip-bg" title="Steps.DeviceSteps.userClicksFollowingItems(io.cucumber.datatable.DataTable)">
                <span>And User clicks following Items</span>
      <div><table class='markup-table table '><tr><td>searchButton</td></tr></table>
      </div>
      <div>Step skipped
      </div>
              </div>
              <div class="step skip-bg" title="Steps.DeviceSteps.userShouldToFindTheItemInField(io.cucumber.datatable.DataTable)">
                <span>Then User should to find the item in field</span>
      <div><table class='markup-table table '><tr><td>nameContains</td><td>TestRegisterEdit</td></tr></table>
      </div>
      <div>Step skipped
      </div>
              </div>
              <div class="step skip-bg" title="Steps.DeviceSteps.userClicksFollowingItems(io.cucumber.datatable.DataTable)">
                <span>And User clicks following Items</span>
      <div><table class='markup-table table '><tr><td>delete</td></tr><tr><td>yes</td></tr></table>
      </div>
      <div>Step skipped
      </div>
              </div>
              <div class="step skip-bg" title="Steps.VerificationSteps.userShouldSeeVerifyMessage(io.cucumber.datatable.DataTable)">
                <span>Then User should see verify message</span>
      <div><table class='markup-table table '><tr><td>success</td><td>success</td></tr></table>
      </div>
      <div>Step skipped
      </div>
              </div>
              <div class="step skip-bg" title="Steps.DeviceSteps.userClicksFollowingItems(io.cucumber.datatable.DataTable)">
                <span>And User clicks following Items</span>
      <div><table class='markup-table table '><tr><td>registers</td></tr></table>
      </div>
      <div>Step skipped
      </div>
              </div>
              <div class="step skip-bg" title="Steps.DeviceSteps.userSearchTheItem(io.cucumber.datatable.DataTable)">
                <span>And User search the item</span>
      <div><table class='markup-table table '><tr><td>search</td><td>TestRegisterEdit</td></tr></table>
      </div>
      <div>Step skipped
      </div>
              </div>
              <div class="step skip-bg" title="Steps.DeviceSteps.userShouldNotFindItem(io.cucumber.datatable.DataTable)">
                <span>Then User should not find item</span>
      <div><table class='markup-table table '><tr><td>nameContains</td><td>TestRegisterEdit</td></tr></table>
      </div>
      <div>Step skipped
      </div>
              </div>
              <div class="step skip-bg" title="Steps.DeviceSteps.userClicksFollowingDynamicElements(io.cucumber.datatable.DataTable)">
                <span>And User clicks following dynamic elements</span>
      <div><table class='markup-table table '><tr><td>click</td><td>Dashboard</td></tr></table>
      </div>
      <div>Step skipped
      </div>
              </div>
              <div class="step pass-bg" title="AFTER">
                <span>Steps._Hooks.after(io.cucumber.java.Scenario)</span>
      <div>screenshot name
          <div class="row mb-3"><div class="col-md-3">
<img data-featherlight='../screenshots/embedded7.png' src="../screenshots/embedded7.png">
    
    </div></div>
</div>
      <div>
      </div>
              </div>
          </div>
        </div>
  </div>
</div>
          </div>
        </li>
        <li class="test-item"  status="fail" test-id="201"
          author=""
          tag=""
          device="">
          <div class="test-detail">
            <p class="name">Register Editing</p>
            <p class="text-sm">
              <span>3:21:14 PM</span> / <span>00:00:25:277</span>
              <span class="badge fail-bg log float-right">Fail</span>
            </p>
          </div>
          <div class="test-contents d-none">
<div class="detail-head">
<div class="p-v-10">
<div class="info">
<h5 class="test-status text-fail">Register Editing</h5>
<span class='badge badge-success'>01.20.2026 3:21:14 PM</span>
<span class='badge badge-danger'>01.20.2026 3:21:39 PM</span>
<span class='badge badge-default'>00:00:25:277</span>
&middot; <span class='uri-anchor badge badge-default'>#test-id=201</span>
<span class='badge badge-default pointer float-right ml-1 et'><i class="fa fa-chevron-down"></i></span>
<span class='badge badge-default pointer float-right ct'><i class="fa fa-chevron-up"></i></span>
</div>
<div class="m-t-10 m-l-5"></div>
</div>
</div>
<div class="accordion mt-4">
  <div class="card">
    <div class="card-header" role="tab">
      <div class="card-title">
        <div class="node" id="202"><span class="badge log fail-bg mr-2">Fail</span>TC- Register Editing Scenario</div>
          <div class="status-avatar float-right mr-4">
            <i class="fa fa-paperclip"></i>
          </div>
      </div>
    </div>
        <div class="">
          <div class="card-body">
              <div class="step pass-bg" title="Steps.LoginSteps.navigateToTestingEnvironment()">
                <span>Given Navigate to Testing Environment</span>
      <div>
      </div>
              </div>
              <div class="step pass-bg" title="Steps.LoginSteps.loginWithQAUserCredentials()">
                <span>When Login with QA user credentials</span>
      <div>
      </div>
              </div>
              <div class="step pass-bg" title="Steps.LoginSteps.loginShouldBeSuccessfully()">
                <span>Then Login should be successfully</span>
      <div>
      </div>
              </div>
              <div class="step pass-bg" title="Steps.DeviceSteps.userClicksFollowingItems(io.cucumber.datatable.DataTable)">
                <span>And User clicks following Items</span>
      <div><table class='markup-table table '><tr><td>library</td></tr><tr><td>devices</td></tr></table>
      </div>
      <div>
      </div>
              </div>
              <div class="step pass-bg" title="Steps.DeviceSteps.userSearchTheItem(io.cucumber.datatable.DataTable)">
                <span>And User search the item</span>
      <div><table class='markup-table table '><tr><td>search</td><td>TestDEVICE</td></tr></table>
      </div>
      <div>
      </div>
              </div>
              <div class="step pass-bg" title="Steps.DeviceSteps.userClicksFollowingItems(io.cucumber.datatable.DataTable)">
                <span>And User clicks following Items</span>
      <div><table class='markup-table table '><tr><td>searchButton</td></tr></table>
      </div>
      <div>
      </div>
              </div>
              <div class="step fail-bg" title="Steps.DeviceSteps.userShouldToFindTheItemInField(io.cucumber.datatable.DataTable)">
                <span>Then User should to find the item in field</span>
      <div><table class='markup-table table '><tr><td>nameContains</td><td>TestDEVICE</td></tr></table>
      </div>
      <div>
        <textarea disabled class="code-block">org.openqa.selenium.TimeoutException: Expected condition failed: waiting for visibility of Proxy element for: DefaultElementLocator 'By.xpath: (//div[contains(@data-field,'ame')])[2]//div' (tried for 15 second(s) with 500 milliseconds interval)
	at org.openqa.selenium.support.ui.WebDriverWait.timeoutException(WebDriverWait.java:84)
	at org.openqa.selenium.support.ui.FluentWait.until(FluentWait.java:230)
	at Pages._Parent.waitUntilVisible(_Parent.java:108)
	at Pages._Parent.verifyContainsText(_Parent.java:71)
	at Pages.DialogContent.findAndVerify(DialogContent.java:407)
	at Steps.DeviceSteps.userShouldToFindTheItemInField(DeviceSteps.java:72)
	at ✽.User should to find the item in field(file:///C:/Users/AzizKaraca/IdeaProjects/AcrossQaTestSuites/src/test/java/Features/TCxx_RegisterEditing.feature:21)
Caused by: org.openqa.selenium.NoSuchElementException: no such element: Unable to locate element: {"method":"xpath","selector":"(//div[contains(@data-field,'ame')])[2]//div"}
  (Session info: chrome=143.0.7499.193)
For documentation on this error, please visit: https://www.selenium.dev/documentation/webdriver/troubleshooting/errors#no-such-element-exception
Build info: version: '4.11.0', revision: '040bc5406b'
System info: os.name: 'Windows 11', os.arch: 'amd64', os.version: '10.0', java.version: '1.8.0_442'
Driver info: org.openqa.selenium.chrome.ChromeDriver
Command: [d5dcad298179fba4fd1df00d9d4af1eb, findElement {using=xpath, value=(//div[contains(@data-field,'ame')])[2]//div}]
Capabilities {acceptInsecureCerts: false, browserName: chrome, browserVersion: 143.0.7499.193, chrome: {chromedriverVersion: 143.0.7499.192 (be2c1f4fd45..., userDataDir: C:\Users\AZIZKA~1\AppData\L...}, fedcm:accounts: true, goog:chromeOptions: {debuggerAddress: localhost:65212}, goog:processID: 27712, networkConnectionEnabled: false, pageLoadStrategy: normal, platformName: windows, proxy: Proxy(), se:cdp: ws://localhost:65212/devtoo..., se:cdpVersion: 143.0.7499.193, setWindowRect: true, strictFileInteractability: false, timeouts: {implicit: 0, pageLoad: 300000, script: 30000}, unhandledPromptBehavior: dismiss and notify, webauthn:extension:credBlob: true, webauthn:extension:largeBlob: true, webauthn:extension:minPinLength: true, webauthn:extension:prf: true, webauthn:virtualAuthenticators: true}
Session ID: d5dcad298179fba4fd1df00d9d4af1eb
	at sun.reflect.GeneratedConstructorAccessor24.newInstance(Unknown Source)
	at sun.reflect.DelegatingConstructorAccessorImpl.newInstance(DelegatingConstructorAccessorImpl.java:45)
	at java.lang.reflect.Constructor.newInstance(Constructor.java:423)
	at org.openqa.selenium.remote.codec.w3c.W3CHttpResponseCodec.createException(W3CHttpResponseCodec.java:200)
	at org.openqa.selenium.remote.codec.w3c.W3CHttpResponseCodec.decode(W3CHttpResponseCodec.java:133)
	at org.openqa.selenium.remote.codec.w3c.W3CHttpResponseCodec.decode(W3CHttpResponseCodec.java:52)
	at org.openqa.selenium.remote.HttpCommandExecutor.execute(HttpCommandExecutor.java:191)
	at org.openqa.selenium.remote.service.DriverCommandExecutor.invokeExecute(DriverCommandExecutor.java:196)
	at org.openqa.selenium.remote.service.DriverCommandExecutor.execute(DriverCommandExecutor.java:171)
	at org.openqa.selenium.remote.RemoteWebDriver.execute(RemoteWebDriver.java:518)
	at org.openqa.selenium.remote.ElementLocation$ElementFinder$2.findElement(ElementLocation.java:165)
	at org.openqa.selenium.remote.ElementLocation.findElement(ElementLocation.java:59)
	at org.openqa.selenium.remote.RemoteWebDriver.findElement(RemoteWebDriver.java:355)
	at org.openqa.selenium.remote.RemoteWebDriver.findElement(RemoteWebDriver.java:349)
	at org.openqa.selenium.support.pagefactory.DefaultElementLocator.findElement(DefaultElementLocator.java:68)
	at org.openqa.selenium.support.pagefactory.internal.LocatingElementHandler.invoke(LocatingElementHandler.java:38)
	at com.sun.proxy.$Proxy26.isDisplayed(Unknown Source)
	at org.openqa.selenium.support.ui.ExpectedConditions.elementIfVisible(ExpectedConditions.java:304)
	at org.openqa.selenium.support.ui.ExpectedConditions.access$000(ExpectedConditions.java:37)
	at org.openqa.selenium.support.ui.ExpectedConditions$10.apply(ExpectedConditions.java:290)
	at org.openqa.selenium.support.ui.ExpectedConditions$10.apply(ExpectedConditions.java:287)
	at org.openqa.selenium.support.ui.FluentWait.until(FluentWait.java:205)
	at Pages._Parent.waitUntilVisible(_Parent.java:108)
	at Pages._Parent.verifyContainsText(_Parent.java:71)
	at Pages.DialogContent.findAndVerify(DialogContent.java:407)
	at Steps.DeviceSteps.userShouldToFindTheItemInField(DeviceSteps.java:72)
	at sun.reflect.NativeMethodAccessorImpl.invoke0(Native Method)
	at sun.reflect.NativeMethodAccessorImpl.invoke(NativeMethodAccessorImpl.java:62)
	at sun.reflect.DelegatingMethodAccessorImpl.invoke(DelegatingMethodAccessorImpl.java:43)
	at java.lang.reflect.Method.invoke(Method.java:498)
	at io.cucumber.java.Invoker.doInvoke(Invoker.java:66)
	at io.cucumber.java.Invoker.invoke(Invoker.java:24)
	at io.cucumber.java.AbstractGlueDefinition.invokeMethod(AbstractGlueDefinition.java:47)
	at io.cucumber.java.JavaStepDefinition.execute(JavaStepDefinition.java:29)
	at io.cucumber.core.runner.CoreStepDefinition.execute(CoreStepDefinition.java:66)
	at io.cucumber.core.runner.PickleStepDefinitionMatch.runStep(PickleStepDefinitionMatch.java:63)
	at io.cucumber.core.runner.ExecutionMode$1.execute(ExecutionMode.java:10)
	at io.cucumber.core.runner.TestStep.executeStep(TestStep.java:85)
	at io.cucumber.core.runner.TestStep.run(TestStep.java:57)
	at io.cucumber.core.runner.PickleStepTestStep.run(PickleStepTestStep.java:51)
	at io.cucumber.core.runner.TestCase.run(TestCase.java:84)
	at io.cucumber.core.runner.Runner.runPickle(Runner.java:75)
	at io.cucumber.testng.TestNGCucumberRunner.lambda$runScenario$1(TestNGCucumberRunner.java:132)
	at io.cucumber.core.runtime.CucumberExecutionContext.lambda$runTestCase$5(CucumberExecutionContext.java:129)
	at io.cucumber.core.runtime.RethrowingThrowableCollector.executeAndThrow(RethrowingThrowableCollector.java:23)
	at io.cucumber.core.runtime.CucumberExecutionContext.runTestCase(CucumberExecutionContext.java:129)
	at io.cucumber.testng.TestNGCucumberRunner.runScenario(TestNGCucumberRunner.java:129)
	at io.cucumber.testng.AbstractTestNGCucumberTests.runScenario(AbstractTestNGCucumberTests.java:35)
	at sun.reflect.NativeMethodAccessorImpl.invoke0(Native Method)
	at sun.reflect.NativeMethodAccessorImpl.invoke(NativeMethodAccessorImpl.java:62)
	at sun.reflect.DelegatingMethodAccessorImpl.invoke(DelegatingMethodAccessorImpl.java:43)
	at java.lang.reflect.Method.invoke(Method.java:498)
	at org.testng.internal.MethodInvocationHelper.invokeMethod(MethodInvocationHelper.java:133)
	at org.testng.internal.TestInvoker.invokeMethod(TestInvoker.java:598)
	at org.testng.internal.TestInvoker.invokeTestMethod(TestInvoker.java:173)
	at org.testng.internal.MethodRunner.runInSequence(MethodRunner.java:46)
	at org.testng.internal.TestInvoker$MethodInvocationAgent.invoke(TestInvoker.java:824)
	at org.testng.internal.TestInvoker.invokeTestMethods(TestInvoker.java:146)
	at org.testng.internal.TestMethodWorker.invokeTestMethods(TestMethodWorker.java:146)
	at org.testng.internal.TestMethodWorker.run(TestMethodWorker.java:128)
	at java.util.ArrayList.forEach(ArrayList.java:1259)
	at org.testng.TestRunner.privateRun(TestRunner.java:794)
	at org.testng.TestRunner.run(TestRunner.java:596)
	at org.testng.SuiteRunner.runTest(SuiteRunner.java:377)
	at org.testng.SuiteRunner.runSequentially(SuiteRunner.java:371)
	at org.testng.SuiteRunner.privateRun(SuiteRunner.java:332)
	at org.testng.SuiteRunner.run(SuiteRunner.java:276)
	at org.testng.SuiteRunnerWorker.runSuite(SuiteRunnerWorker.java:53)
	at org.testng.SuiteRunnerWorker.run(SuiteRunnerWorker.java:96)
	at org.testng.TestNG.runSuitesSequentially(TestNG.java:1212)
	at org.testng.TestNG.runSuitesLocally(TestNG.java:1134)
	at org.testng.TestNG.runSuites(TestNG.java:1063)
	at org.testng.TestNG.run(TestNG.java:1031)
	at com.intellij.rt.testng.IDEARemoteTestNG.run(IDEARemoteTestNG.java:66)
	at com.intellij.rt.testng.RemoteTestNGStarter.main(RemoteTestNGStarter.java:105)
</textarea>
      
      </div>
              </div>
              <div class="step skip-bg" title="Steps.DeviceSteps.userClicksFollowingItems(io.cucumber.datatable.DataTable)">
                <span>And User clicks following Items</span>
      <div><table class='markup-table table '><tr><td>nameContains</td></tr><tr><td>registers</td></tr></table>
      </div>
      <div>Step skipped
      </div>
              </div>
              <div class="step skip-bg" title="Steps.DeviceSteps.userSearchTheItem(io.cucumber.datatable.DataTable)">
                <span>And User search the item</span>
      <div><table class='markup-table table '><tr><td>search</td><td>TestRegister</td></tr></table>
      </div>
      <div>Step skipped
      </div>
              </div>
              <div class="step skip-bg" title="Steps.DeviceSteps.userClicksFollowingItems(io.cucumber.datatable.DataTable)">
                <span>And User clicks following Items</span>
      <div><table class='markup-table table '><tr><td>searchButton</td></tr></table>
      </div>
      <div>Step skipped
      </div>
              </div>
              <div class="step skip-bg" title="Steps.DeviceSteps.userShouldToFindTheItemInField(io.cucumber.datatable.DataTable)">
                <span>Then User should to find the item in field</span>
      <div><table class='markup-table table '><tr><td>nameContains</td><td>TestRegister</td></tr></table>
      </div>
      <div>Step skipped
      </div>
              </div>
              <div class="step skip-bg" title="Steps.DeviceSteps.userClicksFollowingItems(io.cucumber.datatable.DataTable)">
                <span>And User clicks following Items</span>
      <div><table class='markup-table table '><tr><td>edit</td></tr></table>
      </div>
      <div>Step skipped
      </div>
              </div>
              <div class="step skip-bg" title="Steps.DeviceSteps.userEntersDataToNecessaryAreas(io.cucumber.datatable.DataTable)">
                <span>And User enters data to necessary areas</span>
      <div><table class='markup-table table '><tr><td>registerName</td><td>TestRegisterEdit</td></tr><tr><td>displayName</td><td>TestRegisterEdit</td></tr><tr><td>description</td><td>RegisterForDeviceEdit</td></tr><tr><td>registerAddress</td><td>AddressForRegisterEdit</td></tr><tr><td>scanRate</td><td>7007</td></tr></table>
      </div>
      <div>Step skipped
      </div>
              </div>
              <div class="step skip-bg" title="Steps.DeviceSteps.userChangesLanguagesOfRelevantFields(io.cucumber.datatable.DataTable)">
                <span>And User changes languages of relevant fields</span>
      <div><table class='markup-table table '><tr><td>english</td></tr><tr><td>greek</td></tr></table>
      </div>
      <div>Step skipped
      </div>
              </div>
              <div class="step skip-bg" title="Steps.DeviceSteps.userEntersDataToNecessaryAreas(io.cucumber.datatable.DataTable)">
                <span>And User enters data to necessary areas</span>
      <div><table class='markup-table table '><tr><td>displayName</td><td>TestRegisterEdit EL</td></tr></table>
      </div>
      <div>Step skipped
      </div>
              </div>
              <div class="step skip-bg" title="Steps.DeviceSteps.userChangesLanguagesOfRelevantFields(io.cucumber.datatable.DataTable)">
                <span>And User changes languages of relevant fields</span>
      <div><table class='markup-table table '><tr><td>english</td></tr><tr><td>greek</td></tr></table>
      </div>
      <div>Step skipped
      </div>
              </div>
              <div class="step skip-bg" title="Steps.DeviceSteps.userEntersDataToNecessaryAreas(io.cucumber.datatable.DataTable)">
                <span>And User enters data to necessary areas</span>
      <div><table class='markup-table table '><tr><td>description</td><td>RegisterForDeviceEdit EL</td></tr></table>
      </div>
      <div>Step skipped
      </div>
              </div>
              <div class="step skip-bg" title="Steps.DeviceSteps.userConfirmsTheSelection(io.cucumber.datatable.DataTable)">
                <span>And User confirms the selection</span>
      <div><table class='markup-table table '><tr><td>save</td></tr><tr><td>yes</td></tr></table>
      </div>
      <div>Step skipped
      </div>
              </div>
              <div class="step skip-bg" title="Steps.VerificationSteps.userShouldSeeVerifyMessage(io.cucumber.datatable.DataTable)">
                <span>Then User should see verify message</span>
      <div><table class='markup-table table '><tr><td>success</td><td>success</td></tr></table>
      </div>
      <div>Step skipped
      </div>
              </div>
              <div class="step skip-bg" title="Steps.DeviceSteps.userSearchTheItem(io.cucumber.datatable.DataTable)">
                <span>And User search the item</span>
      <div><table class='markup-table table '><tr><td>search</td><td>TestRegisterEdit</td></tr></table>
      </div>
      <div>Step skipped
      </div>
              </div>
              <div class="step skip-bg" title="Steps.DeviceSteps.userShouldToFindTheItemInField(io.cucumber.datatable.DataTable)">
                <span>Then User should to find the item in field</span>
      <div><table class='markup-table table '><tr><td>nameContains</td><td>TestRegisterEdit</td></tr></table>
      </div>
      <div>Step skipped
      </div>
              </div>
              <div class="step skip-bg" title="Steps.DeviceSteps.userClicksFollowingDynamicElements(io.cucumber.datatable.DataTable)">
                <span>And User clicks following dynamic elements</span>
      <div><table class='markup-table table '><tr><td>click</td><td>Dashboard</td></tr></table>
      </div>
      <div>Step skipped
      </div>
              </div>
              <div class="step pass-bg" title="AFTER">
                <span>Steps._Hooks.after(io.cucumber.java.Scenario)</span>
      <div>screenshot name
          <div class="row mb-3"><div class="col-md-3">
<img data-featherlight='../screenshots/embedded8.png' src="../screenshots/embedded8.png">
    
    </div></div>
</div>
      <div>
      </div>
              </div>
          </div>
        </div>
  </div>
</div>
          </div>
        </li>
      </ul>
    </div>
  </div>
<div class="test-content scrollable">
<div class="test-content-tools">
<ul><li><a class="back-to-test" href="#"><i class="fa fa-arrow-left"></i></a></li></ul>
</div>
<div class="test-content-detail"><div class="detail-body"></div></div>
</div></div>
<div class="test-wrapper row view exception-view attributes-view">
<div class="test-list">
<div class="test-list-tools">
<ul class="tools pull-left"><li><a href=""><span class="font-size-14">Exception</span></a></li></ul>
<ul class="tools text-right"><li><a href="#"><span class="badge badge-primary">2</span></a></li></ul>
</div>
<div class="test-list-wrapper scrollable">
<ul class="test-list-item">
<li class="test-item">
<div class="test-detail">
<span class="meta">
<span class='badge log badge-danger'>7</span>
</span>
<p class="name">org.openqa.selenium.TimeoutException</p>
<p class="duration text-sm">7 tests</p>
</div>
<div class="test-contents d-none">
<div class="info">
<h4>org.openqa.selenium.TimeoutException</h4>
<span status="fail" class='badge log badge-danger'>7 failed</span>
</div>
<table class='table table-sm mt-4'>
<thead>
<tr>
<th class="status-col">Status</th>
<th class="timestamp-col">Timestamp</th>
<th>TestName</th>
</tr>
</thead>
<tbody>
<tr class="tag-test-status" status="fail">
<td><span class="badge log fail-bg">Fail</span></td>
<td>15:18:26 PM</td>
<td>
<a href="#" class="linked" test-id='60' id='77'>Then User should see verify message</a>
<div class="">
<span class="badge badge-default">Custom Data Template Creation.TC-14 Custom Data Template Creation Scenario.Then User should see verify message</span>
</div>
</td>
</tr>
<tr class="tag-test-status" status="fail">
<td><span class="badge log fail-bg">Fail</span></td>
<td>15:18:51 PM</td>
<td>
<a href="#" class="linked" test-id='80' id='88'>And User clicks following dynamic elements</a>
<div class="">
<span class="badge badge-default">Custom Data Template Editing.TC-15 Custom Data Template Editing Scenario.And User clicks following dynamic elements</span>
</div>
</td>
</tr>
<tr class="tag-test-status" status="fail">
<td><span class="badge log fail-bg">Fail</span></td>
<td>15:19:16 PM</td>
<td>
<a href="#" class="linked" test-id='96' id='104'>And User clicks following dynamic elements</a>
<div class="">
<span class="badge badge-default">Custom Data Template Deletion.TC-16 Custom Data Template Deletion Scenario.And User clicks following dynamic elements</span>
</div>
</td>
</tr>
<tr class="tag-test-status" status="fail">
<td><span class="badge log fail-bg">Fail</span></td>
<td>15:20:05 PM</td>
<td>
<a href="#" class="linked" test-id='139' id='148'>And User clicks following dynamic elements</a>
<div class="">
<span class="badge badge-default">Device Editing.TC- Device Editing Scenario.And User clicks following dynamic elements</span>
</div>
</td>
</tr>
<tr class="tag-test-status" status="fail">
<td><span class="badge log fail-bg">Fail</span></td>
<td>15:20:31 PM</td>
<td>
<a href="#" class="linked" test-id='158' id='167'>Then User should to find the item in field</a>
<div class="">
<span class="badge badge-default">Register Creation.TC- Register Creation Scenario.Then User should to find the item in field</span>
</div>
</td>
</tr>
<tr class="tag-test-status" status="fail">
<td><span class="badge log fail-bg">Fail</span></td>
<td>15:20:56 PM</td>
<td>
<a href="#" class="linked" test-id='180' id='189'>Then User should to find the item in field</a>
<div class="">
<span class="badge badge-default">Register Deletion.TC- Register Deletion Scenario.Then User should to find the item in field</span>
</div>
</td>
</tr>
<tr class="tag-test-status" status="fail">
<td><span class="badge log fail-bg">Fail</span></td>
<td>15:21:21 PM</td>
<td>
<a href="#" class="linked" test-id='201' id='210'>Then User should to find the item in field</a>
<div class="">
<span class="badge badge-default">Register Editing.TC- Register Editing Scenario.Then User should to find the item in field</span>
</div>
</td>
</tr>
</tbody>
</table>
</div>
</li>
<li class="test-item">
<div class="test-detail">
<span class="meta">
<span class='badge log badge-danger'>1</span>
</span>
<p class="name">org.openqa.selenium.ElementClickInterceptedException</p>
<p class="duration text-sm">1 tests</p>
</div>
<div class="test-contents d-none">
<div class="info">
<h4>org.openqa.selenium.ElementClickInterceptedException</h4>
<span status="fail" class='badge log badge-danger'>1 failed</span>
</div>
<table class='table table-sm mt-4'>
<thead>
<tr>
<th class="status-col">Status</th>
<th class="timestamp-col">Timestamp</th>
<th>TestName</th>
</tr>
</thead>
<tbody>
<tr class="tag-test-status" status="fail">
<td><span class="badge log fail-bg">Fail</span></td>
<td>15:19:42 PM</td>
<td>
<a href="#" class="linked" test-id='108' id='116'>And User selects necessary areas</a>
<div class="">
<span class="badge badge-default">Device Creation.TC- Device Creation Scenario.And User selects necessary areas</span>
</div>
</td>
</tr>
</tbody>
</table>
</div>
</li>
</ul>
</div>
</div>
<div class="test-content scrollable">
<div class="test-content-detail">
<div class="detail-body"></div>
</div>
</div>
</div><div class="test-wrapper row view category-view attributes-view">
<div class="test-list">
<div class="test-list-tools">
<ul class="tools pull-left"><li><a href=""><span class="font-size-14">Category</span></a></li></ul>
<ul class="tools text-right"><li><a href="#"><span class="badge badge-primary">2</span></a></li></ul>
</div>
<div class="test-list-wrapper scrollable">
<ul class="test-list-item">
<li class="test-item">
<div class="test-detail">
<span class="meta">
<span class='badge log pass-bg'>6</span>
<span class='badge log badge-danger'>8</span>
</span>
<p class="name">@SmokeTest</p>
<p class="duration text-sm">14 tests</p>
</div>
<div class="test-contents d-none">
<div class="info">
<h4>@SmokeTest</h4>
<span status="pass" class='badge log pass-bg'>6 passed</span>
<span status="fail" class='badge log badge-danger'>8 failed</span>
</div>
<table class='table table-sm mt-4'>
<thead>
<tr>
<th class="status-col">Status</th>
<th class="timestamp-col">Timestamp</th>
<th>TestName</th>
</tr>
</thead>
<tbody>
<tr class="tag-test-status" status="pass">
<td><span class="badge log pass-bg">Pass</span></td>
<td>15:17:12 PM</td>
<td>
<a href="#" class="linked" test-id='1' id='2'>TC-01 Login With Valid Credentials</a>
<div class="">
<span class="badge badge-default">Login.TC-01 Login With Valid Credentials</span>
</div>
</td>
</tr>
<tr class="tag-test-status" status="pass">
<td><span class="badge log pass-bg">Pass</span></td>
<td>15:17:22 PM</td>
<td>
<a href="#" class="linked" test-id='8' id='9'>TC-02 Logout From Application</a>
<div class="">
<span class="badge badge-default">Logout.TC-02 Logout From Application</span>
</div>
</td>
</tr>
<tr class="tag-test-status" status="pass">
<td><span class="badge log pass-bg">Pass</span></td>
<td>15:17:33 PM</td>
<td>
<a href="#" class="linked" test-id='18' id='19'>TC-03 Customer Menu Creation Scenario</a>
<div class="">
<span class="badge badge-default">Customer Menu Creation.TC-03 Customer Menu Creation Scenario</span>
</div>
</td>
</tr>
<tr class="tag-test-status" status="pass">
<td><span class="badge log pass-bg">Pass</span></td>
<td>15:17:49 PM</td>
<td>
<a href="#" class="linked" test-id='36' id='37'>TC-04 Customer Menu Editing Scenario</a>
<div class="">
<span class="badge badge-default">Customer Menu Editing.TC-04 Customer Menu Editing Scenario</span>
</div>
</td>
</tr>
<tr class="tag-test-status" status="pass">
<td><span class="badge log pass-bg">Pass</span></td>
<td>15:18:03 PM</td>
<td>
<a href="#" class="linked" test-id='50' id='51'>TC-05 Customer Menu Deletion Scenario</a>
<div class="">
<span class="badge badge-default">Customer Menu Deletion.TC-05 Customer Menu Deletion Scenario</span>
</div>
</td>
</tr>
<tr class="tag-test-status" status="fail">
<td><span class="badge log fail-bg">Fail</span></td>
<td>15:18:15 PM</td>
<td>
<a href="#" class="linked" test-id='60' id='61'>TC-14 Custom Data Template Creation Scenario</a>
<div class="">
<span class="badge badge-default">Custom Data Template Creation.TC-14 Custom Data Template Creation Scenario</span>
</div>
</td>
</tr>
<tr class="tag-test-status" status="fail">
<td><span class="badge log fail-bg">Fail</span></td>
<td>15:18:44 PM</td>
<td>
<a href="#" class="linked" test-id='80' id='81'>TC-15 Custom Data Template Editing Scenario</a>
<div class="">
<span class="badge badge-default">Custom Data Template Editing.TC-15 Custom Data Template Editing Scenario</span>
</div>
</td>
</tr>
<tr class="tag-test-status" status="fail">
<td><span class="badge log fail-bg">Fail</span></td>
<td>15:19:09 PM</td>
<td>
<a href="#" class="linked" test-id='96' id='97'>TC-16 Custom Data Template Deletion Scenario</a>
<div class="">
<span class="badge badge-default">Custom Data Template Deletion.TC-16 Custom Data Template Deletion Scenario</span>
</div>
</td>
</tr>
<tr class="tag-test-status" status="fail">
<td><span class="badge log fail-bg">Fail</span></td>
<td>15:19:34 PM</td>
<td>
<a href="#" class="linked" test-id='108' id='109'>TC- Device Creation Scenario</a>
<div class="">
<span class="badge badge-default">Device Creation.TC- Device Creation Scenario</span>
</div>
</td>
</tr>
<tr class="tag-test-status" status="pass">
<td><span class="badge log pass-bg">Pass</span></td>
<td>15:19:47 PM</td>
<td>
<a href="#" class="linked" test-id='125' id='126'>TC- Device Deletion Scenario</a>
<div class="">
<span class="badge badge-default">Device Deletion.TC- Device Deletion Scenario</span>
</div>
</td>
</tr>
<tr class="tag-test-status" status="fail">
<td><span class="badge log fail-bg">Fail</span></td>
<td>15:19:59 PM</td>
<td>
<a href="#" class="linked" test-id='139' id='140'>TC- Device Editing Scenario</a>
<div class="">
<span class="badge badge-default">Device Editing.TC- Device Editing Scenario</span>
</div>
</td>
</tr>
<tr class="tag-test-status" status="fail">
<td><span class="badge log fail-bg">Fail</span></td>
<td>15:20:24 PM</td>
<td>
<a href="#" class="linked" test-id='158' id='159'>TC- Register Creation Scenario</a>
<div class="">
<span class="badge badge-default">Register Creation.TC- Register Creation Scenario</span>
</div>
</td>
</tr>
<tr class="tag-test-status" status="fail">
<td><span class="badge log fail-bg">Fail</span></td>
<td>15:20:49 PM</td>
<td>
<a href="#" class="linked" test-id='180' id='181'>TC- Register Deletion Scenario</a>
<div class="">
<span class="badge badge-default">Register Deletion.TC- Register Deletion Scenario</span>
</div>
</td>
</tr>
<tr class="tag-test-status" status="fail">
<td><span class="badge log fail-bg">Fail</span></td>
<td>15:21:14 PM</td>
<td>
<a href="#" class="linked" test-id='201' id='202'>TC- Register Editing Scenario</a>
<div class="">
<span class="badge badge-default">Register Editing.TC- Register Editing Scenario</span>
</div>
</td>
</tr>
</tbody>
</table>
</div>
</li>
<li class="test-item">
<div class="test-detail">
<span class="meta">
<span class='badge log pass-bg'>6</span>
<span class='badge log badge-danger'>8</span>
</span>
<p class="name">@Regression</p>
<p class="duration text-sm">14 tests</p>
</div>
<div class="test-contents d-none">
<div class="info">
<h4>@Regression</h4>
<span status="pass" class='badge log pass-bg'>6 passed</span>
<span status="fail" class='badge log badge-danger'>8 failed</span>
</div>
<table class='table table-sm mt-4'>
<thead>
<tr>
<th class="status-col">Status</th>
<th class="timestamp-col">Timestamp</th>
<th>TestName</th>
</tr>
</thead>
<tbody>
<tr class="tag-test-status" status="pass">
<td><span class="badge log pass-bg">Pass</span></td>
<td>15:17:12 PM</td>
<td>
<a href="#" class="linked" test-id='1' id='2'>TC-01 Login With Valid Credentials</a>
<div class="">
<span class="badge badge-default">Login.TC-01 Login With Valid Credentials</span>
</div>
</td>
</tr>
<tr class="tag-test-status" status="pass">
<td><span class="badge log pass-bg">Pass</span></td>
<td>15:17:22 PM</td>
<td>
<a href="#" class="linked" test-id='8' id='9'>TC-02 Logout From Application</a>
<div class="">
<span class="badge badge-default">Logout.TC-02 Logout From Application</span>
</div>
</td>
</tr>
<tr class="tag-test-status" status="pass">
<td><span class="badge log pass-bg">Pass</span></td>
<td>15:17:33 PM</td>
<td>
<a href="#" class="linked" test-id='18' id='19'>TC-03 Customer Menu Creation Scenario</a>
<div class="">
<span class="badge badge-default">Customer Menu Creation.TC-03 Customer Menu Creation Scenario</span>
</div>
</td>
</tr>
<tr class="tag-test-status" status="pass">
<td><span class="badge log pass-bg">Pass</span></td>
<td>15:17:49 PM</td>
<td>
<a href="#" class="linked" test-id='36' id='37'>TC-04 Customer Menu Editing Scenario</a>
<div class="">
<span class="badge badge-default">Customer Menu Editing.TC-04 Customer Menu Editing Scenario</span>
</div>
</td>
</tr>
<tr class="tag-test-status" status="pass">
<td><span class="badge log pass-bg">Pass</span></td>
<td>15:18:03 PM</td>
<td>
<a href="#" class="linked" test-id='50' id='51'>TC-05 Customer Menu Deletion Scenario</a>
<div class="">
<span class="badge badge-default">Customer Menu Deletion.TC-05 Customer Menu Deletion Scenario</span>
</div>
</td>
</tr>
<tr class="tag-test-status" status="fail">
<td><span class="badge log fail-bg">Fail</span></td>
<td>15:18:15 PM</td>
<td>
<a href="#" class="linked" test-id='60' id='61'>TC-14 Custom Data Template Creation Scenario</a>
<div class="">
<span class="badge badge-default">Custom Data Template Creation.TC-14 Custom Data Template Creation Scenario</span>
</div>
</td>
</tr>
<tr class="tag-test-status" status="fail">
<td><span class="badge log fail-bg">Fail</span></td>
<td>15:18:44 PM</td>
<td>
<a href="#" class="linked" test-id='80' id='81'>TC-15 Custom Data Template Editing Scenario</a>
<div class="">
<span class="badge badge-default">Custom Data Template Editing.TC-15 Custom Data Template Editing Scenario</span>
</div>
</td>
</tr>
<tr class="tag-test-status" status="fail">
<td><span class="badge log fail-bg">Fail</span></td>
<td>15:19:09 PM</td>
<td>
<a href="#" class="linked" test-id='96' id='97'>TC-16 Custom Data Template Deletion Scenario</a>
<div class="">
<span class="badge badge-default">Custom Data Template Deletion.TC-16 Custom Data Template Deletion Scenario</span>
</div>
</td>
</tr>
<tr class="tag-test-status" status="fail">
<td><span class="badge log fail-bg">Fail</span></td>
<td>15:19:34 PM</td>
<td>
<a href="#" class="linked" test-id='108' id='109'>TC- Device Creation Scenario</a>
<div class="">
<span class="badge badge-default">Device Creation.TC- Device Creation Scenario</span>
</div>
</td>
</tr>
<tr class="tag-test-status" status="pass">
<td><span class="badge log pass-bg">Pass</span></td>
<td>15:19:47 PM</td>
<td>
<a href="#" class="linked" test-id='125' id='126'>TC- Device Deletion Scenario</a>
<div class="">
<span class="badge badge-default">Device Deletion.TC- Device Deletion Scenario</span>
</div>
</td>
</tr>
<tr class="tag-test-status" status="fail">
<td><span class="badge log fail-bg">Fail</span></td>
<td>15:19:59 PM</td>
<td>
<a href="#" class="linked" test-id='139' id='140'>TC- Device Editing Scenario</a>
<div class="">
<span class="badge badge-default">Device Editing.TC- Device Editing Scenario</span>
</div>
</td>
</tr>
<tr class="tag-test-status" status="fail">
<td><span class="badge log fail-bg">Fail</span></td>
<td>15:20:24 PM</td>
<td>
<a href="#" class="linked" test-id='158' id='159'>TC- Register Creation Scenario</a>
<div class="">
<span class="badge badge-default">Register Creation.TC- Register Creation Scenario</span>
</div>
</td>
</tr>
<tr class="tag-test-status" status="fail">
<td><span class="badge log fail-bg">Fail</span></td>
<td>15:20:49 PM</td>
<td>
<a href="#" class="linked" test-id='180' id='181'>TC- Register Deletion Scenario</a>
<div class="">
<span class="badge badge-default">Register Deletion.TC- Register Deletion Scenario</span>
</div>
</td>
</tr>
<tr class="tag-test-status" status="fail">
<td><span class="badge log fail-bg">Fail</span></td>
<td>15:21:14 PM</td>
<td>
<a href="#" class="linked" test-id='201' id='202'>TC- Register Editing Scenario</a>
<div class="">
<span class="badge badge-default">Register Editing.TC- Register Editing Scenario</span>
</div>
</td>
</tr>
</tbody>
</table>
</div>
</li>
</ul>
</div>
</div>
<div class="test-content scrollable">
<div class="test-content-detail">
<div class="detail-body"></div>
</div>
</div>
</div><div class="container-fluid p-4 view dashboard-view">
<div class="row">
<div class="col-md-3">
<div class="card"><div class="card-body">
<p class="m-b-0">Started</p>
<h3>Jan 20, 2026 03:17:12 PM</h3>
</div></div>
</div>
<div class="col-md-3">
<div class="card"><div class="card-body">
<p class="m-b-0">Ended</p>
<h3>Jan 20, 2026 03:21:39 PM</h3>
</div></div>
</div>
<div class="col-md-3">
<div class="card"><div class="card-body">
<p class="m-b-0 text-pass">Features Passed</p>
<h3>6</h3>
</div></div>
</div>
<div class="col-md-3">
<div class="card"><div class="card-body">
<p class="m-b-0 text-fail">Features Failed</p>
<h3>8</h3>
</div></div>
</div>
</div>
<div class="row">
<div class="col-md-4">
<div class="card">
<div class="card-header">
<h6 class="card-title">Features</h6>
</div>
<div class="card-body">
<div class="">
<canvas id='parent-analysis' width='115' height='90'></canvas>
</div>
</div>
<div class="card-footer">
<div><small data-tooltip='42%'>
<b>6</b> features passed
</small>
</div>
<div>
<small data-tooltip='57%'><b>8</b> features failed,
<b>0</b> skipped, <b data-tooltip='0%'>0</b> others
</small>
</div>
</div>
</div>
</div>
<div class="col-md-4">
<div class="card">
<div class="card-header">
<h6 class="card-title">Scenarios</h6>
</div>
<div class="card-body">
<div class="">
<canvas id='child-analysis' width='115' height='90'></canvas>
</div>
</div>
<div class="card-footer">
<div><small data-tooltip='42%'><b>6</b> scenarios passed</small></div>
<div>
<small data-tooltip='57%'><b>8</b> scenarios failed,
<b>0</b> skipped, <b data-tooltip='%'>0</b> others
</small>
</div>
</div>
</div>
</div>
<div class="col-md-4">
<div class="card">
<div class="card-header">
<h6 class="card-title">Steps</h6>
</div>
<div class="card-body">
<div class="">
<canvas id='grandchild-analysis' width='115' height='90'></canvas>
</div>
</div>
<div class="card-footer">
<div><small data-tooltip='61%'><b>110</b> steps passed</small></div>
<div>
<small data-tooltip='4%'><b>8</b> steps failed,
<b>60</b> skipped, <b data-tooltip='%'>0</b> others
</small>
</div>
</div>
</div>
</div>
</div>
<div class="row"><div class="col-md-12">
<div class="card"><div class="card-header"><p>Timeline</p></div>
<div class="card-body pt-0"><div>
<canvas id="timeline" height="120"></canvas>
</div></div>
</div>
</div></div>
<script>
var timeline = {
"Login":9.483,"Logout":10.629,"Customer Menu Creation":16.21,"Customer Menu Editing":13.851,"Customer Menu Deletion":11.879,"Custom Data Template Creation":29.492,"Custom Data Template Editing":25.059,"Custom Data Template Deletion":24.971,"Device Creation":13.068,"Device Deletion":11.315,"Device Editing":25.052,"Register Creation":25.077,"Register Deletion":25.192,"Register Editing":25.277
};
</script>
<div class="row">
<div class="col-lg-6 col-md-12 category-container">
<div class="card">
<div class="card-header"><p>Tags</p></div>
<div class="card-body pb-0 pt-0"><table class="table table-sm table-bordered">
<thead><tr class="bg-gray"><th>Name</th><th>Passed</th><th>Failed</th><th>Skipped</th><th>Others</th><th>Passed %</th></tr></thead><tbody>
<tr>
<td>@SmokeTest</td>
<td>6</td>
<td>8</td>
<td>0</td>
<td>0</td>
<td>42.857%</td>
</tr>
<tr>
<td>@Regression</td>
<td>6</td>
<td>8</td>
<td>0</td>
<td>0</td>
<td>42.857%</td>
</tr>
</tbody>
</table></div>
</div>
</div>
</div>
</div>
<script>
var statusGroup = {
parentCount: 5,
passParent: 6,
failParent: 8,
warningParent: 0,
skipParent: 0,
childCount: 5,
passChild: 6,
failChild: 8,
warningChild: 0,
skipChild: 0,
infoChild: 0,
grandChildCount: 5,
passGrandChild: 110,
failGrandChild: 8,
warningGrandChild: 0,
skipGrandChild: 60,
infoGrandChild: 0,
eventsCount: 5,
};
</script>        </div>
      </div>
    </div>
  </div>
<script src="https://cdn.jsdelivr.net/gh/extent-framework/extent-github-cdn@d6562a79075e061305ccfdb82f01e5e195e2d307/spark/js/spark-script.js"></script>
<script type="text/javascript"></script></body>
</html>