

<!DOCTYPE html>
<html>
<head>
<meta charset="UTF-8">
<meta name="viewport" content="width=device-width, initial-scale=1, shrink-to-fit=no">
<title></title>
<link rel="apple-touch-icon" href="https://cdn.jsdelivr.net/gh/extent-framework/extent-github-cdn@b00a2d0486596e73dd7326beacf352c639623a0e/commons/img/logo.png">
<link rel="shortcut icon" href="https://cdn.jsdelivr.net/gh/extent-framework/extent-github-cdn@b00a2d0486596e73dd7326beacf352c639623a0e/commons/img/logo.png">
<link href="https://cdn.jsdelivr.net/gh/extent-framework/extent-github-cdn@d6562a79075e061305ccfdb82f01e5e195e2d307/spark/css/spark-style.css" rel="stylesheet" />
<link href="https://stackpath.bootstrapcdn.com/font-awesome/4.7.0/css/font-awesome.min.css" rel="stylesheet">
<script src="https://cdn.jsdelivr.net/gh/extent-framework/extent-github-cdn@7cc78ce/spark/js/jsontree.js"></script>
<style type="text/css"></style></head><body class="spa bdd-report standard">
  <div class="app">
    <div class="layout">
<div class="header navbar">
<div class="vheader">
<div class="nav-logo">
<a href="#">
<div class="logo" style="background-image: url('https://cdn.jsdelivr.net/gh/extent-framework/extent-github-cdn@b00a2d0486596e73dd7326beacf352c639623a0e/commons/img/logo.png')"></div>
</a>
</div>
<ul class="nav-left">
<li class="search-box">
<a class="search-toggle" href="#">
<i class="search-icon fa fa-search"></i>
<i class="search-icon-close fa fa-close"></i>
</a>
</li>
<li class="search-input"><input id="search-tests" class="form-control" type="text" placeholder="Search..."></li>
</ul>
<ul class="nav-right">
<li class="m-r-10">
<a href="#"><span class="badge badge-primary"></span></a>
</li>
<li class="m-r-10">
<a href="#"><span class="badge badge-primary">Feb 19, 2026 01:12:36 PM</span></a>
</li>
</ul>
</div>
</div><div class="side-nav">
<div class="side-nav-inner">
<ul class="side-nav-menu">
<li class="nav-item dropdown" onclick="toggleView('test-view')">
<a id="nav-test" class="dropdown-toggle" href="#">
<span class="ico"><i class="fa fa-list"></i></span>
</a>
</li>
<li class="nav-item dropdown" onclick="toggleView('exception-view')">
<a id="nav-exception" class="dropdown-toggle" href="#">
<span class="ico"><i class="fa fa-bug"></i></span>
</a>
</li>
<li class="nav-item dropdown" onclick="toggleView('category-view')">
<a id="nav-category" class="dropdown-toggle" href="#">
<span class="ico"><i class="fa fa-tag"></i></span>
</a>
</li>
<li class="nav-item dropdown" onclick="toggleView('dashboard-view')">
<a id="nav-dashboard" class="dropdown-toggle" href="#">
<span class="ico"><i class="fa fa-bar-chart"></i></span>
</a>
</li>
</ul>
</div>
</div>      <div class="vcontainer">
        <div class="main-content">
<div class="test-wrapper row view test-view">
  <div class="test-list">
    <div class="test-list-tools">
<ul class="tools pull-left">
<li><a href="#"><span class="font-size-14">Tests</span></a></li>
</ul>
<ul class="tools text-right">
<li class="dropdown">
<a href="#" class="dropdown-toggle" data-toggle="dropdown"><i class="fa fa-exclamation-circle"></i></a>
<ul id="status-toggle" class="dropdown-menu dropdown-md p-v-0">
<a class="dropdown-item" status="pass" href="#"><span>Pass</span><span class="status success"></span></a>
<a class="dropdown-item" status="fail" href="#"><span>Fail</span><span class="status danger"></span></a>
<div class="dropdown-divider"></div>
<a status="clear" class="dropdown-item" href="#"><span>Clear</span><span class="pull-right"><i class="fa fa-close"></i></span></a>
</ul>
</li>
<li class="dropdown">
<a href="#" class="dropdown-toggle" data-toggle="dropdown"><i class="fa fa-tag"></i></a>
<ul id="tag-toggle" class="dropdown-menu dropdown-md p-v-0">
<a class="dropdown-item" href="#">@SmokeTest</a><a class="dropdown-item" href="#">@Regression</a>
</ul>
</li>
</ul>
</div>    <div class="test-list-wrapper scrollable">
      <ul class="test-list-item">
        <li class="test-item"  status="pass" test-id="1"
          author=""
          tag=""
          device="">
          <div class="test-detail">
            <p class="name">Login</p>
            <p class="text-sm">
              <span>1:12:37 PM</span> / <span>00:00:09:841</span>
              <span class="badge pass-bg log float-right">Pass</span>
            </p>
          </div>
          <div class="test-contents d-none">
<div class="detail-head">
<div class="p-v-10">
<div class="info">
<h5 class="test-status text-pass">Login</h5>
<span class='badge badge-success'>02.19.2026 1:12:37 PM</span>
<span class='badge badge-danger'>02.19.2026 1:12:47 PM</span>
<span class='badge badge-default'>00:00:09:841</span>
&middot; <span class='uri-anchor badge badge-default'>#test-id=1</span>
<span class='badge badge-default pointer float-right ml-1 et'><i class="fa fa-chevron-down"></i></span>
<span class='badge badge-default pointer float-right ct'><i class="fa fa-chevron-up"></i></span>
</div>
<div class="m-t-10 m-l-5"></div>
</div>
</div>
<div class="accordion mt-4">
  <div class="card">
    <div class="card-header" role="tab">
      <div class="card-title">
        <div class="node" id="2"><span class="badge log pass-bg mr-2">Pass</span>TC-01 Login With Valid Credentials</div>
      </div>
    </div>
        <div class="collapse">
          <div class="card-body">
              <div class="step pass-bg" title="Steps.LoginSteps.navigateToTestingEnvironment()">
                <span>Given Navigate to Testing Environment</span>
      <div>
      </div>
              </div>
              <div class="step pass-bg" title="Steps.LoginSteps.loginWithQAUserCredentials()">
                <span>When Login with QA user credentials</span>
      <div>
      </div>
              </div>
              <div class="step pass-bg" title="Steps.LoginSteps.loginShouldBeSuccessfully()">
                <span>Then Login should be successfully</span>
      <div>
      </div>
              </div>
          </div>
        </div>
  </div>
</div>
          </div>
        </li>
        <li class="test-item"  status="fail" test-id="8"
          author=""
          tag=""
          device="">
          <div class="test-detail">
            <p class="name">Logout</p>
            <p class="text-sm">
              <span>1:12:47 PM</span> / <span>00:00:25:538</span>
              <span class="badge fail-bg log float-right">Fail</span>
            </p>
          </div>
          <div class="test-contents d-none">
<div class="detail-head">
<div class="p-v-10">
<div class="info">
<h5 class="test-status text-fail">Logout</h5>
<span class='badge badge-success'>02.19.2026 1:12:47 PM</span>
<span class='badge badge-danger'>02.19.2026 1:13:13 PM</span>
<span class='badge badge-default'>00:00:25:538</span>
&middot; <span class='uri-anchor badge badge-default'>#test-id=8</span>
<span class='badge badge-default pointer float-right ml-1 et'><i class="fa fa-chevron-down"></i></span>
<span class='badge badge-default pointer float-right ct'><i class="fa fa-chevron-up"></i></span>
</div>
<div class="m-t-10 m-l-5"></div>
</div>
</div>
<div class="accordion mt-4">
  <div class="card">
    <div class="card-header" role="tab">
      <div class="card-title">
        <div class="node" id="9"><span class="badge log fail-bg mr-2">Fail</span>TC-02 Logout From Application</div>
          <div class="status-avatar float-right mr-4">
            <i class="fa fa-paperclip"></i>
          </div>
      </div>
    </div>
        <div class="">
          <div class="card-body">
              <div class="step pass-bg" title="Steps.LoginSteps.navigateToTestingEnvironment()">
                <span>Given Navigate to Testing Environment</span>
      <div>
      </div>
              </div>
              <div class="step pass-bg" title="Steps.LoginSteps.loginWithQAUserCredentials()">
                <span>When Login with QA user credentials</span>
      <div>
      </div>
              </div>
              <div class="step pass-bg" title="Steps.LoginSteps.loginShouldBeSuccessfully()">
                <span>Then Login should be successfully</span>
      <div>
      </div>
              </div>
              <div class="step fail-bg" title="Steps.LogoutSteps.goToMyAccount()">
                <span>And Go to MyAccount</span>
      <div>
        <textarea disabled class="code-block">org.openqa.selenium.TimeoutException: Expected condition failed: waiting for visibility of Proxy element for: DefaultElementLocator 'By.xpath: //div[@class='scrollbar-container jss9 ps ps--active-x']' (tried for 15 second(s) with 500 milliseconds interval)
	at org.openqa.selenium.support.ui.WebDriverWait.timeoutException(WebDriverWait.java:84)
	at org.openqa.selenium.support.ui.FluentWait.until(FluentWait.java:230)
	at Pages._Parent.waitUntilVisible(_Parent.java:110)
	at Pages._Parent.clickFunction(_Parent.java:44)
	at Pages.DialogContent.findAndClick(DialogContent.java:426)
	at Steps.LogoutSteps.goToMyAccount(LogoutSteps.java:14)
	at ✽.Go to MyAccount(file:///C:/Users/AzizKaraca/IdeaProjects/AcrossQaTestSuites/src/test/java/Features/TC02_Logout.feature:10)
Caused by: org.openqa.selenium.NoSuchElementException: no such element: Unable to locate element: {"method":"xpath","selector":"//div[@class='scrollbar-container jss9 ps ps--active-x']"}
  (Session info: chrome=145.0.7632.109)
For documentation on this error, please visit: https://www.selenium.dev/documentation/webdriver/troubleshooting/errors#no-such-element-exception
Build info: version: '4.11.0', revision: '040bc5406b'
System info: os.name: 'Windows 11', os.arch: 'amd64', os.version: '10.0', java.version: '1.8.0_442'
Driver info: org.openqa.selenium.chrome.ChromeDriver
Command: [f8b661c89b13f4cd725528d6de73076c, findElement {using=xpath, value=//div[@class='scrollbar-container jss9 ps ps--active-x']}]
Capabilities {acceptInsecureCerts: false, browserName: chrome, browserVersion: 145.0.7632.109, chrome: {chromedriverVersion: 145.0.7632.77 (da516187054a..., userDataDir: C:\Users\AZIZKA~1\AppData\L...}, fedcm:accounts: true, goog:chromeOptions: {debuggerAddress: localhost:63918}, goog:processID: 31608, networkConnectionEnabled: false, pageLoadStrategy: normal, platformName: windows, proxy: Proxy(), se:cdp: ws://localhost:63918/devtoo..., se:cdpVersion: 145.0.7632.109, setWindowRect: true, strictFileInteractability: false, timeouts: {implicit: 0, pageLoad: 300000, script: 30000}, unhandledPromptBehavior: dismiss and notify, webauthn:extension:credBlob: true, webauthn:extension:largeBlob: true, webauthn:extension:minPinLength: true, webauthn:extension:prf: true, webauthn:virtualAuthenticators: true}
Session ID: f8b661c89b13f4cd725528d6de73076c
	at sun.reflect.GeneratedConstructorAccessor17.newInstance(Unknown Source)
	at sun.reflect.DelegatingConstructorAccessorImpl.newInstance(DelegatingConstructorAccessorImpl.java:45)
	at java.lang.reflect.Constructor.newInstance(Constructor.java:423)
	at org.openqa.selenium.remote.codec.w3c.W3CHttpResponseCodec.createException(W3CHttpResponseCodec.java:200)
	at org.openqa.selenium.remote.codec.w3c.W3CHttpResponseCodec.decode(W3CHttpResponseCodec.java:133)
	at org.openqa.selenium.remote.codec.w3c.W3CHttpResponseCodec.decode(W3CHttpResponseCodec.java:52)
	at org.openqa.selenium.remote.HttpCommandExecutor.execute(HttpCommandExecutor.java:191)
	at org.openqa.selenium.remote.service.DriverCommandExecutor.invokeExecute(DriverCommandExecutor.java:196)
	at org.openqa.selenium.remote.service.DriverCommandExecutor.execute(DriverCommandExecutor.java:171)
	at org.openqa.selenium.remote.RemoteWebDriver.execute(RemoteWebDriver.java:518)
	at org.openqa.selenium.remote.ElementLocation$ElementFinder$2.findElement(ElementLocation.java:165)
	at org.openqa.selenium.remote.ElementLocation.findElement(ElementLocation.java:59)
	at org.openqa.selenium.remote.RemoteWebDriver.findElement(RemoteWebDriver.java:355)
	at org.openqa.selenium.remote.RemoteWebDriver.findElement(RemoteWebDriver.java:349)
	at org.openqa.selenium.support.pagefactory.DefaultElementLocator.findElement(DefaultElementLocator.java:68)
	at org.openqa.selenium.support.pagefactory.internal.LocatingElementHandler.invoke(LocatingElementHandler.java:38)
	at com.sun.proxy.$Proxy27.isDisplayed(Unknown Source)
	at org.openqa.selenium.support.ui.ExpectedConditions.elementIfVisible(ExpectedConditions.java:304)
	at org.openqa.selenium.support.ui.ExpectedConditions.access$000(ExpectedConditions.java:37)
	at org.openqa.selenium.support.ui.ExpectedConditions$10.apply(ExpectedConditions.java:290)
	at org.openqa.selenium.support.ui.ExpectedConditions$10.apply(ExpectedConditions.java:287)
	at org.openqa.selenium.support.ui.FluentWait.until(FluentWait.java:205)
	at Pages._Parent.waitUntilVisible(_Parent.java:110)
	at Pages._Parent.clickFunction(_Parent.java:44)
	at Pages.DialogContent.findAndClick(DialogContent.java:426)
	at Steps.LogoutSteps.goToMyAccount(LogoutSteps.java:14)
	at sun.reflect.NativeMethodAccessorImpl.invoke0(Native Method)
	at sun.reflect.NativeMethodAccessorImpl.invoke(NativeMethodAccessorImpl.java:62)
	at sun.reflect.DelegatingMethodAccessorImpl.invoke(DelegatingMethodAccessorImpl.java:43)
	at java.lang.reflect.Method.invoke(Method.java:498)
	at io.cucumber.java.Invoker.doInvoke(Invoker.java:66)
	at io.cucumber.java.Invoker.invoke(Invoker.java:24)
	at io.cucumber.java.AbstractGlueDefinition.invokeMethod(AbstractGlueDefinition.java:47)
	at io.cucumber.java.JavaStepDefinition.execute(JavaStepDefinition.java:29)
	at io.cucumber.core.runner.CoreStepDefinition.execute(CoreStepDefinition.java:66)
	at io.cucumber.core.runner.PickleStepDefinitionMatch.runStep(PickleStepDefinitionMatch.java:63)
	at io.cucumber.core.runner.ExecutionMode$1.execute(ExecutionMode.java:10)
	at io.cucumber.core.runner.TestStep.executeStep(TestStep.java:85)
	at io.cucumber.core.runner.TestStep.run(TestStep.java:57)
	at io.cucumber.core.runner.PickleStepTestStep.run(PickleStepTestStep.java:51)
	at io.cucumber.core.runner.TestCase.run(TestCase.java:84)
	at io.cucumber.core.runner.Runner.runPickle(Runner.java:75)
	at io.cucumber.testng.TestNGCucumberRunner.lambda$runScenario$1(TestNGCucumberRunner.java:132)
	at io.cucumber.core.runtime.CucumberExecutionContext.lambda$runTestCase$5(CucumberExecutionContext.java:129)
	at io.cucumber.core.runtime.RethrowingThrowableCollector.executeAndThrow(RethrowingThrowableCollector.java:23)
	at io.cucumber.core.runtime.CucumberExecutionContext.runTestCase(CucumberExecutionContext.java:129)
	at io.cucumber.testng.TestNGCucumberRunner.runScenario(TestNGCucumberRunner.java:129)
	at io.cucumber.testng.AbstractTestNGCucumberTests.runScenario(AbstractTestNGCucumberTests.java:35)
	at sun.reflect.NativeMethodAccessorImpl.invoke0(Native Method)
	at sun.reflect.NativeMethodAccessorImpl.invoke(NativeMethodAccessorImpl.java:62)
	at sun.reflect.DelegatingMethodAccessorImpl.invoke(DelegatingMethodAccessorImpl.java:43)
	at java.lang.reflect.Method.invoke(Method.java:498)
	at org.testng.internal.MethodInvocationHelper.invokeMethod(MethodInvocationHelper.java:133)
	at org.testng.internal.TestInvoker.invokeMethod(TestInvoker.java:598)
	at org.testng.internal.TestInvoker.invokeTestMethod(TestInvoker.java:173)
	at org.testng.internal.MethodRunner.runInSequence(MethodRunner.java:46)
	at org.testng.internal.TestInvoker$MethodInvocationAgent.invoke(TestInvoker.java:824)
	at org.testng.internal.TestInvoker.invokeTestMethods(TestInvoker.java:146)
	at org.testng.internal.TestMethodWorker.invokeTestMethods(TestMethodWorker.java:146)
	at org.testng.internal.TestMethodWorker.run(TestMethodWorker.java:128)
	at java.util.ArrayList.forEach(ArrayList.java:1259)
	at org.testng.TestRunner.privateRun(TestRunner.java:794)
	at org.testng.TestRunner.run(TestRunner.java:596)
	at org.testng.SuiteRunner.runTest(SuiteRunner.java:377)
	at org.testng.SuiteRunner.runSequentially(SuiteRunner.java:371)
	at org.testng.SuiteRunner.privateRun(SuiteRunner.java:332)
	at org.testng.SuiteRunner.run(SuiteRunner.java:276)
	at org.testng.SuiteRunnerWorker.runSuite(SuiteRunnerWorker.java:53)
	at org.testng.SuiteRunnerWorker.run(SuiteRunnerWorker.java:96)
	at org.testng.TestNG.runSuitesSequentially(TestNG.java:1212)
	at org.testng.TestNG.runSuitesLocally(TestNG.java:1134)
	at org.testng.TestNG.runSuites(TestNG.java:1063)
	at org.testng.TestNG.run(TestNG.java:1031)
	at com.intellij.rt.testng.IDEARemoteTestNG.run(IDEARemoteTestNG.java:66)
	at com.intellij.rt.testng.RemoteTestNGStarter.main(RemoteTestNGStarter.java:105)
</textarea>
      
      </div>
              </div>
              <div class="step skip-bg" title="Steps.LogoutSteps.clickLogoutButton()">
                <span>And Click Logout Button</span>
      <div>Step skipped
      </div>
              </div>
              <div class="step skip-bg" title="Steps.LogoutSteps.userShouldLogoutSuccessfully()">
                <span>Then User Should Logout Successfully</span>
      <div>Step skipped
      </div>
              </div>
              <div class="step pass-bg" title="AFTER">
                <span>Steps._Hooks.after(io.cucumber.java.Scenario)</span>
      <div>screenshot name
          <div class="row mb-3"><div class="col-md-3">
<img data-featherlight='../screenshots/embedded1.png' src="../screenshots/embedded1.png">
    
    </div></div>
</div>
      <div>
      </div>
              </div>
          </div>
        </div>
  </div>
</div>
          </div>
        </li>
        <li class="test-item"  status="fail" test-id="18"
          author=""
          tag=""
          device="">
          <div class="test-detail">
            <p class="name">Customer Menu Creation</p>
            <p class="text-sm">
              <span>1:13:13 PM</span> / <span>00:00:15:356</span>
              <span class="badge fail-bg log float-right">Fail</span>
            </p>
          </div>
          <div class="test-contents d-none">
<div class="detail-head">
<div class="p-v-10">
<div class="info">
<h5 class="test-status text-fail">Customer Menu Creation</h5>
<span class='badge badge-success'>02.19.2026 1:13:13 PM</span>
<span class='badge badge-danger'>02.19.2026 1:13:28 PM</span>
<span class='badge badge-default'>00:00:15:356</span>
&middot; <span class='uri-anchor badge badge-default'>#test-id=18</span>
<span class='badge badge-default pointer float-right ml-1 et'><i class="fa fa-chevron-down"></i></span>
<span class='badge badge-default pointer float-right ct'><i class="fa fa-chevron-up"></i></span>
</div>
<div class="m-t-10 m-l-5"></div>
</div>
</div>
<div class="accordion mt-4">
  <div class="card">
    <div class="card-header" role="tab">
      <div class="card-title">
        <div class="node" id="19"><span class="badge log fail-bg mr-2">Fail</span>TC-03 Customer Menu Creation Scenario</div>
      </div>
    </div>
        <div class="">
          <div class="card-body">
              <div class="step pass-bg" title="Steps.LoginSteps.navigateToTestingEnvironment()">
                <span>Given Navigate to Testing Environment</span>
      <div>
      </div>
              </div>
              <div class="step pass-bg" title="Steps.LoginSteps.loginWithQAUserCredentials()">
                <span>When Login with QA user credentials</span>
      <div>
      </div>
              </div>
              <div class="step pass-bg" title="Steps.LoginSteps.loginShouldBeSuccessfully()">
                <span>Then Login should be successfully</span>
      <div>
      </div>
              </div>
              <div class="step pass-bg" title="Steps.DeviceSteps.userClicksFollowingItems(io.cucumber.datatable.DataTable)">
                <span>And User clicks following Items</span>
      <div><table class='markup-table table '><tr><td>downArrow</td></tr><tr><td>adminView</td></tr></table>
      </div>
      <div>
      </div>
              </div>
              <div class="step fail-bg" title="Steps.DynamicSteps.userClicksFollowingDynamicElements(io.cucumber.datatable.DataTable)">
                <span>And User clicks following dynamic elements</span>
      <div><table class='markup-table table '><tr><td>click</td><td>Customer Menu</td></tr><tr><td>click</td><td>Edit</td></tr><tr><td>click</td><td>Create</td></tr></table>
      </div>
      <div>
        <textarea disabled class="code-block">org.openqa.selenium.NoSuchSessionException: invalid session id: session deleted as the browser has closed the connection
from disconnected: not connected to DevTools
  (Session info: chrome=145.0.7632.109)
Build info: version: '4.11.0', revision: '040bc5406b'
System info: os.name: 'Windows 11', os.arch: 'amd64', os.version: '10.0', java.version: '1.8.0_442'
Driver info: org.openqa.selenium.chrome.ChromeDriver
Command: [4c3b00e1a95d7a497c138ae7a20ccb9b, findElement {using=xpath, value=//*[text()='Edit']}]
Capabilities {acceptInsecureCerts: false, browserName: chrome, browserVersion: 145.0.7632.109, chrome: {chromedriverVersion: 145.0.7632.77 (da516187054a..., userDataDir: C:\Users\AZIZKA~1\AppData\L...}, fedcm:accounts: true, goog:chromeOptions: {debuggerAddress: localhost:53405}, goog:processID: 31672, networkConnectionEnabled: false, pageLoadStrategy: normal, platformName: windows, proxy: Proxy(), se:cdp: ws://localhost:53405/devtoo..., se:cdpVersion: 145.0.7632.109, setWindowRect: true, strictFileInteractability: false, timeouts: {implicit: 0, pageLoad: 300000, script: 30000}, unhandledPromptBehavior: dismiss and notify, webauthn:extension:credBlob: true, webauthn:extension:largeBlob: true, webauthn:extension:minPinLength: true, webauthn:extension:prf: true, webauthn:virtualAuthenticators: true}
Session ID: 4c3b00e1a95d7a497c138ae7a20ccb9b
	at sun.reflect.NativeConstructorAccessorImpl.newInstance0(Native Method)
	at sun.reflect.NativeConstructorAccessorImpl.newInstance(NativeConstructorAccessorImpl.java:62)
	at sun.reflect.DelegatingConstructorAccessorImpl.newInstance(DelegatingConstructorAccessorImpl.java:45)
	at java.lang.reflect.Constructor.newInstance(Constructor.java:423)
	at org.openqa.selenium.remote.codec.w3c.W3CHttpResponseCodec.createException(W3CHttpResponseCodec.java:200)
	at org.openqa.selenium.remote.codec.w3c.W3CHttpResponseCodec.decode(W3CHttpResponseCodec.java:133)
	at org.openqa.selenium.remote.codec.w3c.W3CHttpResponseCodec.decode(W3CHttpResponseCodec.java:52)
	at org.openqa.selenium.remote.HttpCommandExecutor.execute(HttpCommandExecutor.java:191)
	at org.openqa.selenium.remote.service.DriverCommandExecutor.invokeExecute(DriverCommandExecutor.java:196)
	at org.openqa.selenium.remote.service.DriverCommandExecutor.execute(DriverCommandExecutor.java:171)
	at org.openqa.selenium.remote.RemoteWebDriver.execute(RemoteWebDriver.java:518)
	at org.openqa.selenium.remote.ElementLocation$ElementFinder$2.findElement(ElementLocation.java:165)
	at org.openqa.selenium.remote.ElementLocation.findElement(ElementLocation.java:59)
	at org.openqa.selenium.remote.RemoteWebDriver.findElement(RemoteWebDriver.java:355)
	at org.openqa.selenium.remote.RemoteWebDriver.findElement(RemoteWebDriver.java:349)
	at org.openqa.selenium.support.ui.ExpectedConditions$7.apply(ExpectedConditions.java:194)
	at org.openqa.selenium.support.ui.ExpectedConditions$7.apply(ExpectedConditions.java:190)
	at org.openqa.selenium.support.ui.ExpectedConditions$22.apply(ExpectedConditions.java:627)
	at org.openqa.selenium.support.ui.ExpectedConditions$22.apply(ExpectedConditions.java:624)
	at org.openqa.selenium.support.ui.FluentWait.until(FluentWait.java:205)
	at Pages.DynamicContent.findAndClickDynamic(DynamicContent.java:30)
	at Steps.DynamicSteps.userClicksFollowingDynamicElements(DynamicSteps.java:46)
	at ✽.User clicks following dynamic elements(file:///C:/Users/AzizKaraca/IdeaProjects/AcrossQaTestSuites/src/test/java/Features/TC03_CustomerMenuCreation.feature:15)
</textarea>
      
      </div>
              </div>
              <div class="step skip-bg" title="Steps.DeviceSteps.userEntersDataToNecessaryAreas(io.cucumber.datatable.DataTable)">
                <span>And User enters data to necessary areas</span>
      <div><table class='markup-table table '><tr><td>name</td><td>TestMenu</td></tr></table>
      </div>
      <div>Step skipped
      </div>
              </div>
              <div class="step skip-bg" title="Steps.DeviceSteps.userChangesLanguagesOfRelevantFields(io.cucumber.datatable.DataTable)">
                <span>And User changes languages of relevant fields</span>
      <div><table class='markup-table table '><tr><td>english</td></tr><tr><td>greek</td></tr></table>
      </div>
      <div>Step skipped
      </div>
              </div>
              <div class="step skip-bg" title="Steps.DeviceSteps.userEntersDataToNecessaryAreas(io.cucumber.datatable.DataTable)">
                <span>And User enters data to necessary areas</span>
      <div><table class='markup-table table '><tr><td>name</td><td>TestMenuEL</td></tr></table>
      </div>
      <div>Step skipped
      </div>
              </div>
              <div class="step skip-bg" title="Steps.DeviceSteps.userSelectsNecessaryAreas(io.cucumber.datatable.DataTable)">
                <span>And User selects necessary areas</span>
      <div><table class='markup-table table '><tr><td>menuIcon</td></tr><tr><td>iconABC</td></tr></table>
      </div>
      <div>Step skipped
      </div>
              </div>
              <div class="step skip-bg" title="Steps.ActionsStep.userPressTheEscButtonOnKeyboardTimes(int)">
                <span>And User press the Esc Button on Keyboard Times</span>
      <div><table class='markup-table table '><tr><td>1</td></tr></table>
      </div>
      <div>Step skipped
      </div>
              </div>
              <div class="step skip-bg" title="Steps.DeviceSteps.userSelectsNecessaryAreas(io.cucumber.datatable.DataTable)">
                <span>And User selects necessary areas</span>
      <div><table class='markup-table table '><tr><td>menuFeature</td></tr><tr><td>menuSystemPages</td></tr><tr><td>pageDesigner</td></tr></table>
      </div>
      <div>Step skipped
      </div>
              </div>
              <div class="step skip-bg" title="Steps.ActionsStep.userPressTheEscButtonOnKeyboardTimes(int)">
                <span>And User press the Esc Button on Keyboard Times</span>
      <div><table class='markup-table table '><tr><td>1</td></tr></table>
      </div>
      <div>Step skipped
      </div>
              </div>
              <div class="step skip-bg" title="Steps.DynamicSteps.userClicksFollowingDynamicElements(io.cucumber.datatable.DataTable)">
                <span>And User clicks following dynamic elements</span>
      <div><table class='markup-table table '><tr><td>click</td><td>Confirm</td></tr><tr><td>click</td><td>Save</td></tr><tr><td>click</td><td>Yes</td></tr></table>
      </div>
      <div>Step skipped
      </div>
              </div>
              <div class="step skip-bg" title="Steps.VerificationSteps.userShouldSeeVerifyMessage(io.cucumber.datatable.DataTable)">
                <span>Then User should see verify message</span>
      <div><table class='markup-table table '><tr><td>success</td><td>success</td></tr></table>
      </div>
      <div>Step skipped
      </div>
              </div>
              <div class="step fail-bg" title="AFTER">
                <span>Steps._Hooks.after(io.cucumber.java.Scenario)</span>
      <div>
        <textarea disabled class="code-block">org.openqa.selenium.NoSuchSessionException: invalid session id
Build info: version: '4.11.0', revision: '040bc5406b'
System info: os.name: 'Windows 11', os.arch: 'amd64', os.version: '10.0', java.version: '1.8.0_442'
Driver info: org.openqa.selenium.chrome.ChromeDriver
Command: [4c3b00e1a95d7a497c138ae7a20ccb9b, screenshot {}]
Capabilities {acceptInsecureCerts: false, browserName: chrome, browserVersion: 145.0.7632.109, chrome: {chromedriverVersion: 145.0.7632.77 (da516187054a..., userDataDir: C:\Users\AZIZKA~1\AppData\L...}, fedcm:accounts: true, goog:chromeOptions: {debuggerAddress: localhost:53405}, goog:processID: 31672, networkConnectionEnabled: false, pageLoadStrategy: normal, platformName: windows, proxy: Proxy(), se:cdp: ws://localhost:53405/devtoo..., se:cdpVersion: 145.0.7632.109, setWindowRect: true, strictFileInteractability: false, timeouts: {implicit: 0, pageLoad: 300000, script: 30000}, unhandledPromptBehavior: dismiss and notify, webauthn:extension:credBlob: true, webauthn:extension:largeBlob: true, webauthn:extension:minPinLength: true, webauthn:extension:prf: true, webauthn:virtualAuthenticators: true}
Session ID: 4c3b00e1a95d7a497c138ae7a20ccb9b
	at sun.reflect.NativeConstructorAccessorImpl.newInstance0(Native Method)
	at sun.reflect.NativeConstructorAccessorImpl.newInstance(NativeConstructorAccessorImpl.java:62)
	at sun.reflect.DelegatingConstructorAccessorImpl.newInstance(DelegatingConstructorAccessorImpl.java:45)
	at java.lang.reflect.Constructor.newInstance(Constructor.java:423)
	at org.openqa.selenium.remote.codec.w3c.W3CHttpResponseCodec.createException(W3CHttpResponseCodec.java:200)
	at org.openqa.selenium.remote.codec.w3c.W3CHttpResponseCodec.decode(W3CHttpResponseCodec.java:133)
	at org.openqa.selenium.remote.codec.w3c.W3CHttpResponseCodec.decode(W3CHttpResponseCodec.java:52)
	at org.openqa.selenium.remote.HttpCommandExecutor.execute(HttpCommandExecutor.java:191)
	at org.openqa.selenium.remote.service.DriverCommandExecutor.invokeExecute(DriverCommandExecutor.java:196)
	at org.openqa.selenium.remote.service.DriverCommandExecutor.execute(DriverCommandExecutor.java:171)
	at org.openqa.selenium.remote.RemoteWebDriver.execute(RemoteWebDriver.java:518)
	at org.openqa.selenium.remote.RemoteWebDriver.execute(RemoteWebDriver.java:591)
	at org.openqa.selenium.remote.RemoteWebDriver.execute(RemoteWebDriver.java:595)
	at org.openqa.selenium.remote.RemoteWebDriver.getScreenshotAs(RemoteWebDriver.java:321)
	at Steps._Hooks.after(_Hooks.java:26)
</textarea>
      
      </div>
              </div>
          </div>
        </div>
  </div>
</div>
          </div>
        </li>
        <li class="test-item"  status="fail" test-id="36"
          author=""
          tag=""
          device="">
          <div class="test-detail">
            <p class="name">Customer Menu Editing</p>
            <p class="text-sm">
              <span>1:13:28 PM</span> / <span>00:00:00:009</span>
              <span class="badge fail-bg log float-right">Fail</span>
            </p>
          </div>
          <div class="test-contents d-none">
<div class="detail-head">
<div class="p-v-10">
<div class="info">
<h5 class="test-status text-fail">Customer Menu Editing</h5>
<span class='badge badge-success'>02.19.2026 1:13:28 PM</span>
<span class='badge badge-danger'>02.19.2026 1:13:28 PM</span>
<span class='badge badge-default'>00:00:00:009</span>
&middot; <span class='uri-anchor badge badge-default'>#test-id=36</span>
<span class='badge badge-default pointer float-right ml-1 et'><i class="fa fa-chevron-down"></i></span>
<span class='badge badge-default pointer float-right ct'><i class="fa fa-chevron-up"></i></span>
</div>
<div class="m-t-10 m-l-5"></div>
</div>
</div>
<div class="accordion mt-4">
  <div class="card">
    <div class="card-header" role="tab">
      <div class="card-title">
        <div class="node" id="37"><span class="badge log fail-bg mr-2">Fail</span>TC-04 Customer Menu Editing Scenario</div>
      </div>
    </div>
        <div class="">
          <div class="card-body">
              <div class="step fail-bg" title="Steps.LoginSteps.navigateToTestingEnvironment()">
                <span>Given Navigate to Testing Environment</span>
      <div>
        <textarea disabled class="code-block">org.openqa.selenium.NoSuchSessionException: invalid session id
Build info: version: '4.11.0', revision: '040bc5406b'
System info: os.name: 'Windows 11', os.arch: 'amd64', os.version: '10.0', java.version: '1.8.0_442'
Driver info: org.openqa.selenium.chrome.ChromeDriver
Command: [4c3b00e1a95d7a497c138ae7a20ccb9b, get {url=https://across-testing-v3.demo.i4.energy/}]
Capabilities {acceptInsecureCerts: false, browserName: chrome, browserVersion: 145.0.7632.109, chrome: {chromedriverVersion: 145.0.7632.77 (da516187054a..., userDataDir: C:\Users\AZIZKA~1\AppData\L...}, fedcm:accounts: true, goog:chromeOptions: {debuggerAddress: localhost:53405}, goog:processID: 31672, networkConnectionEnabled: false, pageLoadStrategy: normal, platformName: windows, proxy: Proxy(), se:cdp: ws://localhost:53405/devtoo..., se:cdpVersion: 145.0.7632.109, setWindowRect: true, strictFileInteractability: false, timeouts: {implicit: 0, pageLoad: 300000, script: 30000}, unhandledPromptBehavior: dismiss and notify, webauthn:extension:credBlob: true, webauthn:extension:largeBlob: true, webauthn:extension:minPinLength: true, webauthn:extension:prf: true, webauthn:virtualAuthenticators: true}
Session ID: 4c3b00e1a95d7a497c138ae7a20ccb9b
	at sun.reflect.NativeConstructorAccessorImpl.newInstance0(Native Method)
	at sun.reflect.NativeConstructorAccessorImpl.newInstance(NativeConstructorAccessorImpl.java:62)
	at sun.reflect.DelegatingConstructorAccessorImpl.newInstance(DelegatingConstructorAccessorImpl.java:45)
	at java.lang.reflect.Constructor.newInstance(Constructor.java:423)
	at org.openqa.selenium.remote.codec.w3c.W3CHttpResponseCodec.createException(W3CHttpResponseCodec.java:200)
	at org.openqa.selenium.remote.codec.w3c.W3CHttpResponseCodec.decode(W3CHttpResponseCodec.java:133)
	at org.openqa.selenium.remote.codec.w3c.W3CHttpResponseCodec.decode(W3CHttpResponseCodec.java:52)
	at org.openqa.selenium.remote.HttpCommandExecutor.execute(HttpCommandExecutor.java:191)
	at org.openqa.selenium.remote.service.DriverCommandExecutor.invokeExecute(DriverCommandExecutor.java:196)
	at org.openqa.selenium.remote.service.DriverCommandExecutor.execute(DriverCommandExecutor.java:171)
	at org.openqa.selenium.remote.RemoteWebDriver.execute(RemoteWebDriver.java:518)
	at org.openqa.selenium.remote.RemoteWebDriver.get(RemoteWebDriver.java:300)
	at Steps.LoginSteps.navigateToTestingEnvironment(LoginSteps.java:24)
	at ✽.Navigate to Testing Environment(file:///C:/Users/AzizKaraca/IdeaProjects/AcrossQaTestSuites/src/test/java/Features/TC04_CustomerMenuEditing.feature:4)
</textarea>
      
      </div>
              </div>
              <div class="step skip-bg" title="Steps.LoginSteps.loginWithQAUserCredentials()">
                <span>When Login with QA user credentials</span>
      <div>Step skipped
      </div>
              </div>
              <div class="step skip-bg" title="Steps.LoginSteps.loginShouldBeSuccessfully()">
                <span>Then Login should be successfully</span>
      <div>Step skipped
      </div>
              </div>
              <div class="step skip-bg" title="Steps.DeviceSteps.userClicksFollowingItems(io.cucumber.datatable.DataTable)">
                <span>And User clicks following Items</span>
      <div><table class='markup-table table '><tr><td>downArrow</td></tr><tr><td>adminView</td></tr></table>
      </div>
      <div>Step skipped
      </div>
              </div>
              <div class="step skip-bg" title="Steps.DynamicSteps.userClicksFollowingDynamicElements(io.cucumber.datatable.DataTable)">
                <span>And User clicks following dynamic elements</span>
      <div><table class='markup-table table '><tr><td>click</td><td>Customer Menu</td></tr><tr><td>click</td><td>Edit</td></tr><tr><td>click</td><td>TestMenu</td></tr></table>
      </div>
      <div>Step skipped
      </div>
              </div>
              <div class="step skip-bg" title="Steps.DeviceSteps.userEntersDataToNecessaryAreas(io.cucumber.datatable.DataTable)">
                <span>And User enters data to necessary areas</span>
      <div><table class='markup-table table '><tr><td>name</td><td>TestMenuEdit</td></tr></table>
      </div>
      <div>Step skipped
      </div>
              </div>
              <div class="step skip-bg" title="Steps.DeviceSteps.userChangesLanguagesOfRelevantFields(io.cucumber.datatable.DataTable)">
                <span>And User changes languages of relevant fields</span>
      <div><table class='markup-table table '><tr><td>english</td></tr><tr><td>greek</td></tr></table>
      </div>
      <div>Step skipped
      </div>
              </div>
              <div class="step skip-bg" title="Steps.DeviceSteps.userEntersDataToNecessaryAreas(io.cucumber.datatable.DataTable)">
                <span>And User enters data to necessary areas</span>
      <div><table class='markup-table table '><tr><td>name</td><td>TestMenuEditEL</td></tr></table>
      </div>
      <div>Step skipped
      </div>
              </div>
              <div class="step skip-bg" title="Steps.DynamicSteps.userClicksFollowingDynamicElements(io.cucumber.datatable.DataTable)">
                <span>And User clicks following dynamic elements</span>
      <div><table class='markup-table table '><tr><td>click</td><td>Confirm</td></tr><tr><td>click</td><td>Save</td></tr><tr><td>click</td><td>Yes</td></tr></table>
      </div>
      <div>Step skipped
      </div>
              </div>
              <div class="step skip-bg" title="Steps.VerificationSteps.userShouldSeeVerifyMessage(io.cucumber.datatable.DataTable)">
                <span>Then User should see verify message</span>
      <div><table class='markup-table table '><tr><td>success</td><td>success</td></tr></table>
      </div>
      <div>Step skipped
      </div>
              </div>
              <div class="step fail-bg" title="AFTER">
                <span>Steps._Hooks.after(io.cucumber.java.Scenario)</span>
      <div>
        <textarea disabled class="code-block">org.openqa.selenium.NoSuchSessionException: invalid session id
Build info: version: '4.11.0', revision: '040bc5406b'
System info: os.name: 'Windows 11', os.arch: 'amd64', os.version: '10.0', java.version: '1.8.0_442'
Driver info: org.openqa.selenium.chrome.ChromeDriver
Command: [4c3b00e1a95d7a497c138ae7a20ccb9b, screenshot {}]
Capabilities {acceptInsecureCerts: false, browserName: chrome, browserVersion: 145.0.7632.109, chrome: {chromedriverVersion: 145.0.7632.77 (da516187054a..., userDataDir: C:\Users\AZIZKA~1\AppData\L...}, fedcm:accounts: true, goog:chromeOptions: {debuggerAddress: localhost:53405}, goog:processID: 31672, networkConnectionEnabled: false, pageLoadStrategy: normal, platformName: windows, proxy: Proxy(), se:cdp: ws://localhost:53405/devtoo..., se:cdpVersion: 145.0.7632.109, setWindowRect: true, strictFileInteractability: false, timeouts: {implicit: 0, pageLoad: 300000, script: 30000}, unhandledPromptBehavior: dismiss and notify, webauthn:extension:credBlob: true, webauthn:extension:largeBlob: true, webauthn:extension:minPinLength: true, webauthn:extension:prf: true, webauthn:virtualAuthenticators: true}
Session ID: 4c3b00e1a95d7a497c138ae7a20ccb9b
	at sun.reflect.NativeConstructorAccessorImpl.newInstance0(Native Method)
	at sun.reflect.NativeConstructorAccessorImpl.newInstance(NativeConstructorAccessorImpl.java:62)
	at sun.reflect.DelegatingConstructorAccessorImpl.newInstance(DelegatingConstructorAccessorImpl.java:45)
	at java.lang.reflect.Constructor.newInstance(Constructor.java:423)
	at org.openqa.selenium.remote.codec.w3c.W3CHttpResponseCodec.createException(W3CHttpResponseCodec.java:200)
	at org.openqa.selenium.remote.codec.w3c.W3CHttpResponseCodec.decode(W3CHttpResponseCodec.java:133)
	at org.openqa.selenium.remote.codec.w3c.W3CHttpResponseCodec.decode(W3CHttpResponseCodec.java:52)
	at org.openqa.selenium.remote.HttpCommandExecutor.execute(HttpCommandExecutor.java:191)
	at org.openqa.selenium.remote.service.DriverCommandExecutor.invokeExecute(DriverCommandExecutor.java:196)
	at org.openqa.selenium.remote.service.DriverCommandExecutor.execute(DriverCommandExecutor.java:171)
	at org.openqa.selenium.remote.RemoteWebDriver.execute(RemoteWebDriver.java:518)
	at org.openqa.selenium.remote.RemoteWebDriver.execute(RemoteWebDriver.java:591)
	at org.openqa.selenium.remote.RemoteWebDriver.execute(RemoteWebDriver.java:595)
	at org.openqa.selenium.remote.RemoteWebDriver.getScreenshotAs(RemoteWebDriver.java:321)
	at Steps._Hooks.after(_Hooks.java:26)
</textarea>
      
      </div>
              </div>
          </div>
        </div>
  </div>
</div>
          </div>
        </li>
        <li class="test-item"  status="fail" test-id="50"
          author=""
          tag=""
          device="">
          <div class="test-detail">
            <p class="name">Customer Menu Deletion</p>
            <p class="text-sm">
              <span>1:13:28 PM</span> / <span>00:00:00:011</span>
              <span class="badge fail-bg log float-right">Fail</span>
            </p>
          </div>
          <div class="test-contents d-none">
<div class="detail-head">
<div class="p-v-10">
<div class="info">
<h5 class="test-status text-fail">Customer Menu Deletion</h5>
<span class='badge badge-success'>02.19.2026 1:13:28 PM</span>
<span class='badge badge-danger'>02.19.2026 1:13:28 PM</span>
<span class='badge badge-default'>00:00:00:011</span>
&middot; <span class='uri-anchor badge badge-default'>#test-id=50</span>
<span class='badge badge-default pointer float-right ml-1 et'><i class="fa fa-chevron-down"></i></span>
<span class='badge badge-default pointer float-right ct'><i class="fa fa-chevron-up"></i></span>
</div>
<div class="m-t-10 m-l-5"></div>
</div>
</div>
<div class="accordion mt-4">
  <div class="card">
    <div class="card-header" role="tab">
      <div class="card-title">
        <div class="node" id="51"><span class="badge log fail-bg mr-2">Fail</span>TC-05 Customer Menu Deletion Scenario</div>
      </div>
    </div>
        <div class="">
          <div class="card-body">
              <div class="step fail-bg" title="Steps.LoginSteps.navigateToTestingEnvironment()">
                <span>Given Navigate to Testing Environment</span>
      <div>
        <textarea disabled class="code-block">org.openqa.selenium.NoSuchSessionException: invalid session id
Build info: version: '4.11.0', revision: '040bc5406b'
System info: os.name: 'Windows 11', os.arch: 'amd64', os.version: '10.0', java.version: '1.8.0_442'
Driver info: org.openqa.selenium.chrome.ChromeDriver
Command: [4c3b00e1a95d7a497c138ae7a20ccb9b, get {url=https://across-testing-v3.demo.i4.energy/}]
Capabilities {acceptInsecureCerts: false, browserName: chrome, browserVersion: 145.0.7632.109, chrome: {chromedriverVersion: 145.0.7632.77 (da516187054a..., userDataDir: C:\Users\AZIZKA~1\AppData\L...}, fedcm:accounts: true, goog:chromeOptions: {debuggerAddress: localhost:53405}, goog:processID: 31672, networkConnectionEnabled: false, pageLoadStrategy: normal, platformName: windows, proxy: Proxy(), se:cdp: ws://localhost:53405/devtoo..., se:cdpVersion: 145.0.7632.109, setWindowRect: true, strictFileInteractability: false, timeouts: {implicit: 0, pageLoad: 300000, script: 30000}, unhandledPromptBehavior: dismiss and notify, webauthn:extension:credBlob: true, webauthn:extension:largeBlob: true, webauthn:extension:minPinLength: true, webauthn:extension:prf: true, webauthn:virtualAuthenticators: true}
Session ID: 4c3b00e1a95d7a497c138ae7a20ccb9b
	at sun.reflect.NativeConstructorAccessorImpl.newInstance0(Native Method)
	at sun.reflect.NativeConstructorAccessorImpl.newInstance(NativeConstructorAccessorImpl.java:62)
	at sun.reflect.DelegatingConstructorAccessorImpl.newInstance(DelegatingConstructorAccessorImpl.java:45)
	at java.lang.reflect.Constructor.newInstance(Constructor.java:423)
	at org.openqa.selenium.remote.codec.w3c.W3CHttpResponseCodec.createException(W3CHttpResponseCodec.java:200)
	at org.openqa.selenium.remote.codec.w3c.W3CHttpResponseCodec.decode(W3CHttpResponseCodec.java:133)
	at org.openqa.selenium.remote.codec.w3c.W3CHttpResponseCodec.decode(W3CHttpResponseCodec.java:52)
	at org.openqa.selenium.remote.HttpCommandExecutor.execute(HttpCommandExecutor.java:191)
	at org.openqa.selenium.remote.service.DriverCommandExecutor.invokeExecute(DriverCommandExecutor.java:196)
	at org.openqa.selenium.remote.service.DriverCommandExecutor.execute(DriverCommandExecutor.java:171)
	at org.openqa.selenium.remote.RemoteWebDriver.execute(RemoteWebDriver.java:518)
	at org.openqa.selenium.remote.RemoteWebDriver.get(RemoteWebDriver.java:300)
	at Steps.LoginSteps.navigateToTestingEnvironment(LoginSteps.java:24)
	at ✽.Navigate to Testing Environment(file:///C:/Users/AzizKaraca/IdeaProjects/AcrossQaTestSuites/src/test/java/Features/TC05_CustomerMenuDeletion.feature:4)
</textarea>
      
      </div>
              </div>
              <div class="step skip-bg" title="Steps.LoginSteps.loginWithQAUserCredentials()">
                <span>When Login with QA user credentials</span>
      <div>Step skipped
      </div>
              </div>
              <div class="step skip-bg" title="Steps.LoginSteps.loginShouldBeSuccessfully()">
                <span>Then Login should be successfully</span>
      <div>Step skipped
      </div>
              </div>
              <div class="step skip-bg" title="Steps.DeviceSteps.userClicksFollowingItems(io.cucumber.datatable.DataTable)">
                <span>And User clicks following Items</span>
      <div><table class='markup-table table '><tr><td>downArrow</td></tr><tr><td>adminView</td></tr></table>
      </div>
      <div>Step skipped
      </div>
              </div>
              <div class="step skip-bg" title="Steps.DynamicSteps.userClicksFollowingDynamicElements(io.cucumber.datatable.DataTable)">
                <span>And User clicks following dynamic elements</span>
      <div><table class='markup-table table '><tr><td>click</td><td>Customer Menu</td></tr><tr><td>click</td><td>Edit</td></tr><tr><td>delete</td><td>TestMenuEdit</td></tr><tr><td>click</td><td>Yes</td></tr><tr><td>click</td><td>Save</td></tr><tr><td>click</td><td>Yes</td></tr></table>
      </div>
      <div>Step skipped
      </div>
              </div>
              <div class="step skip-bg" title="Steps.VerificationSteps.userShouldSeeVerifyMessage(io.cucumber.datatable.DataTable)">
                <span>Then User should see verify message</span>
      <div><table class='markup-table table '><tr><td>success</td><td>success</td></tr></table>
      </div>
      <div>Step skipped
      </div>
              </div>
              <div class="step fail-bg" title="AFTER">
                <span>Steps._Hooks.after(io.cucumber.java.Scenario)</span>
      <div>
        <textarea disabled class="code-block">org.openqa.selenium.NoSuchSessionException: invalid session id
Build info: version: '4.11.0', revision: '040bc5406b'
System info: os.name: 'Windows 11', os.arch: 'amd64', os.version: '10.0', java.version: '1.8.0_442'
Driver info: org.openqa.selenium.chrome.ChromeDriver
Command: [4c3b00e1a95d7a497c138ae7a20ccb9b, screenshot {}]
Capabilities {acceptInsecureCerts: false, browserName: chrome, browserVersion: 145.0.7632.109, chrome: {chromedriverVersion: 145.0.7632.77 (da516187054a..., userDataDir: C:\Users\AZIZKA~1\AppData\L...}, fedcm:accounts: true, goog:chromeOptions: {debuggerAddress: localhost:53405}, goog:processID: 31672, networkConnectionEnabled: false, pageLoadStrategy: normal, platformName: windows, proxy: Proxy(), se:cdp: ws://localhost:53405/devtoo..., se:cdpVersion: 145.0.7632.109, setWindowRect: true, strictFileInteractability: false, timeouts: {implicit: 0, pageLoad: 300000, script: 30000}, unhandledPromptBehavior: dismiss and notify, webauthn:extension:credBlob: true, webauthn:extension:largeBlob: true, webauthn:extension:minPinLength: true, webauthn:extension:prf: true, webauthn:virtualAuthenticators: true}
Session ID: 4c3b00e1a95d7a497c138ae7a20ccb9b
	at sun.reflect.NativeConstructorAccessorImpl.newInstance0(Native Method)
	at sun.reflect.NativeConstructorAccessorImpl.newInstance(NativeConstructorAccessorImpl.java:62)
	at sun.reflect.DelegatingConstructorAccessorImpl.newInstance(DelegatingConstructorAccessorImpl.java:45)
	at java.lang.reflect.Constructor.newInstance(Constructor.java:423)
	at org.openqa.selenium.remote.codec.w3c.W3CHttpResponseCodec.createException(W3CHttpResponseCodec.java:200)
	at org.openqa.selenium.remote.codec.w3c.W3CHttpResponseCodec.decode(W3CHttpResponseCodec.java:133)
	at org.openqa.selenium.remote.codec.w3c.W3CHttpResponseCodec.decode(W3CHttpResponseCodec.java:52)
	at org.openqa.selenium.remote.HttpCommandExecutor.execute(HttpCommandExecutor.java:191)
	at org.openqa.selenium.remote.service.DriverCommandExecutor.invokeExecute(DriverCommandExecutor.java:196)
	at org.openqa.selenium.remote.service.DriverCommandExecutor.execute(DriverCommandExecutor.java:171)
	at org.openqa.selenium.remote.RemoteWebDriver.execute(RemoteWebDriver.java:518)
	at org.openqa.selenium.remote.RemoteWebDriver.execute(RemoteWebDriver.java:591)
	at org.openqa.selenium.remote.RemoteWebDriver.execute(RemoteWebDriver.java:595)
	at org.openqa.selenium.remote.RemoteWebDriver.getScreenshotAs(RemoteWebDriver.java:321)
	at Steps._Hooks.after(_Hooks.java:26)
</textarea>
      
      </div>
              </div>
          </div>
        </div>
  </div>
</div>
          </div>
        </li>
        <li class="test-item"  status="fail" test-id="60"
          author=""
          tag=""
          device="">
          <div class="test-detail">
            <p class="name">Custom Data Template Creation</p>
            <p class="text-sm">
              <span>1:13:28 PM</span> / <span>00:00:00:013</span>
              <span class="badge fail-bg log float-right">Fail</span>
            </p>
          </div>
          <div class="test-contents d-none">
<div class="detail-head">
<div class="p-v-10">
<div class="info">
<h5 class="test-status text-fail">Custom Data Template Creation</h5>
<span class='badge badge-success'>02.19.2026 1:13:28 PM</span>
<span class='badge badge-danger'>02.19.2026 1:13:28 PM</span>
<span class='badge badge-default'>00:00:00:013</span>
&middot; <span class='uri-anchor badge badge-default'>#test-id=60</span>
<span class='badge badge-default pointer float-right ml-1 et'><i class="fa fa-chevron-down"></i></span>
<span class='badge badge-default pointer float-right ct'><i class="fa fa-chevron-up"></i></span>
</div>
<div class="m-t-10 m-l-5"></div>
</div>
</div>
<div class="accordion mt-4">
  <div class="card">
    <div class="card-header" role="tab">
      <div class="card-title">
        <div class="node" id="61"><span class="badge log fail-bg mr-2">Fail</span>TC-14 Custom Data Template Creation Scenario</div>
      </div>
    </div>
        <div class="">
          <div class="card-body">
              <div class="step fail-bg" title="Steps.LoginSteps.navigateToTestingEnvironment()">
                <span>Given Navigate to Testing Environment</span>
      <div>
        <textarea disabled class="code-block">org.openqa.selenium.NoSuchSessionException: invalid session id
Build info: version: '4.11.0', revision: '040bc5406b'
System info: os.name: 'Windows 11', os.arch: 'amd64', os.version: '10.0', java.version: '1.8.0_442'
Driver info: org.openqa.selenium.chrome.ChromeDriver
Command: [4c3b00e1a95d7a497c138ae7a20ccb9b, get {url=https://across-testing-v3.demo.i4.energy/}]
Capabilities {acceptInsecureCerts: false, browserName: chrome, browserVersion: 145.0.7632.109, chrome: {chromedriverVersion: 145.0.7632.77 (da516187054a..., userDataDir: C:\Users\AZIZKA~1\AppData\L...}, fedcm:accounts: true, goog:chromeOptions: {debuggerAddress: localhost:53405}, goog:processID: 31672, networkConnectionEnabled: false, pageLoadStrategy: normal, platformName: windows, proxy: Proxy(), se:cdp: ws://localhost:53405/devtoo..., se:cdpVersion: 145.0.7632.109, setWindowRect: true, strictFileInteractability: false, timeouts: {implicit: 0, pageLoad: 300000, script: 30000}, unhandledPromptBehavior: dismiss and notify, webauthn:extension:credBlob: true, webauthn:extension:largeBlob: true, webauthn:extension:minPinLength: true, webauthn:extension:prf: true, webauthn:virtualAuthenticators: true}
Session ID: 4c3b00e1a95d7a497c138ae7a20ccb9b
	at sun.reflect.NativeConstructorAccessorImpl.newInstance0(Native Method)
	at sun.reflect.NativeConstructorAccessorImpl.newInstance(NativeConstructorAccessorImpl.java:62)
	at sun.reflect.DelegatingConstructorAccessorImpl.newInstance(DelegatingConstructorAccessorImpl.java:45)
	at java.lang.reflect.Constructor.newInstance(Constructor.java:423)
	at org.openqa.selenium.remote.codec.w3c.W3CHttpResponseCodec.createException(W3CHttpResponseCodec.java:200)
	at org.openqa.selenium.remote.codec.w3c.W3CHttpResponseCodec.decode(W3CHttpResponseCodec.java:133)
	at org.openqa.selenium.remote.codec.w3c.W3CHttpResponseCodec.decode(W3CHttpResponseCodec.java:52)
	at org.openqa.selenium.remote.HttpCommandExecutor.execute(HttpCommandExecutor.java:191)
	at org.openqa.selenium.remote.service.DriverCommandExecutor.invokeExecute(DriverCommandExecutor.java:196)
	at org.openqa.selenium.remote.service.DriverCommandExecutor.execute(DriverCommandExecutor.java:171)
	at org.openqa.selenium.remote.RemoteWebDriver.execute(RemoteWebDriver.java:518)
	at org.openqa.selenium.remote.RemoteWebDriver.get(RemoteWebDriver.java:300)
	at Steps.LoginSteps.navigateToTestingEnvironment(LoginSteps.java:24)
	at ✽.Navigate to Testing Environment(file:///C:/Users/AzizKaraca/IdeaProjects/AcrossQaTestSuites/src/test/java/Features/TC14_CustomDataTemplateCreation.feature:4)
</textarea>
      
      </div>
              </div>
              <div class="step skip-bg" title="Steps.LoginSteps.loginWithQAUserCredentials()">
                <span>When Login with QA user credentials</span>
      <div>Step skipped
      </div>
              </div>
              <div class="step skip-bg" title="Steps.LoginSteps.loginShouldBeSuccessfully()">
                <span>Then Login should be successfully</span>
      <div>Step skipped
      </div>
              </div>
              <div class="step skip-bg" title="Steps.DynamicSteps.userClicksFollowingDynamicElements(io.cucumber.datatable.DataTable)">
                <span>And User clicks following dynamic elements</span>
      <div><table class='markup-table table '><tr><td>click</td><td>Templates</td></tr><tr><td>click</td><td>Custom Data Templates</td></tr><tr><td>click</td><td>Create</td></tr><tr><td>click</td><td>Info</td></tr></table>
      </div>
      <div>Step skipped
      </div>
              </div>
              <div class="step skip-bg" title="Steps.DeviceSteps.userEntersDataToNecessaryAreas(io.cucumber.datatable.DataTable)">
                <span>And User enters data to necessary areas</span>
      <div><table class='markup-table table '><tr><td>name</td><td>TestCustomDataTemplateTest</td></tr><tr><td>description</td><td>CustomDataTemplateForTest</td></tr></table>
      </div>
      <div>Step skipped
      </div>
              </div>
              <div class="step skip-bg" title="Steps.DeviceSteps.userSelectsNecessaryAreas(io.cucumber.datatable.DataTable)">
                <span>And User selects necessary areas</span>
      <div><table class='markup-table table '><tr><td>deviceCategory</td></tr></table>
      </div>
      <div>Step skipped
      </div>
              </div>
              <div class="step skip-bg" title="Steps.DynamicSteps.userClicksFollowingDynamicElements(io.cucumber.datatable.DataTable)">
                <span>And User clicks following dynamic elements</span>
      <div><table class='markup-table table '><tr><td>click</td><td>Data Template Cat_1</td></tr></table>
      </div>
      <div>Step skipped
      </div>
              </div>
              <div class="step skip-bg" title="Steps.ActionsStep.userPressTheEscButtonOnKeyboardTimes(int)">
                <span>And User press the Esc Button on Keyboard Times</span>
      <div><table class='markup-table table '><tr><td>1</td></tr></table>
      </div>
      <div>Step skipped
      </div>
              </div>
              <div class="step skip-bg" title="Steps.DeviceSteps.userChangesLanguagesOfRelevantFields(io.cucumber.datatable.DataTable)">
                <span>And User changes languages of relevant fields</span>
      <div><table class='markup-table table '><tr><td>english</td></tr><tr><td>greek</td></tr></table>
      </div>
      <div>Step skipped
      </div>
              </div>
              <div class="step skip-bg" title="Steps.DeviceSteps.userEntersDataToNecessaryAreas(io.cucumber.datatable.DataTable)">
                <span>And User enters data to necessary areas</span>
      <div><table class='markup-table table '><tr><td>name</td><td>TestCustomDataTemplateTestEL</td></tr></table>
      </div>
      <div>Step skipped
      </div>
              </div>
              <div class="step skip-bg" title="Steps.DynamicSteps.userClicksFollowingDynamicElements(io.cucumber.datatable.DataTable)">
                <span>And User clicks following dynamic elements</span>
      <div><table class='markup-table table '><tr><td>click</td><td>Structure</td></tr><tr><td>click</td><td>Save</td></tr></table>
      </div>
      <div>Step skipped
      </div>
              </div>
              <div class="step skip-bg" title="Steps.DeviceSteps.userEntersDataToNecessaryAreas(io.cucumber.datatable.DataTable)">
                <span>And User enters data to necessary areas</span>
      <div><table class='markup-table table '><tr><td>reason</td><td>TestCustomDataTemplateCreation</td></tr></table>
      </div>
      <div>Step skipped
      </div>
              </div>
              <div class="step skip-bg" title="Steps.DynamicSteps.userClicksFollowingDynamicElements(io.cucumber.datatable.DataTable)">
                <span>And User clicks following dynamic elements</span>
      <div><table class='markup-table table '><tr><td>click</td><td>Yes</td></tr></table>
      </div>
      <div>Step skipped
      </div>
              </div>
              <div class="step skip-bg" title="Steps.VerificationSteps.userShouldSeeVerifyMessage(io.cucumber.datatable.DataTable)">
                <span>Then User should see verify message</span>
      <div><table class='markup-table table '><tr><td>success</td><td>success</td></tr></table>
      </div>
      <div>Step skipped
      </div>
              </div>
              <div class="step skip-bg" title="Steps.DynamicSteps.userClicksFollowingDynamicElements(io.cucumber.datatable.DataTable)">
                <span>And User clicks following dynamic elements</span>
      <div><table class='markup-table table '><tr><td>click</td><td>Dashboard</td></tr></table>
      </div>
      <div>Step skipped
      </div>
              </div>
              <div class="step fail-bg" title="AFTER">
                <span>Steps._Hooks.after(io.cucumber.java.Scenario)</span>
      <div>
        <textarea disabled class="code-block">org.openqa.selenium.NoSuchSessionException: invalid session id
Build info: version: '4.11.0', revision: '040bc5406b'
System info: os.name: 'Windows 11', os.arch: 'amd64', os.version: '10.0', java.version: '1.8.0_442'
Driver info: org.openqa.selenium.chrome.ChromeDriver
Command: [4c3b00e1a95d7a497c138ae7a20ccb9b, screenshot {}]
Capabilities {acceptInsecureCerts: false, browserName: chrome, browserVersion: 145.0.7632.109, chrome: {chromedriverVersion: 145.0.7632.77 (da516187054a..., userDataDir: C:\Users\AZIZKA~1\AppData\L...}, fedcm:accounts: true, goog:chromeOptions: {debuggerAddress: localhost:53405}, goog:processID: 31672, networkConnectionEnabled: false, pageLoadStrategy: normal, platformName: windows, proxy: Proxy(), se:cdp: ws://localhost:53405/devtoo..., se:cdpVersion: 145.0.7632.109, setWindowRect: true, strictFileInteractability: false, timeouts: {implicit: 0, pageLoad: 300000, script: 30000}, unhandledPromptBehavior: dismiss and notify, webauthn:extension:credBlob: true, webauthn:extension:largeBlob: true, webauthn:extension:minPinLength: true, webauthn:extension:prf: true, webauthn:virtualAuthenticators: true}
Session ID: 4c3b00e1a95d7a497c138ae7a20ccb9b
	at sun.reflect.NativeConstructorAccessorImpl.newInstance0(Native Method)
	at sun.reflect.NativeConstructorAccessorImpl.newInstance(NativeConstructorAccessorImpl.java:62)
	at sun.reflect.DelegatingConstructorAccessorImpl.newInstance(DelegatingConstructorAccessorImpl.java:45)
	at java.lang.reflect.Constructor.newInstance(Constructor.java:423)
	at org.openqa.selenium.remote.codec.w3c.W3CHttpResponseCodec.createException(W3CHttpResponseCodec.java:200)
	at org.openqa.selenium.remote.codec.w3c.W3CHttpResponseCodec.decode(W3CHttpResponseCodec.java:133)
	at org.openqa.selenium.remote.codec.w3c.W3CHttpResponseCodec.decode(W3CHttpResponseCodec.java:52)
	at org.openqa.selenium.remote.HttpCommandExecutor.execute(HttpCommandExecutor.java:191)
	at org.openqa.selenium.remote.service.DriverCommandExecutor.invokeExecute(DriverCommandExecutor.java:196)
	at org.openqa.selenium.remote.service.DriverCommandExecutor.execute(DriverCommandExecutor.java:171)
	at org.openqa.selenium.remote.RemoteWebDriver.execute(RemoteWebDriver.java:518)
	at org.openqa.selenium.remote.RemoteWebDriver.execute(RemoteWebDriver.java:591)
	at org.openqa.selenium.remote.RemoteWebDriver.execute(RemoteWebDriver.java:595)
	at org.openqa.selenium.remote.RemoteWebDriver.getScreenshotAs(RemoteWebDriver.java:321)
	at Steps._Hooks.after(_Hooks.java:26)
</textarea>
      
      </div>
              </div>
          </div>
        </div>
  </div>
</div>
          </div>
        </li>
        <li class="test-item"  status="fail" test-id="79"
          author=""
          tag=""
          device="">
          <div class="test-detail">
            <p class="name">Custom Data Template Editing</p>
            <p class="text-sm">
              <span>1:13:28 PM</span> / <span>00:00:00:012</span>
              <span class="badge fail-bg log float-right">Fail</span>
            </p>
          </div>
          <div class="test-contents d-none">
<div class="detail-head">
<div class="p-v-10">
<div class="info">
<h5 class="test-status text-fail">Custom Data Template Editing</h5>
<span class='badge badge-success'>02.19.2026 1:13:28 PM</span>
<span class='badge badge-danger'>02.19.2026 1:13:28 PM</span>
<span class='badge badge-default'>00:00:00:012</span>
&middot; <span class='uri-anchor badge badge-default'>#test-id=79</span>
<span class='badge badge-default pointer float-right ml-1 et'><i class="fa fa-chevron-down"></i></span>
<span class='badge badge-default pointer float-right ct'><i class="fa fa-chevron-up"></i></span>
</div>
<div class="m-t-10 m-l-5"></div>
</div>
</div>
<div class="accordion mt-4">
  <div class="card">
    <div class="card-header" role="tab">
      <div class="card-title">
        <div class="node" id="80"><span class="badge log fail-bg mr-2">Fail</span>TC-15 Custom Data Template Editing Scenario</div>
      </div>
    </div>
        <div class="">
          <div class="card-body">
              <div class="step fail-bg" title="Steps.LoginSteps.navigateToTestingEnvironment()">
                <span>Given Navigate to Testing Environment</span>
      <div>
        <textarea disabled class="code-block">org.openqa.selenium.NoSuchSessionException: invalid session id
Build info: version: '4.11.0', revision: '040bc5406b'
System info: os.name: 'Windows 11', os.arch: 'amd64', os.version: '10.0', java.version: '1.8.0_442'
Driver info: org.openqa.selenium.chrome.ChromeDriver
Command: [4c3b00e1a95d7a497c138ae7a20ccb9b, get {url=https://across-testing-v3.demo.i4.energy/}]
Capabilities {acceptInsecureCerts: false, browserName: chrome, browserVersion: 145.0.7632.109, chrome: {chromedriverVersion: 145.0.7632.77 (da516187054a..., userDataDir: C:\Users\AZIZKA~1\AppData\L...}, fedcm:accounts: true, goog:chromeOptions: {debuggerAddress: localhost:53405}, goog:processID: 31672, networkConnectionEnabled: false, pageLoadStrategy: normal, platformName: windows, proxy: Proxy(), se:cdp: ws://localhost:53405/devtoo..., se:cdpVersion: 145.0.7632.109, setWindowRect: true, strictFileInteractability: false, timeouts: {implicit: 0, pageLoad: 300000, script: 30000}, unhandledPromptBehavior: dismiss and notify, webauthn:extension:credBlob: true, webauthn:extension:largeBlob: true, webauthn:extension:minPinLength: true, webauthn:extension:prf: true, webauthn:virtualAuthenticators: true}
Session ID: 4c3b00e1a95d7a497c138ae7a20ccb9b
	at sun.reflect.NativeConstructorAccessorImpl.newInstance0(Native Method)
	at sun.reflect.NativeConstructorAccessorImpl.newInstance(NativeConstructorAccessorImpl.java:62)
	at sun.reflect.DelegatingConstructorAccessorImpl.newInstance(DelegatingConstructorAccessorImpl.java:45)
	at java.lang.reflect.Constructor.newInstance(Constructor.java:423)
	at org.openqa.selenium.remote.codec.w3c.W3CHttpResponseCodec.createException(W3CHttpResponseCodec.java:200)
	at org.openqa.selenium.remote.codec.w3c.W3CHttpResponseCodec.decode(W3CHttpResponseCodec.java:133)
	at org.openqa.selenium.remote.codec.w3c.W3CHttpResponseCodec.decode(W3CHttpResponseCodec.java:52)
	at org.openqa.selenium.remote.HttpCommandExecutor.execute(HttpCommandExecutor.java:191)
	at org.openqa.selenium.remote.service.DriverCommandExecutor.invokeExecute(DriverCommandExecutor.java:196)
	at org.openqa.selenium.remote.service.DriverCommandExecutor.execute(DriverCommandExecutor.java:171)
	at org.openqa.selenium.remote.RemoteWebDriver.execute(RemoteWebDriver.java:518)
	at org.openqa.selenium.remote.RemoteWebDriver.get(RemoteWebDriver.java:300)
	at Steps.LoginSteps.navigateToTestingEnvironment(LoginSteps.java:24)
	at ✽.Navigate to Testing Environment(file:///C:/Users/AzizKaraca/IdeaProjects/AcrossQaTestSuites/src/test/java/Features/TC15_CustomDataTemplateEditing.feature:4)
</textarea>
      
      </div>
              </div>
              <div class="step skip-bg" title="Steps.LoginSteps.loginWithQAUserCredentials()">
                <span>When Login with QA user credentials</span>
      <div>Step skipped
      </div>
              </div>
              <div class="step skip-bg" title="Steps.LoginSteps.loginShouldBeSuccessfully()">
                <span>Then Login should be successfully</span>
      <div>Step skipped
      </div>
              </div>
              <div class="step skip-bg" title="Steps.DynamicSteps.userClicksFollowingDynamicElements(io.cucumber.datatable.DataTable)">
                <span>And User clicks following dynamic elements</span>
      <div><table class='markup-table table '><tr><td>click</td><td>Templates</td></tr><tr><td>click</td><td>Custom Data Templates</td></tr></table>
      </div>
      <div>Step skipped
      </div>
              </div>
              <div class="step skip-bg" title="Steps.DeviceSteps.userSearchTheItem(io.cucumber.datatable.DataTable)">
                <span>And User search the item</span>
      <div><table class='markup-table table '><tr><td>search</td><td>TestCustomDataTemplateTest</td></tr></table>
      </div>
      <div>Step skipped
      </div>
              </div>
              <div class="step skip-bg" title="Steps.DynamicSteps.userClicksFollowingDynamicElements(io.cucumber.datatable.DataTable)">
                <span>And User clicks following dynamic elements</span>
      <div><table class='markup-table table '><tr><td>click</td><td>search</td></tr><tr><td>click</td><td>TestCustomDataTemplateTest</td></tr></table>
      </div>
      <div>Step skipped
      </div>
              </div>
              <div class="step skip-bg" title="Steps.ActionsStep.userClicksHideButtonIfTheAlertExist(io.cucumber.datatable.DataTable)">
                <span>And User clicks hide button if the alert exist</span>
      <div><table class='markup-table table '><tr><td>hide</td></tr></table>
      </div>
      <div>Step skipped
      </div>
              </div>
              <div class="step skip-bg" title="Steps.DeviceSteps.userClicksFollowingItems(io.cucumber.datatable.DataTable)">
                <span>And User clicks following Items</span>
      <div><table class='markup-table table '><tr><td>edit</td></tr></table>
      </div>
      <div>Step skipped
      </div>
              </div>
              <div class="step skip-bg" title="Steps.DynamicSteps.userEditsTheRecordWithName(io.cucumber.datatable.DataTable)">
                <span>And User edits the record with name</span>
      <div><table class='markup-table table '><tr><td>description</td><td>CustomDataTemplateForEditTest</td></tr></table>
      </div>
      <div>Step skipped
      </div>
              </div>
              <div class="step skip-bg" title="Steps.DeviceSteps.userConfirmsTheSelection(io.cucumber.datatable.DataTable)">
                <span>And User confirms the selection</span>
      <div><table class='markup-table table '><tr><td>save</td></tr><tr><td>yes</td></tr></table>
      </div>
      <div>Step skipped
      </div>
              </div>
              <div class="step skip-bg" title="Steps.VerificationSteps.userShouldSeeVerifyMessage(io.cucumber.datatable.DataTable)">
                <span>Then User should see verify message</span>
      <div><table class='markup-table table '><tr><td>success</td><td>success</td></tr></table>
      </div>
      <div>Step skipped
      </div>
              </div>
              <div class="step skip-bg" title="Steps.DynamicSteps.userClicksFollowingDynamicElements(io.cucumber.datatable.DataTable)">
                <span>And User clicks following dynamic elements</span>
      <div><table class='markup-table table '><tr><td>click</td><td>Dashboard</td></tr></table>
      </div>
      <div>Step skipped
      </div>
              </div>
              <div class="step fail-bg" title="AFTER">
                <span>Steps._Hooks.after(io.cucumber.java.Scenario)</span>
      <div>
        <textarea disabled class="code-block">org.openqa.selenium.NoSuchSessionException: invalid session id
Build info: version: '4.11.0', revision: '040bc5406b'
System info: os.name: 'Windows 11', os.arch: 'amd64', os.version: '10.0', java.version: '1.8.0_442'
Driver info: org.openqa.selenium.chrome.ChromeDriver
Command: [4c3b00e1a95d7a497c138ae7a20ccb9b, screenshot {}]
Capabilities {acceptInsecureCerts: false, browserName: chrome, browserVersion: 145.0.7632.109, chrome: {chromedriverVersion: 145.0.7632.77 (da516187054a..., userDataDir: C:\Users\AZIZKA~1\AppData\L...}, fedcm:accounts: true, goog:chromeOptions: {debuggerAddress: localhost:53405}, goog:processID: 31672, networkConnectionEnabled: false, pageLoadStrategy: normal, platformName: windows, proxy: Proxy(), se:cdp: ws://localhost:53405/devtoo..., se:cdpVersion: 145.0.7632.109, setWindowRect: true, strictFileInteractability: false, timeouts: {implicit: 0, pageLoad: 300000, script: 30000}, unhandledPromptBehavior: dismiss and notify, webauthn:extension:credBlob: true, webauthn:extension:largeBlob: true, webauthn:extension:minPinLength: true, webauthn:extension:prf: true, webauthn:virtualAuthenticators: true}
Session ID: 4c3b00e1a95d7a497c138ae7a20ccb9b
	at sun.reflect.NativeConstructorAccessorImpl.newInstance0(Native Method)
	at sun.reflect.NativeConstructorAccessorImpl.newInstance(NativeConstructorAccessorImpl.java:62)
	at sun.reflect.DelegatingConstructorAccessorImpl.newInstance(DelegatingConstructorAccessorImpl.java:45)
	at java.lang.reflect.Constructor.newInstance(Constructor.java:423)
	at org.openqa.selenium.remote.codec.w3c.W3CHttpResponseCodec.createException(W3CHttpResponseCodec.java:200)
	at org.openqa.selenium.remote.codec.w3c.W3CHttpResponseCodec.decode(W3CHttpResponseCodec.java:133)
	at org.openqa.selenium.remote.codec.w3c.W3CHttpResponseCodec.decode(W3CHttpResponseCodec.java:52)
	at org.openqa.selenium.remote.HttpCommandExecutor.execute(HttpCommandExecutor.java:191)
	at org.openqa.selenium.remote.service.DriverCommandExecutor.invokeExecute(DriverCommandExecutor.java:196)
	at org.openqa.selenium.remote.service.DriverCommandExecutor.execute(DriverCommandExecutor.java:171)
	at org.openqa.selenium.remote.RemoteWebDriver.execute(RemoteWebDriver.java:518)
	at org.openqa.selenium.remote.RemoteWebDriver.execute(RemoteWebDriver.java:591)
	at org.openqa.selenium.remote.RemoteWebDriver.execute(RemoteWebDriver.java:595)
	at org.openqa.selenium.remote.RemoteWebDriver.getScreenshotAs(RemoteWebDriver.java:321)
	at Steps._Hooks.after(_Hooks.java:26)
</textarea>
      
      </div>
              </div>
          </div>
        </div>
  </div>
</div>
          </div>
        </li>
        <li class="test-item"  status="fail" test-id="95"
          author=""
          tag=""
          device="">
          <div class="test-detail">
            <p class="name">Custom Data Template Deletion</p>
            <p class="text-sm">
              <span>1:13:28 PM</span> / <span>00:00:00:008</span>
              <span class="badge fail-bg log float-right">Fail</span>
            </p>
          </div>
          <div class="test-contents d-none">
<div class="detail-head">
<div class="p-v-10">
<div class="info">
<h5 class="test-status text-fail">Custom Data Template Deletion</h5>
<span class='badge badge-success'>02.19.2026 1:13:28 PM</span>
<span class='badge badge-danger'>02.19.2026 1:13:28 PM</span>
<span class='badge badge-default'>00:00:00:008</span>
&middot; <span class='uri-anchor badge badge-default'>#test-id=95</span>
<span class='badge badge-default pointer float-right ml-1 et'><i class="fa fa-chevron-down"></i></span>
<span class='badge badge-default pointer float-right ct'><i class="fa fa-chevron-up"></i></span>
</div>
<div class="m-t-10 m-l-5"></div>
</div>
</div>
<div class="accordion mt-4">
  <div class="card">
    <div class="card-header" role="tab">
      <div class="card-title">
        <div class="node" id="96"><span class="badge log fail-bg mr-2">Fail</span>TC-16 Custom Data Template Deletion Scenario</div>
      </div>
    </div>
        <div class="">
          <div class="card-body">
              <div class="step fail-bg" title="Steps.LoginSteps.navigateToTestingEnvironment()">
                <span>Given Navigate to Testing Environment</span>
      <div>
        <textarea disabled class="code-block">org.openqa.selenium.NoSuchSessionException: invalid session id
Build info: version: '4.11.0', revision: '040bc5406b'
System info: os.name: 'Windows 11', os.arch: 'amd64', os.version: '10.0', java.version: '1.8.0_442'
Driver info: org.openqa.selenium.chrome.ChromeDriver
Command: [4c3b00e1a95d7a497c138ae7a20ccb9b, get {url=https://across-testing-v3.demo.i4.energy/}]
Capabilities {acceptInsecureCerts: false, browserName: chrome, browserVersion: 145.0.7632.109, chrome: {chromedriverVersion: 145.0.7632.77 (da516187054a..., userDataDir: C:\Users\AZIZKA~1\AppData\L...}, fedcm:accounts: true, goog:chromeOptions: {debuggerAddress: localhost:53405}, goog:processID: 31672, networkConnectionEnabled: false, pageLoadStrategy: normal, platformName: windows, proxy: Proxy(), se:cdp: ws://localhost:53405/devtoo..., se:cdpVersion: 145.0.7632.109, setWindowRect: true, strictFileInteractability: false, timeouts: {implicit: 0, pageLoad: 300000, script: 30000}, unhandledPromptBehavior: dismiss and notify, webauthn:extension:credBlob: true, webauthn:extension:largeBlob: true, webauthn:extension:minPinLength: true, webauthn:extension:prf: true, webauthn:virtualAuthenticators: true}
Session ID: 4c3b00e1a95d7a497c138ae7a20ccb9b
	at sun.reflect.NativeConstructorAccessorImpl.newInstance0(Native Method)
	at sun.reflect.NativeConstructorAccessorImpl.newInstance(NativeConstructorAccessorImpl.java:62)
	at sun.reflect.DelegatingConstructorAccessorImpl.newInstance(DelegatingConstructorAccessorImpl.java:45)
	at java.lang.reflect.Constructor.newInstance(Constructor.java:423)
	at org.openqa.selenium.remote.codec.w3c.W3CHttpResponseCodec.createException(W3CHttpResponseCodec.java:200)
	at org.openqa.selenium.remote.codec.w3c.W3CHttpResponseCodec.decode(W3CHttpResponseCodec.java:133)
	at org.openqa.selenium.remote.codec.w3c.W3CHttpResponseCodec.decode(W3CHttpResponseCodec.java:52)
	at org.openqa.selenium.remote.HttpCommandExecutor.execute(HttpCommandExecutor.java:191)
	at org.openqa.selenium.remote.service.DriverCommandExecutor.invokeExecute(DriverCommandExecutor.java:196)
	at org.openqa.selenium.remote.service.DriverCommandExecutor.execute(DriverCommandExecutor.java:171)
	at org.openqa.selenium.remote.RemoteWebDriver.execute(RemoteWebDriver.java:518)
	at org.openqa.selenium.remote.RemoteWebDriver.get(RemoteWebDriver.java:300)
	at Steps.LoginSteps.navigateToTestingEnvironment(LoginSteps.java:24)
	at ✽.Navigate to Testing Environment(file:///C:/Users/AzizKaraca/IdeaProjects/AcrossQaTestSuites/src/test/java/Features/TC16_CustomDataTemplateDeletion.feature:4)
</textarea>
      
      </div>
              </div>
              <div class="step skip-bg" title="Steps.LoginSteps.loginWithQAUserCredentials()">
                <span>When Login with QA user credentials</span>
      <div>Step skipped
      </div>
              </div>
              <div class="step skip-bg" title="Steps.LoginSteps.loginShouldBeSuccessfully()">
                <span>Then Login should be successfully</span>
      <div>Step skipped
      </div>
              </div>
              <div class="step skip-bg" title="Steps.DynamicSteps.userClicksFollowingDynamicElements(io.cucumber.datatable.DataTable)">
                <span>And User clicks following dynamic elements</span>
      <div><table class='markup-table table '><tr><td>click</td><td>Templates</td></tr><tr><td>click</td><td>Custom Data Templates</td></tr></table>
      </div>
      <div>Step skipped
      </div>
              </div>
              <div class="step skip-bg" title="Steps.DeviceSteps.userSearchTheItem(io.cucumber.datatable.DataTable)">
                <span>And User search the item</span>
      <div><table class='markup-table table '><tr><td>search</td><td>TestCustomDataTemplateTest</td></tr></table>
      </div>
      <div>Step skipped
      </div>
              </div>
              <div class="step skip-bg" title="Steps.DynamicSteps.userClicksFollowingDynamicElements(io.cucumber.datatable.DataTable)">
                <span>And User clicks following dynamic elements</span>
      <div><table class='markup-table table '><tr><td>click</td><td>search</td></tr><tr><td>click</td><td>delete</td></tr><tr><td>click</td><td>Yes</td></tr></table>
      </div>
      <div>Step skipped
      </div>
              </div>
              <div class="step skip-bg" title="Steps.VerificationSteps.userShouldSeeVerifyMessage(io.cucumber.datatable.DataTable)">
                <span>Then User should see verify message</span>
      <div><table class='markup-table table '><tr><td>success</td><td>success</td></tr></table>
      </div>
      <div>Step skipped
      </div>
              </div>
              <div class="step skip-bg" title="Steps.DynamicSteps.userClicksFollowingDynamicElements(io.cucumber.datatable.DataTable)">
                <span>And User clicks following dynamic elements</span>
      <div><table class='markup-table table '><tr><td>click</td><td>Dashboard</td></tr></table>
      </div>
      <div>Step skipped
      </div>
              </div>
              <div class="step fail-bg" title="AFTER">
                <span>Steps._Hooks.after(io.cucumber.java.Scenario)</span>
      <div>
        <textarea disabled class="code-block">org.openqa.selenium.NoSuchSessionException: invalid session id
Build info: version: '4.11.0', revision: '040bc5406b'
System info: os.name: 'Windows 11', os.arch: 'amd64', os.version: '10.0', java.version: '1.8.0_442'
Driver info: org.openqa.selenium.chrome.ChromeDriver
Command: [4c3b00e1a95d7a497c138ae7a20ccb9b, screenshot {}]
Capabilities {acceptInsecureCerts: false, browserName: chrome, browserVersion: 145.0.7632.109, chrome: {chromedriverVersion: 145.0.7632.77 (da516187054a..., userDataDir: C:\Users\AZIZKA~1\AppData\L...}, fedcm:accounts: true, goog:chromeOptions: {debuggerAddress: localhost:53405}, goog:processID: 31672, networkConnectionEnabled: false, pageLoadStrategy: normal, platformName: windows, proxy: Proxy(), se:cdp: ws://localhost:53405/devtoo..., se:cdpVersion: 145.0.7632.109, setWindowRect: true, strictFileInteractability: false, timeouts: {implicit: 0, pageLoad: 300000, script: 30000}, unhandledPromptBehavior: dismiss and notify, webauthn:extension:credBlob: true, webauthn:extension:largeBlob: true, webauthn:extension:minPinLength: true, webauthn:extension:prf: true, webauthn:virtualAuthenticators: true}
Session ID: 4c3b00e1a95d7a497c138ae7a20ccb9b
	at sun.reflect.NativeConstructorAccessorImpl.newInstance0(Native Method)
	at sun.reflect.NativeConstructorAccessorImpl.newInstance(NativeConstructorAccessorImpl.java:62)
	at sun.reflect.DelegatingConstructorAccessorImpl.newInstance(DelegatingConstructorAccessorImpl.java:45)
	at java.lang.reflect.Constructor.newInstance(Constructor.java:423)
	at org.openqa.selenium.remote.codec.w3c.W3CHttpResponseCodec.createException(W3CHttpResponseCodec.java:200)
	at org.openqa.selenium.remote.codec.w3c.W3CHttpResponseCodec.decode(W3CHttpResponseCodec.java:133)
	at org.openqa.selenium.remote.codec.w3c.W3CHttpResponseCodec.decode(W3CHttpResponseCodec.java:52)
	at org.openqa.selenium.remote.HttpCommandExecutor.execute(HttpCommandExecutor.java:191)
	at org.openqa.selenium.remote.service.DriverCommandExecutor.invokeExecute(DriverCommandExecutor.java:196)
	at org.openqa.selenium.remote.service.DriverCommandExecutor.execute(DriverCommandExecutor.java:171)
	at org.openqa.selenium.remote.RemoteWebDriver.execute(RemoteWebDriver.java:518)
	at org.openqa.selenium.remote.RemoteWebDriver.execute(RemoteWebDriver.java:591)
	at org.openqa.selenium.remote.RemoteWebDriver.execute(RemoteWebDriver.java:595)
	at org.openqa.selenium.remote.RemoteWebDriver.getScreenshotAs(RemoteWebDriver.java:321)
	at Steps._Hooks.after(_Hooks.java:26)
</textarea>
      
      </div>
              </div>
          </div>
        </div>
  </div>
</div>
          </div>
        </li>
        <li class="test-item"  status="fail" test-id="107"
          author=""
          tag=""
          device="">
          <div class="test-detail">
            <p class="name">Custom Entity Template Editing</p>
            <p class="text-sm">
              <span>1:13:28 PM</span> / <span>00:00:00:015</span>
              <span class="badge fail-bg log float-right">Fail</span>
            </p>
          </div>
          <div class="test-contents d-none">
<div class="detail-head">
<div class="p-v-10">
<div class="info">
<h5 class="test-status text-fail">Custom Entity Template Editing</h5>
<span class='badge badge-success'>02.19.2026 1:13:28 PM</span>
<span class='badge badge-danger'>02.19.2026 1:13:28 PM</span>
<span class='badge badge-default'>00:00:00:015</span>
&middot; <span class='uri-anchor badge badge-default'>#test-id=107</span>
<span class='badge badge-default pointer float-right ml-1 et'><i class="fa fa-chevron-down"></i></span>
<span class='badge badge-default pointer float-right ct'><i class="fa fa-chevron-up"></i></span>
</div>
<div class="m-t-10 m-l-5"></div>
</div>
</div>
<div class="accordion mt-4">
  <div class="card">
    <div class="card-header" role="tab">
      <div class="card-title">
        <div class="node" id="108"><span class="badge log fail-bg mr-2">Fail</span>TC-18 Custom Entity Template Editing Scenario</div>
      </div>
    </div>
        <div class="">
          <div class="card-body">
              <div class="step fail-bg" title="Steps.LoginSteps.navigateToTestingEnvironment()">
                <span>Given Navigate to Testing Environment</span>
      <div>
        <textarea disabled class="code-block">org.openqa.selenium.NoSuchSessionException: invalid session id
Build info: version: '4.11.0', revision: '040bc5406b'
System info: os.name: 'Windows 11', os.arch: 'amd64', os.version: '10.0', java.version: '1.8.0_442'
Driver info: org.openqa.selenium.chrome.ChromeDriver
Command: [4c3b00e1a95d7a497c138ae7a20ccb9b, get {url=https://across-testing-v3.demo.i4.energy/}]
Capabilities {acceptInsecureCerts: false, browserName: chrome, browserVersion: 145.0.7632.109, chrome: {chromedriverVersion: 145.0.7632.77 (da516187054a..., userDataDir: C:\Users\AZIZKA~1\AppData\L...}, fedcm:accounts: true, goog:chromeOptions: {debuggerAddress: localhost:53405}, goog:processID: 31672, networkConnectionEnabled: false, pageLoadStrategy: normal, platformName: windows, proxy: Proxy(), se:cdp: ws://localhost:53405/devtoo..., se:cdpVersion: 145.0.7632.109, setWindowRect: true, strictFileInteractability: false, timeouts: {implicit: 0, pageLoad: 300000, script: 30000}, unhandledPromptBehavior: dismiss and notify, webauthn:extension:credBlob: true, webauthn:extension:largeBlob: true, webauthn:extension:minPinLength: true, webauthn:extension:prf: true, webauthn:virtualAuthenticators: true}
Session ID: 4c3b00e1a95d7a497c138ae7a20ccb9b
	at sun.reflect.NativeConstructorAccessorImpl.newInstance0(Native Method)
	at sun.reflect.NativeConstructorAccessorImpl.newInstance(NativeConstructorAccessorImpl.java:62)
	at sun.reflect.DelegatingConstructorAccessorImpl.newInstance(DelegatingConstructorAccessorImpl.java:45)
	at java.lang.reflect.Constructor.newInstance(Constructor.java:423)
	at org.openqa.selenium.remote.codec.w3c.W3CHttpResponseCodec.createException(W3CHttpResponseCodec.java:200)
	at org.openqa.selenium.remote.codec.w3c.W3CHttpResponseCodec.decode(W3CHttpResponseCodec.java:133)
	at org.openqa.selenium.remote.codec.w3c.W3CHttpResponseCodec.decode(W3CHttpResponseCodec.java:52)
	at org.openqa.selenium.remote.HttpCommandExecutor.execute(HttpCommandExecutor.java:191)
	at org.openqa.selenium.remote.service.DriverCommandExecutor.invokeExecute(DriverCommandExecutor.java:196)
	at org.openqa.selenium.remote.service.DriverCommandExecutor.execute(DriverCommandExecutor.java:171)
	at org.openqa.selenium.remote.RemoteWebDriver.execute(RemoteWebDriver.java:518)
	at org.openqa.selenium.remote.RemoteWebDriver.get(RemoteWebDriver.java:300)
	at Steps.LoginSteps.navigateToTestingEnvironment(LoginSteps.java:24)
	at ✽.Navigate to Testing Environment(file:///C:/Users/AzizKaraca/IdeaProjects/AcrossQaTestSuites/src/test/java/Features/TC18_CustomEntityTemplateEditing.feature:4)
</textarea>
      
      </div>
              </div>
              <div class="step skip-bg" title="Steps.LoginSteps.loginWithQAUserCredentials()">
                <span>When Login with QA user credentials</span>
      <div>Step skipped
      </div>
              </div>
              <div class="step skip-bg" title="Steps.LoginSteps.loginShouldBeSuccessfully()">
                <span>Then Login should be successfully</span>
      <div>Step skipped
      </div>
              </div>
              <div class="step skip-bg" title="Steps.DynamicSteps.userClicksFollowingDynamicElements(io.cucumber.datatable.DataTable)">
                <span>And User clicks following dynamic elements</span>
      <div><table class='markup-table table '><tr><td>click</td><td>Templates</td></tr><tr><td>click</td><td>Custom Entity Templates</td></tr></table>
      </div>
      <div>Step skipped
      </div>
              </div>
              <div class="step skip-bg" title="Steps.DeviceSteps.userSearchTheItem(io.cucumber.datatable.DataTable)">
                <span>And User search the item</span>
      <div><table class='markup-table table '><tr><td>search</td><td>TestCustomEntityTemplate</td></tr></table>
      </div>
      <div>Step skipped
      </div>
              </div>
              <div class="step skip-bg" title="Steps.DynamicSteps.userClicksFollowingDynamicElements(io.cucumber.datatable.DataTable)">
                <span>And User clicks following dynamic elements</span>
      <div><table class='markup-table table '><tr><td>click</td><td>search</td></tr><tr><td>click</td><td>TestCustomEntityTemplate</td></tr></table>
      </div>
      <div>Step skipped
      </div>
              </div>
              <div class="step skip-bg" title="Steps.ActionsStep.userClicksHideButtonIfTheAlertExist(io.cucumber.datatable.DataTable)">
                <span>And User clicks hide button if the alert exist</span>
      <div><table class='markup-table table '><tr><td>hide</td></tr></table>
      </div>
      <div>Step skipped
      </div>
              </div>
              <div class="step skip-bg" title="Steps.DeviceSteps.userClicksFollowingItems(io.cucumber.datatable.DataTable)">
                <span>And User clicks following Items</span>
      <div><table class='markup-table table '><tr><td>edit</td></tr></table>
      </div>
      <div>Step skipped
      </div>
              </div>
              <div class="step skip-bg" title="Steps.DynamicSteps.userEditsTheRecordWithName(io.cucumber.datatable.DataTable)">
                <span>And User edits the record with name</span>
      <div><table class='markup-table table '><tr><td>description</td><td>CustomEntityTemplateForTestEdit</td></tr></table>
      </div>
      <div>Step skipped
      </div>
              </div>
              <div class="step skip-bg" title="Steps.DeviceSteps.userConfirmsTheSelection(io.cucumber.datatable.DataTable)">
                <span>And User confirms the selection</span>
      <div><table class='markup-table table '><tr><td>save</td></tr><tr><td>yes</td></tr></table>
      </div>
      <div>Step skipped
      </div>
              </div>
              <div class="step skip-bg" title="Steps.VerificationSteps.userShouldSeeVerifyMessage(io.cucumber.datatable.DataTable)">
                <span>Then User should see verify message</span>
      <div><table class='markup-table table '><tr><td>success</td><td>success</td></tr></table>
      </div>
      <div>Step skipped
      </div>
              </div>
              <div class="step skip-bg" title="Steps.DynamicSteps.userClicksFollowingDynamicElements(io.cucumber.datatable.DataTable)">
                <span>And User clicks following dynamic elements</span>
      <div><table class='markup-table table '><tr><td>click</td><td>Dashboard</td></tr></table>
      </div>
      <div>Step skipped
      </div>
              </div>
              <div class="step fail-bg" title="AFTER">
                <span>Steps._Hooks.after(io.cucumber.java.Scenario)</span>
      <div>
        <textarea disabled class="code-block">org.openqa.selenium.NoSuchSessionException: invalid session id
Build info: version: '4.11.0', revision: '040bc5406b'
System info: os.name: 'Windows 11', os.arch: 'amd64', os.version: '10.0', java.version: '1.8.0_442'
Driver info: org.openqa.selenium.chrome.ChromeDriver
Command: [4c3b00e1a95d7a497c138ae7a20ccb9b, screenshot {}]
Capabilities {acceptInsecureCerts: false, browserName: chrome, browserVersion: 145.0.7632.109, chrome: {chromedriverVersion: 145.0.7632.77 (da516187054a..., userDataDir: C:\Users\AZIZKA~1\AppData\L...}, fedcm:accounts: true, goog:chromeOptions: {debuggerAddress: localhost:53405}, goog:processID: 31672, networkConnectionEnabled: false, pageLoadStrategy: normal, platformName: windows, proxy: Proxy(), se:cdp: ws://localhost:53405/devtoo..., se:cdpVersion: 145.0.7632.109, setWindowRect: true, strictFileInteractability: false, timeouts: {implicit: 0, pageLoad: 300000, script: 30000}, unhandledPromptBehavior: dismiss and notify, webauthn:extension:credBlob: true, webauthn:extension:largeBlob: true, webauthn:extension:minPinLength: true, webauthn:extension:prf: true, webauthn:virtualAuthenticators: true}
Session ID: 4c3b00e1a95d7a497c138ae7a20ccb9b
	at sun.reflect.NativeConstructorAccessorImpl.newInstance0(Native Method)
	at sun.reflect.NativeConstructorAccessorImpl.newInstance(NativeConstructorAccessorImpl.java:62)
	at sun.reflect.DelegatingConstructorAccessorImpl.newInstance(DelegatingConstructorAccessorImpl.java:45)
	at java.lang.reflect.Constructor.newInstance(Constructor.java:423)
	at org.openqa.selenium.remote.codec.w3c.W3CHttpResponseCodec.createException(W3CHttpResponseCodec.java:200)
	at org.openqa.selenium.remote.codec.w3c.W3CHttpResponseCodec.decode(W3CHttpResponseCodec.java:133)
	at org.openqa.selenium.remote.codec.w3c.W3CHttpResponseCodec.decode(W3CHttpResponseCodec.java:52)
	at org.openqa.selenium.remote.HttpCommandExecutor.execute(HttpCommandExecutor.java:191)
	at org.openqa.selenium.remote.service.DriverCommandExecutor.invokeExecute(DriverCommandExecutor.java:196)
	at org.openqa.selenium.remote.service.DriverCommandExecutor.execute(DriverCommandExecutor.java:171)
	at org.openqa.selenium.remote.RemoteWebDriver.execute(RemoteWebDriver.java:518)
	at org.openqa.selenium.remote.RemoteWebDriver.execute(RemoteWebDriver.java:591)
	at org.openqa.selenium.remote.RemoteWebDriver.execute(RemoteWebDriver.java:595)
	at org.openqa.selenium.remote.RemoteWebDriver.getScreenshotAs(RemoteWebDriver.java:321)
	at Steps._Hooks.after(_Hooks.java:26)
</textarea>
      
      </div>
              </div>
          </div>
        </div>
  </div>
</div>
          </div>
        </li>
        <li class="test-item"  status="fail" test-id="123"
          author=""
          tag=""
          device="">
          <div class="test-detail">
            <p class="name">Library Entity Record Creation</p>
            <p class="text-sm">
              <span>1:13:28 PM</span> / <span>00:00:00:013</span>
              <span class="badge fail-bg log float-right">Fail</span>
            </p>
          </div>
          <div class="test-contents d-none">
<div class="detail-head">
<div class="p-v-10">
<div class="info">
<h5 class="test-status text-fail">Library Entity Record Creation</h5>
<span class='badge badge-success'>02.19.2026 1:13:28 PM</span>
<span class='badge badge-danger'>02.19.2026 1:13:28 PM</span>
<span class='badge badge-default'>00:00:00:013</span>
&middot; <span class='uri-anchor badge badge-default'>#test-id=123</span>
<span class='badge badge-default pointer float-right ml-1 et'><i class="fa fa-chevron-down"></i></span>
<span class='badge badge-default pointer float-right ct'><i class="fa fa-chevron-up"></i></span>
</div>
<div class="m-t-10 m-l-5"></div>
</div>
</div>
<div class="accordion mt-4">
  <div class="card">
    <div class="card-header" role="tab">
      <div class="card-title">
        <div class="node" id="124"><span class="badge log fail-bg mr-2">Fail</span>TC-19 Library Entity Record Creation Scenario</div>
      </div>
    </div>
        <div class="">
          <div class="card-body">
              <div class="step fail-bg" title="Steps.LoginSteps.navigateToTestingEnvironment()">
                <span>Given Navigate to Testing Environment</span>
      <div>
        <textarea disabled class="code-block">org.openqa.selenium.NoSuchSessionException: invalid session id
Build info: version: '4.11.0', revision: '040bc5406b'
System info: os.name: 'Windows 11', os.arch: 'amd64', os.version: '10.0', java.version: '1.8.0_442'
Driver info: org.openqa.selenium.chrome.ChromeDriver
Command: [4c3b00e1a95d7a497c138ae7a20ccb9b, get {url=https://across-testing-v3.demo.i4.energy/}]
Capabilities {acceptInsecureCerts: false, browserName: chrome, browserVersion: 145.0.7632.109, chrome: {chromedriverVersion: 145.0.7632.77 (da516187054a..., userDataDir: C:\Users\AZIZKA~1\AppData\L...}, fedcm:accounts: true, goog:chromeOptions: {debuggerAddress: localhost:53405}, goog:processID: 31672, networkConnectionEnabled: false, pageLoadStrategy: normal, platformName: windows, proxy: Proxy(), se:cdp: ws://localhost:53405/devtoo..., se:cdpVersion: 145.0.7632.109, setWindowRect: true, strictFileInteractability: false, timeouts: {implicit: 0, pageLoad: 300000, script: 30000}, unhandledPromptBehavior: dismiss and notify, webauthn:extension:credBlob: true, webauthn:extension:largeBlob: true, webauthn:extension:minPinLength: true, webauthn:extension:prf: true, webauthn:virtualAuthenticators: true}
Session ID: 4c3b00e1a95d7a497c138ae7a20ccb9b
	at sun.reflect.NativeConstructorAccessorImpl.newInstance0(Native Method)
	at sun.reflect.NativeConstructorAccessorImpl.newInstance(NativeConstructorAccessorImpl.java:62)
	at sun.reflect.DelegatingConstructorAccessorImpl.newInstance(DelegatingConstructorAccessorImpl.java:45)
	at java.lang.reflect.Constructor.newInstance(Constructor.java:423)
	at org.openqa.selenium.remote.codec.w3c.W3CHttpResponseCodec.createException(W3CHttpResponseCodec.java:200)
	at org.openqa.selenium.remote.codec.w3c.W3CHttpResponseCodec.decode(W3CHttpResponseCodec.java:133)
	at org.openqa.selenium.remote.codec.w3c.W3CHttpResponseCodec.decode(W3CHttpResponseCodec.java:52)
	at org.openqa.selenium.remote.HttpCommandExecutor.execute(HttpCommandExecutor.java:191)
	at org.openqa.selenium.remote.service.DriverCommandExecutor.invokeExecute(DriverCommandExecutor.java:196)
	at org.openqa.selenium.remote.service.DriverCommandExecutor.execute(DriverCommandExecutor.java:171)
	at org.openqa.selenium.remote.RemoteWebDriver.execute(RemoteWebDriver.java:518)
	at org.openqa.selenium.remote.RemoteWebDriver.get(RemoteWebDriver.java:300)
	at Steps.LoginSteps.navigateToTestingEnvironment(LoginSteps.java:24)
	at ✽.Navigate to Testing Environment(file:///C:/Users/AzizKaraca/IdeaProjects/AcrossQaTestSuites/src/test/java/Features/TC19_LibraryEntityRecordCreation.feature:4)
</textarea>
      
      </div>
              </div>
              <div class="step skip-bg" title="Steps.LoginSteps.loginWithQAUserCredentials()">
                <span>When Login with QA user credentials</span>
      <div>Step skipped
      </div>
              </div>
              <div class="step skip-bg" title="Steps.LoginSteps.loginShouldBeSuccessfully()">
                <span>Then Login should be successfully</span>
      <div>Step skipped
      </div>
              </div>
              <div class="step skip-bg" title="Steps.DynamicSteps.userClicksFollowingDynamicElements(io.cucumber.datatable.DataTable)">
                <span>And User clicks following dynamic elements</span>
      <div><table class='markup-table table '><tr><td>click</td><td>Entities</td></tr><tr><td>click</td><td>Library Entities</td></tr><tr><td>click</td><td>Library Entity_1</td></tr><tr><td>click</td><td>Create</td></tr></table>
      </div>
      <div>Step skipped
      </div>
              </div>
              <div class="step skip-bg" title="Steps.DeviceSteps.userEntersDataToNecessaryAreas(io.cucumber.datatable.DataTable)">
                <span>And User enters data to necessary areas</span>
      <div><table class='markup-table table '><tr><td>name</td><td>TestLibraryEntityTest</td></tr><tr><td>description</td><td>LibraryEntityForTest</td></tr></table>
      </div>
      <div>Step skipped
      </div>
              </div>
              <div class="step skip-bg" title="Steps.DeviceSteps.userSelectsNecessaryAreas(io.cucumber.datatable.DataTable)">
                <span>And User selects necessary areas</span>
      <div><table class='markup-table table '><tr><td>deviceCategory</td></tr></table>
      </div>
      <div>Step skipped
      </div>
              </div>
              <div class="step skip-bg" title="Steps.DynamicSteps.userClicksFollowingDynamicElements(io.cucumber.datatable.DataTable)">
                <span>And User clicks following dynamic elements</span>
      <div><table class='markup-table table '><tr><td>click</td><td>Turbine</td></tr><tr><td>click</td><td>Wind Turbine</td></tr></table>
      </div>
      <div>Step skipped
      </div>
              </div>
              <div class="step skip-bg" title="Steps.ActionsStep.userPressTheEscButtonOnKeyboardTimes(int)">
                <span>And User press the Esc Button on Keyboard Times</span>
      <div><table class='markup-table table '><tr><td>1</td></tr></table>
      </div>
      <div>Step skipped
      </div>
              </div>
              <div class="step skip-bg" title="Steps.DeviceSteps.userChangesLanguagesOfRelevantFields(io.cucumber.datatable.DataTable)">
                <span>And User changes languages of relevant fields</span>
      <div><table class='markup-table table '><tr><td>english</td></tr><tr><td>greek</td></tr></table>
      </div>
      <div>Step skipped
      </div>
              </div>
              <div class="step skip-bg" title="Steps.DeviceSteps.userEntersDataToNecessaryAreas(io.cucumber.datatable.DataTable)">
                <span>And User enters data to necessary areas</span>
      <div><table class='markup-table table '><tr><td>name</td><td>TestLibraryEntityTestEL</td></tr></table>
      </div>
      <div>Step skipped
      </div>
              </div>
              <div class="step skip-bg" title="Steps.DeviceSteps.userChangesLanguagesOfRelevantFields(io.cucumber.datatable.DataTable)">
                <span>And User changes languages of relevant fields</span>
      <div><table class='markup-table table '><tr><td>english</td></tr><tr><td>greek</td></tr></table>
      </div>
      <div>Step skipped
      </div>
              </div>
              <div class="step skip-bg" title="Steps.DeviceSteps.userEntersDataToNecessaryAreas(io.cucumber.datatable.DataTable)">
                <span>And User enters data to necessary areas</span>
      <div><table class='markup-table table '><tr><td>description</td><td>LibraryEntityForTestEL</td></tr></table>
      </div>
      <div>Step skipped
      </div>
              </div>
              <div class="step skip-bg" title="Steps.DynamicSteps.userClicksFollowingDynamicElements(io.cucumber.datatable.DataTable)">
                <span>And User clicks following dynamic elements</span>
      <div><table class='markup-table table '><tr><td>click</td><td>save</td></tr><tr><td>click</td><td>Yes</td></tr></table>
      </div>
      <div>Step skipped
      </div>
              </div>
              <div class="step skip-bg" title="Steps.VerificationSteps.userShouldSeeVerifyMessage(io.cucumber.datatable.DataTable)">
                <span>Then User should see verify message</span>
      <div><table class='markup-table table '><tr><td>success</td><td>success</td></tr></table>
      </div>
      <div>Step skipped
      </div>
              </div>
              <div class="step skip-bg" title="Steps.DynamicSteps.userClicksFollowingDynamicElements(io.cucumber.datatable.DataTable)">
                <span>And User clicks following dynamic elements</span>
      <div><table class='markup-table table '><tr><td>click</td><td>Dashboard</td></tr></table>
      </div>
      <div>Step skipped
      </div>
              </div>
              <div class="step fail-bg" title="AFTER">
                <span>Steps._Hooks.after(io.cucumber.java.Scenario)</span>
      <div>
        <textarea disabled class="code-block">org.openqa.selenium.NoSuchSessionException: invalid session id
Build info: version: '4.11.0', revision: '040bc5406b'
System info: os.name: 'Windows 11', os.arch: 'amd64', os.version: '10.0', java.version: '1.8.0_442'
Driver info: org.openqa.selenium.chrome.ChromeDriver
Command: [4c3b00e1a95d7a497c138ae7a20ccb9b, screenshot {}]
Capabilities {acceptInsecureCerts: false, browserName: chrome, browserVersion: 145.0.7632.109, chrome: {chromedriverVersion: 145.0.7632.77 (da516187054a..., userDataDir: C:\Users\AZIZKA~1\AppData\L...}, fedcm:accounts: true, goog:chromeOptions: {debuggerAddress: localhost:53405}, goog:processID: 31672, networkConnectionEnabled: false, pageLoadStrategy: normal, platformName: windows, proxy: Proxy(), se:cdp: ws://localhost:53405/devtoo..., se:cdpVersion: 145.0.7632.109, setWindowRect: true, strictFileInteractability: false, timeouts: {implicit: 0, pageLoad: 300000, script: 30000}, unhandledPromptBehavior: dismiss and notify, webauthn:extension:credBlob: true, webauthn:extension:largeBlob: true, webauthn:extension:minPinLength: true, webauthn:extension:prf: true, webauthn:virtualAuthenticators: true}
Session ID: 4c3b00e1a95d7a497c138ae7a20ccb9b
	at sun.reflect.NativeConstructorAccessorImpl.newInstance0(Native Method)
	at sun.reflect.NativeConstructorAccessorImpl.newInstance(NativeConstructorAccessorImpl.java:62)
	at sun.reflect.DelegatingConstructorAccessorImpl.newInstance(DelegatingConstructorAccessorImpl.java:45)
	at java.lang.reflect.Constructor.newInstance(Constructor.java:423)
	at org.openqa.selenium.remote.codec.w3c.W3CHttpResponseCodec.createException(W3CHttpResponseCodec.java:200)
	at org.openqa.selenium.remote.codec.w3c.W3CHttpResponseCodec.decode(W3CHttpResponseCodec.java:133)
	at org.openqa.selenium.remote.codec.w3c.W3CHttpResponseCodec.decode(W3CHttpResponseCodec.java:52)
	at org.openqa.selenium.remote.HttpCommandExecutor.execute(HttpCommandExecutor.java:191)
	at org.openqa.selenium.remote.service.DriverCommandExecutor.invokeExecute(DriverCommandExecutor.java:196)
	at org.openqa.selenium.remote.service.DriverCommandExecutor.execute(DriverCommandExecutor.java:171)
	at org.openqa.selenium.remote.RemoteWebDriver.execute(RemoteWebDriver.java:518)
	at org.openqa.selenium.remote.RemoteWebDriver.execute(RemoteWebDriver.java:591)
	at org.openqa.selenium.remote.RemoteWebDriver.execute(RemoteWebDriver.java:595)
	at org.openqa.selenium.remote.RemoteWebDriver.getScreenshotAs(RemoteWebDriver.java:321)
	at Steps._Hooks.after(_Hooks.java:26)
</textarea>
      
      </div>
              </div>
          </div>
        </div>
  </div>
</div>
          </div>
        </li>
        <li class="test-item"  status="fail" test-id="142"
          author=""
          tag=""
          device="">
          <div class="test-detail">
            <p class="name">Library Entity Record Editing</p>
            <p class="text-sm">
              <span>1:13:28 PM</span> / <span>00:00:00:014</span>
              <span class="badge fail-bg log float-right">Fail</span>
            </p>
          </div>
          <div class="test-contents d-none">
<div class="detail-head">
<div class="p-v-10">
<div class="info">
<h5 class="test-status text-fail">Library Entity Record Editing</h5>
<span class='badge badge-success'>02.19.2026 1:13:28 PM</span>
<span class='badge badge-danger'>02.19.2026 1:13:28 PM</span>
<span class='badge badge-default'>00:00:00:014</span>
&middot; <span class='uri-anchor badge badge-default'>#test-id=142</span>
<span class='badge badge-default pointer float-right ml-1 et'><i class="fa fa-chevron-down"></i></span>
<span class='badge badge-default pointer float-right ct'><i class="fa fa-chevron-up"></i></span>
</div>
<div class="m-t-10 m-l-5"></div>
</div>
</div>
<div class="accordion mt-4">
  <div class="card">
    <div class="card-header" role="tab">
      <div class="card-title">
        <div class="node" id="143"><span class="badge log fail-bg mr-2">Fail</span>TC-20 Library Entity Record Editing Scenario</div>
      </div>
    </div>
        <div class="">
          <div class="card-body">
              <div class="step fail-bg" title="Steps.LoginSteps.navigateToTestingEnvironment()">
                <span>Given Navigate to Testing Environment</span>
      <div>
        <textarea disabled class="code-block">org.openqa.selenium.NoSuchSessionException: invalid session id
Build info: version: '4.11.0', revision: '040bc5406b'
System info: os.name: 'Windows 11', os.arch: 'amd64', os.version: '10.0', java.version: '1.8.0_442'
Driver info: org.openqa.selenium.chrome.ChromeDriver
Command: [4c3b00e1a95d7a497c138ae7a20ccb9b, get {url=https://across-testing-v3.demo.i4.energy/}]
Capabilities {acceptInsecureCerts: false, browserName: chrome, browserVersion: 145.0.7632.109, chrome: {chromedriverVersion: 145.0.7632.77 (da516187054a..., userDataDir: C:\Users\AZIZKA~1\AppData\L...}, fedcm:accounts: true, goog:chromeOptions: {debuggerAddress: localhost:53405}, goog:processID: 31672, networkConnectionEnabled: false, pageLoadStrategy: normal, platformName: windows, proxy: Proxy(), se:cdp: ws://localhost:53405/devtoo..., se:cdpVersion: 145.0.7632.109, setWindowRect: true, strictFileInteractability: false, timeouts: {implicit: 0, pageLoad: 300000, script: 30000}, unhandledPromptBehavior: dismiss and notify, webauthn:extension:credBlob: true, webauthn:extension:largeBlob: true, webauthn:extension:minPinLength: true, webauthn:extension:prf: true, webauthn:virtualAuthenticators: true}
Session ID: 4c3b00e1a95d7a497c138ae7a20ccb9b
	at sun.reflect.GeneratedConstructorAccessor23.newInstance(Unknown Source)
	at sun.reflect.DelegatingConstructorAccessorImpl.newInstance(DelegatingConstructorAccessorImpl.java:45)
	at java.lang.reflect.Constructor.newInstance(Constructor.java:423)
	at org.openqa.selenium.remote.codec.w3c.W3CHttpResponseCodec.createException(W3CHttpResponseCodec.java:200)
	at org.openqa.selenium.remote.codec.w3c.W3CHttpResponseCodec.decode(W3CHttpResponseCodec.java:133)
	at org.openqa.selenium.remote.codec.w3c.W3CHttpResponseCodec.decode(W3CHttpResponseCodec.java:52)
	at org.openqa.selenium.remote.HttpCommandExecutor.execute(HttpCommandExecutor.java:191)
	at org.openqa.selenium.remote.service.DriverCommandExecutor.invokeExecute(DriverCommandExecutor.java:196)
	at org.openqa.selenium.remote.service.DriverCommandExecutor.execute(DriverCommandExecutor.java:171)
	at org.openqa.selenium.remote.RemoteWebDriver.execute(RemoteWebDriver.java:518)
	at org.openqa.selenium.remote.RemoteWebDriver.get(RemoteWebDriver.java:300)
	at Steps.LoginSteps.navigateToTestingEnvironment(LoginSteps.java:24)
	at ✽.Navigate to Testing Environment(file:///C:/Users/AzizKaraca/IdeaProjects/AcrossQaTestSuites/src/test/java/Features/TC20_LibraryEntityRecordEditing.feature:4)
</textarea>
      
      </div>
              </div>
              <div class="step skip-bg" title="Steps.LoginSteps.loginWithQAUserCredentials()">
                <span>When Login with QA user credentials</span>
      <div>Step skipped
      </div>
              </div>
              <div class="step skip-bg" title="Steps.LoginSteps.loginShouldBeSuccessfully()">
                <span>Then Login should be successfully</span>
      <div>Step skipped
      </div>
              </div>
              <div class="step skip-bg" title="Steps.DynamicSteps.userClicksFollowingDynamicElements(io.cucumber.datatable.DataTable)">
                <span>And User clicks following dynamic elements</span>
      <div><table class='markup-table table '><tr><td>click</td><td>Entities</td></tr><tr><td>click</td><td>Library Entities</td></tr><tr><td>click</td><td>Library Entity_1</td></tr></table>
      </div>
      <div>Step skipped
      </div>
              </div>
              <div class="step skip-bg" title="Steps.DeviceSteps.userSearchTheItem(io.cucumber.datatable.DataTable)">
                <span>And User search the item</span>
      <div><table class='markup-table table '><tr><td>search</td><td>TestLibraryEntityTest</td></tr></table>
      </div>
      <div>Step skipped
      </div>
              </div>
              <div class="step skip-bg" title="Steps.DynamicSteps.userClicksFollowingDynamicElements(io.cucumber.datatable.DataTable)">
                <span>And User clicks following dynamic elements</span>
      <div><table class='markup-table table '><tr><td>click</td><td>search</td></tr><tr><td>click</td><td>TestLibraryEntityTest</td></tr></table>
      </div>
      <div>Step skipped
      </div>
              </div>
              <div class="step skip-bg" title="Steps.ActionsStep.userClicksHideButtonIfTheAlertExist(io.cucumber.datatable.DataTable)">
                <span>And User clicks hide button if the alert exist</span>
      <div><table class='markup-table table '><tr><td>hide</td></tr></table>
      </div>
      <div>Step skipped
      </div>
              </div>
              <div class="step skip-bg" title="Steps.DeviceSteps.userClicksFollowingItems(io.cucumber.datatable.DataTable)">
                <span>And User clicks following Items</span>
      <div><table class='markup-table table '><tr><td>edit</td></tr></table>
      </div>
      <div>Step skipped
      </div>
              </div>
              <div class="step skip-bg" title="Steps.DynamicSteps.userEditsTheRecordWithName(io.cucumber.datatable.DataTable)">
                <span>And User edits the record with name</span>
      <div><table class='markup-table table '><tr><td>description</td><td>TestLibraryEntityForTestEdit</td></tr></table>
      </div>
      <div>Step skipped
      </div>
              </div>
              <div class="step skip-bg" title="Steps.DeviceSteps.userConfirmsTheSelection(io.cucumber.datatable.DataTable)">
                <span>And User confirms the selection</span>
      <div><table class='markup-table table '><tr><td>save</td></tr><tr><td>yes</td></tr></table>
      </div>
      <div>Step skipped
      </div>
              </div>
              <div class="step skip-bg" title="Steps.VerificationSteps.userShouldSeeVerifyMessage(io.cucumber.datatable.DataTable)">
                <span>Then User should see verify message</span>
      <div><table class='markup-table table '><tr><td>success</td><td>success</td></tr></table>
      </div>
      <div>Step skipped
      </div>
              </div>
              <div class="step skip-bg" title="Steps.DynamicSteps.userClicksFollowingDynamicElements(io.cucumber.datatable.DataTable)">
                <span>And User clicks following dynamic elements</span>
      <div><table class='markup-table table '><tr><td>click</td><td>Dashboard</td></tr></table>
      </div>
      <div>Step skipped
      </div>
              </div>
              <div class="step fail-bg" title="AFTER">
                <span>Steps._Hooks.after(io.cucumber.java.Scenario)</span>
      <div>
        <textarea disabled class="code-block">org.openqa.selenium.NoSuchSessionException: invalid session id
Build info: version: '4.11.0', revision: '040bc5406b'
System info: os.name: 'Windows 11', os.arch: 'amd64', os.version: '10.0', java.version: '1.8.0_442'
Driver info: org.openqa.selenium.chrome.ChromeDriver
Command: [4c3b00e1a95d7a497c138ae7a20ccb9b, screenshot {}]
Capabilities {acceptInsecureCerts: false, browserName: chrome, browserVersion: 145.0.7632.109, chrome: {chromedriverVersion: 145.0.7632.77 (da516187054a..., userDataDir: C:\Users\AZIZKA~1\AppData\L...}, fedcm:accounts: true, goog:chromeOptions: {debuggerAddress: localhost:53405}, goog:processID: 31672, networkConnectionEnabled: false, pageLoadStrategy: normal, platformName: windows, proxy: Proxy(), se:cdp: ws://localhost:53405/devtoo..., se:cdpVersion: 145.0.7632.109, setWindowRect: true, strictFileInteractability: false, timeouts: {implicit: 0, pageLoad: 300000, script: 30000}, unhandledPromptBehavior: dismiss and notify, webauthn:extension:credBlob: true, webauthn:extension:largeBlob: true, webauthn:extension:minPinLength: true, webauthn:extension:prf: true, webauthn:virtualAuthenticators: true}
Session ID: 4c3b00e1a95d7a497c138ae7a20ccb9b
	at sun.reflect.GeneratedConstructorAccessor23.newInstance(Unknown Source)
	at sun.reflect.DelegatingConstructorAccessorImpl.newInstance(DelegatingConstructorAccessorImpl.java:45)
	at java.lang.reflect.Constructor.newInstance(Constructor.java:423)
	at org.openqa.selenium.remote.codec.w3c.W3CHttpResponseCodec.createException(W3CHttpResponseCodec.java:200)
	at org.openqa.selenium.remote.codec.w3c.W3CHttpResponseCodec.decode(W3CHttpResponseCodec.java:133)
	at org.openqa.selenium.remote.codec.w3c.W3CHttpResponseCodec.decode(W3CHttpResponseCodec.java:52)
	at org.openqa.selenium.remote.HttpCommandExecutor.execute(HttpCommandExecutor.java:191)
	at org.openqa.selenium.remote.service.DriverCommandExecutor.invokeExecute(DriverCommandExecutor.java:196)
	at org.openqa.selenium.remote.service.DriverCommandExecutor.execute(DriverCommandExecutor.java:171)
	at org.openqa.selenium.remote.RemoteWebDriver.execute(RemoteWebDriver.java:518)
	at org.openqa.selenium.remote.RemoteWebDriver.execute(RemoteWebDriver.java:591)
	at org.openqa.selenium.remote.RemoteWebDriver.execute(RemoteWebDriver.java:595)
	at org.openqa.selenium.remote.RemoteWebDriver.getScreenshotAs(RemoteWebDriver.java:321)
	at Steps._Hooks.after(_Hooks.java:26)
</textarea>
      
      </div>
              </div>
          </div>
        </div>
  </div>
</div>
          </div>
        </li>
        <li class="test-item"  status="fail" test-id="158"
          author=""
          tag=""
          device="">
          <div class="test-detail">
            <p class="name">Library Entity Record Deletion</p>
            <p class="text-sm">
              <span>1:13:28 PM</span> / <span>00:00:00:013</span>
              <span class="badge fail-bg log float-right">Fail</span>
            </p>
          </div>
          <div class="test-contents d-none">
<div class="detail-head">
<div class="p-v-10">
<div class="info">
<h5 class="test-status text-fail">Library Entity Record Deletion</h5>
<span class='badge badge-success'>02.19.2026 1:13:28 PM</span>
<span class='badge badge-danger'>02.19.2026 1:13:28 PM</span>
<span class='badge badge-default'>00:00:00:013</span>
&middot; <span class='uri-anchor badge badge-default'>#test-id=158</span>
<span class='badge badge-default pointer float-right ml-1 et'><i class="fa fa-chevron-down"></i></span>
<span class='badge badge-default pointer float-right ct'><i class="fa fa-chevron-up"></i></span>
</div>
<div class="m-t-10 m-l-5"></div>
</div>
</div>
<div class="accordion mt-4">
  <div class="card">
    <div class="card-header" role="tab">
      <div class="card-title">
        <div class="node" id="159"><span class="badge log fail-bg mr-2">Fail</span>TC-21 Library Entity Record Deletion Scenario</div>
      </div>
    </div>
        <div class="">
          <div class="card-body">
              <div class="step fail-bg" title="Steps.LoginSteps.navigateToTestingEnvironment()">
                <span>Given Navigate to Testing Environment</span>
      <div>
        <textarea disabled class="code-block">org.openqa.selenium.NoSuchSessionException: invalid session id
Build info: version: '4.11.0', revision: '040bc5406b'
System info: os.name: 'Windows 11', os.arch: 'amd64', os.version: '10.0', java.version: '1.8.0_442'
Driver info: org.openqa.selenium.chrome.ChromeDriver
Command: [4c3b00e1a95d7a497c138ae7a20ccb9b, get {url=https://across-testing-v3.demo.i4.energy/}]
Capabilities {acceptInsecureCerts: false, browserName: chrome, browserVersion: 145.0.7632.109, chrome: {chromedriverVersion: 145.0.7632.77 (da516187054a..., userDataDir: C:\Users\AZIZKA~1\AppData\L...}, fedcm:accounts: true, goog:chromeOptions: {debuggerAddress: localhost:53405}, goog:processID: 31672, networkConnectionEnabled: false, pageLoadStrategy: normal, platformName: windows, proxy: Proxy(), se:cdp: ws://localhost:53405/devtoo..., se:cdpVersion: 145.0.7632.109, setWindowRect: true, strictFileInteractability: false, timeouts: {implicit: 0, pageLoad: 300000, script: 30000}, unhandledPromptBehavior: dismiss and notify, webauthn:extension:credBlob: true, webauthn:extension:largeBlob: true, webauthn:extension:minPinLength: true, webauthn:extension:prf: true, webauthn:virtualAuthenticators: true}
Session ID: 4c3b00e1a95d7a497c138ae7a20ccb9b
	at sun.reflect.GeneratedConstructorAccessor23.newInstance(Unknown Source)
	at sun.reflect.DelegatingConstructorAccessorImpl.newInstance(DelegatingConstructorAccessorImpl.java:45)
	at java.lang.reflect.Constructor.newInstance(Constructor.java:423)
	at org.openqa.selenium.remote.codec.w3c.W3CHttpResponseCodec.createException(W3CHttpResponseCodec.java:200)
	at org.openqa.selenium.remote.codec.w3c.W3CHttpResponseCodec.decode(W3CHttpResponseCodec.java:133)
	at org.openqa.selenium.remote.codec.w3c.W3CHttpResponseCodec.decode(W3CHttpResponseCodec.java:52)
	at org.openqa.selenium.remote.HttpCommandExecutor.execute(HttpCommandExecutor.java:191)
	at org.openqa.selenium.remote.service.DriverCommandExecutor.invokeExecute(DriverCommandExecutor.java:196)
	at org.openqa.selenium.remote.service.DriverCommandExecutor.execute(DriverCommandExecutor.java:171)
	at org.openqa.selenium.remote.RemoteWebDriver.execute(RemoteWebDriver.java:518)
	at org.openqa.selenium.remote.RemoteWebDriver.get(RemoteWebDriver.java:300)
	at Steps.LoginSteps.navigateToTestingEnvironment(LoginSteps.java:24)
	at ✽.Navigate to Testing Environment(file:///C:/Users/AzizKaraca/IdeaProjects/AcrossQaTestSuites/src/test/java/Features/TC21_LibraryEntityRecordDeletion.feature:4)
</textarea>
      
      </div>
              </div>
              <div class="step skip-bg" title="Steps.LoginSteps.loginWithQAUserCredentials()">
                <span>When Login with QA user credentials</span>
      <div>Step skipped
      </div>
              </div>
              <div class="step skip-bg" title="Steps.LoginSteps.loginShouldBeSuccessfully()">
                <span>Then Login should be successfully</span>
      <div>Step skipped
      </div>
              </div>
              <div class="step skip-bg" title="Steps.DynamicSteps.userClicksFollowingDynamicElements(io.cucumber.datatable.DataTable)">
                <span>And User clicks following dynamic elements</span>
      <div><table class='markup-table table '><tr><td>click</td><td>Entities</td></tr><tr><td>click</td><td>Library Entities</td></tr><tr><td>click</td><td>Library Entity_1</td></tr></table>
      </div>
      <div>Step skipped
      </div>
              </div>
              <div class="step skip-bg" title="Steps.DeviceSteps.userSearchTheItem(io.cucumber.datatable.DataTable)">
                <span>And User search the item</span>
      <div><table class='markup-table table '><tr><td>search</td><td>TestLibraryEntityTest</td></tr></table>
      </div>
      <div>Step skipped
      </div>
              </div>
              <div class="step skip-bg" title="Steps.DynamicSteps.userClicksFollowingDynamicElements(io.cucumber.datatable.DataTable)">
                <span>And User clicks following dynamic elements</span>
      <div><table class='markup-table table '><tr><td>click</td><td>search</td></tr></table>
      </div>
      <div>Step skipped
      </div>
              </div>
              <div class="step skip-bg" title="Steps.DynamicSteps.userClicksFollowingDynamicElements(io.cucumber.datatable.DataTable)">
                <span>And User clicks following dynamic elements</span>
      <div><table class='markup-table table '><tr><td>click</td><td>Name</td></tr><tr><td>click</td><td>delete</td></tr><tr><td>click</td><td>Yes</td></tr></table>
      </div>
      <div>Step skipped
      </div>
              </div>
              <div class="step skip-bg" title="Steps.VerificationSteps.userShouldSeeVerifyMessage(io.cucumber.datatable.DataTable)">
                <span>Then User should see verify message</span>
      <div><table class='markup-table table '><tr><td>success</td><td>success</td></tr></table>
      </div>
      <div>Step skipped
      </div>
              </div>
              <div class="step skip-bg" title="Steps.DynamicSteps.userClicksFollowingDynamicElements(io.cucumber.datatable.DataTable)">
                <span>And User clicks following dynamic elements</span>
      <div><table class='markup-table table '><tr><td>click</td><td>Dashboard</td></tr></table>
      </div>
      <div>Step skipped
      </div>
              </div>
              <div class="step fail-bg" title="AFTER">
                <span>Steps._Hooks.after(io.cucumber.java.Scenario)</span>
      <div>
        <textarea disabled class="code-block">org.openqa.selenium.NoSuchSessionException: invalid session id
Build info: version: '4.11.0', revision: '040bc5406b'
System info: os.name: 'Windows 11', os.arch: 'amd64', os.version: '10.0', java.version: '1.8.0_442'
Driver info: org.openqa.selenium.chrome.ChromeDriver
Command: [4c3b00e1a95d7a497c138ae7a20ccb9b, screenshot {}]
Capabilities {acceptInsecureCerts: false, browserName: chrome, browserVersion: 145.0.7632.109, chrome: {chromedriverVersion: 145.0.7632.77 (da516187054a..., userDataDir: C:\Users\AZIZKA~1\AppData\L...}, fedcm:accounts: true, goog:chromeOptions: {debuggerAddress: localhost:53405}, goog:processID: 31672, networkConnectionEnabled: false, pageLoadStrategy: normal, platformName: windows, proxy: Proxy(), se:cdp: ws://localhost:53405/devtoo..., se:cdpVersion: 145.0.7632.109, setWindowRect: true, strictFileInteractability: false, timeouts: {implicit: 0, pageLoad: 300000, script: 30000}, unhandledPromptBehavior: dismiss and notify, webauthn:extension:credBlob: true, webauthn:extension:largeBlob: true, webauthn:extension:minPinLength: true, webauthn:extension:prf: true, webauthn:virtualAuthenticators: true}
Session ID: 4c3b00e1a95d7a497c138ae7a20ccb9b
	at sun.reflect.GeneratedConstructorAccessor23.newInstance(Unknown Source)
	at sun.reflect.DelegatingConstructorAccessorImpl.newInstance(DelegatingConstructorAccessorImpl.java:45)
	at java.lang.reflect.Constructor.newInstance(Constructor.java:423)
	at org.openqa.selenium.remote.codec.w3c.W3CHttpResponseCodec.createException(W3CHttpResponseCodec.java:200)
	at org.openqa.selenium.remote.codec.w3c.W3CHttpResponseCodec.decode(W3CHttpResponseCodec.java:133)
	at org.openqa.selenium.remote.codec.w3c.W3CHttpResponseCodec.decode(W3CHttpResponseCodec.java:52)
	at org.openqa.selenium.remote.HttpCommandExecutor.execute(HttpCommandExecutor.java:191)
	at org.openqa.selenium.remote.service.DriverCommandExecutor.invokeExecute(DriverCommandExecutor.java:196)
	at org.openqa.selenium.remote.service.DriverCommandExecutor.execute(DriverCommandExecutor.java:171)
	at org.openqa.selenium.remote.RemoteWebDriver.execute(RemoteWebDriver.java:518)
	at org.openqa.selenium.remote.RemoteWebDriver.execute(RemoteWebDriver.java:591)
	at org.openqa.selenium.remote.RemoteWebDriver.execute(RemoteWebDriver.java:595)
	at org.openqa.selenium.remote.RemoteWebDriver.getScreenshotAs(RemoteWebDriver.java:321)
	at Steps._Hooks.after(_Hooks.java:26)
</textarea>
      
      </div>
              </div>
          </div>
        </div>
  </div>
</div>
          </div>
        </li>
        <li class="test-item"  status="fail" test-id="171"
          author=""
          tag=""
          device="">
          <div class="test-detail">
            <p class="name">Instance Entity Record Creation</p>
            <p class="text-sm">
              <span>1:13:28 PM</span> / <span>00:00:00:033</span>
              <span class="badge fail-bg log float-right">Fail</span>
            </p>
          </div>
          <div class="test-contents d-none">
<div class="detail-head">
<div class="p-v-10">
<div class="info">
<h5 class="test-status text-fail">Instance Entity Record Creation</h5>
<span class='badge badge-success'>02.19.2026 1:13:28 PM</span>
<span class='badge badge-danger'>02.19.2026 1:13:28 PM</span>
<span class='badge badge-default'>00:00:00:033</span>
&middot; <span class='uri-anchor badge badge-default'>#test-id=171</span>
<span class='badge badge-default pointer float-right ml-1 et'><i class="fa fa-chevron-down"></i></span>
<span class='badge badge-default pointer float-right ct'><i class="fa fa-chevron-up"></i></span>
</div>
<div class="m-t-10 m-l-5"></div>
</div>
</div>
<div class="accordion mt-4">
  <div class="card">
    <div class="card-header" role="tab">
      <div class="card-title">
        <div class="node" id="172"><span class="badge log fail-bg mr-2">Fail</span>TC-22 Instance Entity Record Creation Scenario</div>
      </div>
    </div>
        <div class="">
          <div class="card-body">
              <div class="step fail-bg" title="Steps.LoginSteps.navigateToTestingEnvironment()">
                <span>Given Navigate to Testing Environment</span>
      <div>
        <textarea disabled class="code-block">org.openqa.selenium.NoSuchSessionException: invalid session id
Build info: version: '4.11.0', revision: '040bc5406b'
System info: os.name: 'Windows 11', os.arch: 'amd64', os.version: '10.0', java.version: '1.8.0_442'
Driver info: org.openqa.selenium.chrome.ChromeDriver
Command: [4c3b00e1a95d7a497c138ae7a20ccb9b, get {url=https://across-testing-v3.demo.i4.energy/}]
Capabilities {acceptInsecureCerts: false, browserName: chrome, browserVersion: 145.0.7632.109, chrome: {chromedriverVersion: 145.0.7632.77 (da516187054a..., userDataDir: C:\Users\AZIZKA~1\AppData\L...}, fedcm:accounts: true, goog:chromeOptions: {debuggerAddress: localhost:53405}, goog:processID: 31672, networkConnectionEnabled: false, pageLoadStrategy: normal, platformName: windows, proxy: Proxy(), se:cdp: ws://localhost:53405/devtoo..., se:cdpVersion: 145.0.7632.109, setWindowRect: true, strictFileInteractability: false, timeouts: {implicit: 0, pageLoad: 300000, script: 30000}, unhandledPromptBehavior: dismiss and notify, webauthn:extension:credBlob: true, webauthn:extension:largeBlob: true, webauthn:extension:minPinLength: true, webauthn:extension:prf: true, webauthn:virtualAuthenticators: true}
Session ID: 4c3b00e1a95d7a497c138ae7a20ccb9b
	at sun.reflect.GeneratedConstructorAccessor23.newInstance(Unknown Source)
	at sun.reflect.DelegatingConstructorAccessorImpl.newInstance(DelegatingConstructorAccessorImpl.java:45)
	at java.lang.reflect.Constructor.newInstance(Constructor.java:423)
	at org.openqa.selenium.remote.codec.w3c.W3CHttpResponseCodec.createException(W3CHttpResponseCodec.java:200)
	at org.openqa.selenium.remote.codec.w3c.W3CHttpResponseCodec.decode(W3CHttpResponseCodec.java:133)
	at org.openqa.selenium.remote.codec.w3c.W3CHttpResponseCodec.decode(W3CHttpResponseCodec.java:52)
	at org.openqa.selenium.remote.HttpCommandExecutor.execute(HttpCommandExecutor.java:191)
	at org.openqa.selenium.remote.service.DriverCommandExecutor.invokeExecute(DriverCommandExecutor.java:196)
	at org.openqa.selenium.remote.service.DriverCommandExecutor.execute(DriverCommandExecutor.java:171)
	at org.openqa.selenium.remote.RemoteWebDriver.execute(RemoteWebDriver.java:518)
	at org.openqa.selenium.remote.RemoteWebDriver.get(RemoteWebDriver.java:300)
	at Steps.LoginSteps.navigateToTestingEnvironment(LoginSteps.java:24)
	at ✽.Navigate to Testing Environment(file:///C:/Users/AzizKaraca/IdeaProjects/AcrossQaTestSuites/src/test/java/Features/TC22_InstanceEntityRecordCreation.feature:4)
</textarea>
      
      </div>
              </div>
              <div class="step skip-bg" title="Steps.LoginSteps.loginWithQAUserCredentials()">
                <span>When Login with QA user credentials</span>
      <div>Step skipped
      </div>
              </div>
              <div class="step skip-bg" title="Steps.LoginSteps.loginShouldBeSuccessfully()">
                <span>Then Login should be successfully</span>
      <div>Step skipped
      </div>
              </div>
              <div class="step skip-bg" title="Steps.DynamicSteps.userClicksFollowingDynamicElements(io.cucumber.datatable.DataTable)">
                <span>And User clicks following dynamic elements</span>
      <div><table class='markup-table table '><tr><td>click</td><td>Entities</td></tr><tr><td>click</td><td>Instance Entities</td></tr><tr><td>click</td><td>Instance Entity_1</td></tr></table>
      </div>
      <div>Step skipped
      </div>
              </div>
              <div class="step skip-bg" title="Steps.DeviceSteps.userClicksFollowingItems(io.cucumber.datatable.DataTable)">
                <span>And User clicks following Items</span>
      <div><table class='markup-table table '><tr><td>create</td></tr><tr><td>installation</td></tr><tr><td>next</td></tr></table>
      </div>
      <div>Step skipped
      </div>
              </div>
              <div class="step skip-bg" title="Steps.DeviceSteps.userEntersDataToNecessaryAreas(io.cucumber.datatable.DataTable)">
                <span>And User enters data to necessary areas</span>
      <div><table class='markup-table table '><tr><td>name</td><td>TestInstanceEntityTest</td></tr><tr><td>description</td><td>InstanceEntityForTest</td></tr></table>
      </div>
      <div>Step skipped
      </div>
              </div>
              <div class="step skip-bg" title="Steps.DeviceSteps.userSelectsNecessaryAreas(io.cucumber.datatable.DataTable)">
                <span>And User selects necessary areas</span>
      <div><table class='markup-table table '><tr><td>deviceCategory</td></tr></table>
      </div>
      <div>Step skipped
      </div>
              </div>
              <div class="step skip-bg" title="Steps.DynamicSteps.userClicksFollowingDynamicElements(io.cucumber.datatable.DataTable)">
                <span>And User clicks following dynamic elements</span>
      <div><table class='markup-table table '><tr><td>click</td><td>Turbine</td></tr><tr><td>click</td><td>Wind Turbine</td></tr></table>
      </div>
      <div>Step skipped
      </div>
              </div>
              <div class="step skip-bg" title="Steps.ActionsStep.userPressTheEscButtonOnKeyboardTimes(int)">
                <span>And User press the Esc Button on Keyboard Times</span>
      <div><table class='markup-table table '><tr><td>1</td></tr></table>
      </div>
      <div>Step skipped
      </div>
              </div>
              <div class="step skip-bg" title="Steps.DeviceSteps.userChangesLanguagesOfRelevantFields(io.cucumber.datatable.DataTable)">
                <span>And User changes languages of relevant fields</span>
      <div><table class='markup-table table '><tr><td>english</td></tr><tr><td>greek</td></tr></table>
      </div>
      <div>Step skipped
      </div>
              </div>
              <div class="step skip-bg" title="Steps.DeviceSteps.userEntersDataToNecessaryAreas(io.cucumber.datatable.DataTable)">
                <span>And User enters data to necessary areas</span>
      <div><table class='markup-table table '><tr><td>name</td><td>TestInstanceEntityTestEL</td></tr></table>
      </div>
      <div>Step skipped
      </div>
              </div>
              <div class="step skip-bg" title="Steps.DeviceSteps.userChangesLanguagesOfRelevantFields(io.cucumber.datatable.DataTable)">
                <span>And User changes languages of relevant fields</span>
      <div><table class='markup-table table '><tr><td>english</td></tr><tr><td>greek</td></tr></table>
      </div>
      <div>Step skipped
      </div>
              </div>
              <div class="step skip-bg" title="Steps.DeviceSteps.userEntersDataToNecessaryAreas(io.cucumber.datatable.DataTable)">
                <span>And User enters data to necessary areas</span>
      <div><table class='markup-table table '><tr><td>description</td><td>InstanceEntityForTestEL</td></tr></table>
      </div>
      <div>Step skipped
      </div>
              </div>
              <div class="step skip-bg" title="Steps.DynamicSteps.userClicksFollowingDynamicElements(io.cucumber.datatable.DataTable)">
                <span>And User clicks following dynamic elements</span>
      <div><table class='markup-table table '><tr><td>click</td><td>Save</td></tr></table>
      </div>
      <div>Step skipped
      </div>
              </div>
              <div class="step skip-bg" title="Steps.DeviceSteps.userEntersDataToNecessaryAreas(io.cucumber.datatable.DataTable)">
                <span>And User enters data to necessary areas</span>
      <div><table class='markup-table table '><tr><td>reason</td><td>TestInstanceEntityCreation</td></tr></table>
      </div>
      <div>Step skipped
      </div>
              </div>
              <div class="step skip-bg" title="Steps.DynamicSteps.userClicksFollowingDynamicElements(io.cucumber.datatable.DataTable)">
                <span>And User clicks following dynamic elements</span>
      <div><table class='markup-table table '><tr><td>click</td><td>Yes</td></tr></table>
      </div>
      <div>Step skipped
      </div>
              </div>
              <div class="step skip-bg" title="Steps.VerificationSteps.userShouldSeeVerifyMessage(io.cucumber.datatable.DataTable)">
                <span>Then User should see verify message</span>
      <div><table class='markup-table table '><tr><td>success</td><td>success</td></tr></table>
      </div>
      <div>Step skipped
      </div>
              </div>
              <div class="step skip-bg" title="Steps.DynamicSteps.userClicksFollowingDynamicElements(io.cucumber.datatable.DataTable)">
                <span>And User clicks following dynamic elements</span>
      <div><table class='markup-table table '><tr><td>click</td><td>Dashboard</td></tr></table>
      </div>
      <div>Step skipped
      </div>
              </div>
              <div class="step fail-bg" title="AFTER">
                <span>Steps._Hooks.after(io.cucumber.java.Scenario)</span>
      <div>
        <textarea disabled class="code-block">org.openqa.selenium.NoSuchSessionException: invalid session id
Build info: version: '4.11.0', revision: '040bc5406b'
System info: os.name: 'Windows 11', os.arch: 'amd64', os.version: '10.0', java.version: '1.8.0_442'
Driver info: org.openqa.selenium.chrome.ChromeDriver
Command: [4c3b00e1a95d7a497c138ae7a20ccb9b, screenshot {}]
Capabilities {acceptInsecureCerts: false, browserName: chrome, browserVersion: 145.0.7632.109, chrome: {chromedriverVersion: 145.0.7632.77 (da516187054a..., userDataDir: C:\Users\AZIZKA~1\AppData\L...}, fedcm:accounts: true, goog:chromeOptions: {debuggerAddress: localhost:53405}, goog:processID: 31672, networkConnectionEnabled: false, pageLoadStrategy: normal, platformName: windows, proxy: Proxy(), se:cdp: ws://localhost:53405/devtoo..., se:cdpVersion: 145.0.7632.109, setWindowRect: true, strictFileInteractability: false, timeouts: {implicit: 0, pageLoad: 300000, script: 30000}, unhandledPromptBehavior: dismiss and notify, webauthn:extension:credBlob: true, webauthn:extension:largeBlob: true, webauthn:extension:minPinLength: true, webauthn:extension:prf: true, webauthn:virtualAuthenticators: true}
Session ID: 4c3b00e1a95d7a497c138ae7a20ccb9b
	at sun.reflect.GeneratedConstructorAccessor23.newInstance(Unknown Source)
	at sun.reflect.DelegatingConstructorAccessorImpl.newInstance(DelegatingConstructorAccessorImpl.java:45)
	at java.lang.reflect.Constructor.newInstance(Constructor.java:423)
	at org.openqa.selenium.remote.codec.w3c.W3CHttpResponseCodec.createException(W3CHttpResponseCodec.java:200)
	at org.openqa.selenium.remote.codec.w3c.W3CHttpResponseCodec.decode(W3CHttpResponseCodec.java:133)
	at org.openqa.selenium.remote.codec.w3c.W3CHttpResponseCodec.decode(W3CHttpResponseCodec.java:52)
	at org.openqa.selenium.remote.HttpCommandExecutor.execute(HttpCommandExecutor.java:191)
	at org.openqa.selenium.remote.service.DriverCommandExecutor.invokeExecute(DriverCommandExecutor.java:196)
	at org.openqa.selenium.remote.service.DriverCommandExecutor.execute(DriverCommandExecutor.java:171)
	at org.openqa.selenium.remote.RemoteWebDriver.execute(RemoteWebDriver.java:518)
	at org.openqa.selenium.remote.RemoteWebDriver.execute(RemoteWebDriver.java:591)
	at org.openqa.selenium.remote.RemoteWebDriver.execute(RemoteWebDriver.java:595)
	at org.openqa.selenium.remote.RemoteWebDriver.getScreenshotAs(RemoteWebDriver.java:321)
	at Steps._Hooks.after(_Hooks.java:26)
</textarea>
      
      </div>
              </div>
          </div>
        </div>
  </div>
</div>
          </div>
        </li>
        <li class="test-item"  status="fail" test-id="193"
          author=""
          tag=""
          device="">
          <div class="test-detail">
            <p class="name">Instance Entity Record Editing</p>
            <p class="text-sm">
              <span>1:13:28 PM</span> / <span>00:00:00:008</span>
              <span class="badge fail-bg log float-right">Fail</span>
            </p>
          </div>
          <div class="test-contents d-none">
<div class="detail-head">
<div class="p-v-10">
<div class="info">
<h5 class="test-status text-fail">Instance Entity Record Editing</h5>
<span class='badge badge-success'>02.19.2026 1:13:28 PM</span>
<span class='badge badge-danger'>02.19.2026 1:13:28 PM</span>
<span class='badge badge-default'>00:00:00:008</span>
&middot; <span class='uri-anchor badge badge-default'>#test-id=193</span>
<span class='badge badge-default pointer float-right ml-1 et'><i class="fa fa-chevron-down"></i></span>
<span class='badge badge-default pointer float-right ct'><i class="fa fa-chevron-up"></i></span>
</div>
<div class="m-t-10 m-l-5"></div>
</div>
</div>
<div class="accordion mt-4">
  <div class="card">
    <div class="card-header" role="tab">
      <div class="card-title">
        <div class="node" id="194"><span class="badge log fail-bg mr-2">Fail</span>TC-23 Instance Entity Record Editing Scenario</div>
      </div>
    </div>
        <div class="">
          <div class="card-body">
              <div class="step fail-bg" title="Steps.LoginSteps.navigateToTestingEnvironment()">
                <span>Given Navigate to Testing Environment</span>
      <div>
        <textarea disabled class="code-block">org.openqa.selenium.NoSuchSessionException: invalid session id
Build info: version: '4.11.0', revision: '040bc5406b'
System info: os.name: 'Windows 11', os.arch: 'amd64', os.version: '10.0', java.version: '1.8.0_442'
Driver info: org.openqa.selenium.chrome.ChromeDriver
Command: [4c3b00e1a95d7a497c138ae7a20ccb9b, get {url=https://across-testing-v3.demo.i4.energy/}]
Capabilities {acceptInsecureCerts: false, browserName: chrome, browserVersion: 145.0.7632.109, chrome: {chromedriverVersion: 145.0.7632.77 (da516187054a..., userDataDir: C:\Users\AZIZKA~1\AppData\L...}, fedcm:accounts: true, goog:chromeOptions: {debuggerAddress: localhost:53405}, goog:processID: 31672, networkConnectionEnabled: false, pageLoadStrategy: normal, platformName: windows, proxy: Proxy(), se:cdp: ws://localhost:53405/devtoo..., se:cdpVersion: 145.0.7632.109, setWindowRect: true, strictFileInteractability: false, timeouts: {implicit: 0, pageLoad: 300000, script: 30000}, unhandledPromptBehavior: dismiss and notify, webauthn:extension:credBlob: true, webauthn:extension:largeBlob: true, webauthn:extension:minPinLength: true, webauthn:extension:prf: true, webauthn:virtualAuthenticators: true}
Session ID: 4c3b00e1a95d7a497c138ae7a20ccb9b
	at sun.reflect.GeneratedConstructorAccessor23.newInstance(Unknown Source)
	at sun.reflect.DelegatingConstructorAccessorImpl.newInstance(DelegatingConstructorAccessorImpl.java:45)
	at java.lang.reflect.Constructor.newInstance(Constructor.java:423)
	at org.openqa.selenium.remote.codec.w3c.W3CHttpResponseCodec.createException(W3CHttpResponseCodec.java:200)
	at org.openqa.selenium.remote.codec.w3c.W3CHttpResponseCodec.decode(W3CHttpResponseCodec.java:133)
	at org.openqa.selenium.remote.codec.w3c.W3CHttpResponseCodec.decode(W3CHttpResponseCodec.java:52)
	at org.openqa.selenium.remote.HttpCommandExecutor.execute(HttpCommandExecutor.java:191)
	at org.openqa.selenium.remote.service.DriverCommandExecutor.invokeExecute(DriverCommandExecutor.java:196)
	at org.openqa.selenium.remote.service.DriverCommandExecutor.execute(DriverCommandExecutor.java:171)
	at org.openqa.selenium.remote.RemoteWebDriver.execute(RemoteWebDriver.java:518)
	at org.openqa.selenium.remote.RemoteWebDriver.get(RemoteWebDriver.java:300)
	at Steps.LoginSteps.navigateToTestingEnvironment(LoginSteps.java:24)
	at ✽.Navigate to Testing Environment(file:///C:/Users/AzizKaraca/IdeaProjects/AcrossQaTestSuites/src/test/java/Features/TC23_InstanceEntityRecordEditing.feature:4)
</textarea>
      
      </div>
              </div>
              <div class="step skip-bg" title="Steps.LoginSteps.loginWithQAUserCredentials()">
                <span>When Login with QA user credentials</span>
      <div>Step skipped
      </div>
              </div>
              <div class="step skip-bg" title="Steps.LoginSteps.loginShouldBeSuccessfully()">
                <span>Then Login should be successfully</span>
      <div>Step skipped
      </div>
              </div>
              <div class="step skip-bg" title="Steps.DynamicSteps.userClicksFollowingDynamicElements(io.cucumber.datatable.DataTable)">
                <span>And User clicks following dynamic elements</span>
      <div><table class='markup-table table '><tr><td>click</td><td>Entities</td></tr><tr><td>click</td><td>Instance Entities</td></tr><tr><td>click</td><td>Instance Entity_1</td></tr></table>
      </div>
      <div>Step skipped
      </div>
              </div>
              <div class="step skip-bg" title="Steps.DeviceSteps.userSearchTheItem(io.cucumber.datatable.DataTable)">
                <span>And User search the item</span>
      <div><table class='markup-table table '><tr><td>search</td><td>TestInstanceEntityTest</td></tr></table>
      </div>
      <div>Step skipped
      </div>
              </div>
              <div class="step skip-bg" title="Steps.DynamicSteps.userClicksFollowingDynamicElements(io.cucumber.datatable.DataTable)">
                <span>And User clicks following dynamic elements</span>
      <div><table class='markup-table table '><tr><td>click</td><td>search</td></tr><tr><td>click</td><td>TestInstanceEntityTest</td></tr></table>
      </div>
      <div>Step skipped
      </div>
              </div>
              <div class="step skip-bg" title="Steps.ActionsStep.userClicksHideButtonIfTheAlertExist(io.cucumber.datatable.DataTable)">
                <span>And User clicks hide button if the alert exist</span>
      <div><table class='markup-table table '><tr><td>hide</td></tr></table>
      </div>
      <div>Step skipped
      </div>
              </div>
              <div class="step skip-bg" title="Steps.DeviceSteps.userClicksFollowingItems(io.cucumber.datatable.DataTable)">
                <span>And User clicks following Items</span>
      <div><table class='markup-table table '><tr><td>edit</td></tr></table>
      </div>
      <div>Step skipped
      </div>
              </div>
              <div class="step skip-bg" title="Steps.DynamicSteps.userEditsTheRecordWithName(io.cucumber.datatable.DataTable)">
                <span>And User edits the record with name</span>
      <div><table class='markup-table table '><tr><td>description</td><td>TestInstanceEntityForTestEdit</td></tr></table>
      </div>
      <div>Step skipped
      </div>
              </div>
              <div class="step skip-bg" title="Steps.DynamicSteps.userClicksFollowingDynamicElements(io.cucumber.datatable.DataTable)">
                <span>And User clicks following dynamic elements</span>
      <div><table class='markup-table table '><tr><td>click</td><td>Save</td></tr></table>
      </div>
      <div>Step skipped
      </div>
              </div>
              <div class="step skip-bg" title="Steps.DeviceSteps.userEntersDataToNecessaryAreas(io.cucumber.datatable.DataTable)">
                <span>And User enters data to necessary areas</span>
      <div><table class='markup-table table '><tr><td>reason</td><td>TestInstanceEntityEdition</td></tr></table>
      </div>
      <div>Step skipped
      </div>
              </div>
              <div class="step skip-bg" title="Steps.DynamicSteps.userClicksFollowingDynamicElements(io.cucumber.datatable.DataTable)">
                <span>And User clicks following dynamic elements</span>
      <div><table class='markup-table table '><tr><td>click</td><td>Yes</td></tr></table>
      </div>
      <div>Step skipped
      </div>
              </div>
              <div class="step skip-bg" title="Steps.VerificationSteps.userShouldSeeVerifyMessage(io.cucumber.datatable.DataTable)">
                <span>Then User should see verify message</span>
      <div><table class='markup-table table '><tr><td>success</td><td>success</td></tr></table>
      </div>
      <div>Step skipped
      </div>
              </div>
              <div class="step skip-bg" title="Steps.DynamicSteps.userClicksFollowingDynamicElements(io.cucumber.datatable.DataTable)">
                <span>And User clicks following dynamic elements</span>
      <div><table class='markup-table table '><tr><td>click</td><td>Dashboard</td></tr></table>
      </div>
      <div>Step skipped
      </div>
              </div>
              <div class="step fail-bg" title="AFTER">
                <span>Steps._Hooks.after(io.cucumber.java.Scenario)</span>
      <div>
        <textarea disabled class="code-block">org.openqa.selenium.NoSuchSessionException: invalid session id
Build info: version: '4.11.0', revision: '040bc5406b'
System info: os.name: 'Windows 11', os.arch: 'amd64', os.version: '10.0', java.version: '1.8.0_442'
Driver info: org.openqa.selenium.chrome.ChromeDriver
Command: [4c3b00e1a95d7a497c138ae7a20ccb9b, screenshot {}]
Capabilities {acceptInsecureCerts: false, browserName: chrome, browserVersion: 145.0.7632.109, chrome: {chromedriverVersion: 145.0.7632.77 (da516187054a..., userDataDir: C:\Users\AZIZKA~1\AppData\L...}, fedcm:accounts: true, goog:chromeOptions: {debuggerAddress: localhost:53405}, goog:processID: 31672, networkConnectionEnabled: false, pageLoadStrategy: normal, platformName: windows, proxy: Proxy(), se:cdp: ws://localhost:53405/devtoo..., se:cdpVersion: 145.0.7632.109, setWindowRect: true, strictFileInteractability: false, timeouts: {implicit: 0, pageLoad: 300000, script: 30000}, unhandledPromptBehavior: dismiss and notify, webauthn:extension:credBlob: true, webauthn:extension:largeBlob: true, webauthn:extension:minPinLength: true, webauthn:extension:prf: true, webauthn:virtualAuthenticators: true}
Session ID: 4c3b00e1a95d7a497c138ae7a20ccb9b
	at sun.reflect.GeneratedConstructorAccessor23.newInstance(Unknown Source)
	at sun.reflect.DelegatingConstructorAccessorImpl.newInstance(DelegatingConstructorAccessorImpl.java:45)
	at java.lang.reflect.Constructor.newInstance(Constructor.java:423)
	at org.openqa.selenium.remote.codec.w3c.W3CHttpResponseCodec.createException(W3CHttpResponseCodec.java:200)
	at org.openqa.selenium.remote.codec.w3c.W3CHttpResponseCodec.decode(W3CHttpResponseCodec.java:133)
	at org.openqa.selenium.remote.codec.w3c.W3CHttpResponseCodec.decode(W3CHttpResponseCodec.java:52)
	at org.openqa.selenium.remote.HttpCommandExecutor.execute(HttpCommandExecutor.java:191)
	at org.openqa.selenium.remote.service.DriverCommandExecutor.invokeExecute(DriverCommandExecutor.java:196)
	at org.openqa.selenium.remote.service.DriverCommandExecutor.execute(DriverCommandExecutor.java:171)
	at org.openqa.selenium.remote.RemoteWebDriver.execute(RemoteWebDriver.java:518)
	at org.openqa.selenium.remote.RemoteWebDriver.execute(RemoteWebDriver.java:591)
	at org.openqa.selenium.remote.RemoteWebDriver.execute(RemoteWebDriver.java:595)
	at org.openqa.selenium.remote.RemoteWebDriver.getScreenshotAs(RemoteWebDriver.java:321)
	at Steps._Hooks.after(_Hooks.java:26)
</textarea>
      
      </div>
              </div>
          </div>
        </div>
  </div>
</div>
          </div>
        </li>
        <li class="test-item"  status="fail" test-id="211"
          author=""
          tag=""
          device="">
          <div class="test-detail">
            <p class="name">Instance Entity Record Deletion</p>
            <p class="text-sm">
              <span>1:13:28 PM</span> / <span>00:00:00:008</span>
              <span class="badge fail-bg log float-right">Fail</span>
            </p>
          </div>
          <div class="test-contents d-none">
<div class="detail-head">
<div class="p-v-10">
<div class="info">
<h5 class="test-status text-fail">Instance Entity Record Deletion</h5>
<span class='badge badge-success'>02.19.2026 1:13:28 PM</span>
<span class='badge badge-danger'>02.19.2026 1:13:28 PM</span>
<span class='badge badge-default'>00:00:00:008</span>
&middot; <span class='uri-anchor badge badge-default'>#test-id=211</span>
<span class='badge badge-default pointer float-right ml-1 et'><i class="fa fa-chevron-down"></i></span>
<span class='badge badge-default pointer float-right ct'><i class="fa fa-chevron-up"></i></span>
</div>
<div class="m-t-10 m-l-5"></div>
</div>
</div>
<div class="accordion mt-4">
  <div class="card">
    <div class="card-header" role="tab">
      <div class="card-title">
        <div class="node" id="212"><span class="badge log fail-bg mr-2">Fail</span>TC-24 Instance Entity Record Deletion Scenario</div>
      </div>
    </div>
        <div class="">
          <div class="card-body">
              <div class="step fail-bg" title="Steps.LoginSteps.navigateToTestingEnvironment()">
                <span>Given Navigate to Testing Environment</span>
      <div>
        <textarea disabled class="code-block">org.openqa.selenium.NoSuchSessionException: invalid session id
Build info: version: '4.11.0', revision: '040bc5406b'
System info: os.name: 'Windows 11', os.arch: 'amd64', os.version: '10.0', java.version: '1.8.0_442'
Driver info: org.openqa.selenium.chrome.ChromeDriver
Command: [4c3b00e1a95d7a497c138ae7a20ccb9b, get {url=https://across-testing-v3.demo.i4.energy/}]
Capabilities {acceptInsecureCerts: false, browserName: chrome, browserVersion: 145.0.7632.109, chrome: {chromedriverVersion: 145.0.7632.77 (da516187054a..., userDataDir: C:\Users\AZIZKA~1\AppData\L...}, fedcm:accounts: true, goog:chromeOptions: {debuggerAddress: localhost:53405}, goog:processID: 31672, networkConnectionEnabled: false, pageLoadStrategy: normal, platformName: windows, proxy: Proxy(), se:cdp: ws://localhost:53405/devtoo..., se:cdpVersion: 145.0.7632.109, setWindowRect: true, strictFileInteractability: false, timeouts: {implicit: 0, pageLoad: 300000, script: 30000}, unhandledPromptBehavior: dismiss and notify, webauthn:extension:credBlob: true, webauthn:extension:largeBlob: true, webauthn:extension:minPinLength: true, webauthn:extension:prf: true, webauthn:virtualAuthenticators: true}
Session ID: 4c3b00e1a95d7a497c138ae7a20ccb9b
	at sun.reflect.GeneratedConstructorAccessor23.newInstance(Unknown Source)
	at sun.reflect.DelegatingConstructorAccessorImpl.newInstance(DelegatingConstructorAccessorImpl.java:45)
	at java.lang.reflect.Constructor.newInstance(Constructor.java:423)
	at org.openqa.selenium.remote.codec.w3c.W3CHttpResponseCodec.createException(W3CHttpResponseCodec.java:200)
	at org.openqa.selenium.remote.codec.w3c.W3CHttpResponseCodec.decode(W3CHttpResponseCodec.java:133)
	at org.openqa.selenium.remote.codec.w3c.W3CHttpResponseCodec.decode(W3CHttpResponseCodec.java:52)
	at org.openqa.selenium.remote.HttpCommandExecutor.execute(HttpCommandExecutor.java:191)
	at org.openqa.selenium.remote.service.DriverCommandExecutor.invokeExecute(DriverCommandExecutor.java:196)
	at org.openqa.selenium.remote.service.DriverCommandExecutor.execute(DriverCommandExecutor.java:171)
	at org.openqa.selenium.remote.RemoteWebDriver.execute(RemoteWebDriver.java:518)
	at org.openqa.selenium.remote.RemoteWebDriver.get(RemoteWebDriver.java:300)
	at Steps.LoginSteps.navigateToTestingEnvironment(LoginSteps.java:24)
	at ✽.Navigate to Testing Environment(file:///C:/Users/AzizKaraca/IdeaProjects/AcrossQaTestSuites/src/test/java/Features/TC24_InstanceEntityRecordDeletion.feature:4)
</textarea>
      
      </div>
              </div>
              <div class="step skip-bg" title="Steps.LoginSteps.loginWithQAUserCredentials()">
                <span>When Login with QA user credentials</span>
      <div>Step skipped
      </div>
              </div>
              <div class="step skip-bg" title="Steps.LoginSteps.loginShouldBeSuccessfully()">
                <span>Then Login should be successfully</span>
      <div>Step skipped
      </div>
              </div>
              <div class="step skip-bg" title="Steps.DynamicSteps.userClicksFollowingDynamicElements(io.cucumber.datatable.DataTable)">
                <span>And User clicks following dynamic elements</span>
      <div><table class='markup-table table '><tr><td>click</td><td>Entities</td></tr><tr><td>click</td><td>Instance Entities</td></tr><tr><td>click</td><td>Instance Entity_1</td></tr></table>
      </div>
      <div>Step skipped
      </div>
              </div>
              <div class="step skip-bg" title="Steps.DeviceSteps.userSearchTheItem(io.cucumber.datatable.DataTable)">
                <span>And User search the item</span>
      <div><table class='markup-table table '><tr><td>search</td><td>TestInstanceEntityTest</td></tr></table>
      </div>
      <div>Step skipped
      </div>
              </div>
              <div class="step skip-bg" title="Steps.DynamicSteps.userClicksFollowingDynamicElements(io.cucumber.datatable.DataTable)">
                <span>And User clicks following dynamic elements</span>
      <div><table class='markup-table table '><tr><td>click</td><td>search</td></tr></table>
      </div>
      <div>Step skipped
      </div>
              </div>
              <div class="step skip-bg" title="Steps.DynamicSteps.userClicksFollowingDynamicElements(io.cucumber.datatable.DataTable)">
                <span>And User clicks following dynamic elements</span>
      <div><table class='markup-table table '><tr><td>click</td><td>Name</td></tr><tr><td>click</td><td>delete</td></tr><tr><td>click</td><td>Yes</td></tr></table>
      </div>
      <div>Step skipped
      </div>
              </div>
              <div class="step skip-bg" title="Steps.VerificationSteps.userShouldSeeVerifyMessage(io.cucumber.datatable.DataTable)">
                <span>Then User should see verify message</span>
      <div><table class='markup-table table '><tr><td>success</td><td>success</td></tr></table>
      </div>
      <div>Step skipped
      </div>
              </div>
              <div class="step skip-bg" title="Steps.DynamicSteps.userClicksFollowingDynamicElements(io.cucumber.datatable.DataTable)">
                <span>And User clicks following dynamic elements</span>
      <div><table class='markup-table table '><tr><td>click</td><td>Dashboard</td></tr></table>
      </div>
      <div>Step skipped
      </div>
              </div>
              <div class="step fail-bg" title="AFTER">
                <span>Steps._Hooks.after(io.cucumber.java.Scenario)</span>
      <div>
        <textarea disabled class="code-block">org.openqa.selenium.NoSuchSessionException: invalid session id
Build info: version: '4.11.0', revision: '040bc5406b'
System info: os.name: 'Windows 11', os.arch: 'amd64', os.version: '10.0', java.version: '1.8.0_442'
Driver info: org.openqa.selenium.chrome.ChromeDriver
Command: [4c3b00e1a95d7a497c138ae7a20ccb9b, screenshot {}]
Capabilities {acceptInsecureCerts: false, browserName: chrome, browserVersion: 145.0.7632.109, chrome: {chromedriverVersion: 145.0.7632.77 (da516187054a..., userDataDir: C:\Users\AZIZKA~1\AppData\L...}, fedcm:accounts: true, goog:chromeOptions: {debuggerAddress: localhost:53405}, goog:processID: 31672, networkConnectionEnabled: false, pageLoadStrategy: normal, platformName: windows, proxy: Proxy(), se:cdp: ws://localhost:53405/devtoo..., se:cdpVersion: 145.0.7632.109, setWindowRect: true, strictFileInteractability: false, timeouts: {implicit: 0, pageLoad: 300000, script: 30000}, unhandledPromptBehavior: dismiss and notify, webauthn:extension:credBlob: true, webauthn:extension:largeBlob: true, webauthn:extension:minPinLength: true, webauthn:extension:prf: true, webauthn:virtualAuthenticators: true}
Session ID: 4c3b00e1a95d7a497c138ae7a20ccb9b
	at sun.reflect.GeneratedConstructorAccessor23.newInstance(Unknown Source)
	at sun.reflect.DelegatingConstructorAccessorImpl.newInstance(DelegatingConstructorAccessorImpl.java:45)
	at java.lang.reflect.Constructor.newInstance(Constructor.java:423)
	at org.openqa.selenium.remote.codec.w3c.W3CHttpResponseCodec.createException(W3CHttpResponseCodec.java:200)
	at org.openqa.selenium.remote.codec.w3c.W3CHttpResponseCodec.decode(W3CHttpResponseCodec.java:133)
	at org.openqa.selenium.remote.codec.w3c.W3CHttpResponseCodec.decode(W3CHttpResponseCodec.java:52)
	at org.openqa.selenium.remote.HttpCommandExecutor.execute(HttpCommandExecutor.java:191)
	at org.openqa.selenium.remote.service.DriverCommandExecutor.invokeExecute(DriverCommandExecutor.java:196)
	at org.openqa.selenium.remote.service.DriverCommandExecutor.execute(DriverCommandExecutor.java:171)
	at org.openqa.selenium.remote.RemoteWebDriver.execute(RemoteWebDriver.java:518)
	at org.openqa.selenium.remote.RemoteWebDriver.execute(RemoteWebDriver.java:591)
	at org.openqa.selenium.remote.RemoteWebDriver.execute(RemoteWebDriver.java:595)
	at org.openqa.selenium.remote.RemoteWebDriver.getScreenshotAs(RemoteWebDriver.java:321)
	at Steps._Hooks.after(_Hooks.java:26)
</textarea>
      
      </div>
              </div>
          </div>
        </div>
  </div>
</div>
          </div>
        </li>
        <li class="test-item"  status="fail" test-id="224"
          author=""
          tag=""
          device="">
          <div class="test-detail">
            <p class="name">Instance Entity Record Import From Library Entity Records</p>
            <p class="text-sm">
              <span>1:13:28 PM</span> / <span>00:00:00:010</span>
              <span class="badge fail-bg log float-right">Fail</span>
            </p>
          </div>
          <div class="test-contents d-none">
<div class="detail-head">
<div class="p-v-10">
<div class="info">
<h5 class="test-status text-fail">Instance Entity Record Import From Library Entity Records</h5>
<span class='badge badge-success'>02.19.2026 1:13:28 PM</span>
<span class='badge badge-danger'>02.19.2026 1:13:28 PM</span>
<span class='badge badge-default'>00:00:00:010</span>
&middot; <span class='uri-anchor badge badge-default'>#test-id=224</span>
<span class='badge badge-default pointer float-right ml-1 et'><i class="fa fa-chevron-down"></i></span>
<span class='badge badge-default pointer float-right ct'><i class="fa fa-chevron-up"></i></span>
</div>
<div class="m-t-10 m-l-5"></div>
</div>
</div>
<div class="accordion mt-4">
  <div class="card">
    <div class="card-header" role="tab">
      <div class="card-title">
        <div class="node" id="225"><span class="badge log fail-bg mr-2">Fail</span>TC-25 Instance Entity Record Import From Library Scenario</div>
      </div>
    </div>
        <div class="">
          <div class="card-body">
              <div class="step fail-bg" title="Steps.LoginSteps.navigateToTestingEnvironment()">
                <span>Given Navigate to Testing Environment</span>
      <div>
        <textarea disabled class="code-block">org.openqa.selenium.NoSuchSessionException: invalid session id
Build info: version: '4.11.0', revision: '040bc5406b'
System info: os.name: 'Windows 11', os.arch: 'amd64', os.version: '10.0', java.version: '1.8.0_442'
Driver info: org.openqa.selenium.chrome.ChromeDriver
Command: [4c3b00e1a95d7a497c138ae7a20ccb9b, get {url=https://across-testing-v3.demo.i4.energy/}]
Capabilities {acceptInsecureCerts: false, browserName: chrome, browserVersion: 145.0.7632.109, chrome: {chromedriverVersion: 145.0.7632.77 (da516187054a..., userDataDir: C:\Users\AZIZKA~1\AppData\L...}, fedcm:accounts: true, goog:chromeOptions: {debuggerAddress: localhost:53405}, goog:processID: 31672, networkConnectionEnabled: false, pageLoadStrategy: normal, platformName: windows, proxy: Proxy(), se:cdp: ws://localhost:53405/devtoo..., se:cdpVersion: 145.0.7632.109, setWindowRect: true, strictFileInteractability: false, timeouts: {implicit: 0, pageLoad: 300000, script: 30000}, unhandledPromptBehavior: dismiss and notify, webauthn:extension:credBlob: true, webauthn:extension:largeBlob: true, webauthn:extension:minPinLength: true, webauthn:extension:prf: true, webauthn:virtualAuthenticators: true}
Session ID: 4c3b00e1a95d7a497c138ae7a20ccb9b
	at sun.reflect.GeneratedConstructorAccessor23.newInstance(Unknown Source)
	at sun.reflect.DelegatingConstructorAccessorImpl.newInstance(DelegatingConstructorAccessorImpl.java:45)
	at java.lang.reflect.Constructor.newInstance(Constructor.java:423)
	at org.openqa.selenium.remote.codec.w3c.W3CHttpResponseCodec.createException(W3CHttpResponseCodec.java:200)
	at org.openqa.selenium.remote.codec.w3c.W3CHttpResponseCodec.decode(W3CHttpResponseCodec.java:133)
	at org.openqa.selenium.remote.codec.w3c.W3CHttpResponseCodec.decode(W3CHttpResponseCodec.java:52)
	at org.openqa.selenium.remote.HttpCommandExecutor.execute(HttpCommandExecutor.java:191)
	at org.openqa.selenium.remote.service.DriverCommandExecutor.invokeExecute(DriverCommandExecutor.java:196)
	at org.openqa.selenium.remote.service.DriverCommandExecutor.execute(DriverCommandExecutor.java:171)
	at org.openqa.selenium.remote.RemoteWebDriver.execute(RemoteWebDriver.java:518)
	at org.openqa.selenium.remote.RemoteWebDriver.get(RemoteWebDriver.java:300)
	at Steps.LoginSteps.navigateToTestingEnvironment(LoginSteps.java:24)
	at ✽.Navigate to Testing Environment(file:///C:/Users/AzizKaraca/IdeaProjects/AcrossQaTestSuites/src/test/java/Features/TC25_InstanceEntityImportFromLibrary.feature:4)
</textarea>
      
      </div>
              </div>
              <div class="step skip-bg" title="Steps.LoginSteps.loginWithQAUserCredentials()">
                <span>When Login with QA user credentials</span>
      <div>Step skipped
      </div>
              </div>
              <div class="step skip-bg" title="Steps.LoginSteps.loginShouldBeSuccessfully()">
                <span>Then Login should be successfully</span>
      <div>Step skipped
      </div>
              </div>
              <div class="step skip-bg" title="Steps.DynamicSteps.userClicksFollowingDynamicElements(io.cucumber.datatable.DataTable)">
                <span>And User clicks following dynamic elements</span>
      <div><table class='markup-table table '><tr><td>click</td><td>Entities</td></tr><tr><td>click</td><td>Instance Entities</td></tr><tr><td>click</td><td>Instance Entity_1</td></tr></table>
      </div>
      <div>Step skipped
      </div>
              </div>
              <div class="step skip-bg" title="Steps.DeviceSteps.userClicksFollowingItems(io.cucumber.datatable.DataTable)">
                <span>And User clicks following Items</span>
      <div><table class='markup-table table '><tr><td>importButton</td></tr><tr><td>checkTheElement</td></tr><tr><td>next</td></tr><tr><td>installation</td></tr><tr><td>next</td></tr></table>
      </div>
      <div>Step skipped
      </div>
              </div>
              <div class="step skip-bg" title="Steps.DeviceSteps.userEntersDataToNecessaryAreas(io.cucumber.datatable.DataTable)">
                <span>And User enters data to necessary areas</span>
      <div><table class='markup-table table '><tr><td>name</td><td>TestImportInstanceEntity</td></tr><tr><td>description</td><td>ImportInstanceEntityFromLibraryEntity</td></tr></table>
      </div>
      <div>Step skipped
      </div>
              </div>
              <div class="step skip-bg" title="Steps.DynamicSteps.userClicksFollowingDynamicElements(io.cucumber.datatable.DataTable)">
                <span>And User clicks following dynamic elements</span>
      <div><table class='markup-table table '><tr><td>click</td><td>save</td></tr><tr><td>click</td><td>Save</td></tr><tr><td>click</td><td>Yes</td></tr></table>
      </div>
      <div>Step skipped
      </div>
              </div>
              <div class="step skip-bg" title="Steps.VerificationSteps.userShouldSeeVerifyMessage(io.cucumber.datatable.DataTable)">
                <span>Then User should see verify message</span>
      <div><table class='markup-table table '><tr><td>success</td><td>success</td></tr></table>
      </div>
      <div>Step skipped
      </div>
              </div>
              <div class="step skip-bg" title="Steps.DynamicSteps.userClicksFollowingDynamicElements(io.cucumber.datatable.DataTable)">
                <span>And User clicks following dynamic elements</span>
      <div><table class='markup-table table '><tr><td>click</td><td>Dashboard</td></tr></table>
      </div>
      <div>Step skipped
      </div>
              </div>
              <div class="step fail-bg" title="AFTER">
                <span>Steps._Hooks.after(io.cucumber.java.Scenario)</span>
      <div>
        <textarea disabled class="code-block">org.openqa.selenium.NoSuchSessionException: invalid session id
Build info: version: '4.11.0', revision: '040bc5406b'
System info: os.name: 'Windows 11', os.arch: 'amd64', os.version: '10.0', java.version: '1.8.0_442'
Driver info: org.openqa.selenium.chrome.ChromeDriver
Command: [4c3b00e1a95d7a497c138ae7a20ccb9b, screenshot {}]
Capabilities {acceptInsecureCerts: false, browserName: chrome, browserVersion: 145.0.7632.109, chrome: {chromedriverVersion: 145.0.7632.77 (da516187054a..., userDataDir: C:\Users\AZIZKA~1\AppData\L...}, fedcm:accounts: true, goog:chromeOptions: {debuggerAddress: localhost:53405}, goog:processID: 31672, networkConnectionEnabled: false, pageLoadStrategy: normal, platformName: windows, proxy: Proxy(), se:cdp: ws://localhost:53405/devtoo..., se:cdpVersion: 145.0.7632.109, setWindowRect: true, strictFileInteractability: false, timeouts: {implicit: 0, pageLoad: 300000, script: 30000}, unhandledPromptBehavior: dismiss and notify, webauthn:extension:credBlob: true, webauthn:extension:largeBlob: true, webauthn:extension:minPinLength: true, webauthn:extension:prf: true, webauthn:virtualAuthenticators: true}
Session ID: 4c3b00e1a95d7a497c138ae7a20ccb9b
	at sun.reflect.GeneratedConstructorAccessor23.newInstance(Unknown Source)
	at sun.reflect.DelegatingConstructorAccessorImpl.newInstance(DelegatingConstructorAccessorImpl.java:45)
	at java.lang.reflect.Constructor.newInstance(Constructor.java:423)
	at org.openqa.selenium.remote.codec.w3c.W3CHttpResponseCodec.createException(W3CHttpResponseCodec.java:200)
	at org.openqa.selenium.remote.codec.w3c.W3CHttpResponseCodec.decode(W3CHttpResponseCodec.java:133)
	at org.openqa.selenium.remote.codec.w3c.W3CHttpResponseCodec.decode(W3CHttpResponseCodec.java:52)
	at org.openqa.selenium.remote.HttpCommandExecutor.execute(HttpCommandExecutor.java:191)
	at org.openqa.selenium.remote.service.DriverCommandExecutor.invokeExecute(DriverCommandExecutor.java:196)
	at org.openqa.selenium.remote.service.DriverCommandExecutor.execute(DriverCommandExecutor.java:171)
	at org.openqa.selenium.remote.RemoteWebDriver.execute(RemoteWebDriver.java:518)
	at org.openqa.selenium.remote.RemoteWebDriver.execute(RemoteWebDriver.java:591)
	at org.openqa.selenium.remote.RemoteWebDriver.execute(RemoteWebDriver.java:595)
	at org.openqa.selenium.remote.RemoteWebDriver.getScreenshotAs(RemoteWebDriver.java:321)
	at Steps._Hooks.after(_Hooks.java:26)
</textarea>
      
      </div>
              </div>
          </div>
        </div>
  </div>
</div>
          </div>
        </li>
        <li class="test-item"  status="fail" test-id="237"
          author=""
          tag=""
          device="">
          <div class="test-detail">
            <p class="name">Imported Instance Entity Record Deletion</p>
            <p class="text-sm">
              <span>1:13:28 PM</span> / <span>00:00:00:008</span>
              <span class="badge fail-bg log float-right">Fail</span>
            </p>
          </div>
          <div class="test-contents d-none">
<div class="detail-head">
<div class="p-v-10">
<div class="info">
<h5 class="test-status text-fail">Imported Instance Entity Record Deletion</h5>
<span class='badge badge-success'>02.19.2026 1:13:28 PM</span>
<span class='badge badge-danger'>02.19.2026 1:13:28 PM</span>
<span class='badge badge-default'>00:00:00:008</span>
&middot; <span class='uri-anchor badge badge-default'>#test-id=237</span>
<span class='badge badge-default pointer float-right ml-1 et'><i class="fa fa-chevron-down"></i></span>
<span class='badge badge-default pointer float-right ct'><i class="fa fa-chevron-up"></i></span>
</div>
<div class="m-t-10 m-l-5"></div>
</div>
</div>
<div class="accordion mt-4">
  <div class="card">
    <div class="card-header" role="tab">
      <div class="card-title">
        <div class="node" id="238"><span class="badge log fail-bg mr-2">Fail</span>TC-26 Imported Instance Entity Record Deletion Scenario</div>
      </div>
    </div>
        <div class="">
          <div class="card-body">
              <div class="step fail-bg" title="Steps.LoginSteps.navigateToTestingEnvironment()">
                <span>Given Navigate to Testing Environment</span>
      <div>
        <textarea disabled class="code-block">org.openqa.selenium.NoSuchSessionException: invalid session id
Build info: version: '4.11.0', revision: '040bc5406b'
System info: os.name: 'Windows 11', os.arch: 'amd64', os.version: '10.0', java.version: '1.8.0_442'
Driver info: org.openqa.selenium.chrome.ChromeDriver
Command: [4c3b00e1a95d7a497c138ae7a20ccb9b, get {url=https://across-testing-v3.demo.i4.energy/}]
Capabilities {acceptInsecureCerts: false, browserName: chrome, browserVersion: 145.0.7632.109, chrome: {chromedriverVersion: 145.0.7632.77 (da516187054a..., userDataDir: C:\Users\AZIZKA~1\AppData\L...}, fedcm:accounts: true, goog:chromeOptions: {debuggerAddress: localhost:53405}, goog:processID: 31672, networkConnectionEnabled: false, pageLoadStrategy: normal, platformName: windows, proxy: Proxy(), se:cdp: ws://localhost:53405/devtoo..., se:cdpVersion: 145.0.7632.109, setWindowRect: true, strictFileInteractability: false, timeouts: {implicit: 0, pageLoad: 300000, script: 30000}, unhandledPromptBehavior: dismiss and notify, webauthn:extension:credBlob: true, webauthn:extension:largeBlob: true, webauthn:extension:minPinLength: true, webauthn:extension:prf: true, webauthn:virtualAuthenticators: true}
Session ID: 4c3b00e1a95d7a497c138ae7a20ccb9b
	at sun.reflect.GeneratedConstructorAccessor23.newInstance(Unknown Source)
	at sun.reflect.DelegatingConstructorAccessorImpl.newInstance(DelegatingConstructorAccessorImpl.java:45)
	at java.lang.reflect.Constructor.newInstance(Constructor.java:423)
	at org.openqa.selenium.remote.codec.w3c.W3CHttpResponseCodec.createException(W3CHttpResponseCodec.java:200)
	at org.openqa.selenium.remote.codec.w3c.W3CHttpResponseCodec.decode(W3CHttpResponseCodec.java:133)
	at org.openqa.selenium.remote.codec.w3c.W3CHttpResponseCodec.decode(W3CHttpResponseCodec.java:52)
	at org.openqa.selenium.remote.HttpCommandExecutor.execute(HttpCommandExecutor.java:191)
	at org.openqa.selenium.remote.service.DriverCommandExecutor.invokeExecute(DriverCommandExecutor.java:196)
	at org.openqa.selenium.remote.service.DriverCommandExecutor.execute(DriverCommandExecutor.java:171)
	at org.openqa.selenium.remote.RemoteWebDriver.execute(RemoteWebDriver.java:518)
	at org.openqa.selenium.remote.RemoteWebDriver.get(RemoteWebDriver.java:300)
	at Steps.LoginSteps.navigateToTestingEnvironment(LoginSteps.java:24)
	at ✽.Navigate to Testing Environment(file:///C:/Users/AzizKaraca/IdeaProjects/AcrossQaTestSuites/src/test/java/Features/TC26_ImportedInstanceEntityRecordDeletion.feature:4)
</textarea>
      
      </div>
              </div>
              <div class="step skip-bg" title="Steps.LoginSteps.loginWithQAUserCredentials()">
                <span>When Login with QA user credentials</span>
      <div>Step skipped
      </div>
              </div>
              <div class="step skip-bg" title="Steps.LoginSteps.loginShouldBeSuccessfully()">
                <span>Then Login should be successfully</span>
      <div>Step skipped
      </div>
              </div>
              <div class="step skip-bg" title="Steps.DynamicSteps.userClicksFollowingDynamicElements(io.cucumber.datatable.DataTable)">
                <span>And User clicks following dynamic elements</span>
      <div><table class='markup-table table '><tr><td>click</td><td>Entities</td></tr><tr><td>click</td><td>Instance Entities</td></tr><tr><td>click</td><td>Instance Entity_1</td></tr></table>
      </div>
      <div>Step skipped
      </div>
              </div>
              <div class="step skip-bg" title="Steps.DeviceSteps.userSearchTheItem(io.cucumber.datatable.DataTable)">
                <span>And User search the item</span>
      <div><table class='markup-table table '><tr><td>search</td><td>TestImportInstanceEntity</td></tr></table>
      </div>
      <div>Step skipped
      </div>
              </div>
              <div class="step skip-bg" title="Steps.DynamicSteps.userClicksFollowingDynamicElements(io.cucumber.datatable.DataTable)">
                <span>And User clicks following dynamic elements</span>
      <div><table class='markup-table table '><tr><td>click</td><td>search</td></tr></table>
      </div>
      <div>Step skipped
      </div>
              </div>
              <div class="step skip-bg" title="Steps.DynamicSteps.userClicksFollowingDynamicElements(io.cucumber.datatable.DataTable)">
                <span>And User clicks following dynamic elements</span>
      <div><table class='markup-table table '><tr><td>click</td><td>Name</td></tr><tr><td>click</td><td>delete</td></tr><tr><td>click</td><td>Yes</td></tr></table>
      </div>
      <div>Step skipped
      </div>
              </div>
              <div class="step skip-bg" title="Steps.VerificationSteps.userShouldSeeVerifyMessage(io.cucumber.datatable.DataTable)">
                <span>Then User should see verify message</span>
      <div><table class='markup-table table '><tr><td>success</td><td>success</td></tr></table>
      </div>
      <div>Step skipped
      </div>
              </div>
              <div class="step skip-bg" title="Steps.DynamicSteps.userClicksFollowingDynamicElements(io.cucumber.datatable.DataTable)">
                <span>And User clicks following dynamic elements</span>
      <div><table class='markup-table table '><tr><td>click</td><td>Dashboard</td></tr></table>
      </div>
      <div>Step skipped
      </div>
              </div>
              <div class="step fail-bg" title="AFTER">
                <span>Steps._Hooks.after(io.cucumber.java.Scenario)</span>
      <div>
        <textarea disabled class="code-block">org.openqa.selenium.NoSuchSessionException: invalid session id
Build info: version: '4.11.0', revision: '040bc5406b'
System info: os.name: 'Windows 11', os.arch: 'amd64', os.version: '10.0', java.version: '1.8.0_442'
Driver info: org.openqa.selenium.chrome.ChromeDriver
Command: [4c3b00e1a95d7a497c138ae7a20ccb9b, screenshot {}]
Capabilities {acceptInsecureCerts: false, browserName: chrome, browserVersion: 145.0.7632.109, chrome: {chromedriverVersion: 145.0.7632.77 (da516187054a..., userDataDir: C:\Users\AZIZKA~1\AppData\L...}, fedcm:accounts: true, goog:chromeOptions: {debuggerAddress: localhost:53405}, goog:processID: 31672, networkConnectionEnabled: false, pageLoadStrategy: normal, platformName: windows, proxy: Proxy(), se:cdp: ws://localhost:53405/devtoo..., se:cdpVersion: 145.0.7632.109, setWindowRect: true, strictFileInteractability: false, timeouts: {implicit: 0, pageLoad: 300000, script: 30000}, unhandledPromptBehavior: dismiss and notify, webauthn:extension:credBlob: true, webauthn:extension:largeBlob: true, webauthn:extension:minPinLength: true, webauthn:extension:prf: true, webauthn:virtualAuthenticators: true}
Session ID: 4c3b00e1a95d7a497c138ae7a20ccb9b
	at sun.reflect.GeneratedConstructorAccessor23.newInstance(Unknown Source)
	at sun.reflect.DelegatingConstructorAccessorImpl.newInstance(DelegatingConstructorAccessorImpl.java:45)
	at java.lang.reflect.Constructor.newInstance(Constructor.java:423)
	at org.openqa.selenium.remote.codec.w3c.W3CHttpResponseCodec.createException(W3CHttpResponseCodec.java:200)
	at org.openqa.selenium.remote.codec.w3c.W3CHttpResponseCodec.decode(W3CHttpResponseCodec.java:133)
	at org.openqa.selenium.remote.codec.w3c.W3CHttpResponseCodec.decode(W3CHttpResponseCodec.java:52)
	at org.openqa.selenium.remote.HttpCommandExecutor.execute(HttpCommandExecutor.java:191)
	at org.openqa.selenium.remote.service.DriverCommandExecutor.invokeExecute(DriverCommandExecutor.java:196)
	at org.openqa.selenium.remote.service.DriverCommandExecutor.execute(DriverCommandExecutor.java:171)
	at org.openqa.selenium.remote.RemoteWebDriver.execute(RemoteWebDriver.java:518)
	at org.openqa.selenium.remote.RemoteWebDriver.execute(RemoteWebDriver.java:591)
	at org.openqa.selenium.remote.RemoteWebDriver.execute(RemoteWebDriver.java:595)
	at org.openqa.selenium.remote.RemoteWebDriver.getScreenshotAs(RemoteWebDriver.java:321)
	at Steps._Hooks.after(_Hooks.java:26)
</textarea>
      
      </div>
              </div>
          </div>
        </div>
  </div>
</div>
          </div>
        </li>
        <li class="test-item"  status="fail" test-id="250"
          author=""
          tag=""
          device="">
          <div class="test-detail">
            <p class="name">Importing Device To Library Entity Record</p>
            <p class="text-sm">
              <span>1:13:28 PM</span> / <span>00:00:00:005</span>
              <span class="badge fail-bg log float-right">Fail</span>
            </p>
          </div>
          <div class="test-contents d-none">
<div class="detail-head">
<div class="p-v-10">
<div class="info">
<h5 class="test-status text-fail">Importing Device To Library Entity Record</h5>
<span class='badge badge-success'>02.19.2026 1:13:28 PM</span>
<span class='badge badge-danger'>02.19.2026 1:13:28 PM</span>
<span class='badge badge-default'>00:00:00:005</span>
&middot; <span class='uri-anchor badge badge-default'>#test-id=250</span>
<span class='badge badge-default pointer float-right ml-1 et'><i class="fa fa-chevron-down"></i></span>
<span class='badge badge-default pointer float-right ct'><i class="fa fa-chevron-up"></i></span>
</div>
<div class="m-t-10 m-l-5"></div>
</div>
</div>
<div class="accordion mt-4">
  <div class="card">
    <div class="card-header" role="tab">
      <div class="card-title">
        <div class="node" id="251"><span class="badge log fail-bg mr-2">Fail</span>TC-33 Device Import To Library Entity Scenario</div>
      </div>
    </div>
        <div class="">
          <div class="card-body">
              <div class="step fail-bg" title="Steps.LoginSteps.navigateToTestingEnvironment()">
                <span>Given Navigate to Testing Environment</span>
      <div>
        <textarea disabled class="code-block">org.openqa.selenium.NoSuchSessionException: invalid session id
Build info: version: '4.11.0', revision: '040bc5406b'
System info: os.name: 'Windows 11', os.arch: 'amd64', os.version: '10.0', java.version: '1.8.0_442'
Driver info: org.openqa.selenium.chrome.ChromeDriver
Command: [4c3b00e1a95d7a497c138ae7a20ccb9b, get {url=https://across-testing-v3.demo.i4.energy/}]
Capabilities {acceptInsecureCerts: false, browserName: chrome, browserVersion: 145.0.7632.109, chrome: {chromedriverVersion: 145.0.7632.77 (da516187054a..., userDataDir: C:\Users\AZIZKA~1\AppData\L...}, fedcm:accounts: true, goog:chromeOptions: {debuggerAddress: localhost:53405}, goog:processID: 31672, networkConnectionEnabled: false, pageLoadStrategy: normal, platformName: windows, proxy: Proxy(), se:cdp: ws://localhost:53405/devtoo..., se:cdpVersion: 145.0.7632.109, setWindowRect: true, strictFileInteractability: false, timeouts: {implicit: 0, pageLoad: 300000, script: 30000}, unhandledPromptBehavior: dismiss and notify, webauthn:extension:credBlob: true, webauthn:extension:largeBlob: true, webauthn:extension:minPinLength: true, webauthn:extension:prf: true, webauthn:virtualAuthenticators: true}
Session ID: 4c3b00e1a95d7a497c138ae7a20ccb9b
	at sun.reflect.GeneratedConstructorAccessor23.newInstance(Unknown Source)
	at sun.reflect.DelegatingConstructorAccessorImpl.newInstance(DelegatingConstructorAccessorImpl.java:45)
	at java.lang.reflect.Constructor.newInstance(Constructor.java:423)
	at org.openqa.selenium.remote.codec.w3c.W3CHttpResponseCodec.createException(W3CHttpResponseCodec.java:200)
	at org.openqa.selenium.remote.codec.w3c.W3CHttpResponseCodec.decode(W3CHttpResponseCodec.java:133)
	at org.openqa.selenium.remote.codec.w3c.W3CHttpResponseCodec.decode(W3CHttpResponseCodec.java:52)
	at org.openqa.selenium.remote.HttpCommandExecutor.execute(HttpCommandExecutor.java:191)
	at org.openqa.selenium.remote.service.DriverCommandExecutor.invokeExecute(DriverCommandExecutor.java:196)
	at org.openqa.selenium.remote.service.DriverCommandExecutor.execute(DriverCommandExecutor.java:171)
	at org.openqa.selenium.remote.RemoteWebDriver.execute(RemoteWebDriver.java:518)
	at org.openqa.selenium.remote.RemoteWebDriver.get(RemoteWebDriver.java:300)
	at Steps.LoginSteps.navigateToTestingEnvironment(LoginSteps.java:24)
	at ✽.Navigate to Testing Environment(file:///C:/Users/AzizKaraca/IdeaProjects/AcrossQaTestSuites/src/test/java/Features/TC33_DeviceImportLibraryEntity.feature:4)
</textarea>
      
      </div>
              </div>
              <div class="step skip-bg" title="Steps.LoginSteps.loginWithQAUserCredentials()">
                <span>When Login with QA user credentials</span>
      <div>Step skipped
      </div>
              </div>
              <div class="step skip-bg" title="Steps.LoginSteps.loginShouldBeSuccessfully()">
                <span>Then Login should be successfully</span>
      <div>Step skipped
      </div>
              </div>
              <div class="step skip-bg" title="Steps.DynamicSteps.userClicksFollowingDynamicElements(io.cucumber.datatable.DataTable)">
                <span>And User clicks following dynamic elements</span>
      <div><table class='markup-table table '><tr><td>click</td><td>Entities</td></tr><tr><td>click</td><td>Library Entities</td></tr><tr><td>click</td><td>Library Entity_1</td></tr><tr><td>click</td><td>StableLibraryEntity</td></tr><tr><td>title</td><td>Devices</td></tr></table>
      </div>
      <div>Step skipped
      </div>
              </div>
              <div class="step skip-bg" title="Steps.DeviceSteps.userClicksFollowingItems(io.cucumber.datatable.DataTable)">
                <span>And User clicks following Items</span>
      <div><table class='markup-table table '><tr><td>importButton</td></tr></table>
      </div>
      <div>Step skipped
      </div>
              </div>
              <div class="step skip-bg" title="Steps.DynamicSteps.userClicksFollowingDynamicElements(io.cucumber.datatable.DataTable)">
                <span>And User clicks following dynamic elements</span>
      <div><table class='markup-table table '><tr><td>click</td><td>add</td></tr><tr><td>click</td><td>Save</td></tr><tr><td>click</td><td>Yes</td></tr></table>
      </div>
      <div>Step skipped
      </div>
              </div>
              <div class="step skip-bg" title="Steps.VerificationSteps.userShouldSeeVerifyMessage(io.cucumber.datatable.DataTable)">
                <span>Then User should see verify message</span>
      <div><table class='markup-table table '><tr><td>success</td><td>success</td></tr></table>
      </div>
      <div>Step skipped
      </div>
              </div>
              <div class="step skip-bg" title="Steps.DynamicSteps.userClicksFollowingDynamicElements(io.cucumber.datatable.DataTable)">
                <span>And User clicks following dynamic elements</span>
      <div><table class='markup-table table '><tr><td>click</td><td>Dashboard</td></tr></table>
      </div>
      <div>Step skipped
      </div>
              </div>
              <div class="step fail-bg" title="AFTER">
                <span>Steps._Hooks.after(io.cucumber.java.Scenario)</span>
      <div>
        <textarea disabled class="code-block">org.openqa.selenium.NoSuchSessionException: invalid session id
Build info: version: '4.11.0', revision: '040bc5406b'
System info: os.name: 'Windows 11', os.arch: 'amd64', os.version: '10.0', java.version: '1.8.0_442'
Driver info: org.openqa.selenium.chrome.ChromeDriver
Command: [4c3b00e1a95d7a497c138ae7a20ccb9b, screenshot {}]
Capabilities {acceptInsecureCerts: false, browserName: chrome, browserVersion: 145.0.7632.109, chrome: {chromedriverVersion: 145.0.7632.77 (da516187054a..., userDataDir: C:\Users\AZIZKA~1\AppData\L...}, fedcm:accounts: true, goog:chromeOptions: {debuggerAddress: localhost:53405}, goog:processID: 31672, networkConnectionEnabled: false, pageLoadStrategy: normal, platformName: windows, proxy: Proxy(), se:cdp: ws://localhost:53405/devtoo..., se:cdpVersion: 145.0.7632.109, setWindowRect: true, strictFileInteractability: false, timeouts: {implicit: 0, pageLoad: 300000, script: 30000}, unhandledPromptBehavior: dismiss and notify, webauthn:extension:credBlob: true, webauthn:extension:largeBlob: true, webauthn:extension:minPinLength: true, webauthn:extension:prf: true, webauthn:virtualAuthenticators: true}
Session ID: 4c3b00e1a95d7a497c138ae7a20ccb9b
	at sun.reflect.GeneratedConstructorAccessor23.newInstance(Unknown Source)
	at sun.reflect.DelegatingConstructorAccessorImpl.newInstance(DelegatingConstructorAccessorImpl.java:45)
	at java.lang.reflect.Constructor.newInstance(Constructor.java:423)
	at org.openqa.selenium.remote.codec.w3c.W3CHttpResponseCodec.createException(W3CHttpResponseCodec.java:200)
	at org.openqa.selenium.remote.codec.w3c.W3CHttpResponseCodec.decode(W3CHttpResponseCodec.java:133)
	at org.openqa.selenium.remote.codec.w3c.W3CHttpResponseCodec.decode(W3CHttpResponseCodec.java:52)
	at org.openqa.selenium.remote.HttpCommandExecutor.execute(HttpCommandExecutor.java:191)
	at org.openqa.selenium.remote.service.DriverCommandExecutor.invokeExecute(DriverCommandExecutor.java:196)
	at org.openqa.selenium.remote.service.DriverCommandExecutor.execute(DriverCommandExecutor.java:171)
	at org.openqa.selenium.remote.RemoteWebDriver.execute(RemoteWebDriver.java:518)
	at org.openqa.selenium.remote.RemoteWebDriver.execute(RemoteWebDriver.java:591)
	at org.openqa.selenium.remote.RemoteWebDriver.execute(RemoteWebDriver.java:595)
	at org.openqa.selenium.remote.RemoteWebDriver.getScreenshotAs(RemoteWebDriver.java:321)
	at Steps._Hooks.after(_Hooks.java:26)
</textarea>
      
      </div>
              </div>
          </div>
        </div>
  </div>
</div>
          </div>
        </li>
        <li class="test-item"  status="fail" test-id="262"
          author=""
          tag=""
          device="">
          <div class="test-detail">
            <p class="name">Device Deletion In Library Entity</p>
            <p class="text-sm">
              <span>1:13:28 PM</span> / <span>00:00:00:005</span>
              <span class="badge fail-bg log float-right">Fail</span>
            </p>
          </div>
          <div class="test-contents d-none">
<div class="detail-head">
<div class="p-v-10">
<div class="info">
<h5 class="test-status text-fail">Device Deletion In Library Entity</h5>
<span class='badge badge-success'>02.19.2026 1:13:28 PM</span>
<span class='badge badge-danger'>02.19.2026 1:13:28 PM</span>
<span class='badge badge-default'>00:00:00:005</span>
&middot; <span class='uri-anchor badge badge-default'>#test-id=262</span>
<span class='badge badge-default pointer float-right ml-1 et'><i class="fa fa-chevron-down"></i></span>
<span class='badge badge-default pointer float-right ct'><i class="fa fa-chevron-up"></i></span>
</div>
<div class="m-t-10 m-l-5"></div>
</div>
</div>
<div class="accordion mt-4">
  <div class="card">
    <div class="card-header" role="tab">
      <div class="card-title">
        <div class="node" id="263"><span class="badge log fail-bg mr-2">Fail</span>TC-34 Device Deletion In Library Entity Scenario</div>
      </div>
    </div>
        <div class="">
          <div class="card-body">
              <div class="step fail-bg" title="Steps.LoginSteps.navigateToTestingEnvironment()">
                <span>Given Navigate to Testing Environment</span>
      <div>
        <textarea disabled class="code-block">org.openqa.selenium.NoSuchSessionException: invalid session id
Build info: version: '4.11.0', revision: '040bc5406b'
System info: os.name: 'Windows 11', os.arch: 'amd64', os.version: '10.0', java.version: '1.8.0_442'
Driver info: org.openqa.selenium.chrome.ChromeDriver
Command: [4c3b00e1a95d7a497c138ae7a20ccb9b, get {url=https://across-testing-v3.demo.i4.energy/}]
Capabilities {acceptInsecureCerts: false, browserName: chrome, browserVersion: 145.0.7632.109, chrome: {chromedriverVersion: 145.0.7632.77 (da516187054a..., userDataDir: C:\Users\AZIZKA~1\AppData\L...}, fedcm:accounts: true, goog:chromeOptions: {debuggerAddress: localhost:53405}, goog:processID: 31672, networkConnectionEnabled: false, pageLoadStrategy: normal, platformName: windows, proxy: Proxy(), se:cdp: ws://localhost:53405/devtoo..., se:cdpVersion: 145.0.7632.109, setWindowRect: true, strictFileInteractability: false, timeouts: {implicit: 0, pageLoad: 300000, script: 30000}, unhandledPromptBehavior: dismiss and notify, webauthn:extension:credBlob: true, webauthn:extension:largeBlob: true, webauthn:extension:minPinLength: true, webauthn:extension:prf: true, webauthn:virtualAuthenticators: true}
Session ID: 4c3b00e1a95d7a497c138ae7a20ccb9b
	at sun.reflect.GeneratedConstructorAccessor23.newInstance(Unknown Source)
	at sun.reflect.DelegatingConstructorAccessorImpl.newInstance(DelegatingConstructorAccessorImpl.java:45)
	at java.lang.reflect.Constructor.newInstance(Constructor.java:423)
	at org.openqa.selenium.remote.codec.w3c.W3CHttpResponseCodec.createException(W3CHttpResponseCodec.java:200)
	at org.openqa.selenium.remote.codec.w3c.W3CHttpResponseCodec.decode(W3CHttpResponseCodec.java:133)
	at org.openqa.selenium.remote.codec.w3c.W3CHttpResponseCodec.decode(W3CHttpResponseCodec.java:52)
	at org.openqa.selenium.remote.HttpCommandExecutor.execute(HttpCommandExecutor.java:191)
	at org.openqa.selenium.remote.service.DriverCommandExecutor.invokeExecute(DriverCommandExecutor.java:196)
	at org.openqa.selenium.remote.service.DriverCommandExecutor.execute(DriverCommandExecutor.java:171)
	at org.openqa.selenium.remote.RemoteWebDriver.execute(RemoteWebDriver.java:518)
	at org.openqa.selenium.remote.RemoteWebDriver.get(RemoteWebDriver.java:300)
	at Steps.LoginSteps.navigateToTestingEnvironment(LoginSteps.java:24)
	at ✽.Navigate to Testing Environment(file:///C:/Users/AzizKaraca/IdeaProjects/AcrossQaTestSuites/src/test/java/Features/TC34_DeviceDeletionInLibraryEntity.feature:4)
</textarea>
      
      </div>
              </div>
              <div class="step skip-bg" title="Steps.LoginSteps.loginWithQAUserCredentials()">
                <span>When Login with QA user credentials</span>
      <div>Step skipped
      </div>
              </div>
              <div class="step skip-bg" title="Steps.LoginSteps.loginShouldBeSuccessfully()">
                <span>Then Login should be successfully</span>
      <div>Step skipped
      </div>
              </div>
              <div class="step skip-bg" title="Steps.DynamicSteps.userClicksFollowingDynamicElements(io.cucumber.datatable.DataTable)">
                <span>And User clicks following dynamic elements</span>
      <div><table class='markup-table table '><tr><td>click</td><td>Entities</td></tr><tr><td>click</td><td>Library Entities</td></tr><tr><td>click</td><td>Library Entity_1</td></tr><tr><td>click</td><td>StableLibraryEntity</td></tr><tr><td>title</td><td>Devices</td></tr></table>
      </div>
      <div>Step skipped
      </div>
              </div>
              <div class="step skip-bg" title="Steps.DeviceSteps.userSearchTheItem(io.cucumber.datatable.DataTable)">
                <span>And User search the item</span>
      <div><table class='markup-table table '><tr><td>search</td><td>StableDevice</td></tr></table>
      </div>
      <div>Step skipped
      </div>
              </div>
              <div class="step skip-bg" title="Steps.DynamicSteps.userClicksFollowingDynamicElements(io.cucumber.datatable.DataTable)">
                <span>And User clicks following dynamic elements</span>
      <div><table class='markup-table table '><tr><td>click</td><td>search</td></tr><tr><td>click</td><td>delete</td></tr><tr><td>click</td><td>Yes</td></tr></table>
      </div>
      <div>Step skipped
      </div>
              </div>
              <div class="step skip-bg" title="Steps.VerificationSteps.userShouldSeeVerifyMessage(io.cucumber.datatable.DataTable)">
                <span>Then User should see verify message</span>
      <div><table class='markup-table table '><tr><td>success</td><td>success</td></tr></table>
      </div>
      <div>Step skipped
      </div>
              </div>
              <div class="step skip-bg" title="Steps.DynamicSteps.userClicksFollowingDynamicElements(io.cucumber.datatable.DataTable)">
                <span>And User clicks following dynamic elements</span>
      <div><table class='markup-table table '><tr><td>click</td><td>Dashboard</td></tr></table>
      </div>
      <div>Step skipped
      </div>
              </div>
              <div class="step fail-bg" title="AFTER">
                <span>Steps._Hooks.after(io.cucumber.java.Scenario)</span>
      <div>
        <textarea disabled class="code-block">org.openqa.selenium.NoSuchSessionException: invalid session id
Build info: version: '4.11.0', revision: '040bc5406b'
System info: os.name: 'Windows 11', os.arch: 'amd64', os.version: '10.0', java.version: '1.8.0_442'
Driver info: org.openqa.selenium.chrome.ChromeDriver
Command: [4c3b00e1a95d7a497c138ae7a20ccb9b, screenshot {}]
Capabilities {acceptInsecureCerts: false, browserName: chrome, browserVersion: 145.0.7632.109, chrome: {chromedriverVersion: 145.0.7632.77 (da516187054a..., userDataDir: C:\Users\AZIZKA~1\AppData\L...}, fedcm:accounts: true, goog:chromeOptions: {debuggerAddress: localhost:53405}, goog:processID: 31672, networkConnectionEnabled: false, pageLoadStrategy: normal, platformName: windows, proxy: Proxy(), se:cdp: ws://localhost:53405/devtoo..., se:cdpVersion: 145.0.7632.109, setWindowRect: true, strictFileInteractability: false, timeouts: {implicit: 0, pageLoad: 300000, script: 30000}, unhandledPromptBehavior: dismiss and notify, webauthn:extension:credBlob: true, webauthn:extension:largeBlob: true, webauthn:extension:minPinLength: true, webauthn:extension:prf: true, webauthn:virtualAuthenticators: true}
Session ID: 4c3b00e1a95d7a497c138ae7a20ccb9b
	at sun.reflect.GeneratedConstructorAccessor23.newInstance(Unknown Source)
	at sun.reflect.DelegatingConstructorAccessorImpl.newInstance(DelegatingConstructorAccessorImpl.java:45)
	at java.lang.reflect.Constructor.newInstance(Constructor.java:423)
	at org.openqa.selenium.remote.codec.w3c.W3CHttpResponseCodec.createException(W3CHttpResponseCodec.java:200)
	at org.openqa.selenium.remote.codec.w3c.W3CHttpResponseCodec.decode(W3CHttpResponseCodec.java:133)
	at org.openqa.selenium.remote.codec.w3c.W3CHttpResponseCodec.decode(W3CHttpResponseCodec.java:52)
	at org.openqa.selenium.remote.HttpCommandExecutor.execute(HttpCommandExecutor.java:191)
	at org.openqa.selenium.remote.service.DriverCommandExecutor.invokeExecute(DriverCommandExecutor.java:196)
	at org.openqa.selenium.remote.service.DriverCommandExecutor.execute(DriverCommandExecutor.java:171)
	at org.openqa.selenium.remote.RemoteWebDriver.execute(RemoteWebDriver.java:518)
	at org.openqa.selenium.remote.RemoteWebDriver.execute(RemoteWebDriver.java:591)
	at org.openqa.selenium.remote.RemoteWebDriver.execute(RemoteWebDriver.java:595)
	at org.openqa.selenium.remote.RemoteWebDriver.getScreenshotAs(RemoteWebDriver.java:321)
	at Steps._Hooks.after(_Hooks.java:26)
</textarea>
      
      </div>
              </div>
          </div>
        </div>
  </div>
</div>
          </div>
        </li>
        <li class="test-item"  status="fail" test-id="274"
          author=""
          tag=""
          device="">
          <div class="test-detail">
            <p class="name">Instance Entity Record Import From Library Entity Records With Device&Register</p>
            <p class="text-sm">
              <span>1:13:28 PM</span> / <span>00:00:00:008</span>
              <span class="badge fail-bg log float-right">Fail</span>
            </p>
          </div>
          <div class="test-contents d-none">
<div class="detail-head">
<div class="p-v-10">
<div class="info">
<h5 class="test-status text-fail">Instance Entity Record Import From Library Entity Records With Device&Register</h5>
<span class='badge badge-success'>02.19.2026 1:13:28 PM</span>
<span class='badge badge-danger'>02.19.2026 1:13:28 PM</span>
<span class='badge badge-default'>00:00:00:008</span>
&middot; <span class='uri-anchor badge badge-default'>#test-id=274</span>
<span class='badge badge-default pointer float-right ml-1 et'><i class="fa fa-chevron-down"></i></span>
<span class='badge badge-default pointer float-right ct'><i class="fa fa-chevron-up"></i></span>
</div>
<div class="m-t-10 m-l-5"></div>
</div>
</div>
<div class="accordion mt-4">
  <div class="card">
    <div class="card-header" role="tab">
      <div class="card-title">
        <div class="node" id="275"><span class="badge log fail-bg mr-2">Fail</span>TC-36 Instance Entity Record Import From Library With Device&Register Scenario</div>
      </div>
    </div>
        <div class="">
          <div class="card-body">
              <div class="step fail-bg" title="Steps.LoginSteps.navigateToTestingEnvironment()">
                <span>Given Navigate to Testing Environment</span>
      <div>
        <textarea disabled class="code-block">org.openqa.selenium.NoSuchSessionException: invalid session id
Build info: version: '4.11.0', revision: '040bc5406b'
System info: os.name: 'Windows 11', os.arch: 'amd64', os.version: '10.0', java.version: '1.8.0_442'
Driver info: org.openqa.selenium.chrome.ChromeDriver
Command: [4c3b00e1a95d7a497c138ae7a20ccb9b, get {url=https://across-testing-v3.demo.i4.energy/}]
Capabilities {acceptInsecureCerts: false, browserName: chrome, browserVersion: 145.0.7632.109, chrome: {chromedriverVersion: 145.0.7632.77 (da516187054a..., userDataDir: C:\Users\AZIZKA~1\AppData\L...}, fedcm:accounts: true, goog:chromeOptions: {debuggerAddress: localhost:53405}, goog:processID: 31672, networkConnectionEnabled: false, pageLoadStrategy: normal, platformName: windows, proxy: Proxy(), se:cdp: ws://localhost:53405/devtoo..., se:cdpVersion: 145.0.7632.109, setWindowRect: true, strictFileInteractability: false, timeouts: {implicit: 0, pageLoad: 300000, script: 30000}, unhandledPromptBehavior: dismiss and notify, webauthn:extension:credBlob: true, webauthn:extension:largeBlob: true, webauthn:extension:minPinLength: true, webauthn:extension:prf: true, webauthn:virtualAuthenticators: true}
Session ID: 4c3b00e1a95d7a497c138ae7a20ccb9b
	at sun.reflect.GeneratedConstructorAccessor23.newInstance(Unknown Source)
	at sun.reflect.DelegatingConstructorAccessorImpl.newInstance(DelegatingConstructorAccessorImpl.java:45)
	at java.lang.reflect.Constructor.newInstance(Constructor.java:423)
	at org.openqa.selenium.remote.codec.w3c.W3CHttpResponseCodec.createException(W3CHttpResponseCodec.java:200)
	at org.openqa.selenium.remote.codec.w3c.W3CHttpResponseCodec.decode(W3CHttpResponseCodec.java:133)
	at org.openqa.selenium.remote.codec.w3c.W3CHttpResponseCodec.decode(W3CHttpResponseCodec.java:52)
	at org.openqa.selenium.remote.HttpCommandExecutor.execute(HttpCommandExecutor.java:191)
	at org.openqa.selenium.remote.service.DriverCommandExecutor.invokeExecute(DriverCommandExecutor.java:196)
	at org.openqa.selenium.remote.service.DriverCommandExecutor.execute(DriverCommandExecutor.java:171)
	at org.openqa.selenium.remote.RemoteWebDriver.execute(RemoteWebDriver.java:518)
	at org.openqa.selenium.remote.RemoteWebDriver.get(RemoteWebDriver.java:300)
	at Steps.LoginSteps.navigateToTestingEnvironment(LoginSteps.java:24)
	at ✽.Navigate to Testing Environment(file:///C:/Users/AzizKaraca/IdeaProjects/AcrossQaTestSuites/src/test/java/Features/TC36_InstanceEntityImportFromLibraryWithDevice&Register.feature:4)
</textarea>
      
      </div>
              </div>
              <div class="step skip-bg" title="Steps.LoginSteps.loginWithQAUserCredentials()">
                <span>When Login with QA user credentials</span>
      <div>Step skipped
      </div>
              </div>
              <div class="step skip-bg" title="Steps.LoginSteps.loginShouldBeSuccessfully()">
                <span>Then Login should be successfully</span>
      <div>Step skipped
      </div>
              </div>
              <div class="step skip-bg" title="Steps.DynamicSteps.userClicksFollowingDynamicElements(io.cucumber.datatable.DataTable)">
                <span>And User clicks following dynamic elements</span>
      <div><table class='markup-table table '><tr><td>click</td><td>Entities</td></tr><tr><td>click</td><td>Instance Entities</td></tr><tr><td>click</td><td>Instance Entity_1</td></tr></table>
      </div>
      <div>Step skipped
      </div>
              </div>
              <div class="step skip-bg" title="Steps.DeviceSteps.userClicksFollowingItems(io.cucumber.datatable.DataTable)">
                <span>And User clicks following Items</span>
      <div><table class='markup-table table '><tr><td>importButton</td></tr><tr><td>checkTheElement</td></tr><tr><td>next</td></tr><tr><td>installation</td></tr><tr><td>next</td></tr></table>
      </div>
      <div>Step skipped
      </div>
              </div>
              <div class="step skip-bg" title="Steps.DeviceSteps.userEntersDataToNecessaryAreas(io.cucumber.datatable.DataTable)">
                <span>And User enters data to necessary areas</span>
      <div><table class='markup-table table '><tr><td>name</td><td>TestImportInstanceEntity</td></tr><tr><td>description</td><td>ImportInstanceEntityFromLibraryEntity</td></tr></table>
      </div>
      <div>Step skipped
      </div>
              </div>
              <div class="step skip-bg" title="Steps.DeviceSteps.userClicksFollowingItems(io.cucumber.datatable.DataTable)">
                <span>And User clicks following Items</span>
      <div><table class='markup-table table '><tr><td>saveIcon</td></tr><tr><td>importDevices</td></tr><tr><td>addButton</td></tr><tr><td>saveIcon</td></tr></table>
      </div>
      <div>Step skipped
      </div>
              </div>
              <div class="step fail-bg" title="AFTER">
                <span>Steps._Hooks.after(io.cucumber.java.Scenario)</span>
      <div>
        <textarea disabled class="code-block">org.openqa.selenium.NoSuchSessionException: invalid session id
Build info: version: '4.11.0', revision: '040bc5406b'
System info: os.name: 'Windows 11', os.arch: 'amd64', os.version: '10.0', java.version: '1.8.0_442'
Driver info: org.openqa.selenium.chrome.ChromeDriver
Command: [4c3b00e1a95d7a497c138ae7a20ccb9b, screenshot {}]
Capabilities {acceptInsecureCerts: false, browserName: chrome, browserVersion: 145.0.7632.109, chrome: {chromedriverVersion: 145.0.7632.77 (da516187054a..., userDataDir: C:\Users\AZIZKA~1\AppData\L...}, fedcm:accounts: true, goog:chromeOptions: {debuggerAddress: localhost:53405}, goog:processID: 31672, networkConnectionEnabled: false, pageLoadStrategy: normal, platformName: windows, proxy: Proxy(), se:cdp: ws://localhost:53405/devtoo..., se:cdpVersion: 145.0.7632.109, setWindowRect: true, strictFileInteractability: false, timeouts: {implicit: 0, pageLoad: 300000, script: 30000}, unhandledPromptBehavior: dismiss and notify, webauthn:extension:credBlob: true, webauthn:extension:largeBlob: true, webauthn:extension:minPinLength: true, webauthn:extension:prf: true, webauthn:virtualAuthenticators: true}
Session ID: 4c3b00e1a95d7a497c138ae7a20ccb9b
	at sun.reflect.GeneratedConstructorAccessor23.newInstance(Unknown Source)
	at sun.reflect.DelegatingConstructorAccessorImpl.newInstance(DelegatingConstructorAccessorImpl.java:45)
	at java.lang.reflect.Constructor.newInstance(Constructor.java:423)
	at org.openqa.selenium.remote.codec.w3c.W3CHttpResponseCodec.createException(W3CHttpResponseCodec.java:200)
	at org.openqa.selenium.remote.codec.w3c.W3CHttpResponseCodec.decode(W3CHttpResponseCodec.java:133)
	at org.openqa.selenium.remote.codec.w3c.W3CHttpResponseCodec.decode(W3CHttpResponseCodec.java:52)
	at org.openqa.selenium.remote.HttpCommandExecutor.execute(HttpCommandExecutor.java:191)
	at org.openqa.selenium.remote.service.DriverCommandExecutor.invokeExecute(DriverCommandExecutor.java:196)
	at org.openqa.selenium.remote.service.DriverCommandExecutor.execute(DriverCommandExecutor.java:171)
	at org.openqa.selenium.remote.RemoteWebDriver.execute(RemoteWebDriver.java:518)
	at org.openqa.selenium.remote.RemoteWebDriver.execute(RemoteWebDriver.java:591)
	at org.openqa.selenium.remote.RemoteWebDriver.execute(RemoteWebDriver.java:595)
	at org.openqa.selenium.remote.RemoteWebDriver.getScreenshotAs(RemoteWebDriver.java:321)
	at Steps._Hooks.after(_Hooks.java:26)
</textarea>
      
      </div>
              </div>
          </div>
        </div>
  </div>
</div>
          </div>
        </li>
      </ul>
    </div>
  </div>
<div class="test-content scrollable">
<div class="test-content-tools">
<ul><li><a class="back-to-test" href="#"><i class="fa fa-arrow-left"></i></a></li></ul>
</div>
<div class="test-content-detail"><div class="detail-body"></div></div>
</div></div>
<div class="test-wrapper row view exception-view attributes-view">
<div class="test-list">
<div class="test-list-tools">
<ul class="tools pull-left"><li><a href=""><span class="font-size-14">Exception</span></a></li></ul>
<ul class="tools text-right"><li><a href="#"><span class="badge badge-primary">2</span></a></li></ul>
</div>
<div class="test-list-wrapper scrollable">
<ul class="test-list-item">
<li class="test-item">
<div class="test-detail">
<span class="meta">
<span class='badge log badge-danger'>36</span>
</span>
<p class="name">org.openqa.selenium.NoSuchSessionException</p>
<p class="duration text-sm">36 tests</p>
</div>
<div class="test-contents d-none">
<div class="info">
<h4>org.openqa.selenium.NoSuchSessionException</h4>
<span status="fail" class='badge log badge-danger'>36 failed</span>
</div>
<table class='table table-sm mt-4'>
<thead>
<tr>
<th class="status-col">Status</th>
<th class="timestamp-col">Timestamp</th>
<th>TestName</th>
</tr>
</thead>
<tbody>
<tr class="tag-test-status" status="fail">
<td><span class="badge log fail-bg">Fail</span></td>
<td>13:13:21 PM</td>
<td>
<a href="#" class="linked" test-id='18' id='25'>And User clicks following dynamic elements</a>
<div class="">
<span class="badge badge-default">Customer Menu Creation.TC-03 Customer Menu Creation Scenario.And User clicks following dynamic elements</span>
</div>
</td>
</tr>
<tr class="tag-test-status" status="fail">
<td><span class="badge log fail-bg">Fail</span></td>
<td>13:13:28 PM</td>
<td>
<a href="#" class="linked" test-id='18' id='35'>Steps._Hooks.after(io.cucumber.java.Scenario)</a>
<div class="">
<span class="badge badge-default">Customer Menu Creation.TC-03 Customer Menu Creation Scenario.Steps._Hooks.after(io.cucumber.java.Scenario)</span>
</div>
</td>
</tr>
<tr class="tag-test-status" status="fail">
<td><span class="badge log fail-bg">Fail</span></td>
<td>13:13:28 PM</td>
<td>
<a href="#" class="linked" test-id='36' id='39'>Given Navigate to Testing Environment</a>
<div class="">
<span class="badge badge-default">Customer Menu Editing.TC-04 Customer Menu Editing Scenario.Given Navigate to Testing Environment</span>
</div>
</td>
</tr>
<tr class="tag-test-status" status="fail">
<td><span class="badge log fail-bg">Fail</span></td>
<td>13:13:28 PM</td>
<td>
<a href="#" class="linked" test-id='36' id='49'>Steps._Hooks.after(io.cucumber.java.Scenario)</a>
<div class="">
<span class="badge badge-default">Customer Menu Editing.TC-04 Customer Menu Editing Scenario.Steps._Hooks.after(io.cucumber.java.Scenario)</span>
</div>
</td>
</tr>
<tr class="tag-test-status" status="fail">
<td><span class="badge log fail-bg">Fail</span></td>
<td>13:13:28 PM</td>
<td>
<a href="#" class="linked" test-id='50' id='53'>Given Navigate to Testing Environment</a>
<div class="">
<span class="badge badge-default">Customer Menu Deletion.TC-05 Customer Menu Deletion Scenario.Given Navigate to Testing Environment</span>
</div>
</td>
</tr>
<tr class="tag-test-status" status="fail">
<td><span class="badge log fail-bg">Fail</span></td>
<td>13:13:28 PM</td>
<td>
<a href="#" class="linked" test-id='50' id='59'>Steps._Hooks.after(io.cucumber.java.Scenario)</a>
<div class="">
<span class="badge badge-default">Customer Menu Deletion.TC-05 Customer Menu Deletion Scenario.Steps._Hooks.after(io.cucumber.java.Scenario)</span>
</div>
</td>
</tr>
<tr class="tag-test-status" status="fail">
<td><span class="badge log fail-bg">Fail</span></td>
<td>13:13:28 PM</td>
<td>
<a href="#" class="linked" test-id='60' id='63'>Given Navigate to Testing Environment</a>
<div class="">
<span class="badge badge-default">Custom Data Template Creation.TC-14 Custom Data Template Creation Scenario.Given Navigate to Testing Environment</span>
</div>
</td>
</tr>
<tr class="tag-test-status" status="fail">
<td><span class="badge log fail-bg">Fail</span></td>
<td>13:13:28 PM</td>
<td>
<a href="#" class="linked" test-id='60' id='78'>Steps._Hooks.after(io.cucumber.java.Scenario)</a>
<div class="">
<span class="badge badge-default">Custom Data Template Creation.TC-14 Custom Data Template Creation Scenario.Steps._Hooks.after(io.cucumber.java.Scenario)</span>
</div>
</td>
</tr>
<tr class="tag-test-status" status="fail">
<td><span class="badge log fail-bg">Fail</span></td>
<td>13:13:28 PM</td>
<td>
<a href="#" class="linked" test-id='79' id='82'>Given Navigate to Testing Environment</a>
<div class="">
<span class="badge badge-default">Custom Data Template Editing.TC-15 Custom Data Template Editing Scenario.Given Navigate to Testing Environment</span>
</div>
</td>
</tr>
<tr class="tag-test-status" status="fail">
<td><span class="badge log fail-bg">Fail</span></td>
<td>13:13:28 PM</td>
<td>
<a href="#" class="linked" test-id='79' id='94'>Steps._Hooks.after(io.cucumber.java.Scenario)</a>
<div class="">
<span class="badge badge-default">Custom Data Template Editing.TC-15 Custom Data Template Editing Scenario.Steps._Hooks.after(io.cucumber.java.Scenario)</span>
</div>
</td>
</tr>
<tr class="tag-test-status" status="fail">
<td><span class="badge log fail-bg">Fail</span></td>
<td>13:13:28 PM</td>
<td>
<a href="#" class="linked" test-id='95' id='98'>Given Navigate to Testing Environment</a>
<div class="">
<span class="badge badge-default">Custom Data Template Deletion.TC-16 Custom Data Template Deletion Scenario.Given Navigate to Testing Environment</span>
</div>
</td>
</tr>
<tr class="tag-test-status" status="fail">
<td><span class="badge log fail-bg">Fail</span></td>
<td>13:13:28 PM</td>
<td>
<a href="#" class="linked" test-id='95' id='106'>Steps._Hooks.after(io.cucumber.java.Scenario)</a>
<div class="">
<span class="badge badge-default">Custom Data Template Deletion.TC-16 Custom Data Template Deletion Scenario.Steps._Hooks.after(io.cucumber.java.Scenario)</span>
</div>
</td>
</tr>
<tr class="tag-test-status" status="fail">
<td><span class="badge log fail-bg">Fail</span></td>
<td>13:13:28 PM</td>
<td>
<a href="#" class="linked" test-id='107' id='110'>Given Navigate to Testing Environment</a>
<div class="">
<span class="badge badge-default">Custom Entity Template Editing.TC-18 Custom Entity Template Editing Scenario.Given Navigate to Testing Environment</span>
</div>
</td>
</tr>
<tr class="tag-test-status" status="fail">
<td><span class="badge log fail-bg">Fail</span></td>
<td>13:13:28 PM</td>
<td>
<a href="#" class="linked" test-id='107' id='122'>Steps._Hooks.after(io.cucumber.java.Scenario)</a>
<div class="">
<span class="badge badge-default">Custom Entity Template Editing.TC-18 Custom Entity Template Editing Scenario.Steps._Hooks.after(io.cucumber.java.Scenario)</span>
</div>
</td>
</tr>
<tr class="tag-test-status" status="fail">
<td><span class="badge log fail-bg">Fail</span></td>
<td>13:13:28 PM</td>
<td>
<a href="#" class="linked" test-id='123' id='126'>Given Navigate to Testing Environment</a>
<div class="">
<span class="badge badge-default">Library Entity Record Creation.TC-19 Library Entity Record Creation Scenario.Given Navigate to Testing Environment</span>
</div>
</td>
</tr>
<tr class="tag-test-status" status="fail">
<td><span class="badge log fail-bg">Fail</span></td>
<td>13:13:28 PM</td>
<td>
<a href="#" class="linked" test-id='123' id='141'>Steps._Hooks.after(io.cucumber.java.Scenario)</a>
<div class="">
<span class="badge badge-default">Library Entity Record Creation.TC-19 Library Entity Record Creation Scenario.Steps._Hooks.after(io.cucumber.java.Scenario)</span>
</div>
</td>
</tr>
<tr class="tag-test-status" status="fail">
<td><span class="badge log fail-bg">Fail</span></td>
<td>13:13:28 PM</td>
<td>
<a href="#" class="linked" test-id='142' id='145'>Given Navigate to Testing Environment</a>
<div class="">
<span class="badge badge-default">Library Entity Record Editing.TC-20 Library Entity Record Editing Scenario.Given Navigate to Testing Environment</span>
</div>
</td>
</tr>
<tr class="tag-test-status" status="fail">
<td><span class="badge log fail-bg">Fail</span></td>
<td>13:13:28 PM</td>
<td>
<a href="#" class="linked" test-id='142' id='157'>Steps._Hooks.after(io.cucumber.java.Scenario)</a>
<div class="">
<span class="badge badge-default">Library Entity Record Editing.TC-20 Library Entity Record Editing Scenario.Steps._Hooks.after(io.cucumber.java.Scenario)</span>
</div>
</td>
</tr>
<tr class="tag-test-status" status="fail">
<td><span class="badge log fail-bg">Fail</span></td>
<td>13:13:28 PM</td>
<td>
<a href="#" class="linked" test-id='158' id='161'>Given Navigate to Testing Environment</a>
<div class="">
<span class="badge badge-default">Library Entity Record Deletion.TC-21 Library Entity Record Deletion Scenario.Given Navigate to Testing Environment</span>
</div>
</td>
</tr>
<tr class="tag-test-status" status="fail">
<td><span class="badge log fail-bg">Fail</span></td>
<td>13:13:28 PM</td>
<td>
<a href="#" class="linked" test-id='158' id='170'>Steps._Hooks.after(io.cucumber.java.Scenario)</a>
<div class="">
<span class="badge badge-default">Library Entity Record Deletion.TC-21 Library Entity Record Deletion Scenario.Steps._Hooks.after(io.cucumber.java.Scenario)</span>
</div>
</td>
</tr>
<tr class="tag-test-status" status="fail">
<td><span class="badge log fail-bg">Fail</span></td>
<td>13:13:28 PM</td>
<td>
<a href="#" class="linked" test-id='171' id='174'>Given Navigate to Testing Environment</a>
<div class="">
<span class="badge badge-default">Instance Entity Record Creation.TC-22 Instance Entity Record Creation Scenario.Given Navigate to Testing Environment</span>
</div>
</td>
</tr>
<tr class="tag-test-status" status="fail">
<td><span class="badge log fail-bg">Fail</span></td>
<td>13:13:28 PM</td>
<td>
<a href="#" class="linked" test-id='171' id='192'>Steps._Hooks.after(io.cucumber.java.Scenario)</a>
<div class="">
<span class="badge badge-default">Instance Entity Record Creation.TC-22 Instance Entity Record Creation Scenario.Steps._Hooks.after(io.cucumber.java.Scenario)</span>
</div>
</td>
</tr>
<tr class="tag-test-status" status="fail">
<td><span class="badge log fail-bg">Fail</span></td>
<td>13:13:28 PM</td>
<td>
<a href="#" class="linked" test-id='193' id='196'>Given Navigate to Testing Environment</a>
<div class="">
<span class="badge badge-default">Instance Entity Record Editing.TC-23 Instance Entity Record Editing Scenario.Given Navigate to Testing Environment</span>
</div>
</td>
</tr>
<tr class="tag-test-status" status="fail">
<td><span class="badge log fail-bg">Fail</span></td>
<td>13:13:28 PM</td>
<td>
<a href="#" class="linked" test-id='193' id='210'>Steps._Hooks.after(io.cucumber.java.Scenario)</a>
<div class="">
<span class="badge badge-default">Instance Entity Record Editing.TC-23 Instance Entity Record Editing Scenario.Steps._Hooks.after(io.cucumber.java.Scenario)</span>
</div>
</td>
</tr>
<tr class="tag-test-status" status="fail">
<td><span class="badge log fail-bg">Fail</span></td>
<td>13:13:28 PM</td>
<td>
<a href="#" class="linked" test-id='211' id='214'>Given Navigate to Testing Environment</a>
<div class="">
<span class="badge badge-default">Instance Entity Record Deletion.TC-24 Instance Entity Record Deletion Scenario.Given Navigate to Testing Environment</span>
</div>
</td>
</tr>
<tr class="tag-test-status" status="fail">
<td><span class="badge log fail-bg">Fail</span></td>
<td>13:13:28 PM</td>
<td>
<a href="#" class="linked" test-id='211' id='223'>Steps._Hooks.after(io.cucumber.java.Scenario)</a>
<div class="">
<span class="badge badge-default">Instance Entity Record Deletion.TC-24 Instance Entity Record Deletion Scenario.Steps._Hooks.after(io.cucumber.java.Scenario)</span>
</div>
</td>
</tr>
<tr class="tag-test-status" status="fail">
<td><span class="badge log fail-bg">Fail</span></td>
<td>13:13:28 PM</td>
<td>
<a href="#" class="linked" test-id='224' id='227'>Given Navigate to Testing Environment</a>
<div class="">
<span class="badge badge-default">Instance Entity Record Import From Library Entity Records.TC-25 Instance Entity Record Import From Library Scenario.Given Navigate to Testing Environment</span>
</div>
</td>
</tr>
<tr class="tag-test-status" status="fail">
<td><span class="badge log fail-bg">Fail</span></td>
<td>13:13:28 PM</td>
<td>
<a href="#" class="linked" test-id='224' id='236'>Steps._Hooks.after(io.cucumber.java.Scenario)</a>
<div class="">
<span class="badge badge-default">Instance Entity Record Import From Library Entity Records.TC-25 Instance Entity Record Import From Library Scenario.Steps._Hooks.after(io.cucumber.java.Scenario)</span>
</div>
</td>
</tr>
<tr class="tag-test-status" status="fail">
<td><span class="badge log fail-bg">Fail</span></td>
<td>13:13:28 PM</td>
<td>
<a href="#" class="linked" test-id='237' id='240'>Given Navigate to Testing Environment</a>
<div class="">
<span class="badge badge-default">Imported Instance Entity Record Deletion.TC-26 Imported Instance Entity Record Deletion Scenario.Given Navigate to Testing Environment</span>
</div>
</td>
</tr>
<tr class="tag-test-status" status="fail">
<td><span class="badge log fail-bg">Fail</span></td>
<td>13:13:28 PM</td>
<td>
<a href="#" class="linked" test-id='237' id='249'>Steps._Hooks.after(io.cucumber.java.Scenario)</a>
<div class="">
<span class="badge badge-default">Imported Instance Entity Record Deletion.TC-26 Imported Instance Entity Record Deletion Scenario.Steps._Hooks.after(io.cucumber.java.Scenario)</span>
</div>
</td>
</tr>
<tr class="tag-test-status" status="fail">
<td><span class="badge log fail-bg">Fail</span></td>
<td>13:13:28 PM</td>
<td>
<a href="#" class="linked" test-id='250' id='253'>Given Navigate to Testing Environment</a>
<div class="">
<span class="badge badge-default">Importing Device To Library Entity Record.TC-33 Device Import To Library Entity Scenario.Given Navigate to Testing Environment</span>
</div>
</td>
</tr>
<tr class="tag-test-status" status="fail">
<td><span class="badge log fail-bg">Fail</span></td>
<td>13:13:28 PM</td>
<td>
<a href="#" class="linked" test-id='250' id='261'>Steps._Hooks.after(io.cucumber.java.Scenario)</a>
<div class="">
<span class="badge badge-default">Importing Device To Library Entity Record.TC-33 Device Import To Library Entity Scenario.Steps._Hooks.after(io.cucumber.java.Scenario)</span>
</div>
</td>
</tr>
<tr class="tag-test-status" status="fail">
<td><span class="badge log fail-bg">Fail</span></td>
<td>13:13:28 PM</td>
<td>
<a href="#" class="linked" test-id='262' id='265'>Given Navigate to Testing Environment</a>
<div class="">
<span class="badge badge-default">Device Deletion In Library Entity.TC-34 Device Deletion In Library Entity Scenario.Given Navigate to Testing Environment</span>
</div>
</td>
</tr>
<tr class="tag-test-status" status="fail">
<td><span class="badge log fail-bg">Fail</span></td>
<td>13:13:28 PM</td>
<td>
<a href="#" class="linked" test-id='262' id='273'>Steps._Hooks.after(io.cucumber.java.Scenario)</a>
<div class="">
<span class="badge badge-default">Device Deletion In Library Entity.TC-34 Device Deletion In Library Entity Scenario.Steps._Hooks.after(io.cucumber.java.Scenario)</span>
</div>
</td>
</tr>
<tr class="tag-test-status" status="fail">
<td><span class="badge log fail-bg">Fail</span></td>
<td>13:13:28 PM</td>
<td>
<a href="#" class="linked" test-id='274' id='277'>Given Navigate to Testing Environment</a>
<div class="">
<span class="badge badge-default">Instance Entity Record Import From Library Entity Records With Device&Register.TC-36 Instance Entity Record Import From Library With Device&Register Scenario.Given Navigate to Testing Environment</span>
</div>
</td>
</tr>
<tr class="tag-test-status" status="fail">
<td><span class="badge log fail-bg">Fail</span></td>
<td>13:13:28 PM</td>
<td>
<a href="#" class="linked" test-id='274' id='284'>Steps._Hooks.after(io.cucumber.java.Scenario)</a>
<div class="">
<span class="badge badge-default">Instance Entity Record Import From Library Entity Records With Device&Register.TC-36 Instance Entity Record Import From Library With Device&Register Scenario.Steps._Hooks.after(io.cucumber.java.Scenario)</span>
</div>
</td>
</tr>
</tbody>
</table>
</div>
</li>
<li class="test-item">
<div class="test-detail">
<span class="meta">
<span class='badge log badge-danger'>1</span>
</span>
<p class="name">org.openqa.selenium.TimeoutException</p>
<p class="duration text-sm">1 tests</p>
</div>
<div class="test-contents d-none">
<div class="info">
<h4>org.openqa.selenium.TimeoutException</h4>
<span status="fail" class='badge log badge-danger'>1 failed</span>
</div>
<table class='table table-sm mt-4'>
<thead>
<tr>
<th class="status-col">Status</th>
<th class="timestamp-col">Timestamp</th>
<th>TestName</th>
</tr>
</thead>
<tbody>
<tr class="tag-test-status" status="fail">
<td><span class="badge log fail-bg">Fail</span></td>
<td>13:12:54 PM</td>
<td>
<a href="#" class="linked" test-id='8' id='14'>And Go to MyAccount</a>
<div class="">
<span class="badge badge-default">Logout.TC-02 Logout From Application.And Go to MyAccount</span>
</div>
</td>
</tr>
</tbody>
</table>
</div>
</li>
</ul>
</div>
</div>
<div class="test-content scrollable">
<div class="test-content-detail">
<div class="detail-body"></div>
</div>
</div>
</div><div class="test-wrapper row view category-view attributes-view">
<div class="test-list">
<div class="test-list-tools">
<ul class="tools pull-left"><li><a href=""><span class="font-size-14">Category</span></a></li></ul>
<ul class="tools text-right"><li><a href="#"><span class="badge badge-primary">2</span></a></li></ul>
</div>
<div class="test-list-wrapper scrollable">
<ul class="test-list-item">
<li class="test-item">
<div class="test-detail">
<span class="meta">
<span class='badge log pass-bg'>1</span>
<span class='badge log badge-danger'>19</span>
</span>
<p class="name">@SmokeTest</p>
<p class="duration text-sm">20 tests</p>
</div>
<div class="test-contents d-none">
<div class="info">
<h4>@SmokeTest</h4>
<span status="pass" class='badge log pass-bg'>1 passed</span>
<span status="fail" class='badge log badge-danger'>19 failed</span>
</div>
<table class='table table-sm mt-4'>
<thead>
<tr>
<th class="status-col">Status</th>
<th class="timestamp-col">Timestamp</th>
<th>TestName</th>
</tr>
</thead>
<tbody>
<tr class="tag-test-status" status="pass">
<td><span class="badge log pass-bg">Pass</span></td>
<td>13:12:37 PM</td>
<td>
<a href="#" class="linked" test-id='1' id='2'>TC-01 Login With Valid Credentials</a>
<div class="">
<span class="badge badge-default">Login.TC-01 Login With Valid Credentials</span>
</div>
</td>
</tr>
<tr class="tag-test-status" status="fail">
<td><span class="badge log fail-bg">Fail</span></td>
<td>13:12:47 PM</td>
<td>
<a href="#" class="linked" test-id='8' id='9'>TC-02 Logout From Application</a>
<div class="">
<span class="badge badge-default">Logout.TC-02 Logout From Application</span>
</div>
</td>
</tr>
<tr class="tag-test-status" status="fail">
<td><span class="badge log fail-bg">Fail</span></td>
<td>13:13:13 PM</td>
<td>
<a href="#" class="linked" test-id='18' id='19'>TC-03 Customer Menu Creation Scenario</a>
<div class="">
<span class="badge badge-default">Customer Menu Creation.TC-03 Customer Menu Creation Scenario</span>
</div>
</td>
</tr>
<tr class="tag-test-status" status="fail">
<td><span class="badge log fail-bg">Fail</span></td>
<td>13:13:28 PM</td>
<td>
<a href="#" class="linked" test-id='36' id='37'>TC-04 Customer Menu Editing Scenario</a>
<div class="">
<span class="badge badge-default">Customer Menu Editing.TC-04 Customer Menu Editing Scenario</span>
</div>
</td>
</tr>
<tr class="tag-test-status" status="fail">
<td><span class="badge log fail-bg">Fail</span></td>
<td>13:13:28 PM</td>
<td>
<a href="#" class="linked" test-id='50' id='51'>TC-05 Customer Menu Deletion Scenario</a>
<div class="">
<span class="badge badge-default">Customer Menu Deletion.TC-05 Customer Menu Deletion Scenario</span>
</div>
</td>
</tr>
<tr class="tag-test-status" status="fail">
<td><span class="badge log fail-bg">Fail</span></td>
<td>13:13:28 PM</td>
<td>
<a href="#" class="linked" test-id='60' id='61'>TC-14 Custom Data Template Creation Scenario</a>
<div class="">
<span class="badge badge-default">Custom Data Template Creation.TC-14 Custom Data Template Creation Scenario</span>
</div>
</td>
</tr>
<tr class="tag-test-status" status="fail">
<td><span class="badge log fail-bg">Fail</span></td>
<td>13:13:28 PM</td>
<td>
<a href="#" class="linked" test-id='79' id='80'>TC-15 Custom Data Template Editing Scenario</a>
<div class="">
<span class="badge badge-default">Custom Data Template Editing.TC-15 Custom Data Template Editing Scenario</span>
</div>
</td>
</tr>
<tr class="tag-test-status" status="fail">
<td><span class="badge log fail-bg">Fail</span></td>
<td>13:13:28 PM</td>
<td>
<a href="#" class="linked" test-id='95' id='96'>TC-16 Custom Data Template Deletion Scenario</a>
<div class="">
<span class="badge badge-default">Custom Data Template Deletion.TC-16 Custom Data Template Deletion Scenario</span>
</div>
</td>
</tr>
<tr class="tag-test-status" status="fail">
<td><span class="badge log fail-bg">Fail</span></td>
<td>13:13:28 PM</td>
<td>
<a href="#" class="linked" test-id='107' id='108'>TC-18 Custom Entity Template Editing Scenario</a>
<div class="">
<span class="badge badge-default">Custom Entity Template Editing.TC-18 Custom Entity Template Editing Scenario</span>
</div>
</td>
</tr>
<tr class="tag-test-status" status="fail">
<td><span class="badge log fail-bg">Fail</span></td>
<td>13:13:28 PM</td>
<td>
<a href="#" class="linked" test-id='123' id='124'>TC-19 Library Entity Record Creation Scenario</a>
<div class="">
<span class="badge badge-default">Library Entity Record Creation.TC-19 Library Entity Record Creation Scenario</span>
</div>
</td>
</tr>
<tr class="tag-test-status" status="fail">
<td><span class="badge log fail-bg">Fail</span></td>
<td>13:13:28 PM</td>
<td>
<a href="#" class="linked" test-id='142' id='143'>TC-20 Library Entity Record Editing Scenario</a>
<div class="">
<span class="badge badge-default">Library Entity Record Editing.TC-20 Library Entity Record Editing Scenario</span>
</div>
</td>
</tr>
<tr class="tag-test-status" status="fail">
<td><span class="badge log fail-bg">Fail</span></td>
<td>13:13:28 PM</td>
<td>
<a href="#" class="linked" test-id='158' id='159'>TC-21 Library Entity Record Deletion Scenario</a>
<div class="">
<span class="badge badge-default">Library Entity Record Deletion.TC-21 Library Entity Record Deletion Scenario</span>
</div>
</td>
</tr>
<tr class="tag-test-status" status="fail">
<td><span class="badge log fail-bg">Fail</span></td>
<td>13:13:28 PM</td>
<td>
<a href="#" class="linked" test-id='171' id='172'>TC-22 Instance Entity Record Creation Scenario</a>
<div class="">
<span class="badge badge-default">Instance Entity Record Creation.TC-22 Instance Entity Record Creation Scenario</span>
</div>
</td>
</tr>
<tr class="tag-test-status" status="fail">
<td><span class="badge log fail-bg">Fail</span></td>
<td>13:13:28 PM</td>
<td>
<a href="#" class="linked" test-id='193' id='194'>TC-23 Instance Entity Record Editing Scenario</a>
<div class="">
<span class="badge badge-default">Instance Entity Record Editing.TC-23 Instance Entity Record Editing Scenario</span>
</div>
</td>
</tr>
<tr class="tag-test-status" status="fail">
<td><span class="badge log fail-bg">Fail</span></td>
<td>13:13:28 PM</td>
<td>
<a href="#" class="linked" test-id='211' id='212'>TC-24 Instance Entity Record Deletion Scenario</a>
<div class="">
<span class="badge badge-default">Instance Entity Record Deletion.TC-24 Instance Entity Record Deletion Scenario</span>
</div>
</td>
</tr>
<tr class="tag-test-status" status="fail">
<td><span class="badge log fail-bg">Fail</span></td>
<td>13:13:28 PM</td>
<td>
<a href="#" class="linked" test-id='224' id='225'>TC-25 Instance Entity Record Import From Library Scenario</a>
<div class="">
<span class="badge badge-default">Instance Entity Record Import From Library Entity Records.TC-25 Instance Entity Record Import From Library Scenario</span>
</div>
</td>
</tr>
<tr class="tag-test-status" status="fail">
<td><span class="badge log fail-bg">Fail</span></td>
<td>13:13:28 PM</td>
<td>
<a href="#" class="linked" test-id='237' id='238'>TC-26 Imported Instance Entity Record Deletion Scenario</a>
<div class="">
<span class="badge badge-default">Imported Instance Entity Record Deletion.TC-26 Imported Instance Entity Record Deletion Scenario</span>
</div>
</td>
</tr>
<tr class="tag-test-status" status="fail">
<td><span class="badge log fail-bg">Fail</span></td>
<td>13:13:28 PM</td>
<td>
<a href="#" class="linked" test-id='250' id='251'>TC-33 Device Import To Library Entity Scenario</a>
<div class="">
<span class="badge badge-default">Importing Device To Library Entity Record.TC-33 Device Import To Library Entity Scenario</span>
</div>
</td>
</tr>
<tr class="tag-test-status" status="fail">
<td><span class="badge log fail-bg">Fail</span></td>
<td>13:13:28 PM</td>
<td>
<a href="#" class="linked" test-id='262' id='263'>TC-34 Device Deletion In Library Entity Scenario</a>
<div class="">
<span class="badge badge-default">Device Deletion In Library Entity.TC-34 Device Deletion In Library Entity Scenario</span>
</div>
</td>
</tr>
<tr class="tag-test-status" status="fail">
<td><span class="badge log fail-bg">Fail</span></td>
<td>13:13:28 PM</td>
<td>
<a href="#" class="linked" test-id='274' id='275'>TC-36 Instance Entity Record Import From Library With Device&Register Scenario</a>
<div class="">
<span class="badge badge-default">Instance Entity Record Import From Library Entity Records With Device&Register.TC-36 Instance Entity Record Import From Library With Device&Register Scenario</span>
</div>
</td>
</tr>
</tbody>
</table>
</div>
</li>
<li class="test-item">
<div class="test-detail">
<span class="meta">
<span class='badge log pass-bg'>1</span>
<span class='badge log badge-danger'>19</span>
</span>
<p class="name">@Regression</p>
<p class="duration text-sm">20 tests</p>
</div>
<div class="test-contents d-none">
<div class="info">
<h4>@Regression</h4>
<span status="pass" class='badge log pass-bg'>1 passed</span>
<span status="fail" class='badge log badge-danger'>19 failed</span>
</div>
<table class='table table-sm mt-4'>
<thead>
<tr>
<th class="status-col">Status</th>
<th class="timestamp-col">Timestamp</th>
<th>TestName</th>
</tr>
</thead>
<tbody>
<tr class="tag-test-status" status="pass">
<td><span class="badge log pass-bg">Pass</span></td>
<td>13:12:37 PM</td>
<td>
<a href="#" class="linked" test-id='1' id='2'>TC-01 Login With Valid Credentials</a>
<div class="">
<span class="badge badge-default">Login.TC-01 Login With Valid Credentials</span>
</div>
</td>
</tr>
<tr class="tag-test-status" status="fail">
<td><span class="badge log fail-bg">Fail</span></td>
<td>13:12:47 PM</td>
<td>
<a href="#" class="linked" test-id='8' id='9'>TC-02 Logout From Application</a>
<div class="">
<span class="badge badge-default">Logout.TC-02 Logout From Application</span>
</div>
</td>
</tr>
<tr class="tag-test-status" status="fail">
<td><span class="badge log fail-bg">Fail</span></td>
<td>13:13:13 PM</td>
<td>
<a href="#" class="linked" test-id='18' id='19'>TC-03 Customer Menu Creation Scenario</a>
<div class="">
<span class="badge badge-default">Customer Menu Creation.TC-03 Customer Menu Creation Scenario</span>
</div>
</td>
</tr>
<tr class="tag-test-status" status="fail">
<td><span class="badge log fail-bg">Fail</span></td>
<td>13:13:28 PM</td>
<td>
<a href="#" class="linked" test-id='36' id='37'>TC-04 Customer Menu Editing Scenario</a>
<div class="">
<span class="badge badge-default">Customer Menu Editing.TC-04 Customer Menu Editing Scenario</span>
</div>
</td>
</tr>
<tr class="tag-test-status" status="fail">
<td><span class="badge log fail-bg">Fail</span></td>
<td>13:13:28 PM</td>
<td>
<a href="#" class="linked" test-id='50' id='51'>TC-05 Customer Menu Deletion Scenario</a>
<div class="">
<span class="badge badge-default">Customer Menu Deletion.TC-05 Customer Menu Deletion Scenario</span>
</div>
</td>
</tr>
<tr class="tag-test-status" status="fail">
<td><span class="badge log fail-bg">Fail</span></td>
<td>13:13:28 PM</td>
<td>
<a href="#" class="linked" test-id='60' id='61'>TC-14 Custom Data Template Creation Scenario</a>
<div class="">
<span class="badge badge-default">Custom Data Template Creation.TC-14 Custom Data Template Creation Scenario</span>
</div>
</td>
</tr>
<tr class="tag-test-status" status="fail">
<td><span class="badge log fail-bg">Fail</span></td>
<td>13:13:28 PM</td>
<td>
<a href="#" class="linked" test-id='79' id='80'>TC-15 Custom Data Template Editing Scenario</a>
<div class="">
<span class="badge badge-default">Custom Data Template Editing.TC-15 Custom Data Template Editing Scenario</span>
</div>
</td>
</tr>
<tr class="tag-test-status" status="fail">
<td><span class="badge log fail-bg">Fail</span></td>
<td>13:13:28 PM</td>
<td>
<a href="#" class="linked" test-id='95' id='96'>TC-16 Custom Data Template Deletion Scenario</a>
<div class="">
<span class="badge badge-default">Custom Data Template Deletion.TC-16 Custom Data Template Deletion Scenario</span>
</div>
</td>
</tr>
<tr class="tag-test-status" status="fail">
<td><span class="badge log fail-bg">Fail</span></td>
<td>13:13:28 PM</td>
<td>
<a href="#" class="linked" test-id='107' id='108'>TC-18 Custom Entity Template Editing Scenario</a>
<div class="">
<span class="badge badge-default">Custom Entity Template Editing.TC-18 Custom Entity Template Editing Scenario</span>
</div>
</td>
</tr>
<tr class="tag-test-status" status="fail">
<td><span class="badge log fail-bg">Fail</span></td>
<td>13:13:28 PM</td>
<td>
<a href="#" class="linked" test-id='123' id='124'>TC-19 Library Entity Record Creation Scenario</a>
<div class="">
<span class="badge badge-default">Library Entity Record Creation.TC-19 Library Entity Record Creation Scenario</span>
</div>
</td>
</tr>
<tr class="tag-test-status" status="fail">
<td><span class="badge log fail-bg">Fail</span></td>
<td>13:13:28 PM</td>
<td>
<a href="#" class="linked" test-id='142' id='143'>TC-20 Library Entity Record Editing Scenario</a>
<div class="">
<span class="badge badge-default">Library Entity Record Editing.TC-20 Library Entity Record Editing Scenario</span>
</div>
</td>
</tr>
<tr class="tag-test-status" status="fail">
<td><span class="badge log fail-bg">Fail</span></td>
<td>13:13:28 PM</td>
<td>
<a href="#" class="linked" test-id='158' id='159'>TC-21 Library Entity Record Deletion Scenario</a>
<div class="">
<span class="badge badge-default">Library Entity Record Deletion.TC-21 Library Entity Record Deletion Scenario</span>
</div>
</td>
</tr>
<tr class="tag-test-status" status="fail">
<td><span class="badge log fail-bg">Fail</span></td>
<td>13:13:28 PM</td>
<td>
<a href="#" class="linked" test-id='171' id='172'>TC-22 Instance Entity Record Creation Scenario</a>
<div class="">
<span class="badge badge-default">Instance Entity Record Creation.TC-22 Instance Entity Record Creation Scenario</span>
</div>
</td>
</tr>
<tr class="tag-test-status" status="fail">
<td><span class="badge log fail-bg">Fail</span></td>
<td>13:13:28 PM</td>
<td>
<a href="#" class="linked" test-id='193' id='194'>TC-23 Instance Entity Record Editing Scenario</a>
<div class="">
<span class="badge badge-default">Instance Entity Record Editing.TC-23 Instance Entity Record Editing Scenario</span>
</div>
</td>
</tr>
<tr class="tag-test-status" status="fail">
<td><span class="badge log fail-bg">Fail</span></td>
<td>13:13:28 PM</td>
<td>
<a href="#" class="linked" test-id='211' id='212'>TC-24 Instance Entity Record Deletion Scenario</a>
<div class="">
<span class="badge badge-default">Instance Entity Record Deletion.TC-24 Instance Entity Record Deletion Scenario</span>
</div>
</td>
</tr>
<tr class="tag-test-status" status="fail">
<td><span class="badge log fail-bg">Fail</span></td>
<td>13:13:28 PM</td>
<td>
<a href="#" class="linked" test-id='224' id='225'>TC-25 Instance Entity Record Import From Library Scenario</a>
<div class="">
<span class="badge badge-default">Instance Entity Record Import From Library Entity Records.TC-25 Instance Entity Record Import From Library Scenario</span>
</div>
</td>
</tr>
<tr class="tag-test-status" status="fail">
<td><span class="badge log fail-bg">Fail</span></td>
<td>13:13:28 PM</td>
<td>
<a href="#" class="linked" test-id='237' id='238'>TC-26 Imported Instance Entity Record Deletion Scenario</a>
<div class="">
<span class="badge badge-default">Imported Instance Entity Record Deletion.TC-26 Imported Instance Entity Record Deletion Scenario</span>
</div>
</td>
</tr>
<tr class="tag-test-status" status="fail">
<td><span class="badge log fail-bg">Fail</span></td>
<td>13:13:28 PM</td>
<td>
<a href="#" class="linked" test-id='250' id='251'>TC-33 Device Import To Library Entity Scenario</a>
<div class="">
<span class="badge badge-default">Importing Device To Library Entity Record.TC-33 Device Import To Library Entity Scenario</span>
</div>
</td>
</tr>
<tr class="tag-test-status" status="fail">
<td><span class="badge log fail-bg">Fail</span></td>
<td>13:13:28 PM</td>
<td>
<a href="#" class="linked" test-id='262' id='263'>TC-34 Device Deletion In Library Entity Scenario</a>
<div class="">
<span class="badge badge-default">Device Deletion In Library Entity.TC-34 Device Deletion In Library Entity Scenario</span>
</div>
</td>
</tr>
<tr class="tag-test-status" status="fail">
<td><span class="badge log fail-bg">Fail</span></td>
<td>13:13:28 PM</td>
<td>
<a href="#" class="linked" test-id='274' id='275'>TC-36 Instance Entity Record Import From Library With Device&Register Scenario</a>
<div class="">
<span class="badge badge-default">Instance Entity Record Import From Library Entity Records With Device&Register.TC-36 Instance Entity Record Import From Library With Device&Register Scenario</span>
</div>
</td>
</tr>
</tbody>
</table>
</div>
</li>
</ul>
</div>
</div>
<div class="test-content scrollable">
<div class="test-content-detail">
<div class="detail-body"></div>
</div>
</div>
</div><div class="container-fluid p-4 view dashboard-view">
<div class="row">
<div class="col-md-3">
<div class="card"><div class="card-body">
<p class="m-b-0">Started</p>
<h3>Feb 19, 2026 01:12:36 PM</h3>
</div></div>
</div>
<div class="col-md-3">
<div class="card"><div class="card-body">
<p class="m-b-0">Ended</p>
<h3>Feb 19, 2026 01:13:28 PM</h3>
</div></div>
</div>
<div class="col-md-3">
<div class="card"><div class="card-body">
<p class="m-b-0 text-pass">Features Passed</p>
<h3>1</h3>
</div></div>
</div>
<div class="col-md-3">
<div class="card"><div class="card-body">
<p class="m-b-0 text-fail">Features Failed</p>
<h3>19</h3>
</div></div>
</div>
</div>
<div class="row">
<div class="col-md-4">
<div class="card">
<div class="card-header">
<h6 class="card-title">Features</h6>
</div>
<div class="card-body">
<div class="">
<canvas id='parent-analysis' width='115' height='90'></canvas>
</div>
</div>
<div class="card-footer">
<div><small data-tooltip='5%'>
<b>1</b> features passed
</small>
</div>
<div>
<small data-tooltip='95%'><b>19</b> features failed,
<b>0</b> skipped, <b data-tooltip='0%'>0</b> others
</small>
</div>
</div>
</div>
</div>
<div class="col-md-4">
<div class="card">
<div class="card-header">
<h6 class="card-title">Scenarios</h6>
</div>
<div class="card-body">
<div class="">
<canvas id='child-analysis' width='115' height='90'></canvas>
</div>
</div>
<div class="card-footer">
<div><small data-tooltip='5%'><b>1</b> scenarios passed</small></div>
<div>
<small data-tooltip='95%'><b>19</b> scenarios failed,
<b>0</b> skipped, <b data-tooltip='%'>0</b> others
</small>
</div>
</div>
</div>
</div>
<div class="col-md-4">
<div class="card">
<div class="card-header">
<h6 class="card-title">Steps</h6>
</div>
<div class="card-body">
<div class="">
<canvas id='grandchild-analysis' width='115' height='90'></canvas>
</div>
</div>
<div class="card-footer">
<div><small data-tooltip='4%'><b>11</b> steps passed</small></div>
<div>
<small data-tooltip='16%'><b>37</b> steps failed,
<b>175</b> skipped, <b data-tooltip='%'>0</b> others
</small>
</div>
</div>
</div>
</div>
</div>
<div class="row"><div class="col-md-12">
<div class="card"><div class="card-header"><p>Timeline</p></div>
<div class="card-body pt-0"><div>
<canvas id="timeline" height="120"></canvas>
</div></div>
</div>
</div></div>
<script>
var timeline = {
"Login":9.841,"Logout":25.538,"Customer Menu Creation":15.356,"Customer Menu Editing":0.009,"Customer Menu Deletion":0.011,"Custom Data Template Creation":0.013,"Custom Data Template Editing":0.012,"Custom Data Template Deletion":0.008,"Custom Entity Template Editing":0.015,"Library Entity Record Creation":0.013,"Library Entity Record Editing":0.014,"Library Entity Record Deletion":0.013,"Instance Entity Record Creation":0.033,"Instance Entity Record Editing":0.008,"Instance Entity Record Deletion":0.008,"Instance Entity Record Import From Library Entity Records":0.01,"Imported Instance Entity Record Deletion":0.008,"Importing Device To Library Entity Record":0.005,"Device Deletion In Library Entity":0.005,"Instance Entity Record Import From Library Entity Records With Device&Register":0.008
};
</script>
<div class="row">
<div class="col-lg-6 col-md-12 category-container">
<div class="card">
<div class="card-header"><p>Tags</p></div>
<div class="card-body pb-0 pt-0"><table class="table table-sm table-bordered">
<thead><tr class="bg-gray"><th>Name</th><th>Passed</th><th>Failed</th><th>Skipped</th><th>Others</th><th>Passed %</th></tr></thead><tbody>
<tr>
<td>@SmokeTest</td>
<td>1</td>
<td>19</td>
<td>0</td>
<td>0</td>
<td>5%</td>
</tr>
<tr>
<td>@Regression</td>
<td>1</td>
<td>19</td>
<td>0</td>
<td>0</td>
<td>5%</td>
</tr>
</tbody>
</table></div>
</div>
</div>
</div>
</div>
<script>
var statusGroup = {
parentCount: 5,
passParent: 1,
failParent: 19,
warningParent: 0,
skipParent: 0,
childCount: 5,
passChild: 1,
failChild: 19,
warningChild: 0,
skipChild: 0,
infoChild: 0,
grandChildCount: 5,
passGrandChild: 11,
failGrandChild: 37,
warningGrandChild: 0,
skipGrandChild: 175,
infoGrandChild: 0,
eventsCount: 5,
};
</script>        </div>
      </div>
    </div>
  </div>
<script src="https://cdn.jsdelivr.net/gh/extent-framework/extent-github-cdn@d6562a79075e061305ccfdb82f01e5e195e2d307/spark/js/spark-script.js"></script>
<script type="text/javascript"></script></body>
</html>